2020-02-02 17:27:56,627 - MAIN - [DEBUG]  starting program
2020-02-02 17:27:58,650 - MAIN.PREPR - [DEBUG]  building dataset
2020-02-02 17:28:07,189 - MAIN.PREPR - [DEBUG]  unique words: 253854
2020-02-02 17:28:07,189 - MAIN.PREPR - [DEBUG]  most common words: [['UNK', 1737307], ('the', 1061396), ('of', 593677), ('and', 416629), ('one', 411764), ('in', 372201), ('a', 325873), ('to', 316376), ('zero', 264975), ('nine', 250430)]
2020-02-02 17:28:07,189 - MAIN.PREPR - [DEBUG]  building dataset done
2020-02-02 17:32:00,326 - MAIN.MODEL - [DEBUG]  created training model
2020-02-02 17:32:00,348 - MAIN.MODEL - [DEBUG]  compiled training model
2020-02-02 17:32:00,359 - MAIN.MODEL - [DEBUG]  created validation model
2020-02-02 17:32:00,360 - MAIN.TRAIN - [DEBUG]  starting training
2020-02-02 17:32:00,956 - MAIN.TRAIN - [DEBUG]  iteration: 0 	 avg loss: 0.6741124987602234
2020-02-02 17:32:00,957 - MAIN.TRAIN - [DEBUG]  saving model at iteration 0
2020-02-02 17:32:01,009 - MAIN.TRAIN - [DEBUG]  saved model 0_of_500000_model_02_02_2020_172756.h5 to output/experiments/models/chkpts
2020-02-02 17:34:03,071 - MAIN.TRAIN - [DEBUG]  iteration: 1000 	 avg loss: 0.6917773625254631
2020-02-02 17:34:13,187 - MAIN.TRAIN - [DEBUG]  iteration: 2000 	 avg loss: 0.6927075001597405
2020-02-02 17:34:23,177 - MAIN.TRAIN - [DEBUG]  iteration: 3000 	 avg loss: 0.6924129604697228
2020-02-02 17:34:32,923 - MAIN.TRAIN - [DEBUG]  iteration: 4000 	 avg loss: 0.6933763752579689
2020-02-02 17:34:42,586 - MAIN.TRAIN - [DEBUG]  iteration: 5000 	 avg loss: 0.6930582743883132
2020-02-02 17:34:52,334 - MAIN.TRAIN - [DEBUG]  iteration: 6000 	 avg loss: 0.6924059000611306
2020-02-02 17:35:03,077 - MAIN.TRAIN - [DEBUG]  iteration: 7000 	 avg loss: 0.6919524577260018
2020-02-02 17:35:13,852 - MAIN.TRAIN - [DEBUG]  iteration: 8000 	 avg loss: 0.6922259917855262
2020-02-02 17:35:24,553 - MAIN.TRAIN - [DEBUG]  iteration: 9000 	 avg loss: 0.6916117887496949
2020-02-02 17:35:35,191 - MAIN.TRAIN - [DEBUG]  iteration: 10000 	 avg loss: 0.691394684612751
2020-02-02 17:35:35,192 - MAIN.TRAIN - [DEBUG]  saving model at iteration 10000
2020-02-02 17:35:35,242 - MAIN.TRAIN - [DEBUG]  saved model 10000_of_500000_model_02_02_2020_172756.h5 to output/experiments/models/chkpts
2020-02-02 17:37:34,791 - MAIN.TRAIN - [DEBUG]  iteration: 11000 	 avg loss: 0.6923340947031975
2020-02-02 17:37:44,877 - MAIN.TRAIN - [DEBUG]  iteration: 12000 	 avg loss: 0.6931447683572769
2020-02-02 17:37:54,714 - MAIN.TRAIN - [DEBUG]  iteration: 13000 	 avg loss: 0.6926686002314091
2020-02-02 17:38:04,713 - MAIN.TRAIN - [DEBUG]  iteration: 14000 	 avg loss: 0.6899350479245185
2020-02-02 17:38:14,663 - MAIN.TRAIN - [DEBUG]  iteration: 15000 	 avg loss: 0.6921994437575341
2020-02-02 17:38:24,547 - MAIN.TRAIN - [DEBUG]  iteration: 16000 	 avg loss: 0.6910445739328861
2020-02-02 17:38:34,936 - MAIN.TRAIN - [DEBUG]  iteration: 17000 	 avg loss: 0.6920598975718021
2020-02-02 17:38:45,509 - MAIN.TRAIN - [DEBUG]  iteration: 18000 	 avg loss: 0.6920152287483216
2020-02-02 17:38:56,156 - MAIN.TRAIN - [DEBUG]  iteration: 19000 	 avg loss: 0.6907467836737633
2020-02-02 17:39:06,982 - MAIN.TRAIN - [DEBUG]  iteration: 20000 	 avg loss: 0.6908904263079166
2020-02-02 17:39:06,982 - MAIN.TRAIN - [DEBUG]  saving model at iteration 20000
2020-02-02 17:39:07,021 - MAIN.TRAIN - [DEBUG]  saved model 20000_of_500000_model_02_02_2020_172756.h5 to output/experiments/models/chkpts
2020-02-02 17:41:04,455 - MAIN.TRAIN - [DEBUG]  iteration: 21000 	 avg loss: 0.6900545414835214
2020-02-02 17:41:14,567 - MAIN.TRAIN - [DEBUG]  iteration: 22000 	 avg loss: 0.6887799960076809
2020-02-02 17:41:25,084 - MAIN.TRAIN - [DEBUG]  iteration: 23000 	 avg loss: 0.6908243682682514
2020-02-02 17:41:35,135 - MAIN.TRAIN - [DEBUG]  iteration: 24000 	 avg loss: 0.6898314825072884
2020-02-02 17:41:45,281 - MAIN.TRAIN - [DEBUG]  iteration: 25000 	 avg loss: 0.6898268072009086
2020-02-02 17:41:55,234 - MAIN.TRAIN - [DEBUG]  iteration: 26000 	 avg loss: 0.6917155512273312
2020-02-02 17:42:05,334 - MAIN.TRAIN - [DEBUG]  iteration: 27000 	 avg loss: 0.6881670841649175
2020-02-02 17:42:16,049 - MAIN.TRAIN - [DEBUG]  iteration: 28000 	 avg loss: 0.6886856065467
2020-02-02 17:42:26,653 - MAIN.TRAIN - [DEBUG]  iteration: 29000 	 avg loss: 0.6874428086914122
2020-02-02 17:42:37,130 - MAIN.TRAIN - [DEBUG]  iteration: 30000 	 avg loss: 0.6870430616997182
2020-02-02 17:42:37,130 - MAIN.TRAIN - [DEBUG]  saving model at iteration 30000
2020-02-02 17:42:37,168 - MAIN.TRAIN - [DEBUG]  saved model 30000_of_500000_model_02_02_2020_172756.h5 to output/experiments/models/chkpts
2020-02-02 17:44:35,006 - MAIN.TRAIN - [DEBUG]  iteration: 31000 	 avg loss: 0.686251107994467
2020-02-02 17:44:44,658 - MAIN.TRAIN - [DEBUG]  iteration: 32000 	 avg loss: 0.6869371469179169
2020-02-02 17:44:54,600 - MAIN.TRAIN - [DEBUG]  iteration: 33000 	 avg loss: 0.6835906939059496
2020-02-02 17:45:04,534 - MAIN.TRAIN - [DEBUG]  iteration: 34000 	 avg loss: 0.6856833726763726
2020-02-02 17:45:14,565 - MAIN.TRAIN - [DEBUG]  iteration: 35000 	 avg loss: 0.6848334044367075
2020-02-02 17:45:24,466 - MAIN.TRAIN - [DEBUG]  iteration: 36000 	 avg loss: 0.6842100294567645
2020-02-02 17:45:34,226 - MAIN.TRAIN - [DEBUG]  iteration: 37000 	 avg loss: 0.6850208450066857
2020-02-02 17:45:44,531 - MAIN.TRAIN - [DEBUG]  iteration: 38000 	 avg loss: 0.6833543147692981
2020-02-02 17:45:55,375 - MAIN.TRAIN - [DEBUG]  iteration: 39000 	 avg loss: 0.6890034427046776
2020-02-02 17:46:06,014 - MAIN.TRAIN - [DEBUG]  iteration: 40000 	 avg loss: 0.6826640233993531
2020-02-02 17:46:06,014 - MAIN.TRAIN - [DEBUG]  saving model at iteration 40000
2020-02-02 17:46:06,059 - MAIN.TRAIN - [DEBUG]  saved model 40000_of_500000_model_02_02_2020_172756.h5 to output/experiments/models/chkpts
2020-02-02 17:48:04,923 - MAIN.TRAIN - [DEBUG]  iteration: 41000 	 avg loss: 0.682191207279102
2020-02-02 17:48:14,765 - MAIN.TRAIN - [DEBUG]  iteration: 42000 	 avg loss: 0.6786877923924476
2020-02-02 17:48:24,431 - MAIN.TRAIN - [DEBUG]  iteration: 43000 	 avg loss: 0.6828845234693436
2020-02-02 17:48:34,317 - MAIN.TRAIN - [DEBUG]  iteration: 44000 	 avg loss: 0.6759233544841601
2020-02-02 17:48:44,087 - MAIN.TRAIN - [DEBUG]  iteration: 45000 	 avg loss: 0.680577874372923
2020-02-02 17:48:53,704 - MAIN.TRAIN - [DEBUG]  iteration: 46000 	 avg loss: 0.6706780812653087
2020-02-02 17:49:03,599 - MAIN.TRAIN - [DEBUG]  iteration: 47000 	 avg loss: 0.6726956167018506
2020-02-02 17:49:14,070 - MAIN.TRAIN - [DEBUG]  iteration: 48000 	 avg loss: 0.6772289958067121
2020-02-02 17:49:24,620 - MAIN.TRAIN - [DEBUG]  iteration: 49000 	 avg loss: 0.6743743038554622
2020-02-02 17:49:35,352 - MAIN.TRAIN - [DEBUG]  iteration: 50000 	 avg loss: 0.6672681723668584
2020-02-02 17:49:35,352 - MAIN.TRAIN - [DEBUG]  saving model at iteration 50000
2020-02-02 17:49:35,390 - MAIN.TRAIN - [DEBUG]  saved model 50000_of_500000_model_02_02_2020_172756.h5 to output/experiments/models/chkpts
2020-02-02 17:51:34,239 - MAIN.TRAIN - [DEBUG]  iteration: 51000 	 avg loss: 0.6694805371644325
2020-02-02 17:51:44,330 - MAIN.TRAIN - [DEBUG]  iteration: 52000 	 avg loss: 0.6724818484333366
2020-02-02 17:51:54,463 - MAIN.TRAIN - [DEBUG]  iteration: 53000 	 avg loss: 0.6687173319589638
2020-02-02 17:52:04,285 - MAIN.TRAIN - [DEBUG]  iteration: 54000 	 avg loss: 0.6720614818649756
2020-02-02 17:52:14,272 - MAIN.TRAIN - [DEBUG]  iteration: 55000 	 avg loss: 0.6665609225605149
2020-02-02 17:52:24,106 - MAIN.TRAIN - [DEBUG]  iteration: 56000 	 avg loss: 0.6722497462800239
2020-02-02 17:52:33,889 - MAIN.TRAIN - [DEBUG]  iteration: 57000 	 avg loss: 0.6666315155045737
2020-02-02 17:52:43,882 - MAIN.TRAIN - [DEBUG]  iteration: 58000 	 avg loss: 0.6557305747916948
2020-02-02 17:52:54,605 - MAIN.TRAIN - [DEBUG]  iteration: 59000 	 avg loss: 0.6662085175124087
2020-02-02 17:53:05,372 - MAIN.TRAIN - [DEBUG]  iteration: 60000 	 avg loss: 0.6661258767121472
2020-02-02 17:53:05,372 - MAIN.TRAIN - [DEBUG]  saving model at iteration 60000
2020-02-02 17:53:05,411 - MAIN.TRAIN - [DEBUG]  saved model 60000_of_500000_model_02_02_2020_172756.h5 to output/experiments/models/chkpts
2020-02-02 17:55:03,895 - MAIN.TRAIN - [DEBUG]  iteration: 61000 	 avg loss: 0.6443920198043301
2020-02-02 17:55:13,893 - MAIN.TRAIN - [DEBUG]  iteration: 62000 	 avg loss: 0.672978622980954
2020-02-02 17:55:23,691 - MAIN.TRAIN - [DEBUG]  iteration: 63000 	 avg loss: 0.6598958602575867
2020-02-02 17:55:33,428 - MAIN.TRAIN - [DEBUG]  iteration: 64000 	 avg loss: 0.6631528645357865
2020-02-02 17:55:43,209 - MAIN.TRAIN - [DEBUG]  iteration: 65000 	 avg loss: 0.658226754464375
2020-02-02 17:55:52,917 - MAIN.TRAIN - [DEBUG]  iteration: 66000 	 avg loss: 0.6549415802212577
2020-02-02 17:56:02,655 - MAIN.TRAIN - [DEBUG]  iteration: 67000 	 avg loss: 0.649257715107493
2020-02-02 17:56:12,718 - MAIN.TRAIN - [DEBUG]  iteration: 68000 	 avg loss: 0.6547650519764984
2020-02-02 17:56:23,596 - MAIN.TRAIN - [DEBUG]  iteration: 69000 	 avg loss: 0.6500033274149459
2020-02-02 17:56:34,295 - MAIN.TRAIN - [DEBUG]  iteration: 70000 	 avg loss: 0.6456220009371737
2020-02-02 17:56:34,295 - MAIN.TRAIN - [DEBUG]  saving model at iteration 70000
2020-02-02 17:56:34,334 - MAIN.TRAIN - [DEBUG]  saved model 70000_of_500000_model_02_02_2020_172756.h5 to output/experiments/models/chkpts
2020-02-02 17:58:33,607 - MAIN.TRAIN - [DEBUG]  iteration: 71000 	 avg loss: 0.6455572195029601
2020-02-02 17:58:43,304 - MAIN.TRAIN - [DEBUG]  iteration: 72000 	 avg loss: 0.6584588085199868
2020-02-02 17:58:53,234 - MAIN.TRAIN - [DEBUG]  iteration: 73000 	 avg loss: 0.6399117129337676
2020-02-02 17:59:03,067 - MAIN.TRAIN - [DEBUG]  iteration: 74000 	 avg loss: 0.6355821845715287
2020-02-02 17:59:12,910 - MAIN.TRAIN - [DEBUG]  iteration: 75000 	 avg loss: 0.6455820994912935
2020-02-02 17:59:22,748 - MAIN.TRAIN - [DEBUG]  iteration: 76000 	 avg loss: 0.6376190046684935
2020-02-02 17:59:32,607 - MAIN.TRAIN - [DEBUG]  iteration: 77000 	 avg loss: 0.6416923204326006
2020-02-02 17:59:42,713 - MAIN.TRAIN - [DEBUG]  iteration: 78000 	 avg loss: 0.640243827019763
2020-02-02 17:59:53,465 - MAIN.TRAIN - [DEBUG]  iteration: 79000 	 avg loss: 0.6296064086507611
2020-02-02 18:00:04,219 - MAIN.TRAIN - [DEBUG]  iteration: 80000 	 avg loss: 0.6400993264240592
2020-02-02 18:00:04,219 - MAIN.TRAIN - [DEBUG]  saving model at iteration 80000
2020-02-02 18:00:04,260 - MAIN.TRAIN - [DEBUG]  saved model 80000_of_500000_model_02_02_2020_172756.h5 to output/experiments/models/chkpts
2020-02-02 18:02:03,631 - MAIN.TRAIN - [DEBUG]  iteration: 81000 	 avg loss: 0.6235688459048402
2020-02-02 18:02:14,202 - MAIN.TRAIN - [DEBUG]  iteration: 82000 	 avg loss: 0.6187989714889446
2020-02-02 18:02:24,166 - MAIN.TRAIN - [DEBUG]  iteration: 83000 	 avg loss: 0.6054713957984316
2020-02-02 18:02:33,899 - MAIN.TRAIN - [DEBUG]  iteration: 84000 	 avg loss: 0.6261460858922567
2020-02-02 18:02:43,858 - MAIN.TRAIN - [DEBUG]  iteration: 85000 	 avg loss: 0.6318739323259022
2020-02-02 18:02:53,631 - MAIN.TRAIN - [DEBUG]  iteration: 86000 	 avg loss: 0.6378080799693004
2020-02-02 18:03:03,513 - MAIN.TRAIN - [DEBUG]  iteration: 87000 	 avg loss: 0.622426005038563
2020-02-02 18:03:14,132 - MAIN.TRAIN - [DEBUG]  iteration: 88000 	 avg loss: 0.6205146013030981
2020-02-02 18:03:24,788 - MAIN.TRAIN - [DEBUG]  iteration: 89000 	 avg loss: 0.6260794594805569
2020-02-02 18:03:35,438 - MAIN.TRAIN - [DEBUG]  iteration: 90000 	 avg loss: 0.6129264040211552
2020-02-02 18:03:35,438 - MAIN.TRAIN - [DEBUG]  saving model at iteration 90000
2020-02-02 18:03:35,479 - MAIN.TRAIN - [DEBUG]  saved model 90000_of_500000_model_02_02_2020_172756.h5 to output/experiments/models/chkpts
2020-02-02 18:05:33,788 - MAIN.TRAIN - [DEBUG]  iteration: 91000 	 avg loss: 0.646799344795152
2020-02-02 18:05:43,672 - MAIN.TRAIN - [DEBUG]  iteration: 92000 	 avg loss: 0.6246953494926324
2020-02-02 18:05:53,460 - MAIN.TRAIN - [DEBUG]  iteration: 93000 	 avg loss: 0.6440203696404389
2020-02-02 18:06:03,464 - MAIN.TRAIN - [DEBUG]  iteration: 94000 	 avg loss: 0.6111127829873282
2020-02-02 18:06:13,287 - MAIN.TRAIN - [DEBUG]  iteration: 95000 	 avg loss: 0.615369312107044
2020-02-02 18:06:23,356 - MAIN.TRAIN - [DEBUG]  iteration: 96000 	 avg loss: 0.617206468540466
2020-02-02 18:06:33,104 - MAIN.TRAIN - [DEBUG]  iteration: 97000 	 avg loss: 0.6231852958654166
2020-02-02 18:06:42,945 - MAIN.TRAIN - [DEBUG]  iteration: 98000 	 avg loss: 0.6230659249470522
2020-02-02 18:06:53,407 - MAIN.TRAIN - [DEBUG]  iteration: 99000 	 avg loss: 0.6189446912427349
2020-02-02 18:07:04,024 - MAIN.TRAIN - [DEBUG]  iteration: 100000 	 avg loss: 0.5948984103337868
2020-02-02 18:07:04,024 - MAIN.TRAIN - [DEBUG]  saving model at iteration 100000
2020-02-02 18:07:04,063 - MAIN.TRAIN - [DEBUG]  saved model 100000_of_500000_model_02_02_2020_172756.h5 to output/experiments/models/chkpts
2020-02-02 18:09:05,073 - MAIN.TRAIN - [DEBUG]  iteration: 101000 	 avg loss: 0.5963601024972638
2020-02-02 18:09:14,789 - MAIN.TRAIN - [DEBUG]  iteration: 102000 	 avg loss: 0.6085424954560644
2020-02-02 18:09:24,533 - MAIN.TRAIN - [DEBUG]  iteration: 103000 	 avg loss: 0.6071804925169161
2020-02-02 18:09:34,390 - MAIN.TRAIN - [DEBUG]  iteration: 104000 	 avg loss: 0.6408022582945119
2020-02-02 18:09:44,263 - MAIN.TRAIN - [DEBUG]  iteration: 105000 	 avg loss: 0.5899423625650156
2020-02-02 18:09:54,171 - MAIN.TRAIN - [DEBUG]  iteration: 106000 	 avg loss: 0.6232789824801576
2020-02-02 18:10:04,177 - MAIN.TRAIN - [DEBUG]  iteration: 107000 	 avg loss: 0.6070702849705211
2020-02-02 18:10:14,402 - MAIN.TRAIN - [DEBUG]  iteration: 108000 	 avg loss: 0.5954999840531511
2020-02-02 18:10:25,235 - MAIN.TRAIN - [DEBUG]  iteration: 109000 	 avg loss: 0.6368233900681095
2020-02-02 18:10:35,945 - MAIN.TRAIN - [DEBUG]  iteration: 110000 	 avg loss: 0.62973053178169
2020-02-02 18:10:35,945 - MAIN.TRAIN - [DEBUG]  saving model at iteration 110000
2020-02-02 18:10:35,985 - MAIN.TRAIN - [DEBUG]  saved model 110000_of_500000_model_02_02_2020_172756.h5 to output/experiments/models/chkpts
2020-02-02 18:12:34,462 - MAIN.TRAIN - [DEBUG]  iteration: 111000 	 avg loss: 0.603063714305509
2020-02-02 18:12:44,406 - MAIN.TRAIN - [DEBUG]  iteration: 112000 	 avg loss: 0.6304339745423179
2020-02-02 18:12:54,184 - MAIN.TRAIN - [DEBUG]  iteration: 113000 	 avg loss: 0.5907221237098622
2020-02-02 18:13:04,087 - MAIN.TRAIN - [DEBUG]  iteration: 114000 	 avg loss: 0.6145184719486706
2020-02-02 18:13:13,920 - MAIN.TRAIN - [DEBUG]  iteration: 115000 	 avg loss: 0.6239429633138033
2020-02-02 18:13:24,042 - MAIN.TRAIN - [DEBUG]  iteration: 116000 	 avg loss: 0.6529962658315812
2020-02-02 18:13:33,781 - MAIN.TRAIN - [DEBUG]  iteration: 117000 	 avg loss: 0.6364070632719574
2020-02-02 18:13:43,927 - MAIN.TRAIN - [DEBUG]  iteration: 118000 	 avg loss: 0.6178547721374554
2020-02-02 18:13:54,653 - MAIN.TRAIN - [DEBUG]  iteration: 119000 	 avg loss: 0.6116550773104356
2020-02-02 18:14:05,585 - MAIN.TRAIN - [DEBUG]  iteration: 120000 	 avg loss: 0.6134710914740019
2020-02-02 18:14:05,586 - MAIN.TRAIN - [DEBUG]  saving model at iteration 120000
2020-02-02 18:14:05,626 - MAIN.TRAIN - [DEBUG]  saved model 120000_of_500000_model_02_02_2020_172756.h5 to output/experiments/models/chkpts
2020-02-02 18:16:05,414 - MAIN.TRAIN - [DEBUG]  iteration: 121000 	 avg loss: 0.6156344228630019
2020-02-02 18:16:15,225 - MAIN.TRAIN - [DEBUG]  iteration: 122000 	 avg loss: 0.6398678619762427
2020-02-02 18:16:24,958 - MAIN.TRAIN - [DEBUG]  iteration: 123000 	 avg loss: 0.6035776541280087
2020-02-02 18:16:34,795 - MAIN.TRAIN - [DEBUG]  iteration: 124000 	 avg loss: 0.6123493860621922
2020-02-02 18:16:44,585 - MAIN.TRAIN - [DEBUG]  iteration: 125000 	 avg loss: 0.6127967829199861
2020-02-02 18:16:54,465 - MAIN.TRAIN - [DEBUG]  iteration: 126000 	 avg loss: 0.6151639295027787
2020-02-02 18:17:04,406 - MAIN.TRAIN - [DEBUG]  iteration: 127000 	 avg loss: 0.6251202678942028
2020-02-02 18:17:15,205 - MAIN.TRAIN - [DEBUG]  iteration: 128000 	 avg loss: 0.7474595845022501
2020-02-02 18:17:25,927 - MAIN.TRAIN - [DEBUG]  iteration: 129000 	 avg loss: 0.603594747533268
2020-02-02 18:17:36,393 - MAIN.TRAIN - [DEBUG]  iteration: 130000 	 avg loss: 0.6305036127782941
2020-02-02 18:17:36,394 - MAIN.TRAIN - [DEBUG]  saving model at iteration 130000
2020-02-02 18:17:36,432 - MAIN.TRAIN - [DEBUG]  saved model 130000_of_500000_model_02_02_2020_172756.h5 to output/experiments/models/chkpts
2020-02-02 18:19:35,760 - MAIN.TRAIN - [DEBUG]  iteration: 131000 	 avg loss: 0.6370927894443141
2020-02-02 18:19:45,624 - MAIN.TRAIN - [DEBUG]  iteration: 132000 	 avg loss: 0.5941673143453677
2020-02-02 18:19:55,564 - MAIN.TRAIN - [DEBUG]  iteration: 133000 	 avg loss: 0.6096262535674878
2020-02-02 18:20:05,294 - MAIN.TRAIN - [DEBUG]  iteration: 134000 	 avg loss: 0.6314714591052298
2020-02-02 18:20:15,290 - MAIN.TRAIN - [DEBUG]  iteration: 135000 	 avg loss: 0.6762493461912873
2020-02-02 18:20:25,114 - MAIN.TRAIN - [DEBUG]  iteration: 136000 	 avg loss: 0.6622237324335729
2020-02-02 18:20:34,881 - MAIN.TRAIN - [DEBUG]  iteration: 137000 	 avg loss: 0.7315455224722549
2020-02-02 18:20:45,234 - MAIN.TRAIN - [DEBUG]  iteration: 138000 	 avg loss: 0.5878162750311949
2020-02-02 18:20:55,891 - MAIN.TRAIN - [DEBUG]  iteration: 139000 	 avg loss: 0.5806939315620104
2020-02-02 18:21:06,664 - MAIN.TRAIN - [DEBUG]  iteration: 140000 	 avg loss: 0.6500734486480184
2020-02-02 18:21:06,664 - MAIN.TRAIN - [DEBUG]  saving model at iteration 140000
2020-02-02 18:21:06,703 - MAIN.TRAIN - [DEBUG]  saved model 140000_of_500000_model_02_02_2020_172756.h5 to output/experiments/models/chkpts
2020-02-02 18:23:05,245 - MAIN.TRAIN - [DEBUG]  iteration: 141000 	 avg loss: 0.6132852631707113
2020-02-02 18:23:15,319 - MAIN.TRAIN - [DEBUG]  iteration: 142000 	 avg loss: 0.6040900720756013
2020-02-02 18:23:25,264 - MAIN.TRAIN - [DEBUG]  iteration: 143000 	 avg loss: 0.5928572956235874
2020-02-02 18:23:35,595 - MAIN.TRAIN - [DEBUG]  iteration: 144000 	 avg loss: 0.6009545934926757
2020-02-02 18:23:45,494 - MAIN.TRAIN - [DEBUG]  iteration: 145000 	 avg loss: 0.6199805203422327
2020-02-02 18:23:55,374 - MAIN.TRAIN - [DEBUG]  iteration: 146000 	 avg loss: 0.6386764300583131
2020-02-02 18:24:05,397 - MAIN.TRAIN - [DEBUG]  iteration: 147000 	 avg loss: 0.7975196847684437
2020-02-02 18:24:16,064 - MAIN.TRAIN - [DEBUG]  iteration: 148000 	 avg loss: 0.639707142804612
2020-02-02 18:24:26,672 - MAIN.TRAIN - [DEBUG]  iteration: 149000 	 avg loss: 0.6798580948980225
2020-02-02 18:24:37,396 - MAIN.TRAIN - [DEBUG]  iteration: 150000 	 avg loss: 0.6539888690926974
2020-02-02 18:24:37,396 - MAIN.TRAIN - [DEBUG]  saving model at iteration 150000
2020-02-02 18:24:37,434 - MAIN.TRAIN - [DEBUG]  saved model 150000_of_500000_model_02_02_2020_172756.h5 to output/experiments/models/chkpts
2020-02-02 18:26:36,708 - MAIN.TRAIN - [DEBUG]  iteration: 151000 	 avg loss: 0.6184596566910596
2020-02-02 18:26:46,625 - MAIN.TRAIN - [DEBUG]  iteration: 152000 	 avg loss: 0.6173690086257694
2020-02-02 18:26:56,579 - MAIN.TRAIN - [DEBUG]  iteration: 153000 	 avg loss: 0.7615654556243318
2020-02-02 18:27:06,492 - MAIN.TRAIN - [DEBUG]  iteration: 154000 	 avg loss: 0.6540747636523716
2020-02-02 18:27:16,583 - MAIN.TRAIN - [DEBUG]  iteration: 155000 	 avg loss: 0.6339078378765594
2020-02-02 18:27:26,474 - MAIN.TRAIN - [DEBUG]  iteration: 156000 	 avg loss: 0.6417131598673157
2020-02-02 18:27:36,510 - MAIN.TRAIN - [DEBUG]  iteration: 157000 	 avg loss: 0.6455623703910952
2020-02-02 18:27:47,320 - MAIN.TRAIN - [DEBUG]  iteration: 158000 	 avg loss: 0.5957325663697007
2020-02-02 18:27:58,008 - MAIN.TRAIN - [DEBUG]  iteration: 159000 	 avg loss: 0.6492006787560192
2020-02-02 18:28:09,550 - MAIN.TRAIN - [DEBUG]  iteration: 160000 	 avg loss: 0.6591264278150373
2020-02-02 18:28:09,550 - MAIN.TRAIN - [DEBUG]  saving model at iteration 160000
2020-02-02 18:28:09,590 - MAIN.TRAIN - [DEBUG]  saved model 160000_of_500000_model_02_02_2020_172756.h5 to output/experiments/models/chkpts
2020-02-02 18:30:06,929 - MAIN.TRAIN - [DEBUG]  iteration: 161000 	 avg loss: 0.6145204814571484
2020-02-02 18:30:16,725 - MAIN.TRAIN - [DEBUG]  iteration: 162000 	 avg loss: 0.6048321335028668
2020-02-02 18:30:26,423 - MAIN.TRAIN - [DEBUG]  iteration: 163000 	 avg loss: 0.6073315294613161
2020-02-02 18:30:36,205 - MAIN.TRAIN - [DEBUG]  iteration: 164000 	 avg loss: 0.6870130562152699
2020-02-02 18:30:45,869 - MAIN.TRAIN - [DEBUG]  iteration: 165000 	 avg loss: 0.583561625354228
2020-02-02 18:30:55,655 - MAIN.TRAIN - [DEBUG]  iteration: 166000 	 avg loss: 0.571869679940342
2020-02-02 18:31:05,715 - MAIN.TRAIN - [DEBUG]  iteration: 167000 	 avg loss: 0.6244357567503565
2020-02-02 18:31:16,632 - MAIN.TRAIN - [DEBUG]  iteration: 168000 	 avg loss: 0.6615547212232267
2020-02-02 18:31:27,337 - MAIN.TRAIN - [DEBUG]  iteration: 169000 	 avg loss: 0.5582841922173327
2020-02-02 18:31:38,020 - MAIN.TRAIN - [DEBUG]  iteration: 170000 	 avg loss: 0.6625885331805299
2020-02-02 18:31:38,021 - MAIN.TRAIN - [DEBUG]  saving model at iteration 170000
2020-02-02 18:31:38,060 - MAIN.TRAIN - [DEBUG]  saved model 170000_of_500000_model_02_02_2020_172756.h5 to output/experiments/models/chkpts
2020-02-02 18:33:37,175 - MAIN.TRAIN - [DEBUG]  iteration: 171000 	 avg loss: 0.6878628300388561
2020-02-02 18:33:47,167 - MAIN.TRAIN - [DEBUG]  iteration: 172000 	 avg loss: 0.6435012371479015
2020-02-02 18:33:57,168 - MAIN.TRAIN - [DEBUG]  iteration: 173000 	 avg loss: 0.6305633708945737
2020-02-02 18:34:07,077 - MAIN.TRAIN - [DEBUG]  iteration: 174000 	 avg loss: 0.6007846484316052
2020-02-02 18:34:17,138 - MAIN.TRAIN - [DEBUG]  iteration: 175000 	 avg loss: 0.6561083707239186
2020-02-02 18:34:27,183 - MAIN.TRAIN - [DEBUG]  iteration: 176000 	 avg loss: 0.7327726753998125
2020-02-02 18:34:37,156 - MAIN.TRAIN - [DEBUG]  iteration: 177000 	 avg loss: 0.6617331853556916
2020-02-02 18:34:47,862 - MAIN.TRAIN - [DEBUG]  iteration: 178000 	 avg loss: 0.687598962049776
2020-02-02 18:34:58,468 - MAIN.TRAIN - [DEBUG]  iteration: 179000 	 avg loss: 0.5994467924495595
2020-02-02 18:35:09,415 - MAIN.TRAIN - [DEBUG]  iteration: 180000 	 avg loss: 0.6217086327861038
2020-02-02 18:35:09,416 - MAIN.TRAIN - [DEBUG]  saving model at iteration 180000
2020-02-02 18:35:09,456 - MAIN.TRAIN - [DEBUG]  saved model 180000_of_500000_model_02_02_2020_172756.h5 to output/experiments/models/chkpts
2020-02-02 18:37:06,620 - MAIN.TRAIN - [DEBUG]  iteration: 181000 	 avg loss: 0.6397521497725296
2020-02-02 18:37:16,682 - MAIN.TRAIN - [DEBUG]  iteration: 182000 	 avg loss: 0.6644694241168057
2020-02-02 18:37:26,803 - MAIN.TRAIN - [DEBUG]  iteration: 183000 	 avg loss: 0.6252652502254599
2020-02-02 18:37:36,464 - MAIN.TRAIN - [DEBUG]  iteration: 184000 	 avg loss: 0.6142489030515137
2020-02-02 18:37:46,380 - MAIN.TRAIN - [DEBUG]  iteration: 185000 	 avg loss: 0.685693258490635
2020-02-02 18:37:56,400 - MAIN.TRAIN - [DEBUG]  iteration: 186000 	 avg loss: 0.6528970744723053
2020-02-02 18:38:06,677 - MAIN.TRAIN - [DEBUG]  iteration: 187000 	 avg loss: 0.6566230569912417
2020-02-02 18:38:17,483 - MAIN.TRAIN - [DEBUG]  iteration: 188000 	 avg loss: 0.6543599347990581
2020-02-02 18:38:28,448 - MAIN.TRAIN - [DEBUG]  iteration: 189000 	 avg loss: 0.5838650857840062
2020-02-02 18:38:39,336 - MAIN.TRAIN - [DEBUG]  iteration: 190000 	 avg loss: 0.6443187522362539
2020-02-02 18:38:39,336 - MAIN.TRAIN - [DEBUG]  saving model at iteration 190000
2020-02-02 18:38:39,380 - MAIN.TRAIN - [DEBUG]  saved model 190000_of_500000_model_02_02_2020_172756.h5 to output/experiments/models/chkpts
2020-02-02 18:40:37,006 - MAIN.TRAIN - [DEBUG]  iteration: 191000 	 avg loss: 0.6540999048804703
2020-02-02 18:40:46,930 - MAIN.TRAIN - [DEBUG]  iteration: 192000 	 avg loss: 0.7558955364771666
2020-02-02 18:40:56,725 - MAIN.TRAIN - [DEBUG]  iteration: 193000 	 avg loss: 0.6332783975872706
2020-02-02 18:41:06,480 - MAIN.TRAIN - [DEBUG]  iteration: 194000 	 avg loss: 0.6469059948279361
2020-02-02 18:41:16,364 - MAIN.TRAIN - [DEBUG]  iteration: 195000 	 avg loss: 0.6124333456786527
2020-02-02 18:41:26,148 - MAIN.TRAIN - [DEBUG]  iteration: 196000 	 avg loss: 0.6644894074238641
2020-02-02 18:41:36,262 - MAIN.TRAIN - [DEBUG]  iteration: 197000 	 avg loss: 1.0348056441603035
2020-02-02 18:41:46,812 - MAIN.TRAIN - [DEBUG]  iteration: 198000 	 avg loss: 0.6051076473644589
2020-02-02 18:41:57,573 - MAIN.TRAIN - [DEBUG]  iteration: 199000 	 avg loss: 0.642517923415384
2020-02-02 18:42:08,365 - MAIN.TRAIN - [DEBUG]  iteration: 200000 	 avg loss: 0.6311236930719905
2020-02-02 18:42:08,366 - MAIN.TRAIN - [DEBUG]  saving model at iteration 200000
2020-02-02 18:42:08,405 - MAIN.TRAIN - [DEBUG]  saved model 200000_of_500000_model_02_02_2020_172756.h5 to output/experiments/models/chkpts
2020-02-02 18:44:09,395 - MAIN.TRAIN - [DEBUG]  iteration: 201000 	 avg loss: 0.8610057508429176
2020-02-02 18:44:19,161 - MAIN.TRAIN - [DEBUG]  iteration: 202000 	 avg loss: 0.7309335519906297
2020-02-02 18:44:29,118 - MAIN.TRAIN - [DEBUG]  iteration: 203000 	 avg loss: 0.6758528724631342
2020-02-02 18:44:38,907 - MAIN.TRAIN - [DEBUG]  iteration: 204000 	 avg loss: 0.6797744095788391
2020-02-02 18:44:48,913 - MAIN.TRAIN - [DEBUG]  iteration: 205000 	 avg loss: 0.6096545559517926
2020-02-02 18:44:58,837 - MAIN.TRAIN - [DEBUG]  iteration: 206000 	 avg loss: 0.67253505946419
2020-02-02 18:45:09,191 - MAIN.TRAIN - [DEBUG]  iteration: 207000 	 avg loss: 0.6896683903798193
2020-02-02 18:45:19,794 - MAIN.TRAIN - [DEBUG]  iteration: 208000 	 avg loss: 0.6350335517363229
2020-02-02 18:45:30,349 - MAIN.TRAIN - [DEBUG]  iteration: 209000 	 avg loss: 0.6959735567039367
2020-02-02 18:45:41,034 - MAIN.TRAIN - [DEBUG]  iteration: 210000 	 avg loss: 0.7046802136474187
2020-02-02 18:45:41,034 - MAIN.TRAIN - [DEBUG]  saving model at iteration 210000
2020-02-02 18:45:41,073 - MAIN.TRAIN - [DEBUG]  saved model 210000_of_500000_model_02_02_2020_172756.h5 to output/experiments/models/chkpts
2020-02-02 18:47:39,153 - MAIN.TRAIN - [DEBUG]  iteration: 211000 	 avg loss: 0.6171108568710639
2020-02-02 18:47:49,038 - MAIN.TRAIN - [DEBUG]  iteration: 212000 	 avg loss: 0.6273475055021108
2020-02-02 18:47:58,962 - MAIN.TRAIN - [DEBUG]  iteration: 213000 	 avg loss: 0.6861398118925672
2020-02-02 18:48:08,703 - MAIN.TRAIN - [DEBUG]  iteration: 214000 	 avg loss: 0.6969856762770377
2020-02-02 18:48:18,265 - MAIN.TRAIN - [DEBUG]  iteration: 215000 	 avg loss: 0.6660208053007244
2020-02-02 18:48:28,041 - MAIN.TRAIN - [DEBUG]  iteration: 216000 	 avg loss: 0.6797900892725721
2020-02-02 18:48:38,053 - MAIN.TRAIN - [DEBUG]  iteration: 217000 	 avg loss: 0.6710759183281644
2020-02-02 18:48:49,041 - MAIN.TRAIN - [DEBUG]  iteration: 218000 	 avg loss: 0.7174108439304638
2020-02-02 18:49:00,035 - MAIN.TRAIN - [DEBUG]  iteration: 219000 	 avg loss: 0.7208270130317945
2020-02-02 18:49:11,086 - MAIN.TRAIN - [DEBUG]  iteration: 220000 	 avg loss: 0.6453072490120898
2020-02-02 18:49:11,086 - MAIN.TRAIN - [DEBUG]  saving model at iteration 220000
2020-02-02 18:49:11,125 - MAIN.TRAIN - [DEBUG]  saved model 220000_of_500000_model_02_02_2020_172756.h5 to output/experiments/models/chkpts
2020-02-02 18:51:07,931 - MAIN.TRAIN - [DEBUG]  iteration: 221000 	 avg loss: 0.6690592132707806
2020-02-02 18:51:18,042 - MAIN.TRAIN - [DEBUG]  iteration: 222000 	 avg loss: 0.6402082669007414
2020-02-02 18:51:28,135 - MAIN.TRAIN - [DEBUG]  iteration: 223000 	 avg loss: 0.6732603984372988
2020-02-02 18:51:38,184 - MAIN.TRAIN - [DEBUG]  iteration: 224000 	 avg loss: 0.7021213578488021
2020-02-02 18:51:47,918 - MAIN.TRAIN - [DEBUG]  iteration: 225000 	 avg loss: 0.6620497044803033
2020-02-02 18:51:57,693 - MAIN.TRAIN - [DEBUG]  iteration: 226000 	 avg loss: 0.6571695259643361
2020-02-02 18:52:08,234 - MAIN.TRAIN - [DEBUG]  iteration: 227000 	 avg loss: 0.6447707167349587
2020-02-02 18:52:18,869 - MAIN.TRAIN - [DEBUG]  iteration: 228000 	 avg loss: 0.6226813695140996
2020-02-02 18:52:29,782 - MAIN.TRAIN - [DEBUG]  iteration: 229000 	 avg loss: 0.655301966112028
2020-02-02 18:52:40,368 - MAIN.TRAIN - [DEBUG]  iteration: 230000 	 avg loss: 0.7024947490471778
2020-02-02 18:52:40,368 - MAIN.TRAIN - [DEBUG]  saving model at iteration 230000
2020-02-02 18:52:40,406 - MAIN.TRAIN - [DEBUG]  saved model 230000_of_500000_model_02_02_2020_172756.h5 to output/experiments/models/chkpts
2020-02-02 18:54:41,074 - MAIN.TRAIN - [DEBUG]  iteration: 231000 	 avg loss: 0.6338179153499229
2020-02-02 18:54:51,018 - MAIN.TRAIN - [DEBUG]  iteration: 232000 	 avg loss: 0.6715836667619886
2020-02-02 18:55:00,938 - MAIN.TRAIN - [DEBUG]  iteration: 233000 	 avg loss: 0.6927967529011565
2020-02-02 18:55:10,974 - MAIN.TRAIN - [DEBUG]  iteration: 234000 	 avg loss: 0.6347910454483856
2020-02-02 18:55:21,019 - MAIN.TRAIN - [DEBUG]  iteration: 235000 	 avg loss: 0.7079481607844285
2020-02-02 18:55:31,064 - MAIN.TRAIN - [DEBUG]  iteration: 236000 	 avg loss: 0.6420133924801525
2020-02-02 18:55:41,422 - MAIN.TRAIN - [DEBUG]  iteration: 237000 	 avg loss: 0.6536566838739145
2020-02-02 18:55:52,108 - MAIN.TRAIN - [DEBUG]  iteration: 238000 	 avg loss: 0.591114951928812
2020-02-02 18:56:02,800 - MAIN.TRAIN - [DEBUG]  iteration: 239000 	 avg loss: 0.6941688935964134
2020-02-02 18:56:13,501 - MAIN.TRAIN - [DEBUG]  iteration: 240000 	 avg loss: 0.6389529094573047
2020-02-02 18:56:13,501 - MAIN.TRAIN - [DEBUG]  saving model at iteration 240000
2020-02-02 18:56:13,540 - MAIN.TRAIN - [DEBUG]  saved model 240000_of_500000_model_02_02_2020_172756.h5 to output/experiments/models/chkpts
2020-02-02 18:58:09,478 - MAIN.TRAIN - [DEBUG]  iteration: 241000 	 avg loss: 0.6841592341982874
2020-02-02 18:58:19,238 - MAIN.TRAIN - [DEBUG]  iteration: 242000 	 avg loss: 0.6771487721134843
2020-02-02 18:58:28,960 - MAIN.TRAIN - [DEBUG]  iteration: 243000 	 avg loss: 0.7162893020961784
2020-02-02 18:58:38,767 - MAIN.TRAIN - [DEBUG]  iteration: 244000 	 avg loss: 0.68535934486558
2020-02-02 18:58:48,579 - MAIN.TRAIN - [DEBUG]  iteration: 245000 	 avg loss: 0.660609786803201
2020-02-02 18:58:58,361 - MAIN.TRAIN - [DEBUG]  iteration: 246000 	 avg loss: 0.6779595628810426
2020-02-02 18:59:08,912 - MAIN.TRAIN - [DEBUG]  iteration: 247000 	 avg loss: 0.6379689966599662
2020-02-02 18:59:20,420 - MAIN.TRAIN - [DEBUG]  iteration: 248000 	 avg loss: 0.6806593193446241
2020-02-02 18:59:31,147 - MAIN.TRAIN - [DEBUG]  iteration: 249000 	 avg loss: 0.6682617424259341
2020-02-02 18:59:41,941 - MAIN.TRAIN - [DEBUG]  iteration: 250000 	 avg loss: 0.7163042214250898
2020-02-02 18:59:41,942 - MAIN.TRAIN - [DEBUG]  saving model at iteration 250000
2020-02-02 18:59:41,980 - MAIN.TRAIN - [DEBUG]  saved model 250000_of_500000_model_02_02_2020_172756.h5 to output/experiments/models/chkpts
2020-02-02 19:01:38,551 - MAIN.TRAIN - [DEBUG]  iteration: 251000 	 avg loss: 0.6329252373563896
2020-02-02 19:01:48,708 - MAIN.TRAIN - [DEBUG]  iteration: 252000 	 avg loss: 0.5866609376133426
2020-02-02 19:01:58,653 - MAIN.TRAIN - [DEBUG]  iteration: 253000 	 avg loss: 0.795505563726639
2020-02-02 19:02:08,738 - MAIN.TRAIN - [DEBUG]  iteration: 254000 	 avg loss: 0.7272736618383849
2020-02-02 19:02:18,851 - MAIN.TRAIN - [DEBUG]  iteration: 255000 	 avg loss: 0.6569081245862864
2020-02-02 19:02:28,930 - MAIN.TRAIN - [DEBUG]  iteration: 256000 	 avg loss: 0.6373117001032008
2020-02-02 19:02:39,622 - MAIN.TRAIN - [DEBUG]  iteration: 257000 	 avg loss: 0.656909110026247
2020-02-02 19:02:50,508 - MAIN.TRAIN - [DEBUG]  iteration: 258000 	 avg loss: 0.7286263563296626
2020-02-02 19:03:01,362 - MAIN.TRAIN - [DEBUG]  iteration: 259000 	 avg loss: 0.6622771674361129
2020-02-02 19:03:12,503 - MAIN.TRAIN - [DEBUG]  iteration: 260000 	 avg loss: 0.6899346596707252
2020-02-02 19:03:12,503 - MAIN.TRAIN - [DEBUG]  saving model at iteration 260000
2020-02-02 19:03:12,543 - MAIN.TRAIN - [DEBUG]  saved model 260000_of_500000_model_02_02_2020_172756.h5 to output/experiments/models/chkpts
2020-02-02 19:05:10,842 - MAIN.TRAIN - [DEBUG]  iteration: 261000 	 avg loss: 0.6655755879124988
2020-02-02 19:05:20,796 - MAIN.TRAIN - [DEBUG]  iteration: 262000 	 avg loss: 0.6788215105342258
2020-02-02 19:05:30,756 - MAIN.TRAIN - [DEBUG]  iteration: 263000 	 avg loss: 0.711653022189617
2020-02-02 19:05:40,587 - MAIN.TRAIN - [DEBUG]  iteration: 264000 	 avg loss: 0.775300024167271
2020-02-02 19:05:50,268 - MAIN.TRAIN - [DEBUG]  iteration: 265000 	 avg loss: 0.6954439820079842
2020-02-02 19:06:00,034 - MAIN.TRAIN - [DEBUG]  iteration: 266000 	 avg loss: 0.6405918386581879
2020-02-02 19:06:10,963 - MAIN.TRAIN - [DEBUG]  iteration: 267000 	 avg loss: 0.6273787734933584
2020-02-02 19:06:21,592 - MAIN.TRAIN - [DEBUG]  iteration: 268000 	 avg loss: 0.7037135368211426
2020-02-02 19:06:32,330 - MAIN.TRAIN - [DEBUG]  iteration: 269000 	 avg loss: 0.7072950167052092
2020-02-02 19:06:43,022 - MAIN.TRAIN - [DEBUG]  iteration: 270000 	 avg loss: 0.6124754249976194
2020-02-02 19:06:43,023 - MAIN.TRAIN - [DEBUG]  saving model at iteration 270000
2020-02-02 19:06:43,062 - MAIN.TRAIN - [DEBUG]  saved model 270000_of_500000_model_02_02_2020_172756.h5 to output/experiments/models/chkpts
2020-02-02 19:08:39,343 - MAIN.TRAIN - [DEBUG]  iteration: 271000 	 avg loss: 0.7173572084583701
2020-02-02 19:08:49,411 - MAIN.TRAIN - [DEBUG]  iteration: 272000 	 avg loss: 0.6534972769738793
2020-02-02 19:08:59,241 - MAIN.TRAIN - [DEBUG]  iteration: 273000 	 avg loss: 0.6737424488835065
2020-02-02 19:09:09,106 - MAIN.TRAIN - [DEBUG]  iteration: 274000 	 avg loss: 0.7308518228314493
2020-02-02 19:09:18,919 - MAIN.TRAIN - [DEBUG]  iteration: 275000 	 avg loss: 0.6655654020134308
2020-02-02 19:09:28,729 - MAIN.TRAIN - [DEBUG]  iteration: 276000 	 avg loss: 0.6867395162063744
2020-02-02 19:09:39,868 - MAIN.TRAIN - [DEBUG]  iteration: 277000 	 avg loss: 0.6104714927593553
2020-02-02 19:09:51,039 - MAIN.TRAIN - [DEBUG]  iteration: 278000 	 avg loss: 0.7157385811725104
2020-02-02 19:10:01,923 - MAIN.TRAIN - [DEBUG]  iteration: 279000 	 avg loss: 0.9159365134600648
2020-02-02 19:10:12,844 - MAIN.TRAIN - [DEBUG]  iteration: 280000 	 avg loss: 0.6791074970261228
2020-02-02 19:10:12,844 - MAIN.TRAIN - [DEBUG]  saving model at iteration 280000
2020-02-02 19:10:12,883 - MAIN.TRAIN - [DEBUG]  saved model 280000_of_500000_model_02_02_2020_172756.h5 to output/experiments/models/chkpts
2020-02-02 19:12:10,509 - MAIN.TRAIN - [DEBUG]  iteration: 281000 	 avg loss: 0.6877005473352965
2020-02-02 19:12:20,564 - MAIN.TRAIN - [DEBUG]  iteration: 282000 	 avg loss: 0.6515415594247843
2020-02-02 19:12:30,494 - MAIN.TRAIN - [DEBUG]  iteration: 283000 	 avg loss: 0.6393555462736235
2020-02-02 19:12:40,202 - MAIN.TRAIN - [DEBUG]  iteration: 284000 	 avg loss: 0.68360246458572
2020-02-02 19:12:50,381 - MAIN.TRAIN - [DEBUG]  iteration: 285000 	 avg loss: 0.6313290662354119
2020-02-02 19:13:00,516 - MAIN.TRAIN - [DEBUG]  iteration: 286000 	 avg loss: 0.6877651991260286
2020-02-02 19:13:11,783 - MAIN.TRAIN - [DEBUG]  iteration: 287000 	 avg loss: 0.6517356391693695
2020-02-02 19:13:22,530 - MAIN.TRAIN - [DEBUG]  iteration: 288000 	 avg loss: 0.6835014111562138
2020-02-02 19:13:33,429 - MAIN.TRAIN - [DEBUG]  iteration: 289000 	 avg loss: 0.6827058172187924
2020-02-02 19:13:44,269 - MAIN.TRAIN - [DEBUG]  iteration: 290000 	 avg loss: 0.9227602678738082
2020-02-02 19:13:44,270 - MAIN.TRAIN - [DEBUG]  saving model at iteration 290000
2020-02-02 19:13:44,309 - MAIN.TRAIN - [DEBUG]  saved model 290000_of_500000_model_02_02_2020_172756.h5 to output/experiments/models/chkpts
2020-02-02 19:15:43,642 - MAIN.TRAIN - [DEBUG]  iteration: 291000 	 avg loss: 0.652688972310621
2020-02-02 19:15:53,789 - MAIN.TRAIN - [DEBUG]  iteration: 292000 	 avg loss: 0.6702805876655666
2020-02-02 19:16:03,735 - MAIN.TRAIN - [DEBUG]  iteration: 293000 	 avg loss: 0.6500267664976364
2020-02-02 19:16:13,799 - MAIN.TRAIN - [DEBUG]  iteration: 294000 	 avg loss: 0.698601962222619
2020-02-02 19:16:23,832 - MAIN.TRAIN - [DEBUG]  iteration: 295000 	 avg loss: 0.683765435007066
2020-02-02 19:16:34,266 - MAIN.TRAIN - [DEBUG]  iteration: 296000 	 avg loss: 0.6640803681053492
2020-02-02 19:16:45,083 - MAIN.TRAIN - [DEBUG]  iteration: 297000 	 avg loss: 0.6533580621955928
2020-02-02 19:16:55,927 - MAIN.TRAIN - [DEBUG]  iteration: 298000 	 avg loss: 0.5568151023612887
2020-02-02 19:17:06,814 - MAIN.TRAIN - [DEBUG]  iteration: 299000 	 avg loss: 0.6840924503050938
2020-02-02 19:17:17,694 - MAIN.TRAIN - [DEBUG]  iteration: 300000 	 avg loss: 0.6832474912219949
2020-02-02 19:17:17,694 - MAIN.TRAIN - [DEBUG]  saving model at iteration 300000
2020-02-02 19:17:17,734 - MAIN.TRAIN - [DEBUG]  saved model 300000_of_500000_model_02_02_2020_172756.h5 to output/experiments/models/chkpts
2020-02-02 19:19:15,589 - MAIN.TRAIN - [DEBUG]  iteration: 301000 	 avg loss: 0.6280705778582599
2020-02-02 19:19:25,478 - MAIN.TRAIN - [DEBUG]  iteration: 302000 	 avg loss: 0.7833743717364948
2020-02-02 19:19:35,396 - MAIN.TRAIN - [DEBUG]  iteration: 303000 	 avg loss: 0.6979315889404188
2020-02-02 19:19:45,431 - MAIN.TRAIN - [DEBUG]  iteration: 304000 	 avg loss: 0.6828998374187477
2020-02-02 19:19:55,592 - MAIN.TRAIN - [DEBUG]  iteration: 305000 	 avg loss: 0.6431378483989717
2020-02-02 19:20:06,415 - MAIN.TRAIN - [DEBUG]  iteration: 306000 	 avg loss: 0.5923201307870669
2020-02-02 19:20:17,197 - MAIN.TRAIN - [DEBUG]  iteration: 307000 	 avg loss: 0.6897731780922511
2020-02-02 19:20:27,866 - MAIN.TRAIN - [DEBUG]  iteration: 308000 	 avg loss: 0.683613299185573
2020-02-02 19:20:38,367 - MAIN.TRAIN - [DEBUG]  iteration: 309000 	 avg loss: 0.7721991835566407
2020-02-02 19:20:49,143 - MAIN.TRAIN - [DEBUG]  iteration: 310000 	 avg loss: 0.6495177976033244
2020-02-02 19:20:49,144 - MAIN.TRAIN - [DEBUG]  saving model at iteration 310000
2020-02-02 19:20:49,181 - MAIN.TRAIN - [DEBUG]  saved model 310000_of_500000_model_02_02_2020_172756.h5 to output/experiments/models/chkpts
2020-02-02 19:22:45,371 - MAIN.TRAIN - [DEBUG]  iteration: 311000 	 avg loss: 0.5836058958448138
2020-02-02 19:22:55,347 - MAIN.TRAIN - [DEBUG]  iteration: 312000 	 avg loss: 0.5941660062630407
2020-02-02 19:23:05,420 - MAIN.TRAIN - [DEBUG]  iteration: 313000 	 avg loss: 0.6946657970406046
2020-02-02 19:23:15,625 - MAIN.TRAIN - [DEBUG]  iteration: 314000 	 avg loss: 0.6634910909271298
2020-02-02 19:23:25,706 - MAIN.TRAIN - [DEBUG]  iteration: 315000 	 avg loss: 0.6736900637486347
2020-02-02 19:23:36,092 - MAIN.TRAIN - [DEBUG]  iteration: 316000 	 avg loss: 0.5770352682750426
2020-02-02 19:23:47,023 - MAIN.TRAIN - [DEBUG]  iteration: 317000 	 avg loss: 0.5821640115404975
2020-02-02 19:23:57,893 - MAIN.TRAIN - [DEBUG]  iteration: 318000 	 avg loss: 0.6966583603748929
2020-02-02 19:24:08,791 - MAIN.TRAIN - [DEBUG]  iteration: 319000 	 avg loss: 0.8271111215047546
2020-02-02 19:24:19,528 - MAIN.TRAIN - [DEBUG]  iteration: 320000 	 avg loss: 0.657427509974315
2020-02-02 19:24:19,528 - MAIN.TRAIN - [DEBUG]  saving model at iteration 320000
2020-02-02 19:24:19,569 - MAIN.TRAIN - [DEBUG]  saved model 320000_of_500000_model_02_02_2020_172756.h5 to output/experiments/models/chkpts
2020-02-02 19:26:18,835 - MAIN.TRAIN - [DEBUG]  iteration: 321000 	 avg loss: 0.7176972718149528
2020-02-02 19:26:28,832 - MAIN.TRAIN - [DEBUG]  iteration: 322000 	 avg loss: 0.6820721779687413
2020-02-02 19:26:39,256 - MAIN.TRAIN - [DEBUG]  iteration: 323000 	 avg loss: 0.6455186402728962
2020-02-02 19:26:49,221 - MAIN.TRAIN - [DEBUG]  iteration: 324000 	 avg loss: 0.6671239910919644
2020-02-02 19:26:59,148 - MAIN.TRAIN - [DEBUG]  iteration: 325000 	 avg loss: 0.6607337539983452
2020-02-02 19:27:09,904 - MAIN.TRAIN - [DEBUG]  iteration: 326000 	 avg loss: 0.59872880611006
2020-02-02 19:27:20,696 - MAIN.TRAIN - [DEBUG]  iteration: 327000 	 avg loss: 0.6517513489175822
2020-02-02 19:27:31,365 - MAIN.TRAIN - [DEBUG]  iteration: 328000 	 avg loss: 0.7927973671722278
2020-02-02 19:27:41,860 - MAIN.TRAIN - [DEBUG]  iteration: 329000 	 avg loss: 0.717578871684539
2020-02-02 19:27:52,446 - MAIN.TRAIN - [DEBUG]  iteration: 330000 	 avg loss: 0.6860190913503517
2020-02-02 19:27:52,446 - MAIN.TRAIN - [DEBUG]  saving model at iteration 330000
2020-02-02 19:27:52,485 - MAIN.TRAIN - [DEBUG]  saved model 330000_of_500000_model_02_02_2020_172756.h5 to output/experiments/models/chkpts
2020-02-02 19:29:47,882 - MAIN.TRAIN - [DEBUG]  iteration: 331000 	 avg loss: 0.6845435115299504
2020-02-02 19:29:57,773 - MAIN.TRAIN - [DEBUG]  iteration: 332000 	 avg loss: 0.6329649857633795
2020-02-02 19:30:07,906 - MAIN.TRAIN - [DEBUG]  iteration: 333000 	 avg loss: 0.6463562757853423
2020-02-02 19:30:18,170 - MAIN.TRAIN - [DEBUG]  iteration: 334000 	 avg loss: 0.6553433358442851
2020-02-02 19:30:29,007 - MAIN.TRAIN - [DEBUG]  iteration: 335000 	 avg loss: 0.6516705528427015
2020-02-02 19:30:39,332 - MAIN.TRAIN - [DEBUG]  iteration: 336000 	 avg loss: 0.6316499487382056
2020-02-02 19:30:50,097 - MAIN.TRAIN - [DEBUG]  iteration: 337000 	 avg loss: 0.6547284736271364
2020-02-02 19:31:00,919 - MAIN.TRAIN - [DEBUG]  iteration: 338000 	 avg loss: 0.7187344027913627
2020-02-02 19:31:11,505 - MAIN.TRAIN - [DEBUG]  iteration: 339000 	 avg loss: 0.631006943500068
2020-02-02 19:31:22,197 - MAIN.TRAIN - [DEBUG]  iteration: 340000 	 avg loss: 0.6233696904426234
2020-02-02 19:31:22,197 - MAIN.TRAIN - [DEBUG]  saving model at iteration 340000
2020-02-02 19:31:22,237 - MAIN.TRAIN - [DEBUG]  saved model 340000_of_500000_model_02_02_2020_172756.h5 to output/experiments/models/chkpts
2020-02-02 19:33:20,350 - MAIN.TRAIN - [DEBUG]  iteration: 341000 	 avg loss: 0.6180967988848264
2020-02-02 19:33:30,310 - MAIN.TRAIN - [DEBUG]  iteration: 342000 	 avg loss: 0.6285296075560942
2020-02-02 19:33:40,186 - MAIN.TRAIN - [DEBUG]  iteration: 343000 	 avg loss: 0.6275753832048017
2020-02-02 19:33:50,005 - MAIN.TRAIN - [DEBUG]  iteration: 344000 	 avg loss: 0.5703728938758171
2020-02-02 19:33:59,945 - MAIN.TRAIN - [DEBUG]  iteration: 345000 	 avg loss: 0.7253910847046562
2020-02-02 19:34:10,636 - MAIN.TRAIN - [DEBUG]  iteration: 346000 	 avg loss: 0.7492140465311283
2020-02-02 19:34:21,501 - MAIN.TRAIN - [DEBUG]  iteration: 347000 	 avg loss: 0.62692146035438
2020-02-02 19:34:32,176 - MAIN.TRAIN - [DEBUG]  iteration: 348000 	 avg loss: 0.6485454667850523
2020-02-02 19:34:42,718 - MAIN.TRAIN - [DEBUG]  iteration: 349000 	 avg loss: 0.6697623524065691
2020-02-02 19:34:53,575 - MAIN.TRAIN - [DEBUG]  iteration: 350000 	 avg loss: 0.6494019212567448
2020-02-02 19:34:53,575 - MAIN.TRAIN - [DEBUG]  saving model at iteration 350000
2020-02-02 19:34:53,613 - MAIN.TRAIN - [DEBUG]  saved model 350000_of_500000_model_02_02_2020_172756.h5 to output/experiments/models/chkpts
2020-02-02 19:36:51,312 - MAIN.TRAIN - [DEBUG]  iteration: 351000 	 avg loss: 0.7057325062543882
2020-02-02 19:37:01,090 - MAIN.TRAIN - [DEBUG]  iteration: 352000 	 avg loss: 0.6414310632890841
2020-02-02 19:37:11,121 - MAIN.TRAIN - [DEBUG]  iteration: 353000 	 avg loss: 0.6445809397324538
2020-02-02 19:37:20,724 - MAIN.TRAIN - [DEBUG]  iteration: 354000 	 avg loss: 0.6483907399785414
2020-02-02 19:37:30,504 - MAIN.TRAIN - [DEBUG]  iteration: 355000 	 avg loss: 0.6649508714334791
2020-02-02 19:37:40,843 - MAIN.TRAIN - [DEBUG]  iteration: 356000 	 avg loss: 0.6228984525777012
2020-02-02 19:37:51,569 - MAIN.TRAIN - [DEBUG]  iteration: 357000 	 avg loss: 0.6442243452730343
2020-02-02 19:38:02,304 - MAIN.TRAIN - [DEBUG]  iteration: 358000 	 avg loss: 0.5684199986836124
2020-02-02 19:38:13,142 - MAIN.TRAIN - [DEBUG]  iteration: 359000 	 avg loss: 0.6548231716842444
2020-02-02 19:38:23,918 - MAIN.TRAIN - [DEBUG]  iteration: 360000 	 avg loss: 0.6449383216450975
2020-02-02 19:38:23,918 - MAIN.TRAIN - [DEBUG]  saving model at iteration 360000
2020-02-02 19:38:23,956 - MAIN.TRAIN - [DEBUG]  saved model 360000_of_500000_model_02_02_2020_172756.h5 to output/experiments/models/chkpts
2020-02-02 19:40:20,226 - MAIN.TRAIN - [DEBUG]  iteration: 361000 	 avg loss: 0.6069632465848029
2020-02-02 19:40:30,388 - MAIN.TRAIN - [DEBUG]  iteration: 362000 	 avg loss: 0.6600161867470133
2020-02-02 19:40:40,262 - MAIN.TRAIN - [DEBUG]  iteration: 363000 	 avg loss: 0.6207878097299359
2020-02-02 19:40:50,952 - MAIN.TRAIN - [DEBUG]  iteration: 364000 	 avg loss: 0.6197818345071998
2020-02-02 19:41:00,781 - MAIN.TRAIN - [DEBUG]  iteration: 365000 	 avg loss: 0.6295509520013067
2020-02-02 19:41:11,492 - MAIN.TRAIN - [DEBUG]  iteration: 366000 	 avg loss: 0.5742224459385675
2020-02-02 19:41:22,482 - MAIN.TRAIN - [DEBUG]  iteration: 367000 	 avg loss: 0.6373234457960418
2020-02-02 19:41:33,116 - MAIN.TRAIN - [DEBUG]  iteration: 368000 	 avg loss: 0.6777890584804984
2020-02-02 19:41:43,754 - MAIN.TRAIN - [DEBUG]  iteration: 369000 	 avg loss: 0.6564999168888653
2020-02-02 19:41:54,704 - MAIN.TRAIN - [DEBUG]  iteration: 370000 	 avg loss: 0.7070379560313408
2020-02-02 19:41:54,704 - MAIN.TRAIN - [DEBUG]  saving model at iteration 370000
2020-02-02 19:41:54,742 - MAIN.TRAIN - [DEBUG]  saved model 370000_of_500000_model_02_02_2020_172756.h5 to output/experiments/models/chkpts
2020-02-02 19:43:52,806 - MAIN.TRAIN - [DEBUG]  iteration: 371000 	 avg loss: 0.6660706999726507
2020-02-02 19:44:02,712 - MAIN.TRAIN - [DEBUG]  iteration: 372000 	 avg loss: 0.6051421623713682
2020-02-02 19:44:12,633 - MAIN.TRAIN - [DEBUG]  iteration: 373000 	 avg loss: 0.6504552211583403
2020-02-02 19:44:22,443 - MAIN.TRAIN - [DEBUG]  iteration: 374000 	 avg loss: 0.6969061607898644
2020-02-02 19:44:32,266 - MAIN.TRAIN - [DEBUG]  iteration: 375000 	 avg loss: 0.7430226973955986
2020-02-02 19:44:42,613 - MAIN.TRAIN - [DEBUG]  iteration: 376000 	 avg loss: 0.6560731683896197
2020-02-02 19:44:53,438 - MAIN.TRAIN - [DEBUG]  iteration: 377000 	 avg loss: 0.6188044980456622
2020-02-02 19:45:04,256 - MAIN.TRAIN - [DEBUG]  iteration: 378000 	 avg loss: 0.6347590999490242
2020-02-02 19:45:15,002 - MAIN.TRAIN - [DEBUG]  iteration: 379000 	 avg loss: 0.626548489351811
2020-02-02 19:45:26,182 - MAIN.TRAIN - [DEBUG]  iteration: 380000 	 avg loss: 0.6511120571541296
2020-02-02 19:45:26,182 - MAIN.TRAIN - [DEBUG]  saving model at iteration 380000
2020-02-02 19:45:26,221 - MAIN.TRAIN - [DEBUG]  saved model 380000_of_500000_model_02_02_2020_172756.h5 to output/experiments/models/chkpts
2020-02-02 19:47:17,652 - MAIN.TRAIN - [DEBUG]  iteration: 381000 	 avg loss: 0.6744226952680614
2020-02-02 19:47:27,076 - MAIN.TRAIN - [DEBUG]  iteration: 382000 	 avg loss: 0.6290668393064778
2020-02-02 19:47:36,274 - MAIN.TRAIN - [DEBUG]  iteration: 383000 	 avg loss: 0.6276705494419714
2020-02-02 19:47:45,479 - MAIN.TRAIN - [DEBUG]  iteration: 384000 	 avg loss: 0.5873250238511373
2020-02-02 19:47:54,549 - MAIN.TRAIN - [DEBUG]  iteration: 385000 	 avg loss: 0.6551493883720809
2020-02-02 19:48:04,543 - MAIN.TRAIN - [DEBUG]  iteration: 386000 	 avg loss: 0.7446622136223126
2020-02-02 19:48:14,553 - MAIN.TRAIN - [DEBUG]  iteration: 387000 	 avg loss: 0.6246497160082697
2020-02-02 19:48:24,906 - MAIN.TRAIN - [DEBUG]  iteration: 388000 	 avg loss: 0.5826995108200249
2020-02-02 19:48:34,828 - MAIN.TRAIN - [DEBUG]  iteration: 389000 	 avg loss: 0.726002205214245
2020-02-02 19:48:44,695 - MAIN.TRAIN - [DEBUG]  iteration: 390000 	 avg loss: 0.5753334307413915
2020-02-02 19:48:44,695 - MAIN.TRAIN - [DEBUG]  saving model at iteration 390000
2020-02-02 19:48:44,733 - MAIN.TRAIN - [DEBUG]  saved model 390000_of_500000_model_02_02_2020_172756.h5 to output/experiments/models/chkpts
2020-02-02 19:50:42,881 - MAIN.TRAIN - [DEBUG]  iteration: 391000 	 avg loss: 0.8015494863161967
2020-02-02 19:50:51,829 - MAIN.TRAIN - [DEBUG]  iteration: 392000 	 avg loss: 0.7012037105766987
2020-02-02 19:51:01,153 - MAIN.TRAIN - [DEBUG]  iteration: 393000 	 avg loss: 0.660206934901402
2020-02-02 19:51:10,602 - MAIN.TRAIN - [DEBUG]  iteration: 394000 	 avg loss: 0.6202692763832819
2020-02-02 19:51:21,126 - MAIN.TRAIN - [DEBUG]  iteration: 395000 	 avg loss: 0.6184111670368948
2020-02-02 19:51:31,259 - MAIN.TRAIN - [DEBUG]  iteration: 396000 	 avg loss: 0.6692217928487156
2020-02-02 19:51:41,228 - MAIN.TRAIN - [DEBUG]  iteration: 397000 	 avg loss: 0.6043130162529382
2020-02-02 19:51:51,212 - MAIN.TRAIN - [DEBUG]  iteration: 398000 	 avg loss: 0.6453638891843286
2020-02-02 19:52:01,436 - MAIN.TRAIN - [DEBUG]  iteration: 399000 	 avg loss: 0.6871417330019439
2020-02-02 19:52:11,718 - MAIN.TRAIN - [DEBUG]  iteration: 400000 	 avg loss: 0.6842668756139267
2020-02-02 19:52:11,718 - MAIN.TRAIN - [DEBUG]  saving model at iteration 400000
2020-02-02 19:52:11,757 - MAIN.TRAIN - [DEBUG]  saved model 400000_of_500000_model_02_02_2020_172756.h5 to output/experiments/models/chkpts
2020-02-02 19:54:02,457 - MAIN.TRAIN - [DEBUG]  iteration: 401000 	 avg loss: 0.681551882267818
2020-02-02 19:54:11,965 - MAIN.TRAIN - [DEBUG]  iteration: 402000 	 avg loss: 0.5889482605055514
2020-02-02 19:54:21,268 - MAIN.TRAIN - [DEBUG]  iteration: 403000 	 avg loss: 0.6067739893490086
2020-02-02 19:54:30,900 - MAIN.TRAIN - [DEBUG]  iteration: 404000 	 avg loss: 0.5855695364747858
2020-02-02 19:54:40,941 - MAIN.TRAIN - [DEBUG]  iteration: 405000 	 avg loss: 0.6057028657077361
2020-02-02 19:54:51,057 - MAIN.TRAIN - [DEBUG]  iteration: 406000 	 avg loss: 0.6275310512700514
2020-02-02 19:55:01,054 - MAIN.TRAIN - [DEBUG]  iteration: 407000 	 avg loss: 0.7767364272473088
2020-02-02 19:55:11,496 - MAIN.TRAIN - [DEBUG]  iteration: 408000 	 avg loss: 0.5882783597159309
2020-02-02 19:55:21,724 - MAIN.TRAIN - [DEBUG]  iteration: 409000 	 avg loss: 0.6308163746884081
2020-02-02 19:55:31,795 - MAIN.TRAIN - [DEBUG]  iteration: 410000 	 avg loss: 0.665148749441769
2020-02-02 19:55:31,795 - MAIN.TRAIN - [DEBUG]  saving model at iteration 410000
2020-02-02 19:55:31,834 - MAIN.TRAIN - [DEBUG]  saved model 410000_of_500000_model_02_02_2020_172756.h5 to output/experiments/models/chkpts
2020-02-02 19:57:22,275 - MAIN.TRAIN - [DEBUG]  iteration: 411000 	 avg loss: 0.6525232699833772
2020-02-02 19:57:31,553 - MAIN.TRAIN - [DEBUG]  iteration: 412000 	 avg loss: 0.6231120218008477
2020-02-02 19:57:40,656 - MAIN.TRAIN - [DEBUG]  iteration: 413000 	 avg loss: 0.6265178226666941
2020-02-02 19:57:50,117 - MAIN.TRAIN - [DEBUG]  iteration: 414000 	 avg loss: 0.5996966206582965
2020-02-02 19:58:00,123 - MAIN.TRAIN - [DEBUG]  iteration: 415000 	 avg loss: 0.5966485279664124
2020-02-02 19:58:10,173 - MAIN.TRAIN - [DEBUG]  iteration: 416000 	 avg loss: 0.6386603322520578
2020-02-02 19:58:20,252 - MAIN.TRAIN - [DEBUG]  iteration: 417000 	 avg loss: 0.6162450934751452
2020-02-02 19:58:30,319 - MAIN.TRAIN - [DEBUG]  iteration: 418000 	 avg loss: 0.6538319019282439
2020-02-02 19:58:40,185 - MAIN.TRAIN - [DEBUG]  iteration: 419000 	 avg loss: 0.6484837324632228
2020-02-02 19:58:50,130 - MAIN.TRAIN - [DEBUG]  iteration: 420000 	 avg loss: 0.7243094280316235
2020-02-02 19:58:50,130 - MAIN.TRAIN - [DEBUG]  saving model at iteration 420000
2020-02-02 19:58:50,166 - MAIN.TRAIN - [DEBUG]  saved model 420000_of_500000_model_02_02_2020_172756.h5 to output/experiments/models/chkpts
2020-02-02 20:00:39,363 - MAIN.TRAIN - [DEBUG]  iteration: 421000 	 avg loss: 0.7490157678748417
2020-02-02 20:00:48,822 - MAIN.TRAIN - [DEBUG]  iteration: 422000 	 avg loss: 0.6746418995478926
2020-02-02 20:00:57,935 - MAIN.TRAIN - [DEBUG]  iteration: 423000 	 avg loss: 0.6784482342901723
2020-02-02 20:01:07,181 - MAIN.TRAIN - [DEBUG]  iteration: 424000 	 avg loss: 0.8288699594352145
2020-02-02 20:01:17,314 - MAIN.TRAIN - [DEBUG]  iteration: 425000 	 avg loss: 0.6167420826071546
2020-02-02 20:01:27,452 - MAIN.TRAIN - [DEBUG]  iteration: 426000 	 avg loss: 0.6106038128151748
2020-02-02 20:01:37,796 - MAIN.TRAIN - [DEBUG]  iteration: 427000 	 avg loss: 0.5931448932446699
2020-02-02 20:01:47,950 - MAIN.TRAIN - [DEBUG]  iteration: 428000 	 avg loss: 0.7934354583871488
2020-02-02 20:01:57,825 - MAIN.TRAIN - [DEBUG]  iteration: 429000 	 avg loss: 0.6639309522942474
2020-02-02 20:02:08,044 - MAIN.TRAIN - [DEBUG]  iteration: 430000 	 avg loss: 0.7190949324747374
2020-02-02 20:02:08,045 - MAIN.TRAIN - [DEBUG]  saving model at iteration 430000
2020-02-02 20:02:08,084 - MAIN.TRAIN - [DEBUG]  saved model 430000_of_500000_model_02_02_2020_172756.h5 to output/experiments/models/chkpts
2020-02-02 20:03:57,598 - MAIN.TRAIN - [DEBUG]  iteration: 431000 	 avg loss: 0.732968641110196
2020-02-02 20:04:06,729 - MAIN.TRAIN - [DEBUG]  iteration: 432000 	 avg loss: 0.6245448836448116
2020-02-02 20:04:16,008 - MAIN.TRAIN - [DEBUG]  iteration: 433000 	 avg loss: 0.7096250243072274
2020-02-02 20:04:25,020 - MAIN.TRAIN - [DEBUG]  iteration: 434000 	 avg loss: 0.6129040632934522
2020-02-02 20:04:33,981 - MAIN.TRAIN - [DEBUG]  iteration: 435000 	 avg loss: 0.8317992598115096
2020-02-02 20:04:42,989 - MAIN.TRAIN - [DEBUG]  iteration: 436000 	 avg loss: 0.6853383867653055
2020-02-02 20:04:52,120 - MAIN.TRAIN - [DEBUG]  iteration: 437000 	 avg loss: 0.8158786616933894
2020-02-02 20:05:01,398 - MAIN.TRAIN - [DEBUG]  iteration: 438000 	 avg loss: 0.6364527762172711
2020-02-02 20:05:10,925 - MAIN.TRAIN - [DEBUG]  iteration: 439000 	 avg loss: 0.6351930720602739
2020-02-02 20:05:19,801 - MAIN.TRAIN - [DEBUG]  iteration: 440000 	 avg loss: 0.6214745943064196
2020-02-02 20:05:19,801 - MAIN.TRAIN - [DEBUG]  saving model at iteration 440000
2020-02-02 20:05:19,837 - MAIN.TRAIN - [DEBUG]  saved model 440000_of_500000_model_02_02_2020_172756.h5 to output/experiments/models/chkpts
2020-02-02 20:07:06,673 - MAIN.TRAIN - [DEBUG]  iteration: 441000 	 avg loss: 0.5948868436052922
2020-02-02 20:07:15,821 - MAIN.TRAIN - [DEBUG]  iteration: 442000 	 avg loss: 0.6004085257793721
2020-02-02 20:07:25,005 - MAIN.TRAIN - [DEBUG]  iteration: 443000 	 avg loss: 0.6030085409551917
2020-02-02 20:07:34,453 - MAIN.TRAIN - [DEBUG]  iteration: 444000 	 avg loss: 0.5791728659764706
2020-02-02 20:07:43,570 - MAIN.TRAIN - [DEBUG]  iteration: 445000 	 avg loss: 0.7804398624843091
2020-02-02 20:07:52,797 - MAIN.TRAIN - [DEBUG]  iteration: 446000 	 avg loss: 0.6271573888276172
2020-02-02 20:08:02,110 - MAIN.TRAIN - [DEBUG]  iteration: 447000 	 avg loss: 0.6292655396823471
2020-02-02 20:08:11,296 - MAIN.TRAIN - [DEBUG]  iteration: 448000 	 avg loss: 0.6489058590697717
2020-02-02 20:08:20,466 - MAIN.TRAIN - [DEBUG]  iteration: 449000 	 avg loss: 0.6280080577678344
2020-02-02 20:08:29,483 - MAIN.TRAIN - [DEBUG]  iteration: 450000 	 avg loss: 0.660581603206219
2020-02-02 20:08:29,484 - MAIN.TRAIN - [DEBUG]  saving model at iteration 450000
2020-02-02 20:08:29,519 - MAIN.TRAIN - [DEBUG]  saved model 450000_of_500000_model_02_02_2020_172756.h5 to output/experiments/models/chkpts
2020-02-02 20:10:15,042 - MAIN.TRAIN - [DEBUG]  iteration: 451000 	 avg loss: 0.6112364307618079
2020-02-02 20:10:24,132 - MAIN.TRAIN - [DEBUG]  iteration: 452000 	 avg loss: 0.6333153211546415
2020-02-02 20:10:33,179 - MAIN.TRAIN - [DEBUG]  iteration: 453000 	 avg loss: 0.5981379123753493
2020-02-02 20:10:42,040 - MAIN.TRAIN - [DEBUG]  iteration: 454000 	 avg loss: 0.6254529179250427
2020-02-02 20:10:51,120 - MAIN.TRAIN - [DEBUG]  iteration: 455000 	 avg loss: 0.6044098113545705
2020-02-02 20:11:00,513 - MAIN.TRAIN - [DEBUG]  iteration: 456000 	 avg loss: 0.6650747924392595
2020-02-02 20:11:09,608 - MAIN.TRAIN - [DEBUG]  iteration: 457000 	 avg loss: 0.6391159979874222
2020-02-02 20:11:18,555 - MAIN.TRAIN - [DEBUG]  iteration: 458000 	 avg loss: 0.6023365965491729
2020-02-02 20:11:27,489 - MAIN.TRAIN - [DEBUG]  iteration: 459000 	 avg loss: 0.7597536942180478
2020-02-02 20:11:36,390 - MAIN.TRAIN - [DEBUG]  iteration: 460000 	 avg loss: 0.6209210912563169
2020-02-02 20:11:36,390 - MAIN.TRAIN - [DEBUG]  saving model at iteration 460000
2020-02-02 20:11:36,426 - MAIN.TRAIN - [DEBUG]  saved model 460000_of_500000_model_02_02_2020_172756.h5 to output/experiments/models/chkpts
2020-02-02 20:13:22,794 - MAIN.TRAIN - [DEBUG]  iteration: 461000 	 avg loss: 0.6357486280597665
2020-02-02 20:13:31,858 - MAIN.TRAIN - [DEBUG]  iteration: 462000 	 avg loss: 0.6630131489451676
2020-02-02 20:13:40,842 - MAIN.TRAIN - [DEBUG]  iteration: 463000 	 avg loss: 0.5976546408735763
2020-02-02 20:13:49,761 - MAIN.TRAIN - [DEBUG]  iteration: 464000 	 avg loss: 0.6037649874001025
2020-02-02 20:13:58,935 - MAIN.TRAIN - [DEBUG]  iteration: 465000 	 avg loss: 0.6236138844598149
2020-02-02 20:14:08,189 - MAIN.TRAIN - [DEBUG]  iteration: 466000 	 avg loss: 0.664871229557557
2020-02-02 20:14:17,139 - MAIN.TRAIN - [DEBUG]  iteration: 467000 	 avg loss: 0.583084622865923
2020-02-02 20:14:26,190 - MAIN.TRAIN - [DEBUG]  iteration: 468000 	 avg loss: 0.6268031758631195
2020-02-02 20:14:34,994 - MAIN.TRAIN - [DEBUG]  iteration: 469000 	 avg loss: 0.6568128992664302
2020-02-02 20:14:43,649 - MAIN.TRAIN - [DEBUG]  iteration: 470000 	 avg loss: 0.6783971565917185
2020-02-02 20:14:43,649 - MAIN.TRAIN - [DEBUG]  saving model at iteration 470000
2020-02-02 20:14:43,684 - MAIN.TRAIN - [DEBUG]  saved model 470000_of_500000_model_02_02_2020_172756.h5 to output/experiments/models/chkpts
2020-02-02 20:16:30,219 - MAIN.TRAIN - [DEBUG]  iteration: 471000 	 avg loss: 0.6828796904742276
2020-02-02 20:16:38,970 - MAIN.TRAIN - [DEBUG]  iteration: 472000 	 avg loss: 0.692241621692855
2020-02-02 20:16:47,786 - MAIN.TRAIN - [DEBUG]  iteration: 473000 	 avg loss: 0.6962730711636935
2020-02-02 20:16:56,605 - MAIN.TRAIN - [DEBUG]  iteration: 474000 	 avg loss: 0.5654253800485513
2020-02-02 20:17:06,187 - MAIN.TRAIN - [DEBUG]  iteration: 475000 	 avg loss: 0.6327507140093894
2020-02-02 20:17:15,619 - MAIN.TRAIN - [DEBUG]  iteration: 476000 	 avg loss: 0.7152900091282568
2020-02-02 20:17:24,425 - MAIN.TRAIN - [DEBUG]  iteration: 477000 	 avg loss: 0.6049535760703482
2020-02-02 20:17:33,550 - MAIN.TRAIN - [DEBUG]  iteration: 478000 	 avg loss: 0.6264649151841146
2020-02-02 20:17:42,415 - MAIN.TRAIN - [DEBUG]  iteration: 479000 	 avg loss: 0.6207372772100114
2020-02-02 20:17:51,340 - MAIN.TRAIN - [DEBUG]  iteration: 480000 	 avg loss: 0.6586026923719162
2020-02-02 20:17:51,341 - MAIN.TRAIN - [DEBUG]  saving model at iteration 480000
2020-02-02 20:17:51,375 - MAIN.TRAIN - [DEBUG]  saved model 480000_of_500000_model_02_02_2020_172756.h5 to output/experiments/models/chkpts
2020-02-02 20:19:39,222 - MAIN.TRAIN - [DEBUG]  iteration: 481000 	 avg loss: 0.6506039418367815
2020-02-02 20:19:48,272 - MAIN.TRAIN - [DEBUG]  iteration: 482000 	 avg loss: 0.6656057038227952
2020-02-02 20:19:57,511 - MAIN.TRAIN - [DEBUG]  iteration: 483000 	 avg loss: 0.6429861962977167
2020-02-02 20:20:06,587 - MAIN.TRAIN - [DEBUG]  iteration: 484000 	 avg loss: 0.6245453643382597
2020-02-02 20:20:15,491 - MAIN.TRAIN - [DEBUG]  iteration: 485000 	 avg loss: 0.6070966169268043
2020-02-02 20:20:24,478 - MAIN.TRAIN - [DEBUG]  iteration: 486000 	 avg loss: 0.7678926899055835
2020-02-02 20:20:33,519 - MAIN.TRAIN - [DEBUG]  iteration: 487000 	 avg loss: 0.6403886504589239
2020-02-02 20:20:42,513 - MAIN.TRAIN - [DEBUG]  iteration: 488000 	 avg loss: 0.6284853069132947
2020-02-02 20:20:51,582 - MAIN.TRAIN - [DEBUG]  iteration: 489000 	 avg loss: 0.5972155439105179
2020-02-02 20:21:00,738 - MAIN.TRAIN - [DEBUG]  iteration: 490000 	 avg loss: 0.6533848466153028
2020-02-02 20:21:00,739 - MAIN.TRAIN - [DEBUG]  saving model at iteration 490000
2020-02-02 20:21:00,774 - MAIN.TRAIN - [DEBUG]  saved model 490000_of_500000_model_02_02_2020_172756.h5 to output/experiments/models/chkpts
2020-02-02 20:22:47,641 - MAIN.TRAIN - [DEBUG]  iteration: 491000 	 avg loss: 0.6299617347246378
2020-02-02 20:22:56,698 - MAIN.TRAIN - [DEBUG]  iteration: 492000 	 avg loss: 0.5768779053711227
2020-02-02 20:23:05,751 - MAIN.TRAIN - [DEBUG]  iteration: 493000 	 avg loss: 0.5954033145556339
2020-02-02 20:23:14,921 - MAIN.TRAIN - [DEBUG]  iteration: 494000 	 avg loss: 0.7543911715160513
2020-02-02 20:23:23,853 - MAIN.TRAIN - [DEBUG]  iteration: 495000 	 avg loss: 0.6142962453778665
2020-02-02 20:23:32,749 - MAIN.TRAIN - [DEBUG]  iteration: 496000 	 avg loss: 0.6283014800946639
2020-02-02 20:23:41,713 - MAIN.TRAIN - [DEBUG]  iteration: 497000 	 avg loss: 0.6163732700730279
2020-02-02 20:23:50,771 - MAIN.TRAIN - [DEBUG]  iteration: 498000 	 avg loss: 0.8049725108610238
2020-02-02 20:23:59,887 - MAIN.TRAIN - [DEBUG]  iteration: 499000 	 avg loss: 0.6775361457568617
2020-02-02 20:24:08,969 - MAIN.TRAIN - [DEBUG]  finished training
2020-02-02 20:24:09,004 - MAIN - [DEBUG]  saved final model model_02_02_2020_172756.h5 to output/experiments/models/final
2020-02-02 20:24:09,004 - MAIN.TRAIN - [DEBUG]  plotting loss
2020-02-02 20:24:09,858 - MAIN.TRAIN - [DEBUG]  saved loss plot to output/experiments/logs/loss_02_02_2020_172756.png
