2020-02-02 17:08:14,670 - MAIN - [DEBUG]  starting program
2020-02-02 17:08:14,670 - MAIN.PREPR - [DEBUG]  loading texts
2020-02-02 17:08:14,679 - MAIN.PREPR - [DEBUG]  tokenizing texts
2020-02-02 17:08:22,413 - MAIN.PREPR - [DEBUG]  normalizing text
2020-02-02 17:08:28,674 - MAIN.PREPR - [DEBUG]  normalizing text done. returning 820571 words
2020-02-02 17:08:28,689 - MAIN.PREPR - [DEBUG]  building dataset
2020-02-02 17:08:28,972 - MAIN.PREPR - [DEBUG]  unique words: 12652
2020-02-02 17:08:28,972 - MAIN.PREPR - [DEBUG]  most common words: [['UNK', 2653], ('the', 65639), ('and', 52506), ('of', 35169), ('to', 14300), ('that', 13196), ('in', 13026), ('a', 12584), ('he', 10536), ('shall', 9861)]
2020-02-02 17:08:28,972 - MAIN.PREPR - [DEBUG]  building dataset done
2020-02-02 17:08:35,728 - MAIN.MODEL - [DEBUG]  created training model
2020-02-02 17:08:35,749 - MAIN.MODEL - [DEBUG]  compiled training model
2020-02-02 17:08:35,760 - MAIN.MODEL - [DEBUG]  created validation model
2020-02-02 17:08:35,760 - MAIN.TRAIN - [DEBUG]  starting training
2020-02-02 17:08:36,331 - MAIN.TRAIN - [DEBUG]  iteration: 0 	 avg loss: 0.6958677768707275
2020-02-02 17:08:36,331 - MAIN.TRAIN - [DEBUG]  saving model at iteration 0
2020-02-02 17:08:36,430 - MAIN.TRAIN - [DEBUG]  saved model 0_of_500000_model_02_02_2020_170814.h5 to output/experiments/models/chkpts
2020-02-02 17:10:36,649 - MAIN.TRAIN - [DEBUG]  iteration: 1000 	 avg loss: 0.6937554005980492
2020-02-02 17:10:48,881 - MAIN.TRAIN - [DEBUG]  iteration: 2000 	 avg loss: 0.6933185435533523
2020-02-02 17:11:02,156 - MAIN.TRAIN - [DEBUG]  iteration: 3000 	 avg loss: 0.6933774699568749
2020-02-02 17:11:15,027 - MAIN.TRAIN - [DEBUG]  iteration: 4000 	 avg loss: 0.6922866562604905
2020-02-02 17:11:28,077 - MAIN.TRAIN - [DEBUG]  iteration: 5000 	 avg loss: 0.6932831599712371
2020-02-02 17:11:40,291 - MAIN.TRAIN - [DEBUG]  iteration: 6000 	 avg loss: 0.6938093311786652
2020-02-02 17:11:52,051 - MAIN.TRAIN - [DEBUG]  iteration: 7000 	 avg loss: 0.6925645059347153
2020-02-02 17:12:03,723 - MAIN.TRAIN - [DEBUG]  iteration: 8000 	 avg loss: 0.6928449132442475
2020-02-02 17:12:14,914 - MAIN.TRAIN - [DEBUG]  iteration: 9000 	 avg loss: 0.6927463923692703
2020-02-02 17:12:26,158 - MAIN.TRAIN - [DEBUG]  iteration: 10000 	 avg loss: 0.6935398682951928
2020-02-02 17:12:26,158 - MAIN.TRAIN - [DEBUG]  saving model at iteration 10000
2020-02-02 17:12:26,209 - MAIN.TRAIN - [DEBUG]  saved model 10000_of_500000_model_02_02_2020_170814.h5 to output/experiments/models/chkpts
2020-02-02 17:14:19,527 - MAIN.TRAIN - [DEBUG]  iteration: 11000 	 avg loss: 0.6934877963662147
2020-02-02 17:14:30,255 - MAIN.TRAIN - [DEBUG]  iteration: 12000 	 avg loss: 0.6943095690011978
2020-02-02 17:14:40,710 - MAIN.TRAIN - [DEBUG]  iteration: 13000 	 avg loss: 0.6909099299907684
2020-02-02 17:14:51,295 - MAIN.TRAIN - [DEBUG]  iteration: 14000 	 avg loss: 0.6917775032520295
2020-02-02 17:15:01,769 - MAIN.TRAIN - [DEBUG]  iteration: 15000 	 avg loss: 0.6945365798473359
2020-02-02 17:15:12,167 - MAIN.TRAIN - [DEBUG]  iteration: 16000 	 avg loss: 0.6924233753085136
2020-02-02 17:15:22,991 - MAIN.TRAIN - [DEBUG]  iteration: 17000 	 avg loss: 0.6961660788059235
2020-02-02 17:15:33,901 - MAIN.TRAIN - [DEBUG]  iteration: 18000 	 avg loss: 0.6937294580340385
2020-02-02 17:15:44,278 - MAIN.TRAIN - [DEBUG]  iteration: 19000 	 avg loss: 0.6915300936698914
2020-02-02 17:15:54,844 - MAIN.TRAIN - [DEBUG]  iteration: 20000 	 avg loss: 0.6952914442121982
2020-02-02 17:15:54,844 - MAIN.TRAIN - [DEBUG]  saving model at iteration 20000
2020-02-02 17:15:54,893 - MAIN.TRAIN - [DEBUG]  saved model 20000_of_500000_model_02_02_2020_170814.h5 to output/experiments/models/chkpts
2020-02-02 17:17:47,954 - MAIN.TRAIN - [DEBUG]  iteration: 21000 	 avg loss: 0.6917079616785049
2020-02-02 17:17:57,973 - MAIN.TRAIN - [DEBUG]  iteration: 22000 	 avg loss: 0.6906452272832394
2020-02-02 17:18:08,194 - MAIN.TRAIN - [DEBUG]  iteration: 23000 	 avg loss: 0.6912122890651226
2020-02-02 17:18:18,617 - MAIN.TRAIN - [DEBUG]  iteration: 24000 	 avg loss: 0.6964484570026398
2020-02-02 17:18:28,838 - MAIN.TRAIN - [DEBUG]  iteration: 25000 	 avg loss: 0.6903998327255249
2020-02-02 17:18:39,262 - MAIN.TRAIN - [DEBUG]  iteration: 26000 	 avg loss: 0.6934960336089134
2020-02-02 17:18:49,771 - MAIN.TRAIN - [DEBUG]  iteration: 27000 	 avg loss: 0.687810320854187
2020-02-02 17:19:00,507 - MAIN.TRAIN - [DEBUG]  iteration: 28000 	 avg loss: 0.6849584530889988
2020-02-02 17:19:10,989 - MAIN.TRAIN - [DEBUG]  iteration: 29000 	 avg loss: 0.6873733959794045
2020-02-02 17:19:21,352 - MAIN.TRAIN - [DEBUG]  iteration: 30000 	 avg loss: 0.6908661780282855
2020-02-02 17:19:21,353 - MAIN.TRAIN - [DEBUG]  saving model at iteration 30000
2020-02-02 17:19:21,403 - MAIN.TRAIN - [DEBUG]  saved model 30000_of_500000_model_02_02_2020_170814.h5 to output/experiments/models/chkpts
2020-02-02 17:21:15,306 - MAIN.TRAIN - [DEBUG]  iteration: 31000 	 avg loss: 0.688722486808896
2020-02-02 17:21:25,716 - MAIN.TRAIN - [DEBUG]  iteration: 32000 	 avg loss: 0.6830511432290077
2020-02-02 17:21:35,905 - MAIN.TRAIN - [DEBUG]  iteration: 33000 	 avg loss: 0.6861322336345911
2020-02-02 17:21:46,292 - MAIN.TRAIN - [DEBUG]  iteration: 34000 	 avg loss: 0.6919124455302954
2020-02-02 17:21:56,566 - MAIN.TRAIN - [DEBUG]  iteration: 35000 	 avg loss: 0.7028619038015604
2020-02-02 17:22:07,101 - MAIN.TRAIN - [DEBUG]  iteration: 36000 	 avg loss: 0.6790733767747879
2020-02-02 17:22:18,014 - MAIN.TRAIN - [DEBUG]  iteration: 37000 	 avg loss: 0.6860158279873431
2020-02-02 17:22:28,345 - MAIN.TRAIN - [DEBUG]  iteration: 38000 	 avg loss: 0.6861627377644182
2020-02-02 17:22:38,766 - MAIN.TRAIN - [DEBUG]  iteration: 39000 	 avg loss: 0.7027166893482208
2020-02-02 17:22:49,295 - MAIN.TRAIN - [DEBUG]  iteration: 40000 	 avg loss: 0.6804116486907005
2020-02-02 17:22:49,295 - MAIN.TRAIN - [DEBUG]  saving model at iteration 40000
2020-02-02 17:22:49,344 - MAIN.TRAIN - [DEBUG]  saved model 40000_of_500000_model_02_02_2020_170814.h5 to output/experiments/models/chkpts
2020-02-02 17:24:41,253 - MAIN.TRAIN - [DEBUG]  iteration: 41000 	 avg loss: 0.6727056499607861
2020-02-02 17:24:51,676 - MAIN.TRAIN - [DEBUG]  iteration: 42000 	 avg loss: 0.7352248002300039
2020-02-02 17:25:02,452 - MAIN.TRAIN - [DEBUG]  iteration: 43000 	 avg loss: 0.6774432653314434
2020-02-02 17:25:13,118 - MAIN.TRAIN - [DEBUG]  iteration: 44000 	 avg loss: 0.7266770958602429
2020-02-02 17:25:23,573 - MAIN.TRAIN - [DEBUG]  iteration: 45000 	 avg loss: 0.6795733570661395
2020-02-02 17:25:33,875 - MAIN.TRAIN - [DEBUG]  iteration: 46000 	 avg loss: 0.6836421437808312
2020-02-02 17:25:44,292 - MAIN.TRAIN - [DEBUG]  iteration: 47000 	 avg loss: 0.7114421403319575
2020-02-02 17:25:55,082 - MAIN.TRAIN - [DEBUG]  iteration: 48000 	 avg loss: 0.7035470549322199
2020-02-02 17:26:05,472 - MAIN.TRAIN - [DEBUG]  iteration: 49000 	 avg loss: 0.7654832889745012
2020-02-02 17:26:15,853 - MAIN.TRAIN - [DEBUG]  iteration: 50000 	 avg loss: 0.6743222605951597
2020-02-02 17:26:15,853 - MAIN.TRAIN - [DEBUG]  saving model at iteration 50000
2020-02-02 17:26:15,902 - MAIN.TRAIN - [DEBUG]  saved model 50000_of_500000_model_02_02_2020_170814.h5 to output/experiments/models/chkpts
2020-02-02 17:28:07,853 - MAIN.TRAIN - [DEBUG]  iteration: 51000 	 avg loss: 0.6840897345329867
2020-02-02 17:28:18,133 - MAIN.TRAIN - [DEBUG]  iteration: 52000 	 avg loss: 0.6740078190984204
2020-02-02 17:28:28,457 - MAIN.TRAIN - [DEBUG]  iteration: 53000 	 avg loss: 0.7257455392493867
2020-02-02 17:28:38,656 - MAIN.TRAIN - [DEBUG]  iteration: 54000 	 avg loss: 0.711621441045776
2020-02-02 17:28:48,916 - MAIN.TRAIN - [DEBUG]  iteration: 55000 	 avg loss: 0.7525684717390686
2020-02-02 17:28:59,060 - MAIN.TRAIN - [DEBUG]  iteration: 56000 	 avg loss: 0.6702891570532229
2020-02-02 17:29:09,348 - MAIN.TRAIN - [DEBUG]  iteration: 57000 	 avg loss: 0.6689435262790067
2020-02-02 17:29:19,778 - MAIN.TRAIN - [DEBUG]  iteration: 58000 	 avg loss: 0.6954054846624931
2020-02-02 17:29:30,022 - MAIN.TRAIN - [DEBUG]  iteration: 59000 	 avg loss: 0.6821348905904487
2020-02-02 17:29:40,211 - MAIN.TRAIN - [DEBUG]  iteration: 60000 	 avg loss: 0.6799133665935151
2020-02-02 17:29:40,212 - MAIN.TRAIN - [DEBUG]  saving model at iteration 60000
2020-02-02 17:29:40,262 - MAIN.TRAIN - [DEBUG]  saved model 60000_of_500000_model_02_02_2020_170814.h5 to output/experiments/models/chkpts
2020-02-02 17:31:34,159 - MAIN.TRAIN - [DEBUG]  iteration: 61000 	 avg loss: 0.8034228643588542
2020-02-02 17:31:44,010 - MAIN.TRAIN - [DEBUG]  iteration: 62000 	 avg loss: 0.676456921650205
2020-02-02 17:31:53,836 - MAIN.TRAIN - [DEBUG]  iteration: 63000 	 avg loss: 0.6716803256138667
2020-02-02 17:32:03,906 - MAIN.TRAIN - [DEBUG]  iteration: 64000 	 avg loss: 0.7242099717156297
2020-02-02 17:32:14,483 - MAIN.TRAIN - [DEBUG]  iteration: 65000 	 avg loss: 0.7191100521348529
2020-02-02 17:32:24,669 - MAIN.TRAIN - [DEBUG]  iteration: 66000 	 avg loss: 0.6885337938328726
2020-02-02 17:32:35,173 - MAIN.TRAIN - [DEBUG]  iteration: 67000 	 avg loss: 0.6965580328117649
2020-02-02 17:32:45,103 - MAIN.TRAIN - [DEBUG]  iteration: 68000 	 avg loss: 0.7402321265791834
2020-02-02 17:32:55,077 - MAIN.TRAIN - [DEBUG]  iteration: 69000 	 avg loss: 0.6794806384825861
2020-02-02 17:33:05,377 - MAIN.TRAIN - [DEBUG]  iteration: 70000 	 avg loss: 0.7342730487639212
2020-02-02 17:33:05,377 - MAIN.TRAIN - [DEBUG]  saving model at iteration 70000
2020-02-02 17:33:05,428 - MAIN.TRAIN - [DEBUG]  saved model 70000_of_500000_model_02_02_2020_170814.h5 to output/experiments/models/chkpts
2020-02-02 17:35:04,064 - MAIN.TRAIN - [DEBUG]  iteration: 71000 	 avg loss: 0.7228174427873891
2020-02-02 17:35:15,312 - MAIN.TRAIN - [DEBUG]  iteration: 72000 	 avg loss: 0.6853873346557589
2020-02-02 17:35:25,991 - MAIN.TRAIN - [DEBUG]  iteration: 73000 	 avg loss: 0.6651328625875076
2020-02-02 17:35:36,997 - MAIN.TRAIN - [DEBUG]  iteration: 74000 	 avg loss: 0.6834811350581833
2020-02-02 17:35:47,323 - MAIN.TRAIN - [DEBUG]  iteration: 75000 	 avg loss: 0.7009578672554497
2020-02-02 17:35:57,573 - MAIN.TRAIN - [DEBUG]  iteration: 76000 	 avg loss: 0.6541052007893253
2020-02-02 17:36:07,988 - MAIN.TRAIN - [DEBUG]  iteration: 77000 	 avg loss: 0.7164730312485635
2020-02-02 17:36:18,841 - MAIN.TRAIN - [DEBUG]  iteration: 78000 	 avg loss: 1.0890071961828687
2020-02-02 17:36:29,228 - MAIN.TRAIN - [DEBUG]  iteration: 79000 	 avg loss: 0.7429215096800867
2020-02-02 17:36:39,499 - MAIN.TRAIN - [DEBUG]  iteration: 80000 	 avg loss: 0.8974317032991097
2020-02-02 17:36:39,499 - MAIN.TRAIN - [DEBUG]  saving model at iteration 80000
2020-02-02 17:36:39,549 - MAIN.TRAIN - [DEBUG]  saved model 80000_of_500000_model_02_02_2020_170814.h5 to output/experiments/models/chkpts
2020-02-02 17:38:39,167 - MAIN.TRAIN - [DEBUG]  iteration: 81000 	 avg loss: 0.7598467215364443
2020-02-02 17:38:50,282 - MAIN.TRAIN - [DEBUG]  iteration: 82000 	 avg loss: 0.7050581543618418
2020-02-02 17:39:01,402 - MAIN.TRAIN - [DEBUG]  iteration: 83000 	 avg loss: 0.7501772737706791
2020-02-02 17:39:11,732 - MAIN.TRAIN - [DEBUG]  iteration: 84000 	 avg loss: 0.6965849215699785
2020-02-02 17:39:21,777 - MAIN.TRAIN - [DEBUG]  iteration: 85000 	 avg loss: 0.7990613550894202
2020-02-02 17:39:32,039 - MAIN.TRAIN - [DEBUG]  iteration: 86000 	 avg loss: 0.8867350872952297
2020-02-02 17:39:42,116 - MAIN.TRAIN - [DEBUG]  iteration: 87000 	 avg loss: 0.9309515419617549
2020-02-02 17:39:52,452 - MAIN.TRAIN - [DEBUG]  iteration: 88000 	 avg loss: 0.9033977909875751
2020-02-02 17:40:02,851 - MAIN.TRAIN - [DEBUG]  iteration: 89000 	 avg loss: 0.7538287992615558
2020-02-02 17:40:13,180 - MAIN.TRAIN - [DEBUG]  iteration: 90000 	 avg loss: 0.7269431701316227
2020-02-02 17:40:13,180 - MAIN.TRAIN - [DEBUG]  saving model at iteration 90000
2020-02-02 17:40:13,230 - MAIN.TRAIN - [DEBUG]  saved model 90000_of_500000_model_02_02_2020_170814.h5 to output/experiments/models/chkpts
2020-02-02 17:42:15,703 - MAIN.TRAIN - [DEBUG]  iteration: 91000 	 avg loss: 0.6681905008488195
2020-02-02 17:42:26,824 - MAIN.TRAIN - [DEBUG]  iteration: 92000 	 avg loss: 0.7155869877812628
2020-02-02 17:42:37,757 - MAIN.TRAIN - [DEBUG]  iteration: 93000 	 avg loss: 0.6322539577464649
2020-02-02 17:42:48,233 - MAIN.TRAIN - [DEBUG]  iteration: 94000 	 avg loss: 1.0356092022442203
2020-02-02 17:42:58,534 - MAIN.TRAIN - [DEBUG]  iteration: 95000 	 avg loss: 0.8728098934258373
2020-02-02 17:43:08,767 - MAIN.TRAIN - [DEBUG]  iteration: 96000 	 avg loss: 0.85638642230126
2020-02-02 17:43:18,962 - MAIN.TRAIN - [DEBUG]  iteration: 97000 	 avg loss: 0.7803485076729304
2020-02-02 17:43:29,068 - MAIN.TRAIN - [DEBUG]  iteration: 98000 	 avg loss: 0.8663916224281437
2020-02-02 17:43:38,917 - MAIN.TRAIN - [DEBUG]  iteration: 99000 	 avg loss: 0.7415928495983061
2020-02-02 17:43:49,038 - MAIN.TRAIN - [DEBUG]  iteration: 100000 	 avg loss: 0.7872800375019597
2020-02-02 17:43:49,038 - MAIN.TRAIN - [DEBUG]  saving model at iteration 100000
2020-02-02 17:43:49,087 - MAIN.TRAIN - [DEBUG]  saved model 100000_of_500000_model_02_02_2020_170814.h5 to output/experiments/models/chkpts
2020-02-02 17:45:47,928 - MAIN.TRAIN - [DEBUG]  iteration: 101000 	 avg loss: 0.7197250086961551
2020-02-02 17:45:58,955 - MAIN.TRAIN - [DEBUG]  iteration: 102000 	 avg loss: 1.1871151480775957
2020-02-02 17:46:09,890 - MAIN.TRAIN - [DEBUG]  iteration: 103000 	 avg loss: 0.9938302739449348
2020-02-02 17:46:19,979 - MAIN.TRAIN - [DEBUG]  iteration: 104000 	 avg loss: 0.927164793388207
2020-02-02 17:46:30,197 - MAIN.TRAIN - [DEBUG]  iteration: 105000 	 avg loss: 0.6861239562548261
2020-02-02 17:46:40,598 - MAIN.TRAIN - [DEBUG]  iteration: 106000 	 avg loss: 1.4806963958844481
2020-02-02 17:46:50,444 - MAIN.TRAIN - [DEBUG]  iteration: 107000 	 avg loss: 0.9156371095569851
2020-02-02 17:47:00,276 - MAIN.TRAIN - [DEBUG]  iteration: 108000 	 avg loss: 0.6904140677250631
2020-02-02 17:47:10,601 - MAIN.TRAIN - [DEBUG]  iteration: 109000 	 avg loss: 1.1231236057195777
2020-02-02 17:47:20,706 - MAIN.TRAIN - [DEBUG]  iteration: 110000 	 avg loss: 1.0683027786365702
2020-02-02 17:47:20,706 - MAIN.TRAIN - [DEBUG]  saving model at iteration 110000
2020-02-02 17:47:20,756 - MAIN.TRAIN - [DEBUG]  saved model 110000_of_500000_model_02_02_2020_170814.h5 to output/experiments/models/chkpts
2020-02-02 17:49:19,879 - MAIN.TRAIN - [DEBUG]  iteration: 111000 	 avg loss: 0.9062768190111632
2020-02-02 17:49:30,486 - MAIN.TRAIN - [DEBUG]  iteration: 112000 	 avg loss: 0.7857761303837832
2020-02-02 17:49:40,668 - MAIN.TRAIN - [DEBUG]  iteration: 113000 	 avg loss: 0.832774259838176
2020-02-02 17:49:50,654 - MAIN.TRAIN - [DEBUG]  iteration: 114000 	 avg loss: 0.7956112286826663
2020-02-02 17:50:00,573 - MAIN.TRAIN - [DEBUG]  iteration: 115000 	 avg loss: 0.9602930512274791
2020-02-02 17:50:10,570 - MAIN.TRAIN - [DEBUG]  iteration: 116000 	 avg loss: 1.1499621219799092
2020-02-02 17:50:20,688 - MAIN.TRAIN - [DEBUG]  iteration: 117000 	 avg loss: 0.7806439808538154
2020-02-02 17:50:30,955 - MAIN.TRAIN - [DEBUG]  iteration: 118000 	 avg loss: 1.1309292853625088
2020-02-02 17:50:40,817 - MAIN.TRAIN - [DEBUG]  iteration: 119000 	 avg loss: 0.9394212326129261
2020-02-02 17:50:50,749 - MAIN.TRAIN - [DEBUG]  iteration: 120000 	 avg loss: 0.931103367691865
2020-02-02 17:50:50,749 - MAIN.TRAIN - [DEBUG]  saving model at iteration 120000
2020-02-02 17:50:50,798 - MAIN.TRAIN - [DEBUG]  saved model 120000_of_500000_model_02_02_2020_170814.h5 to output/experiments/models/chkpts
2020-02-02 17:52:51,905 - MAIN.TRAIN - [DEBUG]  iteration: 121000 	 avg loss: 1.036863289178111
2020-02-02 17:53:02,924 - MAIN.TRAIN - [DEBUG]  iteration: 122000 	 avg loss: 0.6256371636900204
2020-02-02 17:53:13,366 - MAIN.TRAIN - [DEBUG]  iteration: 123000 	 avg loss: 0.811003967618028
2020-02-02 17:53:23,458 - MAIN.TRAIN - [DEBUG]  iteration: 124000 	 avg loss: 1.014002612357629
2020-02-02 17:53:33,112 - MAIN.TRAIN - [DEBUG]  iteration: 125000 	 avg loss: 0.8169182120556947
2020-02-02 17:53:42,861 - MAIN.TRAIN - [DEBUG]  iteration: 126000 	 avg loss: 0.7895615669880917
2020-02-02 17:53:52,792 - MAIN.TRAIN - [DEBUG]  iteration: 127000 	 avg loss: 0.9655218856963933
2020-02-02 17:54:02,571 - MAIN.TRAIN - [DEBUG]  iteration: 128000 	 avg loss: 1.1050835257684395
2020-02-02 17:54:12,534 - MAIN.TRAIN - [DEBUG]  iteration: 129000 	 avg loss: 0.9175031996668567
2020-02-02 17:54:22,488 - MAIN.TRAIN - [DEBUG]  iteration: 130000 	 avg loss: 0.9108005883246998
2020-02-02 17:54:22,488 - MAIN.TRAIN - [DEBUG]  saving model at iteration 130000
2020-02-02 17:54:22,536 - MAIN.TRAIN - [DEBUG]  saved model 130000_of_500000_model_02_02_2020_170814.h5 to output/experiments/models/chkpts
2020-02-02 17:56:21,055 - MAIN.TRAIN - [DEBUG]  iteration: 131000 	 avg loss: 0.9249585308834423
2020-02-02 17:56:31,621 - MAIN.TRAIN - [DEBUG]  iteration: 132000 	 avg loss: 0.90102235239837
2020-02-02 17:56:41,803 - MAIN.TRAIN - [DEBUG]  iteration: 133000 	 avg loss: 1.5661056444179142
2020-02-02 17:56:51,622 - MAIN.TRAIN - [DEBUG]  iteration: 134000 	 avg loss: 0.8935310283372925
2020-02-02 17:57:02,277 - MAIN.TRAIN - [DEBUG]  iteration: 135000 	 avg loss: 0.9762596378873133
2020-02-02 17:57:12,281 - MAIN.TRAIN - [DEBUG]  iteration: 136000 	 avg loss: 0.9513839420628758
2020-02-02 17:57:22,262 - MAIN.TRAIN - [DEBUG]  iteration: 137000 	 avg loss: 1.2168733055880643
2020-02-02 17:57:31,867 - MAIN.TRAIN - [DEBUG]  iteration: 138000 	 avg loss: 1.0435516228154824
2020-02-02 17:57:41,612 - MAIN.TRAIN - [DEBUG]  iteration: 139000 	 avg loss: 0.7817049965791902
2020-02-02 17:57:51,409 - MAIN.TRAIN - [DEBUG]  iteration: 140000 	 avg loss: 0.9136188114166951
2020-02-02 17:57:51,410 - MAIN.TRAIN - [DEBUG]  saving model at iteration 140000
2020-02-02 17:57:51,456 - MAIN.TRAIN - [DEBUG]  saved model 140000_of_500000_model_02_02_2020_170814.h5 to output/experiments/models/chkpts
2020-02-02 17:59:50,220 - MAIN.TRAIN - [DEBUG]  iteration: 141000 	 avg loss: 1.0261999776620647
2020-02-02 18:00:00,836 - MAIN.TRAIN - [DEBUG]  iteration: 142000 	 avg loss: 0.755014606552943
2020-02-02 18:00:11,136 - MAIN.TRAIN - [DEBUG]  iteration: 143000 	 avg loss: 1.2244116078891671
2020-02-02 18:00:20,954 - MAIN.TRAIN - [DEBUG]  iteration: 144000 	 avg loss: 0.7381195155544829
2020-02-02 18:00:30,841 - MAIN.TRAIN - [DEBUG]  iteration: 145000 	 avg loss: 1.2354647833182237
2020-02-02 18:00:40,653 - MAIN.TRAIN - [DEBUG]  iteration: 146000 	 avg loss: 1.103407646112913
2020-02-02 18:00:50,765 - MAIN.TRAIN - [DEBUG]  iteration: 147000 	 avg loss: 0.8164981170699913
2020-02-02 18:01:00,662 - MAIN.TRAIN - [DEBUG]  iteration: 148000 	 avg loss: 1.215276242298511
2020-02-02 18:01:10,581 - MAIN.TRAIN - [DEBUG]  iteration: 149000 	 avg loss: 0.8978985481153452
2020-02-02 18:01:20,422 - MAIN.TRAIN - [DEBUG]  iteration: 150000 	 avg loss: 1.0760075373208107
2020-02-02 18:01:20,422 - MAIN.TRAIN - [DEBUG]  saving model at iteration 150000
2020-02-02 18:01:20,471 - MAIN.TRAIN - [DEBUG]  saved model 150000_of_500000_model_02_02_2020_170814.h5 to output/experiments/models/chkpts
2020-02-02 18:03:23,482 - MAIN.TRAIN - [DEBUG]  iteration: 151000 	 avg loss: 0.8276098739895811
2020-02-02 18:03:34,312 - MAIN.TRAIN - [DEBUG]  iteration: 152000 	 avg loss: 1.052637786739634
2020-02-02 18:03:44,072 - MAIN.TRAIN - [DEBUG]  iteration: 153000 	 avg loss: 0.8020973812366476
2020-02-02 18:03:53,673 - MAIN.TRAIN - [DEBUG]  iteration: 154000 	 avg loss: 1.5783917616153704
2020-02-02 18:04:03,394 - MAIN.TRAIN - [DEBUG]  iteration: 155000 	 avg loss: 1.1105213693249412
2020-02-02 18:04:13,132 - MAIN.TRAIN - [DEBUG]  iteration: 156000 	 avg loss: 1.357213923111592
2020-02-02 18:04:23,032 - MAIN.TRAIN - [DEBUG]  iteration: 157000 	 avg loss: 1.05454266623285
2020-02-02 18:04:32,927 - MAIN.TRAIN - [DEBUG]  iteration: 158000 	 avg loss: 0.9872355194763793
2020-02-02 18:04:42,824 - MAIN.TRAIN - [DEBUG]  iteration: 159000 	 avg loss: 1.1071982857500875
2020-02-02 18:04:52,747 - MAIN.TRAIN - [DEBUG]  iteration: 160000 	 avg loss: 1.0248960869539328
2020-02-02 18:04:52,748 - MAIN.TRAIN - [DEBUG]  saving model at iteration 160000
2020-02-02 18:04:52,796 - MAIN.TRAIN - [DEBUG]  saved model 160000_of_500000_model_02_02_2020_170814.h5 to output/experiments/models/chkpts
2020-02-02 18:06:51,589 - MAIN.TRAIN - [DEBUG]  iteration: 161000 	 avg loss: 1.1230291735443165
2020-02-02 18:07:02,374 - MAIN.TRAIN - [DEBUG]  iteration: 162000 	 avg loss: 0.8237216837733722
2020-02-02 18:07:12,267 - MAIN.TRAIN - [DEBUG]  iteration: 163000 	 avg loss: 0.8914701818175371
2020-02-02 18:07:22,807 - MAIN.TRAIN - [DEBUG]  iteration: 164000 	 avg loss: 0.9443937321943686
2020-02-02 18:07:32,970 - MAIN.TRAIN - [DEBUG]  iteration: 165000 	 avg loss: 0.768056362639372
2020-02-02 18:07:42,819 - MAIN.TRAIN - [DEBUG]  iteration: 166000 	 avg loss: 1.1990665493238604
2020-02-02 18:07:52,627 - MAIN.TRAIN - [DEBUG]  iteration: 167000 	 avg loss: 0.9319377596628899
2020-02-02 18:08:02,265 - MAIN.TRAIN - [DEBUG]  iteration: 168000 	 avg loss: 1.3135100452589878
2020-02-02 18:08:12,096 - MAIN.TRAIN - [DEBUG]  iteration: 169000 	 avg loss: 0.9615317295912612
2020-02-02 18:08:22,176 - MAIN.TRAIN - [DEBUG]  iteration: 170000 	 avg loss: 0.9463499273056164
2020-02-02 18:08:22,176 - MAIN.TRAIN - [DEBUG]  saving model at iteration 170000
2020-02-02 18:08:22,225 - MAIN.TRAIN - [DEBUG]  saved model 170000_of_500000_model_02_02_2020_170814.h5 to output/experiments/models/chkpts
2020-02-02 18:10:20,426 - MAIN.TRAIN - [DEBUG]  iteration: 171000 	 avg loss: 0.8474288364380587
2020-02-02 18:10:31,227 - MAIN.TRAIN - [DEBUG]  iteration: 172000 	 avg loss: 1.017488951905449
2020-02-02 18:10:41,393 - MAIN.TRAIN - [DEBUG]  iteration: 173000 	 avg loss: 1.0582459718317385
2020-02-02 18:10:51,144 - MAIN.TRAIN - [DEBUG]  iteration: 174000 	 avg loss: 1.5791037743643987
2020-02-02 18:11:01,032 - MAIN.TRAIN - [DEBUG]  iteration: 175000 	 avg loss: 1.1225094877918484
2020-02-02 18:11:11,000 - MAIN.TRAIN - [DEBUG]  iteration: 176000 	 avg loss: 0.9283291099910859
2020-02-02 18:11:20,940 - MAIN.TRAIN - [DEBUG]  iteration: 177000 	 avg loss: 1.045603860413049
2020-02-02 18:11:30,572 - MAIN.TRAIN - [DEBUG]  iteration: 178000 	 avg loss: 1.278907432075578
2020-02-02 18:11:40,077 - MAIN.TRAIN - [DEBUG]  iteration: 179000 	 avg loss: 1.383198029218731
2020-02-02 18:11:49,914 - MAIN.TRAIN - [DEBUG]  iteration: 180000 	 avg loss: 0.8028050809601031
2020-02-02 18:11:49,914 - MAIN.TRAIN - [DEBUG]  saving model at iteration 180000
2020-02-02 18:11:49,961 - MAIN.TRAIN - [DEBUG]  saved model 180000_of_500000_model_02_02_2020_170814.h5 to output/experiments/models/chkpts
2020-02-02 18:13:49,604 - MAIN.TRAIN - [DEBUG]  iteration: 181000 	 avg loss: 1.6014765688499484
2020-02-02 18:14:00,243 - MAIN.TRAIN - [DEBUG]  iteration: 182000 	 avg loss: 1.4028301471642723
2020-02-02 18:14:10,615 - MAIN.TRAIN - [DEBUG]  iteration: 183000 	 avg loss: 0.9738281461779709
2020-02-02 18:14:20,479 - MAIN.TRAIN - [DEBUG]  iteration: 184000 	 avg loss: 1.1296485217684966
2020-02-02 18:14:30,229 - MAIN.TRAIN - [DEBUG]  iteration: 185000 	 avg loss: 1.2430612374037038
2020-02-02 18:14:39,933 - MAIN.TRAIN - [DEBUG]  iteration: 186000 	 avg loss: 1.3014456562280656
2020-02-02 18:14:49,665 - MAIN.TRAIN - [DEBUG]  iteration: 187000 	 avg loss: 1.9264154409033636
2020-02-02 18:14:59,569 - MAIN.TRAIN - [DEBUG]  iteration: 188000 	 avg loss: 1.0351596036466395
2020-02-02 18:15:09,688 - MAIN.TRAIN - [DEBUG]  iteration: 189000 	 avg loss: 1.2996150157655686
2020-02-02 18:15:19,681 - MAIN.TRAIN - [DEBUG]  iteration: 190000 	 avg loss: 1.2459204730315134
2020-02-02 18:15:19,682 - MAIN.TRAIN - [DEBUG]  saving model at iteration 190000
2020-02-02 18:15:19,741 - MAIN.TRAIN - [DEBUG]  saved model 190000_of_500000_model_02_02_2020_170814.h5 to output/experiments/models/chkpts
2020-02-02 18:17:17,974 - MAIN.TRAIN - [DEBUG]  iteration: 191000 	 avg loss: 0.9207131043648344
2020-02-02 18:17:28,611 - MAIN.TRAIN - [DEBUG]  iteration: 192000 	 avg loss: 1.1566938704844079
2020-02-02 18:17:39,144 - MAIN.TRAIN - [DEBUG]  iteration: 193000 	 avg loss: 1.0499724928277414
2020-02-02 18:17:49,487 - MAIN.TRAIN - [DEBUG]  iteration: 194000 	 avg loss: 1.2177414375631779
2020-02-02 18:17:59,271 - MAIN.TRAIN - [DEBUG]  iteration: 195000 	 avg loss: 1.2327405099790838
2020-02-02 18:18:09,260 - MAIN.TRAIN - [DEBUG]  iteration: 196000 	 avg loss: 1.2338113491783385
2020-02-02 18:18:19,160 - MAIN.TRAIN - [DEBUG]  iteration: 197000 	 avg loss: 1.069050256922841
2020-02-02 18:18:29,305 - MAIN.TRAIN - [DEBUG]  iteration: 198000 	 avg loss: 0.9586234210488608
2020-02-02 18:18:39,078 - MAIN.TRAIN - [DEBUG]  iteration: 199000 	 avg loss: 1.123394647747535
2020-02-02 18:18:49,051 - MAIN.TRAIN - [DEBUG]  iteration: 200000 	 avg loss: 1.2340155254962586
2020-02-02 18:18:49,052 - MAIN.TRAIN - [DEBUG]  saving model at iteration 200000
2020-02-02 18:18:49,101 - MAIN.TRAIN - [DEBUG]  saved model 200000_of_500000_model_02_02_2020_170814.h5 to output/experiments/models/chkpts
2020-02-02 18:20:47,540 - MAIN.TRAIN - [DEBUG]  iteration: 201000 	 avg loss: 1.0782489826547348
2020-02-02 18:20:58,201 - MAIN.TRAIN - [DEBUG]  iteration: 202000 	 avg loss: 0.9705921169285856
2020-02-02 18:21:08,742 - MAIN.TRAIN - [DEBUG]  iteration: 203000 	 avg loss: 1.1807678153459258
2020-02-02 18:21:18,570 - MAIN.TRAIN - [DEBUG]  iteration: 204000 	 avg loss: 1.337823953973573
2020-02-02 18:21:28,479 - MAIN.TRAIN - [DEBUG]  iteration: 205000 	 avg loss: 1.1237988319274803
2020-02-02 18:21:38,342 - MAIN.TRAIN - [DEBUG]  iteration: 206000 	 avg loss: 1.210605176744138
2020-02-02 18:21:48,218 - MAIN.TRAIN - [DEBUG]  iteration: 207000 	 avg loss: 1.0754466563127147
2020-02-02 18:21:57,986 - MAIN.TRAIN - [DEBUG]  iteration: 208000 	 avg loss: 1.1344887605040406
2020-02-02 18:22:07,842 - MAIN.TRAIN - [DEBUG]  iteration: 209000 	 avg loss: 1.0950311096217407
2020-02-02 18:22:17,679 - MAIN.TRAIN - [DEBUG]  iteration: 210000 	 avg loss: 1.1845486857550989
2020-02-02 18:22:17,680 - MAIN.TRAIN - [DEBUG]  saving model at iteration 210000
2020-02-02 18:22:17,727 - MAIN.TRAIN - [DEBUG]  saved model 210000_of_500000_model_02_02_2020_170814.h5 to output/experiments/models/chkpts
2020-02-02 18:24:17,676 - MAIN.TRAIN - [DEBUG]  iteration: 211000 	 avg loss: 1.0364589742131858
2020-02-02 18:24:28,452 - MAIN.TRAIN - [DEBUG]  iteration: 212000 	 avg loss: 1.0295506103308074
2020-02-02 18:24:38,991 - MAIN.TRAIN - [DEBUG]  iteration: 213000 	 avg loss: 1.1398522956588417
2020-02-02 18:24:48,689 - MAIN.TRAIN - [DEBUG]  iteration: 214000 	 avg loss: 1.2689938683701425
2020-02-02 18:24:58,250 - MAIN.TRAIN - [DEBUG]  iteration: 215000 	 avg loss: 1.0900350162408592
2020-02-02 18:25:07,894 - MAIN.TRAIN - [DEBUG]  iteration: 216000 	 avg loss: 1.8256563800837928
2020-02-02 18:25:17,612 - MAIN.TRAIN - [DEBUG]  iteration: 217000 	 avg loss: 1.0065869051212155
2020-02-02 18:25:27,226 - MAIN.TRAIN - [DEBUG]  iteration: 218000 	 avg loss: 1.2965886757310563
2020-02-02 18:25:36,932 - MAIN.TRAIN - [DEBUG]  iteration: 219000 	 avg loss: 1.3976831435498869
2020-02-02 18:25:46,589 - MAIN.TRAIN - [DEBUG]  iteration: 220000 	 avg loss: 0.8811925695682646
2020-02-02 18:25:46,589 - MAIN.TRAIN - [DEBUG]  saving model at iteration 220000
2020-02-02 18:25:46,637 - MAIN.TRAIN - [DEBUG]  saved model 220000_of_500000_model_02_02_2020_170814.h5 to output/experiments/models/chkpts
2020-02-02 18:27:44,926 - MAIN.TRAIN - [DEBUG]  iteration: 221000 	 avg loss: 1.1273198683671557
2020-02-02 18:27:55,627 - MAIN.TRAIN - [DEBUG]  iteration: 222000 	 avg loss: 1.221028126065242
2020-02-02 18:28:06,922 - MAIN.TRAIN - [DEBUG]  iteration: 223000 	 avg loss: 1.1073877819118063
2020-02-02 18:28:17,051 - MAIN.TRAIN - [DEBUG]  iteration: 224000 	 avg loss: 1.2558012470823863
2020-02-02 18:28:26,825 - MAIN.TRAIN - [DEBUG]  iteration: 225000 	 avg loss: 1.2662199709827675
2020-02-02 18:28:36,416 - MAIN.TRAIN - [DEBUG]  iteration: 226000 	 avg loss: 1.1536113390918332
2020-02-02 18:28:46,764 - MAIN.TRAIN - [DEBUG]  iteration: 227000 	 avg loss: 1.025383941914693
2020-02-02 18:28:56,686 - MAIN.TRAIN - [DEBUG]  iteration: 228000 	 avg loss: 1.5570435425743891
2020-02-02 18:29:06,421 - MAIN.TRAIN - [DEBUG]  iteration: 229000 	 avg loss: 1.1151830377893952
2020-02-02 18:29:16,414 - MAIN.TRAIN - [DEBUG]  iteration: 230000 	 avg loss: 0.8951710293900197
2020-02-02 18:29:16,414 - MAIN.TRAIN - [DEBUG]  saving model at iteration 230000
2020-02-02 18:29:16,464 - MAIN.TRAIN - [DEBUG]  saved model 230000_of_500000_model_02_02_2020_170814.h5 to output/experiments/models/chkpts
2020-02-02 18:31:13,826 - MAIN.TRAIN - [DEBUG]  iteration: 231000 	 avg loss: 1.1486702585159085
2020-02-02 18:31:24,650 - MAIN.TRAIN - [DEBUG]  iteration: 232000 	 avg loss: 0.8584246791754155
2020-02-02 18:31:35,447 - MAIN.TRAIN - [DEBUG]  iteration: 233000 	 avg loss: 0.9984894187631714
2020-02-02 18:31:45,363 - MAIN.TRAIN - [DEBUG]  iteration: 234000 	 avg loss: 1.1080236283272935
2020-02-02 18:31:55,135 - MAIN.TRAIN - [DEBUG]  iteration: 235000 	 avg loss: 1.1973859403372111
2020-02-02 18:32:04,831 - MAIN.TRAIN - [DEBUG]  iteration: 236000 	 avg loss: 1.1084393695843882
2020-02-02 18:32:14,791 - MAIN.TRAIN - [DEBUG]  iteration: 237000 	 avg loss: 1.3331189230536746
2020-02-02 18:32:24,676 - MAIN.TRAIN - [DEBUG]  iteration: 238000 	 avg loss: 1.0607728459334012
2020-02-02 18:32:34,399 - MAIN.TRAIN - [DEBUG]  iteration: 239000 	 avg loss: 1.2161527666810739
2020-02-02 18:32:44,167 - MAIN.TRAIN - [DEBUG]  iteration: 240000 	 avg loss: 1.0782471226422403
2020-02-02 18:32:44,167 - MAIN.TRAIN - [DEBUG]  saving model at iteration 240000
2020-02-02 18:32:44,214 - MAIN.TRAIN - [DEBUG]  saved model 240000_of_500000_model_02_02_2020_170814.h5 to output/experiments/models/chkpts
2020-02-02 18:34:44,615 - MAIN.TRAIN - [DEBUG]  iteration: 241000 	 avg loss: 0.9247400570363569
2020-02-02 18:34:55,249 - MAIN.TRAIN - [DEBUG]  iteration: 242000 	 avg loss: 1.0111081041269747
2020-02-02 18:35:06,076 - MAIN.TRAIN - [DEBUG]  iteration: 243000 	 avg loss: 1.047740917073988
2020-02-02 18:35:16,348 - MAIN.TRAIN - [DEBUG]  iteration: 244000 	 avg loss: 1.5397110023483893
2020-02-02 18:35:26,458 - MAIN.TRAIN - [DEBUG]  iteration: 245000 	 avg loss: 1.1251451104543815
2020-02-02 18:35:36,277 - MAIN.TRAIN - [DEBUG]  iteration: 246000 	 avg loss: 1.0793337540792864
2020-02-02 18:35:46,000 - MAIN.TRAIN - [DEBUG]  iteration: 247000 	 avg loss: 1.1853963820949753
2020-02-02 18:35:55,714 - MAIN.TRAIN - [DEBUG]  iteration: 248000 	 avg loss: 1.1338195582887256
2020-02-02 18:36:05,465 - MAIN.TRAIN - [DEBUG]  iteration: 249000 	 avg loss: 1.2970125580753484
2020-02-02 18:36:15,335 - MAIN.TRAIN - [DEBUG]  iteration: 250000 	 avg loss: 0.9037609671753789
2020-02-02 18:36:15,335 - MAIN.TRAIN - [DEBUG]  saving model at iteration 250000
2020-02-02 18:36:15,386 - MAIN.TRAIN - [DEBUG]  saved model 250000_of_500000_model_02_02_2020_170814.h5 to output/experiments/models/chkpts
2020-02-02 18:38:12,976 - MAIN.TRAIN - [DEBUG]  iteration: 251000 	 avg loss: 1.0812520694221732
2020-02-02 18:38:23,769 - MAIN.TRAIN - [DEBUG]  iteration: 252000 	 avg loss: 0.9461064267298691
2020-02-02 18:38:34,950 - MAIN.TRAIN - [DEBUG]  iteration: 253000 	 avg loss: 1.047782197141401
2020-02-02 18:38:45,143 - MAIN.TRAIN - [DEBUG]  iteration: 254000 	 avg loss: 0.870510603537486
2020-02-02 18:38:55,588 - MAIN.TRAIN - [DEBUG]  iteration: 255000 	 avg loss: 1.162628185038799
2020-02-02 18:39:05,443 - MAIN.TRAIN - [DEBUG]  iteration: 256000 	 avg loss: 1.1601862918963872
2020-02-02 18:39:15,228 - MAIN.TRAIN - [DEBUG]  iteration: 257000 	 avg loss: 1.1796651385195165
2020-02-02 18:39:25,052 - MAIN.TRAIN - [DEBUG]  iteration: 258000 	 avg loss: 1.2863453658943274
2020-02-02 18:39:34,814 - MAIN.TRAIN - [DEBUG]  iteration: 259000 	 avg loss: 1.1160817378702592
2020-02-02 18:39:44,611 - MAIN.TRAIN - [DEBUG]  iteration: 260000 	 avg loss: 1.2204591054848195
2020-02-02 18:39:44,611 - MAIN.TRAIN - [DEBUG]  saving model at iteration 260000
2020-02-02 18:39:44,660 - MAIN.TRAIN - [DEBUG]  saved model 260000_of_500000_model_02_02_2020_170814.h5 to output/experiments/models/chkpts
2020-02-02 18:41:43,527 - MAIN.TRAIN - [DEBUG]  iteration: 261000 	 avg loss: 1.0170753233550918
2020-02-02 18:41:54,105 - MAIN.TRAIN - [DEBUG]  iteration: 262000 	 avg loss: 1.1402251869388271
2020-02-02 18:42:04,747 - MAIN.TRAIN - [DEBUG]  iteration: 263000 	 avg loss: 0.9804944092769763
2020-02-02 18:42:14,867 - MAIN.TRAIN - [DEBUG]  iteration: 264000 	 avg loss: 1.0478037102619018
2020-02-02 18:42:24,541 - MAIN.TRAIN - [DEBUG]  iteration: 265000 	 avg loss: 1.0065089394333966
2020-02-02 18:42:34,195 - MAIN.TRAIN - [DEBUG]  iteration: 266000 	 avg loss: 1.1005174656065375
2020-02-02 18:42:44,245 - MAIN.TRAIN - [DEBUG]  iteration: 267000 	 avg loss: 1.1171919752523258
2020-02-02 18:42:54,007 - MAIN.TRAIN - [DEBUG]  iteration: 268000 	 avg loss: 0.9720199455940426
2020-02-02 18:43:03,855 - MAIN.TRAIN - [DEBUG]  iteration: 269000 	 avg loss: 1.3234865351854468
2020-02-02 18:43:13,925 - MAIN.TRAIN - [DEBUG]  iteration: 270000 	 avg loss: 1.1420678053793394
2020-02-02 18:43:13,925 - MAIN.TRAIN - [DEBUG]  saving model at iteration 270000
2020-02-02 18:43:13,973 - MAIN.TRAIN - [DEBUG]  saved model 270000_of_500000_model_02_02_2020_170814.h5 to output/experiments/models/chkpts
2020-02-02 18:45:14,484 - MAIN.TRAIN - [DEBUG]  iteration: 271000 	 avg loss: 1.1113252128056383
2020-02-02 18:45:25,441 - MAIN.TRAIN - [DEBUG]  iteration: 272000 	 avg loss: 1.2975329036742063
2020-02-02 18:45:36,069 - MAIN.TRAIN - [DEBUG]  iteration: 273000 	 avg loss: 1.0188209631905605
2020-02-02 18:45:46,305 - MAIN.TRAIN - [DEBUG]  iteration: 274000 	 avg loss: 1.0284281887265274
2020-02-02 18:45:56,151 - MAIN.TRAIN - [DEBUG]  iteration: 275000 	 avg loss: 1.549308045761603
2020-02-02 18:46:06,054 - MAIN.TRAIN - [DEBUG]  iteration: 276000 	 avg loss: 1.2940011549633468
2020-02-02 18:46:15,968 - MAIN.TRAIN - [DEBUG]  iteration: 277000 	 avg loss: 1.235649382989236
2020-02-02 18:46:25,808 - MAIN.TRAIN - [DEBUG]  iteration: 278000 	 avg loss: 1.0338670234536966
2020-02-02 18:46:35,601 - MAIN.TRAIN - [DEBUG]  iteration: 279000 	 avg loss: 1.441691879396795
2020-02-02 18:46:45,598 - MAIN.TRAIN - [DEBUG]  iteration: 280000 	 avg loss: 0.9777890438916184
2020-02-02 18:46:45,598 - MAIN.TRAIN - [DEBUG]  saving model at iteration 280000
2020-02-02 18:46:45,648 - MAIN.TRAIN - [DEBUG]  saved model 280000_of_500000_model_02_02_2020_170814.h5 to output/experiments/models/chkpts
2020-02-02 18:48:43,488 - MAIN.TRAIN - [DEBUG]  iteration: 281000 	 avg loss: 0.9148510755669781
2020-02-02 18:48:54,551 - MAIN.TRAIN - [DEBUG]  iteration: 282000 	 avg loss: 0.8381200863128188
2020-02-02 18:49:05,570 - MAIN.TRAIN - [DEBUG]  iteration: 283000 	 avg loss: 0.9302719473117147
2020-02-02 18:49:16,124 - MAIN.TRAIN - [DEBUG]  iteration: 284000 	 avg loss: 1.1987235535376877
2020-02-02 18:49:26,073 - MAIN.TRAIN - [DEBUG]  iteration: 285000 	 avg loss: 1.1265974930168765
2020-02-02 18:49:35,795 - MAIN.TRAIN - [DEBUG]  iteration: 286000 	 avg loss: 0.7281115198457021
2020-02-02 18:49:45,551 - MAIN.TRAIN - [DEBUG]  iteration: 287000 	 avg loss: 1.320767123808711
2020-02-02 18:49:55,313 - MAIN.TRAIN - [DEBUG]  iteration: 288000 	 avg loss: 1.3799742202498515
2020-02-02 18:50:05,259 - MAIN.TRAIN - [DEBUG]  iteration: 289000 	 avg loss: 0.9700460561869767
2020-02-02 18:50:15,068 - MAIN.TRAIN - [DEBUG]  iteration: 290000 	 avg loss: 1.1640761316547987
2020-02-02 18:50:15,068 - MAIN.TRAIN - [DEBUG]  saving model at iteration 290000
2020-02-02 18:50:15,117 - MAIN.TRAIN - [DEBUG]  saved model 290000_of_500000_model_02_02_2020_170814.h5 to output/experiments/models/chkpts
2020-02-02 18:52:12,378 - MAIN.TRAIN - [DEBUG]  iteration: 291000 	 avg loss: 1.2735880266785444
2020-02-02 18:52:22,977 - MAIN.TRAIN - [DEBUG]  iteration: 292000 	 avg loss: 1.0042345750875707
2020-02-02 18:52:33,642 - MAIN.TRAIN - [DEBUG]  iteration: 293000 	 avg loss: 0.9772804445242146
2020-02-02 18:52:44,089 - MAIN.TRAIN - [DEBUG]  iteration: 294000 	 avg loss: 0.9096678900970144
2020-02-02 18:52:54,023 - MAIN.TRAIN - [DEBUG]  iteration: 295000 	 avg loss: 1.3747299965718869
2020-02-02 18:53:03,968 - MAIN.TRAIN - [DEBUG]  iteration: 296000 	 avg loss: 0.9293835913618276
2020-02-02 18:53:13,986 - MAIN.TRAIN - [DEBUG]  iteration: 297000 	 avg loss: 0.8789555915234586
2020-02-02 18:53:23,824 - MAIN.TRAIN - [DEBUG]  iteration: 298000 	 avg loss: 1.1913675495864684
2020-02-02 18:53:33,634 - MAIN.TRAIN - [DEBUG]  iteration: 299000 	 avg loss: 1.045155601649295
2020-02-02 18:53:43,397 - MAIN.TRAIN - [DEBUG]  iteration: 300000 	 avg loss: 0.8921845999775672
2020-02-02 18:53:43,397 - MAIN.TRAIN - [DEBUG]  saving model at iteration 300000
2020-02-02 18:53:43,445 - MAIN.TRAIN - [DEBUG]  saved model 300000_of_500000_model_02_02_2020_170814.h5 to output/experiments/models/chkpts
2020-02-02 18:55:43,460 - MAIN.TRAIN - [DEBUG]  iteration: 301000 	 avg loss: 1.358073226642869
2020-02-02 18:55:54,290 - MAIN.TRAIN - [DEBUG]  iteration: 302000 	 avg loss: 1.1917332446629443
2020-02-02 18:56:04,838 - MAIN.TRAIN - [DEBUG]  iteration: 303000 	 avg loss: 1.1557507868017425
2020-02-02 18:56:15,523 - MAIN.TRAIN - [DEBUG]  iteration: 304000 	 avg loss: 0.8165094359365211
2020-02-02 18:56:25,335 - MAIN.TRAIN - [DEBUG]  iteration: 305000 	 avg loss: 1.1709048397599977
2020-02-02 18:56:35,138 - MAIN.TRAIN - [DEBUG]  iteration: 306000 	 avg loss: 1.0700542385504481
2020-02-02 18:56:44,888 - MAIN.TRAIN - [DEBUG]  iteration: 307000 	 avg loss: 0.848881937316252
2020-02-02 18:56:54,722 - MAIN.TRAIN - [DEBUG]  iteration: 308000 	 avg loss: 0.977153603593001
2020-02-02 18:57:04,702 - MAIN.TRAIN - [DEBUG]  iteration: 309000 	 avg loss: 1.1549774450419852
2020-02-02 18:57:14,585 - MAIN.TRAIN - [DEBUG]  iteration: 310000 	 avg loss: 0.9284838636216509
2020-02-02 18:57:14,585 - MAIN.TRAIN - [DEBUG]  saving model at iteration 310000
2020-02-02 18:57:14,633 - MAIN.TRAIN - [DEBUG]  saved model 310000_of_500000_model_02_02_2020_170814.h5 to output/experiments/models/chkpts
2020-02-02 18:59:11,140 - MAIN.TRAIN - [DEBUG]  iteration: 311000 	 avg loss: 1.2928476812050063
2020-02-02 18:59:22,843 - MAIN.TRAIN - [DEBUG]  iteration: 312000 	 avg loss: 1.0961147265133395
2020-02-02 18:59:33,551 - MAIN.TRAIN - [DEBUG]  iteration: 313000 	 avg loss: 0.9788219558984929
2020-02-02 18:59:43,909 - MAIN.TRAIN - [DEBUG]  iteration: 314000 	 avg loss: 1.369561129585726
2020-02-02 18:59:53,869 - MAIN.TRAIN - [DEBUG]  iteration: 315000 	 avg loss: 1.2659066203873717
2020-02-02 19:00:03,862 - MAIN.TRAIN - [DEBUG]  iteration: 316000 	 avg loss: 1.098776721886622
2020-02-02 19:00:13,871 - MAIN.TRAIN - [DEBUG]  iteration: 317000 	 avg loss: 1.1670307265260007
2020-02-02 19:00:23,823 - MAIN.TRAIN - [DEBUG]  iteration: 318000 	 avg loss: 1.0276800620274626
2020-02-02 19:00:33,559 - MAIN.TRAIN - [DEBUG]  iteration: 319000 	 avg loss: 1.0900164240472008
2020-02-02 19:00:43,303 - MAIN.TRAIN - [DEBUG]  iteration: 320000 	 avg loss: 1.1941992600439506
2020-02-02 19:00:43,303 - MAIN.TRAIN - [DEBUG]  saving model at iteration 320000
2020-02-02 19:00:43,351 - MAIN.TRAIN - [DEBUG]  saved model 320000_of_500000_model_02_02_2020_170814.h5 to output/experiments/models/chkpts
2020-02-02 19:02:40,996 - MAIN.TRAIN - [DEBUG]  iteration: 321000 	 avg loss: 0.9986581646512004
2020-02-02 19:02:51,714 - MAIN.TRAIN - [DEBUG]  iteration: 322000 	 avg loss: 0.7580446265689614
2020-02-02 19:03:02,610 - MAIN.TRAIN - [DEBUG]  iteration: 323000 	 avg loss: 1.2210956321072055
2020-02-02 19:03:13,290 - MAIN.TRAIN - [DEBUG]  iteration: 324000 	 avg loss: 1.3494112858272482
2020-02-02 19:03:23,168 - MAIN.TRAIN - [DEBUG]  iteration: 325000 	 avg loss: 1.139011596687495
2020-02-02 19:03:33,008 - MAIN.TRAIN - [DEBUG]  iteration: 326000 	 avg loss: 0.9616327535302548
2020-02-02 19:03:42,754 - MAIN.TRAIN - [DEBUG]  iteration: 327000 	 avg loss: 1.151675733912914
2020-02-02 19:03:52,381 - MAIN.TRAIN - [DEBUG]  iteration: 328000 	 avg loss: 1.4380560837497758
2020-02-02 19:04:02,115 - MAIN.TRAIN - [DEBUG]  iteration: 329000 	 avg loss: 1.0423146843609739
2020-02-02 19:04:11,831 - MAIN.TRAIN - [DEBUG]  iteration: 330000 	 avg loss: 1.1163824969848384
2020-02-02 19:04:11,831 - MAIN.TRAIN - [DEBUG]  saving model at iteration 330000
2020-02-02 19:04:11,878 - MAIN.TRAIN - [DEBUG]  saved model 330000_of_500000_model_02_02_2020_170814.h5 to output/experiments/models/chkpts
2020-02-02 19:06:11,694 - MAIN.TRAIN - [DEBUG]  iteration: 331000 	 avg loss: 1.2541055688615805
2020-02-02 19:06:22,409 - MAIN.TRAIN - [DEBUG]  iteration: 332000 	 avg loss: 0.7719262755160883
2020-02-02 19:06:33,530 - MAIN.TRAIN - [DEBUG]  iteration: 333000 	 avg loss: 1.225025309309248
2020-02-02 19:06:43,959 - MAIN.TRAIN - [DEBUG]  iteration: 334000 	 avg loss: 1.2669165221504344
2020-02-02 19:06:53,773 - MAIN.TRAIN - [DEBUG]  iteration: 335000 	 avg loss: 1.2819843356451877
2020-02-02 19:07:03,754 - MAIN.TRAIN - [DEBUG]  iteration: 336000 	 avg loss: 0.9622836794163978
2020-02-02 19:07:13,869 - MAIN.TRAIN - [DEBUG]  iteration: 337000 	 avg loss: 1.0032871447185254
2020-02-02 19:07:23,690 - MAIN.TRAIN - [DEBUG]  iteration: 338000 	 avg loss: 1.185044164201921
2020-02-02 19:07:33,503 - MAIN.TRAIN - [DEBUG]  iteration: 339000 	 avg loss: 1.182695976056375
2020-02-02 19:07:43,275 - MAIN.TRAIN - [DEBUG]  iteration: 340000 	 avg loss: 1.1064405977744145
2020-02-02 19:07:43,276 - MAIN.TRAIN - [DEBUG]  saving model at iteration 340000
2020-02-02 19:07:43,323 - MAIN.TRAIN - [DEBUG]  saved model 340000_of_500000_model_02_02_2020_170814.h5 to output/experiments/models/chkpts
2020-02-02 19:09:43,475 - MAIN.TRAIN - [DEBUG]  iteration: 341000 	 avg loss: 1.132758728664659
2020-02-02 19:09:54,206 - MAIN.TRAIN - [DEBUG]  iteration: 342000 	 avg loss: 0.9430615164564893
2020-02-02 19:10:05,015 - MAIN.TRAIN - [DEBUG]  iteration: 343000 	 avg loss: 1.3637621201071595
2020-02-02 19:10:15,598 - MAIN.TRAIN - [DEBUG]  iteration: 344000 	 avg loss: 1.1703552548742937
2020-02-02 19:10:25,531 - MAIN.TRAIN - [DEBUG]  iteration: 345000 	 avg loss: 1.1070227271983977
2020-02-02 19:10:35,216 - MAIN.TRAIN - [DEBUG]  iteration: 346000 	 avg loss: 1.3388527997594277
2020-02-02 19:10:45,106 - MAIN.TRAIN - [DEBUG]  iteration: 347000 	 avg loss: 0.7944475249570639
2020-02-02 19:10:55,026 - MAIN.TRAIN - [DEBUG]  iteration: 348000 	 avg loss: 1.0510816811032924
2020-02-02 19:11:05,099 - MAIN.TRAIN - [DEBUG]  iteration: 349000 	 avg loss: 1.0342502973355736
2020-02-02 19:11:14,940 - MAIN.TRAIN - [DEBUG]  iteration: 350000 	 avg loss: 1.0060132438761047
2020-02-02 19:11:14,941 - MAIN.TRAIN - [DEBUG]  saving model at iteration 350000
2020-02-02 19:11:14,990 - MAIN.TRAIN - [DEBUG]  saved model 350000_of_500000_model_02_02_2020_170814.h5 to output/experiments/models/chkpts
2020-02-02 19:13:12,042 - MAIN.TRAIN - [DEBUG]  iteration: 351000 	 avg loss: 0.9341965167845926
2020-02-02 19:13:22,861 - MAIN.TRAIN - [DEBUG]  iteration: 352000 	 avg loss: 1.0200535795375754
2020-02-02 19:13:33,608 - MAIN.TRAIN - [DEBUG]  iteration: 353000 	 avg loss: 1.120779633629369
2020-02-02 19:13:44,198 - MAIN.TRAIN - [DEBUG]  iteration: 354000 	 avg loss: 1.2615090361188437
2020-02-02 19:13:53,990 - MAIN.TRAIN - [DEBUG]  iteration: 355000 	 avg loss: 0.9970338871373956
2020-02-02 19:14:03,939 - MAIN.TRAIN - [DEBUG]  iteration: 356000 	 avg loss: 1.5232845699442754
2020-02-02 19:14:13,997 - MAIN.TRAIN - [DEBUG]  iteration: 357000 	 avg loss: 1.4318487799024138
2020-02-02 19:14:23,953 - MAIN.TRAIN - [DEBUG]  iteration: 358000 	 avg loss: 0.9130755981656458
2020-02-02 19:14:33,756 - MAIN.TRAIN - [DEBUG]  iteration: 359000 	 avg loss: 0.953354813794831
2020-02-02 19:14:44,039 - MAIN.TRAIN - [DEBUG]  iteration: 360000 	 avg loss: 1.0892538352136525
2020-02-02 19:14:44,039 - MAIN.TRAIN - [DEBUG]  saving model at iteration 360000
2020-02-02 19:14:44,085 - MAIN.TRAIN - [DEBUG]  saved model 360000_of_500000_model_02_02_2020_170814.h5 to output/experiments/models/chkpts
2020-02-02 19:16:42,897 - MAIN.TRAIN - [DEBUG]  iteration: 361000 	 avg loss: 0.9755744287012086
2020-02-02 19:16:53,573 - MAIN.TRAIN - [DEBUG]  iteration: 362000 	 avg loss: 1.3945179947926982
2020-02-02 19:17:04,263 - MAIN.TRAIN - [DEBUG]  iteration: 363000 	 avg loss: 1.4041937884874496
2020-02-02 19:17:15,072 - MAIN.TRAIN - [DEBUG]  iteration: 364000 	 avg loss: 1.1701640042742296
2020-02-02 19:17:25,359 - MAIN.TRAIN - [DEBUG]  iteration: 365000 	 avg loss: 1.0901701346181185
2020-02-02 19:17:35,310 - MAIN.TRAIN - [DEBUG]  iteration: 366000 	 avg loss: 1.2226771146703623
2020-02-02 19:17:45,073 - MAIN.TRAIN - [DEBUG]  iteration: 367000 	 avg loss: 1.0901918550410665
2020-02-02 19:17:54,717 - MAIN.TRAIN - [DEBUG]  iteration: 368000 	 avg loss: 1.1290749466038323
2020-02-02 19:18:04,712 - MAIN.TRAIN - [DEBUG]  iteration: 369000 	 avg loss: 0.8646491837104768
2020-02-02 19:18:14,886 - MAIN.TRAIN - [DEBUG]  iteration: 370000 	 avg loss: 1.1937984388971945
2020-02-02 19:18:14,886 - MAIN.TRAIN - [DEBUG]  saving model at iteration 370000
2020-02-02 19:18:14,933 - MAIN.TRAIN - [DEBUG]  saved model 370000_of_500000_model_02_02_2020_170814.h5 to output/experiments/models/chkpts
2020-02-02 19:20:13,005 - MAIN.TRAIN - [DEBUG]  iteration: 371000 	 avg loss: 0.9098919407575012
2020-02-02 19:20:23,769 - MAIN.TRAIN - [DEBUG]  iteration: 372000 	 avg loss: 1.0833553701072647
2020-02-02 19:20:34,626 - MAIN.TRAIN - [DEBUG]  iteration: 373000 	 avg loss: 1.1605370732381253
2020-02-02 19:20:45,389 - MAIN.TRAIN - [DEBUG]  iteration: 374000 	 avg loss: 0.9353546726329417
2020-02-02 19:20:55,550 - MAIN.TRAIN - [DEBUG]  iteration: 375000 	 avg loss: 1.0604825243316416
2020-02-02 19:21:05,307 - MAIN.TRAIN - [DEBUG]  iteration: 376000 	 avg loss: 1.0993271964476885
2020-02-02 19:21:15,222 - MAIN.TRAIN - [DEBUG]  iteration: 377000 	 avg loss: 1.6471701295062808
2020-02-02 19:21:25,130 - MAIN.TRAIN - [DEBUG]  iteration: 378000 	 avg loss: 1.0222941159677927
2020-02-02 19:21:34,813 - MAIN.TRAIN - [DEBUG]  iteration: 379000 	 avg loss: 1.2744743190210652
2020-02-02 19:21:44,541 - MAIN.TRAIN - [DEBUG]  iteration: 380000 	 avg loss: 1.5800805216954632
2020-02-02 19:21:44,541 - MAIN.TRAIN - [DEBUG]  saving model at iteration 380000
2020-02-02 19:21:44,588 - MAIN.TRAIN - [DEBUG]  saved model 380000_of_500000_model_02_02_2020_170814.h5 to output/experiments/models/chkpts
2020-02-02 19:23:41,809 - MAIN.TRAIN - [DEBUG]  iteration: 381000 	 avg loss: 1.1025332474709795
2020-02-02 19:23:52,422 - MAIN.TRAIN - [DEBUG]  iteration: 382000 	 avg loss: 1.248233089553494
2020-02-02 19:24:03,244 - MAIN.TRAIN - [DEBUG]  iteration: 383000 	 avg loss: 0.9639845290179051
2020-02-02 19:24:14,034 - MAIN.TRAIN - [DEBUG]  iteration: 384000 	 avg loss: 0.9918263258682019
2020-02-02 19:24:24,194 - MAIN.TRAIN - [DEBUG]  iteration: 385000 	 avg loss: 1.2384180804938145
2020-02-02 19:24:33,932 - MAIN.TRAIN - [DEBUG]  iteration: 386000 	 avg loss: 0.7910044732114533
2020-02-02 19:24:43,785 - MAIN.TRAIN - [DEBUG]  iteration: 387000 	 avg loss: 1.624927305055527
2020-02-02 19:24:54,195 - MAIN.TRAIN - [DEBUG]  iteration: 388000 	 avg loss: 1.329357821592194
2020-02-02 19:25:04,124 - MAIN.TRAIN - [DEBUG]  iteration: 389000 	 avg loss: 1.079588157062557
2020-02-02 19:25:14,735 - MAIN.TRAIN - [DEBUG]  iteration: 390000 	 avg loss: 1.2345601262258876
2020-02-02 19:25:14,735 - MAIN.TRAIN - [DEBUG]  saving model at iteration 390000
2020-02-02 19:25:14,787 - MAIN.TRAIN - [DEBUG]  saved model 390000_of_500000_model_02_02_2020_170814.h5 to output/experiments/models/chkpts
2020-02-02 19:27:12,000 - MAIN.TRAIN - [DEBUG]  iteration: 391000 	 avg loss: 1.201287787042475
2020-02-02 19:27:22,562 - MAIN.TRAIN - [DEBUG]  iteration: 392000 	 avg loss: 1.209167452754904
2020-02-02 19:27:33,188 - MAIN.TRAIN - [DEBUG]  iteration: 393000 	 avg loss: 0.9872958619078818
2020-02-02 19:27:44,104 - MAIN.TRAIN - [DEBUG]  iteration: 394000 	 avg loss: 1.1459670742266899
2020-02-02 19:27:54,637 - MAIN.TRAIN - [DEBUG]  iteration: 395000 	 avg loss: 1.094414884893631
2020-02-02 19:28:04,675 - MAIN.TRAIN - [DEBUG]  iteration: 396000 	 avg loss: 1.0571554664310387
2020-02-02 19:28:14,797 - MAIN.TRAIN - [DEBUG]  iteration: 397000 	 avg loss: 1.0647239455299895
2020-02-02 19:28:24,713 - MAIN.TRAIN - [DEBUG]  iteration: 398000 	 avg loss: 1.2686439576053827
2020-02-02 19:28:34,528 - MAIN.TRAIN - [DEBUG]  iteration: 399000 	 avg loss: 1.1288625444500213
2020-02-02 19:28:44,400 - MAIN.TRAIN - [DEBUG]  iteration: 400000 	 avg loss: 1.0440699870533134
2020-02-02 19:28:44,400 - MAIN.TRAIN - [DEBUG]  saving model at iteration 400000
2020-02-02 19:28:44,451 - MAIN.TRAIN - [DEBUG]  saved model 400000_of_500000_model_02_02_2020_170814.h5 to output/experiments/models/chkpts
2020-02-02 19:30:42,875 - MAIN.TRAIN - [DEBUG]  iteration: 401000 	 avg loss: 0.9872733050223033
2020-02-02 19:30:53,579 - MAIN.TRAIN - [DEBUG]  iteration: 402000 	 avg loss: 0.9480003633938322
2020-02-02 19:31:04,175 - MAIN.TRAIN - [DEBUG]  iteration: 403000 	 avg loss: 1.2300398646179855
2020-02-02 19:31:14,859 - MAIN.TRAIN - [DEBUG]  iteration: 404000 	 avg loss: 1.4463444435773198
2020-02-02 19:31:25,291 - MAIN.TRAIN - [DEBUG]  iteration: 405000 	 avg loss: 0.9028972309233796
2020-02-02 19:31:35,235 - MAIN.TRAIN - [DEBUG]  iteration: 406000 	 avg loss: 1.1267707813541528
2020-02-02 19:31:45,020 - MAIN.TRAIN - [DEBUG]  iteration: 407000 	 avg loss: 1.3152919990266372
2020-02-02 19:31:54,907 - MAIN.TRAIN - [DEBUG]  iteration: 408000 	 avg loss: 1.0114140294232379
2020-02-02 19:32:04,700 - MAIN.TRAIN - [DEBUG]  iteration: 409000 	 avg loss: 1.2108443450401327
2020-02-02 19:32:14,587 - MAIN.TRAIN - [DEBUG]  iteration: 410000 	 avg loss: 0.8866712649993399
2020-02-02 19:32:14,587 - MAIN.TRAIN - [DEBUG]  saving model at iteration 410000
2020-02-02 19:32:14,634 - MAIN.TRAIN - [DEBUG]  saved model 410000_of_500000_model_02_02_2020_170814.h5 to output/experiments/models/chkpts
2020-02-02 19:34:13,665 - MAIN.TRAIN - [DEBUG]  iteration: 411000 	 avg loss: 1.3841408010168588
2020-02-02 19:34:24,514 - MAIN.TRAIN - [DEBUG]  iteration: 412000 	 avg loss: 1.2378552702593355
2020-02-02 19:34:35,132 - MAIN.TRAIN - [DEBUG]  iteration: 413000 	 avg loss: 1.3319925687829268
2020-02-02 19:34:45,778 - MAIN.TRAIN - [DEBUG]  iteration: 414000 	 avg loss: 1.0237393368733196
2020-02-02 19:34:56,157 - MAIN.TRAIN - [DEBUG]  iteration: 415000 	 avg loss: 1.283537542001301
2020-02-02 19:35:06,414 - MAIN.TRAIN - [DEBUG]  iteration: 416000 	 avg loss: 0.92544054142652
2020-02-02 19:35:16,451 - MAIN.TRAIN - [DEBUG]  iteration: 417000 	 avg loss: 1.5050966238958534
2020-02-02 19:35:26,172 - MAIN.TRAIN - [DEBUG]  iteration: 418000 	 avg loss: 1.1194495248236367
2020-02-02 19:35:36,816 - MAIN.TRAIN - [DEBUG]  iteration: 419000 	 avg loss: 1.3061920353384013
2020-02-02 19:35:46,915 - MAIN.TRAIN - [DEBUG]  iteration: 420000 	 avg loss: 1.4448241277097513
2020-02-02 19:35:46,915 - MAIN.TRAIN - [DEBUG]  saving model at iteration 420000
2020-02-02 19:35:46,962 - MAIN.TRAIN - [DEBUG]  saved model 420000_of_500000_model_02_02_2020_170814.h5 to output/experiments/models/chkpts
2020-02-02 19:37:45,697 - MAIN.TRAIN - [DEBUG]  iteration: 421000 	 avg loss: 0.9214754676946884
2020-02-02 19:37:56,380 - MAIN.TRAIN - [DEBUG]  iteration: 422000 	 avg loss: 0.784724894655951
2020-02-02 19:38:06,976 - MAIN.TRAIN - [DEBUG]  iteration: 423000 	 avg loss: 0.9083303057008943
2020-02-02 19:38:17,699 - MAIN.TRAIN - [DEBUG]  iteration: 424000 	 avg loss: 1.5047978678623548
2020-02-02 19:38:28,104 - MAIN.TRAIN - [DEBUG]  iteration: 425000 	 avg loss: 1.3951814754897154
2020-02-02 19:38:38,036 - MAIN.TRAIN - [DEBUG]  iteration: 426000 	 avg loss: 1.1204934092974712
2020-02-02 19:38:47,890 - MAIN.TRAIN - [DEBUG]  iteration: 427000 	 avg loss: 1.0037257048696513
2020-02-02 19:38:57,857 - MAIN.TRAIN - [DEBUG]  iteration: 428000 	 avg loss: 1.0859223557895838
2020-02-02 19:39:07,738 - MAIN.TRAIN - [DEBUG]  iteration: 429000 	 avg loss: 1.1402195271382112
2020-02-02 19:39:17,877 - MAIN.TRAIN - [DEBUG]  iteration: 430000 	 avg loss: 1.0359204759618306
2020-02-02 19:39:17,878 - MAIN.TRAIN - [DEBUG]  saving model at iteration 430000
2020-02-02 19:39:17,925 - MAIN.TRAIN - [DEBUG]  saved model 430000_of_500000_model_02_02_2020_170814.h5 to output/experiments/models/chkpts
2020-02-02 19:41:16,575 - MAIN.TRAIN - [DEBUG]  iteration: 431000 	 avg loss: 1.0715993440125566
2020-02-02 19:41:27,366 - MAIN.TRAIN - [DEBUG]  iteration: 432000 	 avg loss: 1.0995011551005724
2020-02-02 19:41:37,938 - MAIN.TRAIN - [DEBUG]  iteration: 433000 	 avg loss: 1.1310907044320957
2020-02-02 19:41:48,565 - MAIN.TRAIN - [DEBUG]  iteration: 434000 	 avg loss: 1.0536648511761706
2020-02-02 19:41:58,783 - MAIN.TRAIN - [DEBUG]  iteration: 435000 	 avg loss: 1.0294993699669521
2020-02-02 19:42:08,585 - MAIN.TRAIN - [DEBUG]  iteration: 436000 	 avg loss: 0.8678791067618119
2020-02-02 19:42:18,622 - MAIN.TRAIN - [DEBUG]  iteration: 437000 	 avg loss: 1.1912327073360447
2020-02-02 19:42:28,549 - MAIN.TRAIN - [DEBUG]  iteration: 438000 	 avg loss: 1.568344169025704
2020-02-02 19:42:38,416 - MAIN.TRAIN - [DEBUG]  iteration: 439000 	 avg loss: 1.2155010040027074
2020-02-02 19:42:48,232 - MAIN.TRAIN - [DEBUG]  iteration: 440000 	 avg loss: 1.386528977386038
2020-02-02 19:42:48,232 - MAIN.TRAIN - [DEBUG]  saving model at iteration 440000
2020-02-02 19:42:48,283 - MAIN.TRAIN - [DEBUG]  saved model 440000_of_500000_model_02_02_2020_170814.h5 to output/experiments/models/chkpts
2020-02-02 19:44:45,521 - MAIN.TRAIN - [DEBUG]  iteration: 441000 	 avg loss: 1.3439599681643633
2020-02-02 19:44:56,477 - MAIN.TRAIN - [DEBUG]  iteration: 442000 	 avg loss: 1.0907177674234763
2020-02-02 19:45:07,220 - MAIN.TRAIN - [DEBUG]  iteration: 443000 	 avg loss: 1.5208446717201178
2020-02-02 19:45:18,014 - MAIN.TRAIN - [DEBUG]  iteration: 444000 	 avg loss: 1.2283876739812944
2020-02-02 19:45:28,688 - MAIN.TRAIN - [DEBUG]  iteration: 445000 	 avg loss: 1.2490146507919573
2020-02-02 19:45:38,303 - MAIN.TRAIN - [DEBUG]  iteration: 446000 	 avg loss: 1.4758220034577965
2020-02-02 19:45:47,762 - MAIN.TRAIN - [DEBUG]  iteration: 447000 	 avg loss: 1.2186085491828698
2020-02-02 19:45:56,903 - MAIN.TRAIN - [DEBUG]  iteration: 448000 	 avg loss: 1.33125840340787
2020-02-02 19:46:06,600 - MAIN.TRAIN - [DEBUG]  iteration: 449000 	 avg loss: 1.3716285645745663
2020-02-02 19:46:15,641 - MAIN.TRAIN - [DEBUG]  iteration: 450000 	 avg loss: 1.1448184639009633
2020-02-02 19:46:15,641 - MAIN.TRAIN - [DEBUG]  saving model at iteration 450000
2020-02-02 19:46:15,686 - MAIN.TRAIN - [DEBUG]  saved model 450000_of_500000_model_02_02_2020_170814.h5 to output/experiments/models/chkpts
2020-02-02 19:48:05,645 - MAIN.TRAIN - [DEBUG]  iteration: 451000 	 avg loss: 0.901850805067228
2020-02-02 19:48:15,553 - MAIN.TRAIN - [DEBUG]  iteration: 452000 	 avg loss: 0.9112833378463495
2020-02-02 19:48:25,618 - MAIN.TRAIN - [DEBUG]  iteration: 453000 	 avg loss: 1.3332099290731643
2020-02-02 19:48:35,569 - MAIN.TRAIN - [DEBUG]  iteration: 454000 	 avg loss: 1.2100031045265995
2020-02-02 19:48:45,381 - MAIN.TRAIN - [DEBUG]  iteration: 455000 	 avg loss: 1.1317227340631397
2020-02-02 19:48:54,401 - MAIN.TRAIN - [DEBUG]  iteration: 456000 	 avg loss: 1.36304941244044
2020-02-02 19:49:03,457 - MAIN.TRAIN - [DEBUG]  iteration: 457000 	 avg loss: 1.2323559176329655
2020-02-02 19:49:12,658 - MAIN.TRAIN - [DEBUG]  iteration: 458000 	 avg loss: 1.0855933044347514
2020-02-02 19:49:21,859 - MAIN.TRAIN - [DEBUG]  iteration: 459000 	 avg loss: 1.1198311521205577
2020-02-02 19:49:31,021 - MAIN.TRAIN - [DEBUG]  iteration: 460000 	 avg loss: 1.4113522459759298
2020-02-02 19:49:31,021 - MAIN.TRAIN - [DEBUG]  saving model at iteration 460000
2020-02-02 19:49:31,065 - MAIN.TRAIN - [DEBUG]  saved model 460000_of_500000_model_02_02_2020_170814.h5 to output/experiments/models/chkpts
2020-02-02 19:51:21,188 - MAIN.TRAIN - [DEBUG]  iteration: 461000 	 avg loss: 1.0515906475900056
2020-02-02 19:51:31,373 - MAIN.TRAIN - [DEBUG]  iteration: 462000 	 avg loss: 1.149742515910788
2020-02-02 19:51:41,211 - MAIN.TRAIN - [DEBUG]  iteration: 463000 	 avg loss: 0.7751715992401628
2020-02-02 19:51:51,282 - MAIN.TRAIN - [DEBUG]  iteration: 464000 	 avg loss: 1.434772320255073
2020-02-02 19:52:01,113 - MAIN.TRAIN - [DEBUG]  iteration: 465000 	 avg loss: 1.1560306344841191
2020-02-02 19:52:11,326 - MAIN.TRAIN - [DEBUG]  iteration: 466000 	 avg loss: 1.3111310867187864
2020-02-02 19:52:20,419 - MAIN.TRAIN - [DEBUG]  iteration: 467000 	 avg loss: 0.9264102830433275
2020-02-02 19:52:29,478 - MAIN.TRAIN - [DEBUG]  iteration: 468000 	 avg loss: 1.5321029731217042
2020-02-02 19:52:38,552 - MAIN.TRAIN - [DEBUG]  iteration: 469000 	 avg loss: 1.3373618644688121
2020-02-02 19:52:47,489 - MAIN.TRAIN - [DEBUG]  iteration: 470000 	 avg loss: 0.9710459436536003
2020-02-02 19:52:47,490 - MAIN.TRAIN - [DEBUG]  saving model at iteration 470000
2020-02-02 19:52:47,535 - MAIN.TRAIN - [DEBUG]  saved model 470000_of_500000_model_02_02_2020_170814.h5 to output/experiments/models/chkpts
2020-02-02 19:54:38,310 - MAIN.TRAIN - [DEBUG]  iteration: 471000 	 avg loss: 1.1753772822584856
2020-02-02 19:54:48,292 - MAIN.TRAIN - [DEBUG]  iteration: 472000 	 avg loss: 1.384217821937991
2020-02-02 19:54:58,339 - MAIN.TRAIN - [DEBUG]  iteration: 473000 	 avg loss: 1.5920481565418
2020-02-02 19:55:08,297 - MAIN.TRAIN - [DEBUG]  iteration: 474000 	 avg loss: 1.2077259679031267
2020-02-02 19:55:18,219 - MAIN.TRAIN - [DEBUG]  iteration: 475000 	 avg loss: 1.1393435082021752
2020-02-02 19:55:28,154 - MAIN.TRAIN - [DEBUG]  iteration: 476000 	 avg loss: 0.9728751113924727
2020-02-02 19:55:37,903 - MAIN.TRAIN - [DEBUG]  iteration: 477000 	 avg loss: 0.979152732017199
2020-02-02 19:55:47,153 - MAIN.TRAIN - [DEBUG]  iteration: 478000 	 avg loss: 1.0075069811662762
2020-02-02 19:55:56,357 - MAIN.TRAIN - [DEBUG]  iteration: 479000 	 avg loss: 1.1043130574851603
2020-02-02 19:56:05,580 - MAIN.TRAIN - [DEBUG]  iteration: 480000 	 avg loss: 1.4075677385958578
2020-02-02 19:56:05,581 - MAIN.TRAIN - [DEBUG]  saving model at iteration 480000
2020-02-02 19:56:05,625 - MAIN.TRAIN - [DEBUG]  saved model 480000_of_500000_model_02_02_2020_170814.h5 to output/experiments/models/chkpts
2020-02-02 19:57:56,976 - MAIN.TRAIN - [DEBUG]  iteration: 481000 	 avg loss: 1.1999478183233878
2020-02-02 19:58:06,920 - MAIN.TRAIN - [DEBUG]  iteration: 482000 	 avg loss: 1.3921565148945083
2020-02-02 19:58:16,786 - MAIN.TRAIN - [DEBUG]  iteration: 483000 	 avg loss: 0.8165855888664783
2020-02-02 19:58:27,000 - MAIN.TRAIN - [DEBUG]  iteration: 484000 	 avg loss: 1.348499929928883
2020-02-02 19:58:37,126 - MAIN.TRAIN - [DEBUG]  iteration: 485000 	 avg loss: 0.9565162255783259
2020-02-02 19:58:47,213 - MAIN.TRAIN - [DEBUG]  iteration: 486000 	 avg loss: 1.1473897191233977
2020-02-02 19:58:56,434 - MAIN.TRAIN - [DEBUG]  iteration: 487000 	 avg loss: 1.159772339775221
2020-02-02 19:59:05,583 - MAIN.TRAIN - [DEBUG]  iteration: 488000 	 avg loss: 1.1571541865998107
2020-02-02 19:59:14,721 - MAIN.TRAIN - [DEBUG]  iteration: 489000 	 avg loss: 1.077014089256856
2020-02-02 19:59:23,629 - MAIN.TRAIN - [DEBUG]  iteration: 490000 	 avg loss: 0.9816836209849753
2020-02-02 19:59:23,629 - MAIN.TRAIN - [DEBUG]  saving model at iteration 490000
2020-02-02 19:59:23,674 - MAIN.TRAIN - [DEBUG]  saved model 490000_of_500000_model_02_02_2020_170814.h5 to output/experiments/models/chkpts
2020-02-02 20:01:16,045 - MAIN.TRAIN - [DEBUG]  iteration: 491000 	 avg loss: 1.1491478959672348
2020-02-02 20:01:26,165 - MAIN.TRAIN - [DEBUG]  iteration: 492000 	 avg loss: 1.07023742821992
2020-02-02 20:01:36,594 - MAIN.TRAIN - [DEBUG]  iteration: 493000 	 avg loss: 1.4753351107053363
2020-02-02 20:01:46,898 - MAIN.TRAIN - [DEBUG]  iteration: 494000 	 avg loss: 0.988698196551034
2020-02-02 20:01:56,907 - MAIN.TRAIN - [DEBUG]  iteration: 495000 	 avg loss: 1.5801672098076591
2020-02-02 20:02:07,006 - MAIN.TRAIN - [DEBUG]  iteration: 496000 	 avg loss: 1.141448024827896
2020-02-02 20:02:16,313 - MAIN.TRAIN - [DEBUG]  iteration: 497000 	 avg loss: 1.2419691572647154
2020-02-02 20:02:25,437 - MAIN.TRAIN - [DEBUG]  iteration: 498000 	 avg loss: 1.166237731739926
2020-02-02 20:02:34,726 - MAIN.TRAIN - [DEBUG]  iteration: 499000 	 avg loss: 0.9420001292174638
2020-02-02 20:02:43,738 - MAIN.TRAIN - [DEBUG]  finished training
2020-02-02 20:02:43,786 - MAIN - [DEBUG]  saved final model model_02_02_2020_170814.h5 to output/experiments/models/final
2020-02-02 20:02:43,786 - MAIN.TRAIN - [DEBUG]  plotting loss
2020-02-02 20:02:44,887 - MAIN.TRAIN - [DEBUG]  saved loss plot to output/experiments/logs/loss_02_02_2020_170814.png
