2020-01-31 17:37:03,054 - MAIN - [DEBUG]  starting program
2020-01-31 17:37:03,054 - MAIN.PREPR - [DEBUG]  loading texts
2020-01-31 17:37:03,067 - MAIN.PREPR - [DEBUG]  tokenizing texts
2020-01-31 17:37:10,246 - MAIN.PREPR - [DEBUG]  normalizing text
2020-01-31 17:37:10,247 - MAIN.PREPR - [DEBUG]  created pre/post-processing directory output/experiments/text
2020-01-31 17:37:16,134 - MAIN.PREPR - [DEBUG]  normalizing text done. returning 820571 words
2020-01-31 17:37:16,148 - MAIN.PREPR - [DEBUG]  building dataset
2020-01-31 17:37:16,414 - MAIN.PREPR - [DEBUG]  unique words: 12652
2020-01-31 17:37:16,414 - MAIN.PREPR - [DEBUG]  most common words: [['UNK', 2653], ('the', 65639), ('and', 52506), ('of', 35169), ('to', 14300), ('that', 13196), ('in', 13026), ('a', 12584), ('he', 10536), ('shall', 9861)]
2020-01-31 17:37:16,414 - MAIN.PREPR - [DEBUG]  building dataset done
2020-01-31 17:37:22,893 - MAIN.TRAIN - [DEBUG]  created checkpoints models directory output/experiments/models/chkpts
2020-01-31 17:37:23,735 - MAIN.TRAIN - [DEBUG]  created model
2020-01-31 17:37:23,736 - MAIN.TRAIN - [DEBUG]  None
2020-01-31 17:37:23,736 - MAIN.TRAIN - [DEBUG]  compiling model
2020-01-31 17:37:23,776 - MAIN.TRAIN - [DEBUG]  starting training
2020-01-31 17:37:25,305 - MAIN.TRAIN - [DEBUG]  iteration: 0 	 avg loss: 0.6901406645774841
2020-01-31 17:37:25,305 - MAIN.TRAIN - [DEBUG]  saving model at iteration 0
2020-01-31 17:37:25,406 - MAIN.TRAIN - [DEBUG]  saved model 0_of_500000_model_experiments_31_01_2020_173703.h5 to output/experiments/models/chkpts
2020-01-31 17:37:38,612 - MAIN.TRAIN - [DEBUG]  iteration: 1000 	 avg loss: 0.6933224551677704
2020-01-31 17:37:50,789 - MAIN.TRAIN - [DEBUG]  iteration: 2000 	 avg loss: 0.6910923987627029
2020-01-31 17:38:02,997 - MAIN.TRAIN - [DEBUG]  iteration: 3000 	 avg loss: 0.6933946120738983
2020-01-31 17:38:15,254 - MAIN.TRAIN - [DEBUG]  iteration: 4000 	 avg loss: 0.6946173633933067
2020-01-31 17:38:27,330 - MAIN.TRAIN - [DEBUG]  iteration: 5000 	 avg loss: 0.693264792740345
2020-01-31 17:38:39,156 - MAIN.TRAIN - [DEBUG]  iteration: 6000 	 avg loss: 0.6933421563506127
2020-01-31 17:38:51,014 - MAIN.TRAIN - [DEBUG]  iteration: 7000 	 avg loss: 0.6935786801576614
2020-01-31 17:39:02,683 - MAIN.TRAIN - [DEBUG]  iteration: 8000 	 avg loss: 0.6940147967338562
2020-01-31 17:39:14,298 - MAIN.TRAIN - [DEBUG]  iteration: 9000 	 avg loss: 0.6922116963267326
2020-01-31 17:39:26,269 - MAIN.TRAIN - [DEBUG]  iteration: 10000 	 avg loss: 0.6925328925251961
2020-01-31 17:39:26,269 - MAIN.TRAIN - [DEBUG]  saving model at iteration 10000
2020-01-31 17:39:26,315 - MAIN.TRAIN - [DEBUG]  saved model 10000_of_500000_model_experiments_31_01_2020_173703.h5 to output/experiments/models/chkpts
2020-01-31 17:39:38,463 - MAIN.TRAIN - [DEBUG]  iteration: 11000 	 avg loss: 0.6932716904878616
2020-01-31 17:39:50,143 - MAIN.TRAIN - [DEBUG]  iteration: 12000 	 avg loss: 0.6920267429351806
2020-01-31 17:40:01,298 - MAIN.TRAIN - [DEBUG]  iteration: 13000 	 avg loss: 0.6919073559641838
2020-01-31 17:40:12,631 - MAIN.TRAIN - [DEBUG]  iteration: 14000 	 avg loss: 0.6924940611720085
2020-01-31 17:40:24,399 - MAIN.TRAIN - [DEBUG]  iteration: 15000 	 avg loss: 0.6932878015637398
2020-01-31 17:40:35,543 - MAIN.TRAIN - [DEBUG]  iteration: 16000 	 avg loss: 0.6933733447194099
2020-01-31 17:40:47,151 - MAIN.TRAIN - [DEBUG]  iteration: 17000 	 avg loss: 0.6911076397299767
2020-01-31 17:40:58,582 - MAIN.TRAIN - [DEBUG]  iteration: 18000 	 avg loss: 0.6919554606974125
2020-01-31 17:41:09,565 - MAIN.TRAIN - [DEBUG]  iteration: 19000 	 avg loss: 0.6910397302508354
2020-01-31 17:41:21,004 - MAIN.TRAIN - [DEBUG]  iteration: 20000 	 avg loss: 0.6888566639721394
2020-01-31 17:41:21,004 - MAIN.TRAIN - [DEBUG]  saving model at iteration 20000
2020-01-31 17:41:21,044 - MAIN.TRAIN - [DEBUG]  saved model 20000_of_500000_model_experiments_31_01_2020_173703.h5 to output/experiments/models/chkpts
2020-01-31 17:41:32,225 - MAIN.TRAIN - [DEBUG]  iteration: 21000 	 avg loss: 0.7004667417109013
2020-01-31 17:41:43,679 - MAIN.TRAIN - [DEBUG]  iteration: 22000 	 avg loss: 0.6891025029122829
2020-01-31 17:41:55,408 - MAIN.TRAIN - [DEBUG]  iteration: 23000 	 avg loss: 0.6913605107665062
2020-01-31 17:42:07,222 - MAIN.TRAIN - [DEBUG]  iteration: 24000 	 avg loss: 0.6910630438178778
2020-01-31 17:42:18,750 - MAIN.TRAIN - [DEBUG]  iteration: 25000 	 avg loss: 0.6980853036046029
2020-01-31 17:42:30,173 - MAIN.TRAIN - [DEBUG]  iteration: 26000 	 avg loss: 0.6911111025810242
2020-01-31 17:42:41,648 - MAIN.TRAIN - [DEBUG]  iteration: 27000 	 avg loss: 0.6957184922397137
2020-01-31 17:42:53,344 - MAIN.TRAIN - [DEBUG]  iteration: 28000 	 avg loss: 0.6897058009207249
2020-01-31 17:43:04,813 - MAIN.TRAIN - [DEBUG]  iteration: 29000 	 avg loss: 0.6848473505377769
2020-01-31 17:43:16,747 - MAIN.TRAIN - [DEBUG]  iteration: 30000 	 avg loss: 0.6959802610874176
2020-01-31 17:43:16,747 - MAIN.TRAIN - [DEBUG]  saving model at iteration 30000
2020-01-31 17:43:16,787 - MAIN.TRAIN - [DEBUG]  saved model 30000_of_500000_model_experiments_31_01_2020_173703.h5 to output/experiments/models/chkpts
2020-01-31 17:43:28,814 - MAIN.TRAIN - [DEBUG]  iteration: 31000 	 avg loss: 0.6853803022801876
2020-01-31 17:43:40,182 - MAIN.TRAIN - [DEBUG]  iteration: 32000 	 avg loss: 0.6841417290568351
2020-01-31 17:43:52,048 - MAIN.TRAIN - [DEBUG]  iteration: 33000 	 avg loss: 0.6853357381224632
2020-01-31 17:44:03,697 - MAIN.TRAIN - [DEBUG]  iteration: 34000 	 avg loss: 0.6797716965973377
2020-01-31 17:44:15,574 - MAIN.TRAIN - [DEBUG]  iteration: 35000 	 avg loss: 0.6838987957015633
2020-01-31 17:44:27,542 - MAIN.TRAIN - [DEBUG]  iteration: 36000 	 avg loss: 0.6868255154006183
2020-01-31 17:44:38,812 - MAIN.TRAIN - [DEBUG]  iteration: 37000 	 avg loss: 0.6823056142479181
2020-01-31 17:44:50,269 - MAIN.TRAIN - [DEBUG]  iteration: 38000 	 avg loss: 0.6815525945946574
2020-01-31 17:45:01,663 - MAIN.TRAIN - [DEBUG]  iteration: 39000 	 avg loss: 0.7179918158035725
2020-01-31 17:45:13,241 - MAIN.TRAIN - [DEBUG]  iteration: 40000 	 avg loss: 0.6751667277216912
2020-01-31 17:45:13,241 - MAIN.TRAIN - [DEBUG]  saving model at iteration 40000
2020-01-31 17:45:13,280 - MAIN.TRAIN - [DEBUG]  saved model 40000_of_500000_model_experiments_31_01_2020_173703.h5 to output/experiments/models/chkpts
2020-01-31 17:45:25,112 - MAIN.TRAIN - [DEBUG]  iteration: 41000 	 avg loss: 0.6912896460704505
2020-01-31 17:45:36,228 - MAIN.TRAIN - [DEBUG]  iteration: 42000 	 avg loss: 0.707138038540259
2020-01-31 17:45:46,948 - MAIN.TRAIN - [DEBUG]  iteration: 43000 	 avg loss: 0.6875183839742094
2020-01-31 17:45:58,194 - MAIN.TRAIN - [DEBUG]  iteration: 44000 	 avg loss: 0.6917723791487514
2020-01-31 17:46:09,382 - MAIN.TRAIN - [DEBUG]  iteration: 45000 	 avg loss: 0.6857109014652669
2020-01-31 17:46:20,252 - MAIN.TRAIN - [DEBUG]  iteration: 46000 	 avg loss: 0.6754471903461963
2020-01-31 17:46:31,310 - MAIN.TRAIN - [DEBUG]  iteration: 47000 	 avg loss: 0.7146283292733133
2020-01-31 17:46:42,509 - MAIN.TRAIN - [DEBUG]  iteration: 48000 	 avg loss: 0.6724892751806183
2020-01-31 17:46:53,507 - MAIN.TRAIN - [DEBUG]  iteration: 49000 	 avg loss: 0.6789612500770017
2020-01-31 17:47:04,782 - MAIN.TRAIN - [DEBUG]  iteration: 50000 	 avg loss: 0.67172577701509
2020-01-31 17:47:04,782 - MAIN.TRAIN - [DEBUG]  saving model at iteration 50000
2020-01-31 17:47:04,821 - MAIN.TRAIN - [DEBUG]  saved model 50000_of_500000_model_experiments_31_01_2020_173703.h5 to output/experiments/models/chkpts
2020-01-31 17:47:16,334 - MAIN.TRAIN - [DEBUG]  iteration: 51000 	 avg loss: 0.677895556287258
2020-01-31 17:47:27,744 - MAIN.TRAIN - [DEBUG]  iteration: 52000 	 avg loss: 0.6721007141517475
2020-01-31 17:47:39,500 - MAIN.TRAIN - [DEBUG]  iteration: 53000 	 avg loss: 0.6850678459876653
2020-01-31 17:47:51,151 - MAIN.TRAIN - [DEBUG]  iteration: 54000 	 avg loss: 0.6996377814040752
2020-01-31 17:48:02,701 - MAIN.TRAIN - [DEBUG]  iteration: 55000 	 avg loss: 0.7040141676827916
2020-01-31 17:48:14,362 - MAIN.TRAIN - [DEBUG]  iteration: 56000 	 avg loss: 0.7058169942342211
2020-01-31 17:48:25,893 - MAIN.TRAIN - [DEBUG]  iteration: 57000 	 avg loss: 0.6929049397252965
2020-01-31 17:48:36,721 - MAIN.TRAIN - [DEBUG]  iteration: 58000 	 avg loss: 0.715152787218336
2020-01-31 17:48:47,612 - MAIN.TRAIN - [DEBUG]  iteration: 59000 	 avg loss: 0.7249024956361391
2020-01-31 17:48:58,841 - MAIN.TRAIN - [DEBUG]  iteration: 60000 	 avg loss: 0.6701492274883385
2020-01-31 17:48:58,841 - MAIN.TRAIN - [DEBUG]  saving model at iteration 60000
2020-01-31 17:48:58,880 - MAIN.TRAIN - [DEBUG]  saved model 60000_of_500000_model_experiments_31_01_2020_173703.h5 to output/experiments/models/chkpts
2020-01-31 17:49:09,858 - MAIN.TRAIN - [DEBUG]  iteration: 61000 	 avg loss: 0.7084419909883872
2020-01-31 17:49:21,062 - MAIN.TRAIN - [DEBUG]  iteration: 62000 	 avg loss: 0.7689486592893955
2020-01-31 17:49:32,332 - MAIN.TRAIN - [DEBUG]  iteration: 63000 	 avg loss: 0.6784730983295012
2020-01-31 17:49:43,506 - MAIN.TRAIN - [DEBUG]  iteration: 64000 	 avg loss: 0.7987410902839328
2020-01-31 17:49:54,419 - MAIN.TRAIN - [DEBUG]  iteration: 65000 	 avg loss: 0.7611502849724784
2020-01-31 17:50:05,587 - MAIN.TRAIN - [DEBUG]  iteration: 66000 	 avg loss: 0.8095244580260914
2020-01-31 17:50:16,554 - MAIN.TRAIN - [DEBUG]  iteration: 67000 	 avg loss: 0.7349012209904686
2020-01-31 17:50:27,664 - MAIN.TRAIN - [DEBUG]  iteration: 68000 	 avg loss: 0.8064817697014655
2020-01-31 17:50:38,965 - MAIN.TRAIN - [DEBUG]  iteration: 69000 	 avg loss: 0.6972363648951323
2020-01-31 17:50:49,450 - MAIN.TRAIN - [DEBUG]  iteration: 70000 	 avg loss: 0.7184254564120438
2020-01-31 17:50:49,450 - MAIN.TRAIN - [DEBUG]  saving model at iteration 70000
2020-01-31 17:50:49,490 - MAIN.TRAIN - [DEBUG]  saved model 70000_of_500000_model_experiments_31_01_2020_173703.h5 to output/experiments/models/chkpts
2020-01-31 17:51:00,067 - MAIN.TRAIN - [DEBUG]  iteration: 71000 	 avg loss: 0.6561159556340262
2020-01-31 17:51:11,218 - MAIN.TRAIN - [DEBUG]  iteration: 72000 	 avg loss: 0.7331367894936475
2020-01-31 17:51:22,419 - MAIN.TRAIN - [DEBUG]  iteration: 73000 	 avg loss: 0.9392321687982476
2020-01-31 17:51:33,324 - MAIN.TRAIN - [DEBUG]  iteration: 74000 	 avg loss: 0.714016945166557
2020-01-31 17:51:44,222 - MAIN.TRAIN - [DEBUG]  iteration: 75000 	 avg loss: 0.807572020232897
2020-01-31 17:51:55,381 - MAIN.TRAIN - [DEBUG]  iteration: 76000 	 avg loss: 0.6850391318684558
2020-01-31 17:52:06,733 - MAIN.TRAIN - [DEBUG]  iteration: 77000 	 avg loss: 0.7871854570616637
2020-01-31 17:52:17,791 - MAIN.TRAIN - [DEBUG]  iteration: 78000 	 avg loss: 0.680853179758024
2020-01-31 17:52:28,521 - MAIN.TRAIN - [DEBUG]  iteration: 79000 	 avg loss: 0.690875906723013
2020-01-31 17:52:39,216 - MAIN.TRAIN - [DEBUG]  iteration: 80000 	 avg loss: 0.8085076053580148
2020-01-31 17:52:39,216 - MAIN.TRAIN - [DEBUG]  saving model at iteration 80000
2020-01-31 17:52:39,255 - MAIN.TRAIN - [DEBUG]  saved model 80000_of_500000_model_experiments_31_01_2020_173703.h5 to output/experiments/models/chkpts
2020-01-31 17:52:50,129 - MAIN.TRAIN - [DEBUG]  iteration: 81000 	 avg loss: 0.783102426339958
2020-01-31 17:53:01,009 - MAIN.TRAIN - [DEBUG]  iteration: 82000 	 avg loss: 0.8176369424658883
2020-01-31 17:53:12,099 - MAIN.TRAIN - [DEBUG]  iteration: 83000 	 avg loss: 0.7008562612506232
2020-01-31 17:53:22,986 - MAIN.TRAIN - [DEBUG]  iteration: 84000 	 avg loss: 0.6816671836205841
2020-01-31 17:53:33,574 - MAIN.TRAIN - [DEBUG]  iteration: 85000 	 avg loss: 0.7553194592843201
2020-01-31 17:53:44,477 - MAIN.TRAIN - [DEBUG]  iteration: 86000 	 avg loss: 0.8372757267238056
2020-01-31 17:53:55,352 - MAIN.TRAIN - [DEBUG]  iteration: 87000 	 avg loss: 0.6745242800976927
2020-01-31 17:54:05,992 - MAIN.TRAIN - [DEBUG]  iteration: 88000 	 avg loss: 0.7333824539349187
2020-01-31 17:54:16,715 - MAIN.TRAIN - [DEBUG]  iteration: 89000 	 avg loss: 0.7511518935406218
2020-01-31 17:54:27,255 - MAIN.TRAIN - [DEBUG]  iteration: 90000 	 avg loss: 0.7634835410173487
2020-01-31 17:54:27,255 - MAIN.TRAIN - [DEBUG]  saving model at iteration 90000
2020-01-31 17:54:27,296 - MAIN.TRAIN - [DEBUG]  saved model 90000_of_500000_model_experiments_31_01_2020_173703.h5 to output/experiments/models/chkpts
2020-01-31 17:54:38,367 - MAIN.TRAIN - [DEBUG]  iteration: 91000 	 avg loss: 0.7152909646750527
2020-01-31 17:54:49,341 - MAIN.TRAIN - [DEBUG]  iteration: 92000 	 avg loss: 0.773851451126771
2020-01-31 17:55:00,086 - MAIN.TRAIN - [DEBUG]  iteration: 93000 	 avg loss: 0.6920689956536284
2020-01-31 17:55:11,068 - MAIN.TRAIN - [DEBUG]  iteration: 94000 	 avg loss: 0.8526583121561557
2020-01-31 17:55:22,254 - MAIN.TRAIN - [DEBUG]  iteration: 95000 	 avg loss: 0.9317355350785212
2020-01-31 17:55:33,180 - MAIN.TRAIN - [DEBUG]  iteration: 96000 	 avg loss: 0.7807784462436302
2020-01-31 17:55:44,901 - MAIN.TRAIN - [DEBUG]  iteration: 97000 	 avg loss: 0.9536887752004372
2020-01-31 17:55:55,907 - MAIN.TRAIN - [DEBUG]  iteration: 98000 	 avg loss: 0.6990272319856362
2020-01-31 17:56:07,117 - MAIN.TRAIN - [DEBUG]  iteration: 99000 	 avg loss: 0.9002745917418661
2020-01-31 17:56:18,526 - MAIN.TRAIN - [DEBUG]  iteration: 100000 	 avg loss: 0.8848072054398205
2020-01-31 17:56:18,526 - MAIN.TRAIN - [DEBUG]  saving model at iteration 100000
2020-01-31 17:56:18,567 - MAIN.TRAIN - [DEBUG]  saved model 100000_of_500000_model_experiments_31_01_2020_173703.h5 to output/experiments/models/chkpts
2020-01-31 17:56:29,835 - MAIN.TRAIN - [DEBUG]  iteration: 101000 	 avg loss: 0.9623463949612975
2020-01-31 17:56:40,622 - MAIN.TRAIN - [DEBUG]  iteration: 102000 	 avg loss: 0.7979339178700523
2020-01-31 17:56:51,305 - MAIN.TRAIN - [DEBUG]  iteration: 103000 	 avg loss: 0.7588926857558137
2020-01-31 17:57:01,987 - MAIN.TRAIN - [DEBUG]  iteration: 104000 	 avg loss: 0.6771034962834822
2020-01-31 17:57:12,835 - MAIN.TRAIN - [DEBUG]  iteration: 105000 	 avg loss: 0.9225406653423271
2020-01-31 17:57:23,585 - MAIN.TRAIN - [DEBUG]  iteration: 106000 	 avg loss: 0.9957232477137296
2020-01-31 17:57:34,676 - MAIN.TRAIN - [DEBUG]  iteration: 107000 	 avg loss: 0.9322485574591213
2020-01-31 17:57:45,463 - MAIN.TRAIN - [DEBUG]  iteration: 108000 	 avg loss: 1.0467580086384365
2020-01-31 17:57:56,449 - MAIN.TRAIN - [DEBUG]  iteration: 109000 	 avg loss: 0.6958138722563842
2020-01-31 17:58:07,198 - MAIN.TRAIN - [DEBUG]  iteration: 110000 	 avg loss: 0.6740504731474958
2020-01-31 17:58:07,199 - MAIN.TRAIN - [DEBUG]  saving model at iteration 110000
2020-01-31 17:58:07,238 - MAIN.TRAIN - [DEBUG]  saved model 110000_of_500000_model_experiments_31_01_2020_173703.h5 to output/experiments/models/chkpts
2020-01-31 17:58:18,126 - MAIN.TRAIN - [DEBUG]  iteration: 111000 	 avg loss: 0.9263490128009934
2020-01-31 17:58:29,084 - MAIN.TRAIN - [DEBUG]  iteration: 112000 	 avg loss: 0.7344931287248444
2020-01-31 17:58:39,710 - MAIN.TRAIN - [DEBUG]  iteration: 113000 	 avg loss: 1.0502442816237594
2020-01-31 17:58:50,177 - MAIN.TRAIN - [DEBUG]  iteration: 114000 	 avg loss: 1.0204556049316686
2020-01-31 17:59:00,643 - MAIN.TRAIN - [DEBUG]  iteration: 115000 	 avg loss: 0.8311618518493477
2020-01-31 17:59:11,160 - MAIN.TRAIN - [DEBUG]  iteration: 116000 	 avg loss: 1.015710590056329
2020-01-31 17:59:21,645 - MAIN.TRAIN - [DEBUG]  iteration: 117000 	 avg loss: 0.807080255500101
2020-01-31 17:59:32,440 - MAIN.TRAIN - [DEBUG]  iteration: 118000 	 avg loss: 0.8417816124101457
2020-01-31 17:59:43,262 - MAIN.TRAIN - [DEBUG]  iteration: 119000 	 avg loss: 0.700518759281547
2020-01-31 17:59:54,101 - MAIN.TRAIN - [DEBUG]  iteration: 120000 	 avg loss: 0.7833272242029723
2020-01-31 17:59:54,101 - MAIN.TRAIN - [DEBUG]  saving model at iteration 120000
2020-01-31 17:59:54,140 - MAIN.TRAIN - [DEBUG]  saved model 120000_of_500000_model_experiments_31_01_2020_173703.h5 to output/experiments/models/chkpts
2020-01-31 18:00:04,828 - MAIN.TRAIN - [DEBUG]  iteration: 121000 	 avg loss: 1.0406874360098242
2020-01-31 18:00:15,545 - MAIN.TRAIN - [DEBUG]  iteration: 122000 	 avg loss: 0.8472507859532752
2020-01-31 18:00:26,220 - MAIN.TRAIN - [DEBUG]  iteration: 123000 	 avg loss: 1.1707172741006442
2020-01-31 18:00:37,016 - MAIN.TRAIN - [DEBUG]  iteration: 124000 	 avg loss: 0.8287641682837701
2020-01-31 18:00:47,735 - MAIN.TRAIN - [DEBUG]  iteration: 125000 	 avg loss: 1.0863955891687587
2020-01-31 18:00:58,278 - MAIN.TRAIN - [DEBUG]  iteration: 126000 	 avg loss: 0.9265430026921754
2020-01-31 18:01:08,622 - MAIN.TRAIN - [DEBUG]  iteration: 127000 	 avg loss: 0.9474723154838094
2020-01-31 18:01:19,365 - MAIN.TRAIN - [DEBUG]  iteration: 128000 	 avg loss: 1.1621287903958173
2020-01-31 18:01:30,321 - MAIN.TRAIN - [DEBUG]  iteration: 129000 	 avg loss: 0.9859272915001154
2020-01-31 18:01:41,464 - MAIN.TRAIN - [DEBUG]  iteration: 130000 	 avg loss: 1.1388232454060516
2020-01-31 18:01:41,464 - MAIN.TRAIN - [DEBUG]  saving model at iteration 130000
2020-01-31 18:01:41,503 - MAIN.TRAIN - [DEBUG]  saved model 130000_of_500000_model_experiments_31_01_2020_173703.h5 to output/experiments/models/chkpts
2020-01-31 18:01:52,064 - MAIN.TRAIN - [DEBUG]  iteration: 131000 	 avg loss: 1.0707858640897245
2020-01-31 18:02:03,018 - MAIN.TRAIN - [DEBUG]  iteration: 132000 	 avg loss: 0.7080687854466512
2020-01-31 18:02:13,832 - MAIN.TRAIN - [DEBUG]  iteration: 133000 	 avg loss: 0.7672802479171307
2020-01-31 18:02:24,702 - MAIN.TRAIN - [DEBUG]  iteration: 134000 	 avg loss: 0.7483286644298189
2020-01-31 18:02:35,493 - MAIN.TRAIN - [DEBUG]  iteration: 135000 	 avg loss: 0.7371394401124706
2020-01-31 18:02:45,958 - MAIN.TRAIN - [DEBUG]  iteration: 136000 	 avg loss: 1.216424181215612
2020-01-31 18:02:56,370 - MAIN.TRAIN - [DEBUG]  iteration: 137000 	 avg loss: 0.8181431988713112
2020-01-31 18:03:07,398 - MAIN.TRAIN - [DEBUG]  iteration: 138000 	 avg loss: 0.8421673244067223
2020-01-31 18:03:18,156 - MAIN.TRAIN - [DEBUG]  iteration: 139000 	 avg loss: 0.9664653361409418
2020-01-31 18:03:28,971 - MAIN.TRAIN - [DEBUG]  iteration: 140000 	 avg loss: 1.2267682577652539
2020-01-31 18:03:28,971 - MAIN.TRAIN - [DEBUG]  saving model at iteration 140000
2020-01-31 18:03:29,011 - MAIN.TRAIN - [DEBUG]  saved model 140000_of_500000_model_experiments_31_01_2020_173703.h5 to output/experiments/models/chkpts
2020-01-31 18:03:39,632 - MAIN.TRAIN - [DEBUG]  iteration: 141000 	 avg loss: 0.7643302059855946
2020-01-31 18:03:50,374 - MAIN.TRAIN - [DEBUG]  iteration: 142000 	 avg loss: 0.9400005891567736
2020-01-31 18:04:01,248 - MAIN.TRAIN - [DEBUG]  iteration: 143000 	 avg loss: 1.0951736152117202
2020-01-31 18:04:12,119 - MAIN.TRAIN - [DEBUG]  iteration: 144000 	 avg loss: 1.0036257979547782
2020-01-31 18:04:22,932 - MAIN.TRAIN - [DEBUG]  iteration: 145000 	 avg loss: 1.086617899602851
2020-01-31 18:04:33,688 - MAIN.TRAIN - [DEBUG]  iteration: 146000 	 avg loss: 0.8608256317899061
2020-01-31 18:04:44,267 - MAIN.TRAIN - [DEBUG]  iteration: 147000 	 avg loss: 0.9329578471355833
2020-01-31 18:04:55,325 - MAIN.TRAIN - [DEBUG]  iteration: 148000 	 avg loss: 1.2345453180260577
2020-01-31 18:05:06,551 - MAIN.TRAIN - [DEBUG]  iteration: 149000 	 avg loss: 0.9114693192325898
2020-01-31 18:05:17,799 - MAIN.TRAIN - [DEBUG]  iteration: 150000 	 avg loss: 1.006955496179728
2020-01-31 18:05:17,799 - MAIN.TRAIN - [DEBUG]  saving model at iteration 150000
2020-01-31 18:05:17,838 - MAIN.TRAIN - [DEBUG]  saved model 150000_of_500000_model_experiments_31_01_2020_173703.h5 to output/experiments/models/chkpts
2020-01-31 18:05:28,756 - MAIN.TRAIN - [DEBUG]  iteration: 151000 	 avg loss: 0.8715982932591511
2020-01-31 18:05:39,640 - MAIN.TRAIN - [DEBUG]  iteration: 152000 	 avg loss: 1.021496538291271
2020-01-31 18:05:50,592 - MAIN.TRAIN - [DEBUG]  iteration: 153000 	 avg loss: 1.3460503080979478
2020-01-31 18:06:02,072 - MAIN.TRAIN - [DEBUG]  iteration: 154000 	 avg loss: 1.1353157125248514
2020-01-31 18:06:12,984 - MAIN.TRAIN - [DEBUG]  iteration: 155000 	 avg loss: 0.9323831681775766
2020-01-31 18:06:23,981 - MAIN.TRAIN - [DEBUG]  iteration: 156000 	 avg loss: 1.2828358820708436
2020-01-31 18:06:34,795 - MAIN.TRAIN - [DEBUG]  iteration: 157000 	 avg loss: 0.9938929091262326
2020-01-31 18:06:46,358 - MAIN.TRAIN - [DEBUG]  iteration: 158000 	 avg loss: 1.0458196144790775
2020-01-31 18:06:56,927 - MAIN.TRAIN - [DEBUG]  iteration: 159000 	 avg loss: 1.219728266201586
2020-01-31 18:07:07,536 - MAIN.TRAIN - [DEBUG]  iteration: 160000 	 avg loss: 1.0390244673476903
2020-01-31 18:07:07,536 - MAIN.TRAIN - [DEBUG]  saving model at iteration 160000
2020-01-31 18:07:07,575 - MAIN.TRAIN - [DEBUG]  saved model 160000_of_500000_model_experiments_31_01_2020_173703.h5 to output/experiments/models/chkpts
2020-01-31 18:07:18,159 - MAIN.TRAIN - [DEBUG]  iteration: 161000 	 avg loss: 1.1564093373837092
2020-01-31 18:07:28,668 - MAIN.TRAIN - [DEBUG]  iteration: 162000 	 avg loss: 1.0148238051784815
2020-01-31 18:07:39,009 - MAIN.TRAIN - [DEBUG]  iteration: 163000 	 avg loss: 0.8075855505024072
2020-01-31 18:07:49,399 - MAIN.TRAIN - [DEBUG]  iteration: 164000 	 avg loss: 1.3842063670952125
2020-01-31 18:07:59,751 - MAIN.TRAIN - [DEBUG]  iteration: 165000 	 avg loss: 1.3395749083046724
2020-01-31 18:08:10,383 - MAIN.TRAIN - [DEBUG]  iteration: 166000 	 avg loss: 1.245290525464771
2020-01-31 18:08:20,683 - MAIN.TRAIN - [DEBUG]  iteration: 167000 	 avg loss: 0.8568376921727204
2020-01-31 18:08:31,271 - MAIN.TRAIN - [DEBUG]  iteration: 168000 	 avg loss: 1.3797355347234013
2020-01-31 18:08:42,010 - MAIN.TRAIN - [DEBUG]  iteration: 169000 	 avg loss: 0.9958946254654936
2020-01-31 18:08:52,752 - MAIN.TRAIN - [DEBUG]  iteration: 170000 	 avg loss: 1.4307143697809925
2020-01-31 18:08:52,752 - MAIN.TRAIN - [DEBUG]  saving model at iteration 170000
2020-01-31 18:08:52,792 - MAIN.TRAIN - [DEBUG]  saved model 170000_of_500000_model_experiments_31_01_2020_173703.h5 to output/experiments/models/chkpts
2020-01-31 18:09:03,385 - MAIN.TRAIN - [DEBUG]  iteration: 171000 	 avg loss: 0.9870995821927881
2020-01-31 18:09:14,023 - MAIN.TRAIN - [DEBUG]  iteration: 172000 	 avg loss: 1.3108154066462359
2020-01-31 18:09:24,891 - MAIN.TRAIN - [DEBUG]  iteration: 173000 	 avg loss: 0.8467864277738418
2020-01-31 18:09:35,582 - MAIN.TRAIN - [DEBUG]  iteration: 174000 	 avg loss: 1.2301189230375644
2020-01-31 18:09:46,274 - MAIN.TRAIN - [DEBUG]  iteration: 175000 	 avg loss: 1.0266916511885054
2020-01-31 18:09:56,995 - MAIN.TRAIN - [DEBUG]  iteration: 176000 	 avg loss: 1.1881086102226788
2020-01-31 18:10:07,400 - MAIN.TRAIN - [DEBUG]  iteration: 177000 	 avg loss: 1.164412072419161
2020-01-31 18:10:18,158 - MAIN.TRAIN - [DEBUG]  iteration: 178000 	 avg loss: 1.0672764145566789
2020-01-31 18:10:28,715 - MAIN.TRAIN - [DEBUG]  iteration: 179000 	 avg loss: 1.1629599365386312
2020-01-31 18:10:39,450 - MAIN.TRAIN - [DEBUG]  iteration: 180000 	 avg loss: 0.925299176725991
2020-01-31 18:10:39,450 - MAIN.TRAIN - [DEBUG]  saving model at iteration 180000
2020-01-31 18:10:39,489 - MAIN.TRAIN - [DEBUG]  saved model 180000_of_500000_model_experiments_31_01_2020_173703.h5 to output/experiments/models/chkpts
2020-01-31 18:10:50,058 - MAIN.TRAIN - [DEBUG]  iteration: 181000 	 avg loss: 1.3078164882839605
2020-01-31 18:11:00,728 - MAIN.TRAIN - [DEBUG]  iteration: 182000 	 avg loss: 0.9344027382790179
2020-01-31 18:11:12,231 - MAIN.TRAIN - [DEBUG]  iteration: 183000 	 avg loss: 0.7533452814848441
2020-01-31 18:11:23,387 - MAIN.TRAIN - [DEBUG]  iteration: 184000 	 avg loss: 1.3325135237870103
2020-01-31 18:11:34,731 - MAIN.TRAIN - [DEBUG]  iteration: 185000 	 avg loss: 0.9990926847980688
2020-01-31 18:11:45,634 - MAIN.TRAIN - [DEBUG]  iteration: 186000 	 avg loss: 1.4123576288219428
2020-01-31 18:11:56,888 - MAIN.TRAIN - [DEBUG]  iteration: 187000 	 avg loss: 0.9775405422658219
2020-01-31 18:12:07,850 - MAIN.TRAIN - [DEBUG]  iteration: 188000 	 avg loss: 1.0594837983474836
2020-01-31 18:12:18,364 - MAIN.TRAIN - [DEBUG]  iteration: 189000 	 avg loss: 1.1058602630581877
2020-01-31 18:12:29,573 - MAIN.TRAIN - [DEBUG]  iteration: 190000 	 avg loss: 1.1839068516453175
2020-01-31 18:12:29,573 - MAIN.TRAIN - [DEBUG]  saving model at iteration 190000
2020-01-31 18:12:29,613 - MAIN.TRAIN - [DEBUG]  saved model 190000_of_500000_model_experiments_31_01_2020_173703.h5 to output/experiments/models/chkpts
2020-01-31 18:12:40,572 - MAIN.TRAIN - [DEBUG]  iteration: 191000 	 avg loss: 0.9782190087523696
2020-01-31 18:12:51,435 - MAIN.TRAIN - [DEBUG]  iteration: 192000 	 avg loss: 1.4542772026326942
2020-01-31 18:13:02,079 - MAIN.TRAIN - [DEBUG]  iteration: 193000 	 avg loss: 1.1284442556485939
2020-01-31 18:13:12,980 - MAIN.TRAIN - [DEBUG]  iteration: 194000 	 avg loss: 1.1515361563340258
2020-01-31 18:13:23,421 - MAIN.TRAIN - [DEBUG]  iteration: 195000 	 avg loss: 1.0978481016967079
2020-01-31 18:13:34,171 - MAIN.TRAIN - [DEBUG]  iteration: 196000 	 avg loss: 0.9341908583860238
2020-01-31 18:13:45,153 - MAIN.TRAIN - [DEBUG]  iteration: 197000 	 avg loss: 1.0847847333957263
2020-01-31 18:13:55,925 - MAIN.TRAIN - [DEBUG]  iteration: 198000 	 avg loss: 1.2654510365424152
2020-01-31 18:14:06,809 - MAIN.TRAIN - [DEBUG]  iteration: 199000 	 avg loss: 0.8530614092100081
2020-01-31 18:14:17,861 - MAIN.TRAIN - [DEBUG]  iteration: 200000 	 avg loss: 1.042632655795248
2020-01-31 18:14:17,862 - MAIN.TRAIN - [DEBUG]  saving model at iteration 200000
2020-01-31 18:14:17,900 - MAIN.TRAIN - [DEBUG]  saved model 200000_of_500000_model_experiments_31_01_2020_173703.h5 to output/experiments/models/chkpts
2020-01-31 18:14:28,997 - MAIN.TRAIN - [DEBUG]  iteration: 201000 	 avg loss: 1.3557616098253482
2020-01-31 18:14:39,816 - MAIN.TRAIN - [DEBUG]  iteration: 202000 	 avg loss: 0.8710998527993631
2020-01-31 18:14:50,606 - MAIN.TRAIN - [DEBUG]  iteration: 203000 	 avg loss: 1.3449194465482972
2020-01-31 18:15:01,257 - MAIN.TRAIN - [DEBUG]  iteration: 204000 	 avg loss: 1.2355494519484005
2020-01-31 18:15:11,767 - MAIN.TRAIN - [DEBUG]  iteration: 205000 	 avg loss: 0.9895730038918495
2020-01-31 18:15:22,454 - MAIN.TRAIN - [DEBUG]  iteration: 206000 	 avg loss: 1.1674893239369741
2020-01-31 18:15:33,004 - MAIN.TRAIN - [DEBUG]  iteration: 207000 	 avg loss: 1.0061946402484565
2020-01-31 18:15:43,558 - MAIN.TRAIN - [DEBUG]  iteration: 208000 	 avg loss: 1.040487532959638
2020-01-31 18:15:54,441 - MAIN.TRAIN - [DEBUG]  iteration: 209000 	 avg loss: 1.1936801166967586
2020-01-31 18:16:05,360 - MAIN.TRAIN - [DEBUG]  iteration: 210000 	 avg loss: 1.2207373891404314
2020-01-31 18:16:05,361 - MAIN.TRAIN - [DEBUG]  saving model at iteration 210000
2020-01-31 18:16:05,408 - MAIN.TRAIN - [DEBUG]  saved model 210000_of_500000_model_experiments_31_01_2020_173703.h5 to output/experiments/models/chkpts
2020-01-31 18:16:17,059 - MAIN.TRAIN - [DEBUG]  iteration: 211000 	 avg loss: 0.8436521587598539
2020-01-31 18:16:28,358 - MAIN.TRAIN - [DEBUG]  iteration: 212000 	 avg loss: 0.9942471035290089
2020-01-31 18:16:39,486 - MAIN.TRAIN - [DEBUG]  iteration: 213000 	 avg loss: 0.9975837624563496
2020-01-31 18:16:50,816 - MAIN.TRAIN - [DEBUG]  iteration: 214000 	 avg loss: 1.0562921915852481
2020-01-31 18:17:01,872 - MAIN.TRAIN - [DEBUG]  iteration: 215000 	 avg loss: 0.8322887433170347
2020-01-31 18:17:13,594 - MAIN.TRAIN - [DEBUG]  iteration: 216000 	 avg loss: 1.25646084393522
2020-01-31 18:17:24,805 - MAIN.TRAIN - [DEBUG]  iteration: 217000 	 avg loss: 1.1986555771206229
2020-01-31 18:17:36,320 - MAIN.TRAIN - [DEBUG]  iteration: 218000 	 avg loss: 1.3626601831923828
2020-01-31 18:17:48,080 - MAIN.TRAIN - [DEBUG]  iteration: 219000 	 avg loss: 1.4213669011874026
2020-01-31 18:17:59,715 - MAIN.TRAIN - [DEBUG]  iteration: 220000 	 avg loss: 1.1657866266205195
2020-01-31 18:17:59,715 - MAIN.TRAIN - [DEBUG]  saving model at iteration 220000
2020-01-31 18:17:59,756 - MAIN.TRAIN - [DEBUG]  saved model 220000_of_500000_model_experiments_31_01_2020_173703.h5 to output/experiments/models/chkpts
2020-01-31 18:18:11,678 - MAIN.TRAIN - [DEBUG]  iteration: 221000 	 avg loss: 1.578640844802632
2020-01-31 18:18:23,195 - MAIN.TRAIN - [DEBUG]  iteration: 222000 	 avg loss: 1.0330049226689235
2020-01-31 18:18:34,252 - MAIN.TRAIN - [DEBUG]  iteration: 223000 	 avg loss: 0.9782112498844193
2020-01-31 18:18:45,009 - MAIN.TRAIN - [DEBUG]  iteration: 224000 	 avg loss: 1.2488431158597018
2020-01-31 18:18:55,696 - MAIN.TRAIN - [DEBUG]  iteration: 225000 	 avg loss: 1.3198127104499784
2020-01-31 18:19:06,504 - MAIN.TRAIN - [DEBUG]  iteration: 226000 	 avg loss: 0.95711778141548
2020-01-31 18:19:17,301 - MAIN.TRAIN - [DEBUG]  iteration: 227000 	 avg loss: 1.2180692074483774
2020-01-31 18:19:27,994 - MAIN.TRAIN - [DEBUG]  iteration: 228000 	 avg loss: 1.2178030203973902
2020-01-31 18:19:38,748 - MAIN.TRAIN - [DEBUG]  iteration: 229000 	 avg loss: 1.2890991902056141
2020-01-31 18:19:49,482 - MAIN.TRAIN - [DEBUG]  iteration: 230000 	 avg loss: 1.3704072278246924
2020-01-31 18:19:49,482 - MAIN.TRAIN - [DEBUG]  saving model at iteration 230000
2020-01-31 18:19:49,521 - MAIN.TRAIN - [DEBUG]  saved model 230000_of_500000_model_experiments_31_01_2020_173703.h5 to output/experiments/models/chkpts
2020-01-31 18:20:00,469 - MAIN.TRAIN - [DEBUG]  iteration: 231000 	 avg loss: 1.4797620957216855
2020-01-31 18:20:11,262 - MAIN.TRAIN - [DEBUG]  iteration: 232000 	 avg loss: 1.4123857884170625
2020-01-31 18:20:21,977 - MAIN.TRAIN - [DEBUG]  iteration: 233000 	 avg loss: 1.68032086211763
2020-01-31 18:20:33,223 - MAIN.TRAIN - [DEBUG]  iteration: 234000 	 avg loss: 0.9516558337922663
2020-01-31 18:20:44,135 - MAIN.TRAIN - [DEBUG]  iteration: 235000 	 avg loss: 1.031883003567495
2020-01-31 18:20:55,174 - MAIN.TRAIN - [DEBUG]  iteration: 236000 	 avg loss: 1.1380558273351666
2020-01-31 18:21:06,415 - MAIN.TRAIN - [DEBUG]  iteration: 237000 	 avg loss: 0.9519563964799741
2020-01-31 18:21:17,975 - MAIN.TRAIN - [DEBUG]  iteration: 238000 	 avg loss: 1.008058728693743
2020-01-31 18:21:29,661 - MAIN.TRAIN - [DEBUG]  iteration: 239000 	 avg loss: 0.9012434823739509
2020-01-31 18:21:40,747 - MAIN.TRAIN - [DEBUG]  iteration: 240000 	 avg loss: 0.8997874178808977
2020-01-31 18:21:40,747 - MAIN.TRAIN - [DEBUG]  saving model at iteration 240000
2020-01-31 18:21:40,788 - MAIN.TRAIN - [DEBUG]  saved model 240000_of_500000_model_experiments_31_01_2020_173703.h5 to output/experiments/models/chkpts
2020-01-31 18:21:51,871 - MAIN.TRAIN - [DEBUG]  iteration: 241000 	 avg loss: 0.9826909899078093
2020-01-31 18:22:02,658 - MAIN.TRAIN - [DEBUG]  iteration: 242000 	 avg loss: 1.6891909659781568
2020-01-31 18:22:13,408 - MAIN.TRAIN - [DEBUG]  iteration: 243000 	 avg loss: 1.0864316786447181
2020-01-31 18:22:25,240 - MAIN.TRAIN - [DEBUG]  iteration: 244000 	 avg loss: 1.190041388990348
2020-01-31 18:22:36,184 - MAIN.TRAIN - [DEBUG]  iteration: 245000 	 avg loss: 1.2563619692470278
2020-01-31 18:22:47,395 - MAIN.TRAIN - [DEBUG]  iteration: 246000 	 avg loss: 1.2012510072720188
2020-01-31 18:22:58,387 - MAIN.TRAIN - [DEBUG]  iteration: 247000 	 avg loss: 1.132403204978627
2020-01-31 18:23:09,385 - MAIN.TRAIN - [DEBUG]  iteration: 248000 	 avg loss: 0.8619209900090048
2020-01-31 18:23:20,560 - MAIN.TRAIN - [DEBUG]  iteration: 249000 	 avg loss: 1.1542854419221675
2020-01-31 18:23:31,438 - MAIN.TRAIN - [DEBUG]  iteration: 250000 	 avg loss: 1.2162153125574333
2020-01-31 18:23:31,438 - MAIN.TRAIN - [DEBUG]  saving model at iteration 250000
2020-01-31 18:23:31,477 - MAIN.TRAIN - [DEBUG]  saved model 250000_of_500000_model_experiments_31_01_2020_173703.h5 to output/experiments/models/chkpts
2020-01-31 18:23:42,535 - MAIN.TRAIN - [DEBUG]  iteration: 251000 	 avg loss: 1.0505814836523515
2020-01-31 18:23:53,814 - MAIN.TRAIN - [DEBUG]  iteration: 252000 	 avg loss: 0.9654338534773631
2020-01-31 18:24:05,274 - MAIN.TRAIN - [DEBUG]  iteration: 253000 	 avg loss: 1.1106559862158245
2020-01-31 18:24:16,284 - MAIN.TRAIN - [DEBUG]  iteration: 254000 	 avg loss: 1.111783477719177
2020-01-31 18:24:27,234 - MAIN.TRAIN - [DEBUG]  iteration: 255000 	 avg loss: 1.0744326238989943
2020-01-31 18:24:38,156 - MAIN.TRAIN - [DEBUG]  iteration: 256000 	 avg loss: 1.081332741238713
2020-01-31 18:24:48,935 - MAIN.TRAIN - [DEBUG]  iteration: 257000 	 avg loss: 1.1613893385504477
2020-01-31 18:24:59,817 - MAIN.TRAIN - [DEBUG]  iteration: 258000 	 avg loss: 1.201922731590972
2020-01-31 18:25:10,726 - MAIN.TRAIN - [DEBUG]  iteration: 259000 	 avg loss: 1.0761697422472323
2020-01-31 18:25:21,640 - MAIN.TRAIN - [DEBUG]  iteration: 260000 	 avg loss: 1.0956408520926726
2020-01-31 18:25:21,640 - MAIN.TRAIN - [DEBUG]  saving model at iteration 260000
2020-01-31 18:25:21,680 - MAIN.TRAIN - [DEBUG]  saved model 260000_of_500000_model_experiments_31_01_2020_173703.h5 to output/experiments/models/chkpts
2020-01-31 18:25:32,385 - MAIN.TRAIN - [DEBUG]  iteration: 261000 	 avg loss: 1.1173400342837454
2020-01-31 18:25:43,185 - MAIN.TRAIN - [DEBUG]  iteration: 262000 	 avg loss: 1.08722535694611
2020-01-31 18:25:53,821 - MAIN.TRAIN - [DEBUG]  iteration: 263000 	 avg loss: 1.2426610866046386
2020-01-31 18:26:04,788 - MAIN.TRAIN - [DEBUG]  iteration: 264000 	 avg loss: 1.0182109797978536
2020-01-31 18:26:15,939 - MAIN.TRAIN - [DEBUG]  iteration: 265000 	 avg loss: 1.2807866452959271
2020-01-31 18:26:28,269 - MAIN.TRAIN - [DEBUG]  iteration: 266000 	 avg loss: 1.091918330934132
2020-01-31 18:26:39,800 - MAIN.TRAIN - [DEBUG]  iteration: 267000 	 avg loss: 1.0947633226889695
2020-01-31 18:26:50,578 - MAIN.TRAIN - [DEBUG]  iteration: 268000 	 avg loss: 1.1520013818766033
2020-01-31 18:27:01,291 - MAIN.TRAIN - [DEBUG]  iteration: 269000 	 avg loss: 1.4155307767078367
2020-01-31 18:27:11,885 - MAIN.TRAIN - [DEBUG]  iteration: 270000 	 avg loss: 1.0690422361121827
2020-01-31 18:27:11,885 - MAIN.TRAIN - [DEBUG]  saving model at iteration 270000
2020-01-31 18:27:11,923 - MAIN.TRAIN - [DEBUG]  saved model 270000_of_500000_model_experiments_31_01_2020_173703.h5 to output/experiments/models/chkpts
2020-01-31 18:27:22,751 - MAIN.TRAIN - [DEBUG]  iteration: 271000 	 avg loss: 1.109587924984047
2020-01-31 18:27:34,188 - MAIN.TRAIN - [DEBUG]  iteration: 272000 	 avg loss: 0.9765261652407332
2020-01-31 18:27:45,045 - MAIN.TRAIN - [DEBUG]  iteration: 273000 	 avg loss: 0.9535481872545133
2020-01-31 18:27:55,789 - MAIN.TRAIN - [DEBUG]  iteration: 274000 	 avg loss: 1.2004225253863876
2020-01-31 18:28:06,948 - MAIN.TRAIN - [DEBUG]  iteration: 275000 	 avg loss: 0.9465294807965802
2020-01-31 18:28:17,737 - MAIN.TRAIN - [DEBUG]  iteration: 276000 	 avg loss: 0.8581961894121756
2020-01-31 18:28:28,414 - MAIN.TRAIN - [DEBUG]  iteration: 277000 	 avg loss: 1.0410180963613456
2020-01-31 18:28:39,058 - MAIN.TRAIN - [DEBUG]  iteration: 278000 	 avg loss: 0.9953443175592117
2020-01-31 18:28:49,806 - MAIN.TRAIN - [DEBUG]  iteration: 279000 	 avg loss: 1.299871773882238
2020-01-31 18:29:00,574 - MAIN.TRAIN - [DEBUG]  iteration: 280000 	 avg loss: 1.1647632749231163
2020-01-31 18:29:00,574 - MAIN.TRAIN - [DEBUG]  saving model at iteration 280000
2020-01-31 18:29:00,612 - MAIN.TRAIN - [DEBUG]  saved model 280000_of_500000_model_experiments_31_01_2020_173703.h5 to output/experiments/models/chkpts
2020-01-31 18:29:11,415 - MAIN.TRAIN - [DEBUG]  iteration: 281000 	 avg loss: 0.8752908890339454
2020-01-31 18:29:22,266 - MAIN.TRAIN - [DEBUG]  iteration: 282000 	 avg loss: 1.1077476078356598
2020-01-31 18:29:33,251 - MAIN.TRAIN - [DEBUG]  iteration: 283000 	 avg loss: 1.080875472470847
2020-01-31 18:29:44,097 - MAIN.TRAIN - [DEBUG]  iteration: 284000 	 avg loss: 1.126123353175952
2020-01-31 18:29:55,008 - MAIN.TRAIN - [DEBUG]  iteration: 285000 	 avg loss: 0.8641168860580117
2020-01-31 18:30:06,052 - MAIN.TRAIN - [DEBUG]  iteration: 286000 	 avg loss: 1.3851208700665663
2020-01-31 18:30:16,968 - MAIN.TRAIN - [DEBUG]  iteration: 287000 	 avg loss: 0.7308840229343591
2020-01-31 18:30:27,893 - MAIN.TRAIN - [DEBUG]  iteration: 288000 	 avg loss: 1.2509197825064875
2020-01-31 18:30:38,678 - MAIN.TRAIN - [DEBUG]  iteration: 289000 	 avg loss: 1.3588067027909045
2020-01-31 18:30:49,347 - MAIN.TRAIN - [DEBUG]  iteration: 290000 	 avg loss: 1.0581402630652401
2020-01-31 18:30:49,347 - MAIN.TRAIN - [DEBUG]  saving model at iteration 290000
2020-01-31 18:30:49,391 - MAIN.TRAIN - [DEBUG]  saved model 290000_of_500000_model_experiments_31_01_2020_173703.h5 to output/experiments/models/chkpts
2020-01-31 18:31:00,657 - MAIN.TRAIN - [DEBUG]  iteration: 291000 	 avg loss: 0.9960327325093006
2020-01-31 18:31:12,029 - MAIN.TRAIN - [DEBUG]  iteration: 292000 	 avg loss: 0.9490125924426674
2020-01-31 18:31:23,295 - MAIN.TRAIN - [DEBUG]  iteration: 293000 	 avg loss: 1.1059447719062028
2020-01-31 18:31:34,754 - MAIN.TRAIN - [DEBUG]  iteration: 294000 	 avg loss: 1.080128940525286
2020-01-31 18:31:46,055 - MAIN.TRAIN - [DEBUG]  iteration: 295000 	 avg loss: 0.912495722366421
2020-01-31 18:31:56,917 - MAIN.TRAIN - [DEBUG]  iteration: 296000 	 avg loss: 1.2415409401099724
2020-01-31 18:32:07,881 - MAIN.TRAIN - [DEBUG]  iteration: 297000 	 avg loss: 0.9794375219208469
2020-01-31 18:32:18,605 - MAIN.TRAIN - [DEBUG]  iteration: 298000 	 avg loss: 0.8848605624136751
2020-01-31 18:32:29,564 - MAIN.TRAIN - [DEBUG]  iteration: 299000 	 avg loss: 1.2344922793841564
2020-01-31 18:32:40,835 - MAIN.TRAIN - [DEBUG]  iteration: 300000 	 avg loss: 1.167355779486377
2020-01-31 18:32:40,835 - MAIN.TRAIN - [DEBUG]  saving model at iteration 300000
2020-01-31 18:32:40,876 - MAIN.TRAIN - [DEBUG]  saved model 300000_of_500000_model_experiments_31_01_2020_173703.h5 to output/experiments/models/chkpts
2020-01-31 18:32:52,545 - MAIN.TRAIN - [DEBUG]  iteration: 301000 	 avg loss: 0.9319216306431579
2020-01-31 18:33:03,699 - MAIN.TRAIN - [DEBUG]  iteration: 302000 	 avg loss: 1.3149498683587388
2020-01-31 18:33:14,394 - MAIN.TRAIN - [DEBUG]  iteration: 303000 	 avg loss: 0.9908675013882269
2020-01-31 18:33:25,120 - MAIN.TRAIN - [DEBUG]  iteration: 304000 	 avg loss: 0.9846620723241617
2020-01-31 18:33:35,912 - MAIN.TRAIN - [DEBUG]  iteration: 305000 	 avg loss: 1.172641976947898
2020-01-31 18:33:46,833 - MAIN.TRAIN - [DEBUG]  iteration: 306000 	 avg loss: 1.272216761232523
2020-01-31 18:33:57,735 - MAIN.TRAIN - [DEBUG]  iteration: 307000 	 avg loss: 0.9906685836862738
2020-01-31 18:34:09,002 - MAIN.TRAIN - [DEBUG]  iteration: 308000 	 avg loss: 1.2904152908434794
2020-01-31 18:34:19,540 - MAIN.TRAIN - [DEBUG]  iteration: 309000 	 avg loss: 1.147883647023224
2020-01-31 18:34:30,507 - MAIN.TRAIN - [DEBUG]  iteration: 310000 	 avg loss: 1.2471591613311965
2020-01-31 18:34:30,507 - MAIN.TRAIN - [DEBUG]  saving model at iteration 310000
2020-01-31 18:34:30,545 - MAIN.TRAIN - [DEBUG]  saved model 310000_of_500000_model_experiments_31_01_2020_173703.h5 to output/experiments/models/chkpts
2020-01-31 18:34:41,645 - MAIN.TRAIN - [DEBUG]  iteration: 311000 	 avg loss: 1.0472620433939495
2020-01-31 18:34:54,161 - MAIN.TRAIN - [DEBUG]  iteration: 312000 	 avg loss: 1.0545985041377972
2020-01-31 18:35:07,703 - MAIN.TRAIN - [DEBUG]  iteration: 313000 	 avg loss: 0.8241489936536218
2020-01-31 18:35:20,466 - MAIN.TRAIN - [DEBUG]  iteration: 314000 	 avg loss: 1.2037849767430102
2020-01-31 18:35:31,563 - MAIN.TRAIN - [DEBUG]  iteration: 315000 	 avg loss: 1.0321926379001425
2020-01-31 18:35:42,679 - MAIN.TRAIN - [DEBUG]  iteration: 316000 	 avg loss: 1.1162398497823742
2020-01-31 18:35:54,022 - MAIN.TRAIN - [DEBUG]  iteration: 317000 	 avg loss: 1.3201422153597873
2020-01-31 18:36:04,503 - MAIN.TRAIN - [DEBUG]  iteration: 318000 	 avg loss: 0.993068968513181
2020-01-31 18:36:15,022 - MAIN.TRAIN - [DEBUG]  iteration: 319000 	 avg loss: 1.152300092956517
2020-01-31 18:36:28,072 - MAIN.TRAIN - [DEBUG]  iteration: 320000 	 avg loss: 0.9659692669845568
2020-01-31 18:36:28,072 - MAIN.TRAIN - [DEBUG]  saving model at iteration 320000
2020-01-31 18:36:28,116 - MAIN.TRAIN - [DEBUG]  saved model 320000_of_500000_model_experiments_31_01_2020_173703.h5 to output/experiments/models/chkpts
2020-01-31 18:36:42,707 - MAIN.TRAIN - [DEBUG]  iteration: 321000 	 avg loss: 1.1194643932976287
2020-01-31 18:36:54,336 - MAIN.TRAIN - [DEBUG]  iteration: 322000 	 avg loss: 1.3256964231925759
2020-01-31 18:37:05,318 - MAIN.TRAIN - [DEBUG]  iteration: 323000 	 avg loss: 0.8300770374872565
2020-01-31 18:37:16,643 - MAIN.TRAIN - [DEBUG]  iteration: 324000 	 avg loss: 1.2766216302669864
2020-01-31 18:37:27,574 - MAIN.TRAIN - [DEBUG]  iteration: 325000 	 avg loss: 1.097564351100044
2020-01-31 18:37:38,493 - MAIN.TRAIN - [DEBUG]  iteration: 326000 	 avg loss: 0.987857760562581
2020-01-31 18:37:49,355 - MAIN.TRAIN - [DEBUG]  iteration: 327000 	 avg loss: 1.0937791392045715
2020-01-31 18:38:00,467 - MAIN.TRAIN - [DEBUG]  iteration: 328000 	 avg loss: 1.6028563467562063
2020-01-31 18:38:11,177 - MAIN.TRAIN - [DEBUG]  iteration: 329000 	 avg loss: 0.8064966244845944
2020-01-31 18:38:21,905 - MAIN.TRAIN - [DEBUG]  iteration: 330000 	 avg loss: 1.115366364621317
2020-01-31 18:38:21,905 - MAIN.TRAIN - [DEBUG]  saving model at iteration 330000
2020-01-31 18:38:21,945 - MAIN.TRAIN - [DEBUG]  saved model 330000_of_500000_model_experiments_31_01_2020_173703.h5 to output/experiments/models/chkpts
2020-01-31 18:38:32,855 - MAIN.TRAIN - [DEBUG]  iteration: 331000 	 avg loss: 1.0079325023374293
2020-01-31 18:38:43,401 - MAIN.TRAIN - [DEBUG]  iteration: 332000 	 avg loss: 0.7901363771182628
2020-01-31 18:38:54,044 - MAIN.TRAIN - [DEBUG]  iteration: 333000 	 avg loss: 1.2585537562991087
2020-01-31 18:39:04,700 - MAIN.TRAIN - [DEBUG]  iteration: 334000 	 avg loss: 0.8550638717524806
2020-01-31 18:39:15,227 - MAIN.TRAIN - [DEBUG]  iteration: 335000 	 avg loss: 1.1125054887509822
2020-01-31 18:39:25,788 - MAIN.TRAIN - [DEBUG]  iteration: 336000 	 avg loss: 1.356459310045534
2020-01-31 18:39:36,381 - MAIN.TRAIN - [DEBUG]  iteration: 337000 	 avg loss: 0.9353659030313074
2020-01-31 18:39:46,760 - MAIN.TRAIN - [DEBUG]  iteration: 338000 	 avg loss: 1.2653908661018984
2020-01-31 18:39:57,275 - MAIN.TRAIN - [DEBUG]  iteration: 339000 	 avg loss: 0.7732000240650412
2020-01-31 18:40:07,879 - MAIN.TRAIN - [DEBUG]  iteration: 340000 	 avg loss: 1.1522694624532213
2020-01-31 18:40:07,880 - MAIN.TRAIN - [DEBUG]  saving model at iteration 340000
2020-01-31 18:40:07,918 - MAIN.TRAIN - [DEBUG]  saved model 340000_of_500000_model_experiments_31_01_2020_173703.h5 to output/experiments/models/chkpts
2020-01-31 18:40:18,925 - MAIN.TRAIN - [DEBUG]  iteration: 341000 	 avg loss: 1.165506615283095
2020-01-31 18:40:29,624 - MAIN.TRAIN - [DEBUG]  iteration: 342000 	 avg loss: 1.2243769337266754
2020-01-31 18:40:40,680 - MAIN.TRAIN - [DEBUG]  iteration: 343000 	 avg loss: 0.9592355309404478
2020-01-31 18:40:51,803 - MAIN.TRAIN - [DEBUG]  iteration: 344000 	 avg loss: 1.2083420222100558
2020-01-31 18:41:02,997 - MAIN.TRAIN - [DEBUG]  iteration: 345000 	 avg loss: 1.0775245519389376
2020-01-31 18:41:13,719 - MAIN.TRAIN - [DEBUG]  iteration: 346000 	 avg loss: 1.060902876450569
2020-01-31 18:41:24,434 - MAIN.TRAIN - [DEBUG]  iteration: 347000 	 avg loss: 1.201999452833173
2020-01-31 18:41:35,427 - MAIN.TRAIN - [DEBUG]  iteration: 348000 	 avg loss: 0.813936678904397
2020-01-31 18:41:46,373 - MAIN.TRAIN - [DEBUG]  iteration: 349000 	 avg loss: 1.002135861300746
2020-01-31 18:41:58,067 - MAIN.TRAIN - [DEBUG]  iteration: 350000 	 avg loss: 0.9662846398691654
2020-01-31 18:41:58,067 - MAIN.TRAIN - [DEBUG]  saving model at iteration 350000
2020-01-31 18:41:58,106 - MAIN.TRAIN - [DEBUG]  saved model 350000_of_500000_model_experiments_31_01_2020_173703.h5 to output/experiments/models/chkpts
2020-01-31 18:42:09,455 - MAIN.TRAIN - [DEBUG]  iteration: 351000 	 avg loss: 1.0671419015543633
2020-01-31 18:42:21,216 - MAIN.TRAIN - [DEBUG]  iteration: 352000 	 avg loss: 1.3007730139835039
2020-01-31 18:42:32,383 - MAIN.TRAIN - [DEBUG]  iteration: 353000 	 avg loss: 0.9924832024316147
2020-01-31 18:42:43,811 - MAIN.TRAIN - [DEBUG]  iteration: 354000 	 avg loss: 1.1167768525091715
2020-01-31 18:42:54,832 - MAIN.TRAIN - [DEBUG]  iteration: 355000 	 avg loss: 0.8870768701317356
2020-01-31 18:43:06,779 - MAIN.TRAIN - [DEBUG]  iteration: 356000 	 avg loss: 1.0507131633321705
2020-01-31 18:43:18,350 - MAIN.TRAIN - [DEBUG]  iteration: 357000 	 avg loss: 1.310672765490851
2020-01-31 18:43:29,120 - MAIN.TRAIN - [DEBUG]  iteration: 358000 	 avg loss: 1.059446969399467
2020-01-31 18:43:39,958 - MAIN.TRAIN - [DEBUG]  iteration: 359000 	 avg loss: 1.0420311838885377
2020-01-31 18:43:51,133 - MAIN.TRAIN - [DEBUG]  iteration: 360000 	 avg loss: 1.057197997900692
2020-01-31 18:43:51,134 - MAIN.TRAIN - [DEBUG]  saving model at iteration 360000
2020-01-31 18:43:51,174 - MAIN.TRAIN - [DEBUG]  saved model 360000_of_500000_model_experiments_31_01_2020_173703.h5 to output/experiments/models/chkpts
2020-01-31 18:44:02,540 - MAIN.TRAIN - [DEBUG]  iteration: 361000 	 avg loss: 1.128810984930368
2020-01-31 18:44:13,574 - MAIN.TRAIN - [DEBUG]  iteration: 362000 	 avg loss: 1.0338567935800278
2020-01-31 18:44:24,842 - MAIN.TRAIN - [DEBUG]  iteration: 363000 	 avg loss: 1.3934802415680467
2020-01-31 18:44:35,574 - MAIN.TRAIN - [DEBUG]  iteration: 364000 	 avg loss: 0.9796617689348195
2020-01-31 18:44:46,423 - MAIN.TRAIN - [DEBUG]  iteration: 365000 	 avg loss: 1.6062863551673316
2020-01-31 18:44:57,344 - MAIN.TRAIN - [DEBUG]  iteration: 366000 	 avg loss: 1.040204572057721
2020-01-31 18:45:08,193 - MAIN.TRAIN - [DEBUG]  iteration: 367000 	 avg loss: 1.0284099133632554
2020-01-31 18:45:18,833 - MAIN.TRAIN - [DEBUG]  iteration: 368000 	 avg loss: 1.1818002194880939
2020-01-31 18:45:29,456 - MAIN.TRAIN - [DEBUG]  iteration: 369000 	 avg loss: 1.4436249391664595
2020-01-31 18:45:40,182 - MAIN.TRAIN - [DEBUG]  iteration: 370000 	 avg loss: 1.253063200819268
2020-01-31 18:45:40,182 - MAIN.TRAIN - [DEBUG]  saving model at iteration 370000
2020-01-31 18:45:40,222 - MAIN.TRAIN - [DEBUG]  saved model 370000_of_500000_model_experiments_31_01_2020_173703.h5 to output/experiments/models/chkpts
2020-01-31 18:45:51,028 - MAIN.TRAIN - [DEBUG]  iteration: 371000 	 avg loss: 0.9577038711814239
2020-01-31 18:46:01,721 - MAIN.TRAIN - [DEBUG]  iteration: 372000 	 avg loss: 0.8915875446256907
2020-01-31 18:46:12,557 - MAIN.TRAIN - [DEBUG]  iteration: 373000 	 avg loss: 1.16035739798546
2020-01-31 18:46:23,566 - MAIN.TRAIN - [DEBUG]  iteration: 374000 	 avg loss: 0.9580197138110947
2020-01-31 18:46:34,398 - MAIN.TRAIN - [DEBUG]  iteration: 375000 	 avg loss: 1.3898814707838465
2020-01-31 18:46:44,832 - MAIN.TRAIN - [DEBUG]  iteration: 376000 	 avg loss: 0.9674304344428883
2020-01-31 18:46:55,796 - MAIN.TRAIN - [DEBUG]  iteration: 377000 	 avg loss: 1.1206665685828807
2020-01-31 18:47:06,721 - MAIN.TRAIN - [DEBUG]  iteration: 378000 	 avg loss: 1.0680795109040409
2020-01-31 18:47:17,481 - MAIN.TRAIN - [DEBUG]  iteration: 379000 	 avg loss: 0.8152603528354994
2020-01-31 18:47:28,080 - MAIN.TRAIN - [DEBUG]  iteration: 380000 	 avg loss: 1.491378336032049
2020-01-31 18:47:28,080 - MAIN.TRAIN - [DEBUG]  saving model at iteration 380000
2020-01-31 18:47:28,118 - MAIN.TRAIN - [DEBUG]  saved model 380000_of_500000_model_experiments_31_01_2020_173703.h5 to output/experiments/models/chkpts
2020-01-31 18:47:38,903 - MAIN.TRAIN - [DEBUG]  iteration: 381000 	 avg loss: 0.9894145389467012
2020-01-31 18:47:49,760 - MAIN.TRAIN - [DEBUG]  iteration: 382000 	 avg loss: 0.7168069870861848
2020-01-31 18:48:00,487 - MAIN.TRAIN - [DEBUG]  iteration: 383000 	 avg loss: 1.4542548716872545
2020-01-31 18:48:11,539 - MAIN.TRAIN - [DEBUG]  iteration: 384000 	 avg loss: 1.083278621489773
2020-01-31 18:48:22,850 - MAIN.TRAIN - [DEBUG]  iteration: 385000 	 avg loss: 0.8852422455379038
2020-01-31 18:48:33,527 - MAIN.TRAIN - [DEBUG]  iteration: 386000 	 avg loss: 0.9249076170328919
2020-01-31 18:48:44,230 - MAIN.TRAIN - [DEBUG]  iteration: 387000 	 avg loss: 0.9566626369737278
2020-01-31 18:48:54,760 - MAIN.TRAIN - [DEBUG]  iteration: 388000 	 avg loss: 1.2139058654135555
2020-01-31 18:49:05,392 - MAIN.TRAIN - [DEBUG]  iteration: 389000 	 avg loss: 1.2308531731467574
2020-01-31 18:49:16,097 - MAIN.TRAIN - [DEBUG]  iteration: 390000 	 avg loss: 0.9403606683451888
2020-01-31 18:49:16,097 - MAIN.TRAIN - [DEBUG]  saving model at iteration 390000
2020-01-31 18:49:16,137 - MAIN.TRAIN - [DEBUG]  saved model 390000_of_500000_model_experiments_31_01_2020_173703.h5 to output/experiments/models/chkpts
2020-01-31 18:49:26,985 - MAIN.TRAIN - [DEBUG]  iteration: 391000 	 avg loss: 1.6562315548561684
2020-01-31 18:49:37,702 - MAIN.TRAIN - [DEBUG]  iteration: 392000 	 avg loss: 1.0325133768859232
2020-01-31 18:49:48,192 - MAIN.TRAIN - [DEBUG]  iteration: 393000 	 avg loss: 0.9173439016739431
2020-01-31 18:49:58,652 - MAIN.TRAIN - [DEBUG]  iteration: 394000 	 avg loss: 1.2204158587012959
2020-01-31 18:50:09,346 - MAIN.TRAIN - [DEBUG]  iteration: 395000 	 avg loss: 1.570803525714613
2020-01-31 18:50:20,035 - MAIN.TRAIN - [DEBUG]  iteration: 396000 	 avg loss: 1.2900682778881616
2020-01-31 18:50:30,698 - MAIN.TRAIN - [DEBUG]  iteration: 397000 	 avg loss: 1.011020586076155
2020-01-31 18:50:41,362 - MAIN.TRAIN - [DEBUG]  iteration: 398000 	 avg loss: 1.2703258167849876
2020-01-31 18:50:51,872 - MAIN.TRAIN - [DEBUG]  iteration: 399000 	 avg loss: 1.1601860869057123
2020-01-31 18:51:02,263 - MAIN.TRAIN - [DEBUG]  iteration: 400000 	 avg loss: 1.227450718029672
2020-01-31 18:51:02,263 - MAIN.TRAIN - [DEBUG]  saving model at iteration 400000
2020-01-31 18:51:02,302 - MAIN.TRAIN - [DEBUG]  saved model 400000_of_500000_model_experiments_31_01_2020_173703.h5 to output/experiments/models/chkpts
2020-01-31 18:51:12,784 - MAIN.TRAIN - [DEBUG]  iteration: 401000 	 avg loss: 1.3254486906354515
2020-01-31 18:51:23,463 - MAIN.TRAIN - [DEBUG]  iteration: 402000 	 avg loss: 1.154381067337271
2020-01-31 18:51:34,212 - MAIN.TRAIN - [DEBUG]  iteration: 403000 	 avg loss: 1.1969408523943421
2020-01-31 18:51:44,589 - MAIN.TRAIN - [DEBUG]  iteration: 404000 	 avg loss: 0.9069355744748973
2020-01-31 18:51:55,239 - MAIN.TRAIN - [DEBUG]  iteration: 405000 	 avg loss: 1.504951809090926
2020-01-31 18:52:06,187 - MAIN.TRAIN - [DEBUG]  iteration: 406000 	 avg loss: 0.8719324462128243
2020-01-31 18:52:16,683 - MAIN.TRAIN - [DEBUG]  iteration: 407000 	 avg loss: 1.3714606492373713
2020-01-31 18:52:27,022 - MAIN.TRAIN - [DEBUG]  iteration: 408000 	 avg loss: 1.114617006098295
2020-01-31 18:52:37,395 - MAIN.TRAIN - [DEBUG]  iteration: 409000 	 avg loss: 1.3520388501044622
2020-01-31 18:52:47,788 - MAIN.TRAIN - [DEBUG]  iteration: 410000 	 avg loss: 1.1596432808322379
2020-01-31 18:52:47,788 - MAIN.TRAIN - [DEBUG]  saving model at iteration 410000
2020-01-31 18:52:47,827 - MAIN.TRAIN - [DEBUG]  saved model 410000_of_500000_model_experiments_31_01_2020_173703.h5 to output/experiments/models/chkpts
2020-01-31 18:52:58,464 - MAIN.TRAIN - [DEBUG]  iteration: 411000 	 avg loss: 1.0334968882535687
2020-01-31 18:53:09,062 - MAIN.TRAIN - [DEBUG]  iteration: 412000 	 avg loss: 1.0380181979339769
2020-01-31 18:53:19,522 - MAIN.TRAIN - [DEBUG]  iteration: 413000 	 avg loss: 1.5252050068413454
2020-01-31 18:53:30,748 - MAIN.TRAIN - [DEBUG]  iteration: 414000 	 avg loss: 0.9374529791027264
2020-01-31 18:53:41,679 - MAIN.TRAIN - [DEBUG]  iteration: 415000 	 avg loss: 1.275350910003036
2020-01-31 18:53:52,439 - MAIN.TRAIN - [DEBUG]  iteration: 416000 	 avg loss: 1.4879568321951362
2020-01-31 18:54:03,105 - MAIN.TRAIN - [DEBUG]  iteration: 417000 	 avg loss: 1.2822345744426111
2020-01-31 18:54:14,005 - MAIN.TRAIN - [DEBUG]  iteration: 418000 	 avg loss: 1.0874225759346585
2020-01-31 18:54:24,766 - MAIN.TRAIN - [DEBUG]  iteration: 419000 	 avg loss: 1.215954198534024
2020-01-31 18:54:35,339 - MAIN.TRAIN - [DEBUG]  iteration: 420000 	 avg loss: 1.0396165604443157
2020-01-31 18:54:35,340 - MAIN.TRAIN - [DEBUG]  saving model at iteration 420000
2020-01-31 18:54:35,378 - MAIN.TRAIN - [DEBUG]  saved model 420000_of_500000_model_experiments_31_01_2020_173703.h5 to output/experiments/models/chkpts
2020-01-31 18:54:45,962 - MAIN.TRAIN - [DEBUG]  iteration: 421000 	 avg loss: 1.3119649495220913
2020-01-31 18:54:56,866 - MAIN.TRAIN - [DEBUG]  iteration: 422000 	 avg loss: 0.8703780334254879
2020-01-31 18:55:07,375 - MAIN.TRAIN - [DEBUG]  iteration: 423000 	 avg loss: 1.3870165841181015
2020-01-31 18:55:17,968 - MAIN.TRAIN - [DEBUG]  iteration: 424000 	 avg loss: 0.9275285136314196
2020-01-31 18:55:28,415 - MAIN.TRAIN - [DEBUG]  iteration: 425000 	 avg loss: 1.4445948590025806
2020-01-31 18:55:39,184 - MAIN.TRAIN - [DEBUG]  iteration: 426000 	 avg loss: 0.9744909095445453
2020-01-31 18:55:49,998 - MAIN.TRAIN - [DEBUG]  iteration: 427000 	 avg loss: 1.240957708245591
2020-01-31 18:56:00,723 - MAIN.TRAIN - [DEBUG]  iteration: 428000 	 avg loss: 1.5777633821158825
2020-01-31 18:56:11,361 - MAIN.TRAIN - [DEBUG]  iteration: 429000 	 avg loss: 1.132727826458924
2020-01-31 18:56:21,952 - MAIN.TRAIN - [DEBUG]  iteration: 430000 	 avg loss: 0.8465336883910932
2020-01-31 18:56:21,952 - MAIN.TRAIN - [DEBUG]  saving model at iteration 430000
2020-01-31 18:56:21,992 - MAIN.TRAIN - [DEBUG]  saved model 430000_of_500000_model_experiments_31_01_2020_173703.h5 to output/experiments/models/chkpts
2020-01-31 18:56:32,783 - MAIN.TRAIN - [DEBUG]  iteration: 431000 	 avg loss: 1.1445729553809578
2020-01-31 18:56:43,531 - MAIN.TRAIN - [DEBUG]  iteration: 432000 	 avg loss: 1.1718806500797692
2020-01-31 18:56:54,207 - MAIN.TRAIN - [DEBUG]  iteration: 433000 	 avg loss: 1.7441981409495901
2020-01-31 18:57:05,005 - MAIN.TRAIN - [DEBUG]  iteration: 434000 	 avg loss: 1.246352400639106
2020-01-31 18:57:15,870 - MAIN.TRAIN - [DEBUG]  iteration: 435000 	 avg loss: 1.1275529902880026
2020-01-31 18:57:26,482 - MAIN.TRAIN - [DEBUG]  iteration: 436000 	 avg loss: 1.0976089290424476
2020-01-31 18:57:37,134 - MAIN.TRAIN - [DEBUG]  iteration: 437000 	 avg loss: 1.2014564670524628
2020-01-31 18:57:47,665 - MAIN.TRAIN - [DEBUG]  iteration: 438000 	 avg loss: 1.2324898227688363
2020-01-31 18:57:58,301 - MAIN.TRAIN - [DEBUG]  iteration: 439000 	 avg loss: 1.4809864722429773
2020-01-31 18:58:09,040 - MAIN.TRAIN - [DEBUG]  iteration: 440000 	 avg loss: 1.8230854172690505
2020-01-31 18:58:09,040 - MAIN.TRAIN - [DEBUG]  saving model at iteration 440000
2020-01-31 18:58:09,080 - MAIN.TRAIN - [DEBUG]  saved model 440000_of_500000_model_experiments_31_01_2020_173703.h5 to output/experiments/models/chkpts
2020-01-31 18:58:19,649 - MAIN.TRAIN - [DEBUG]  iteration: 441000 	 avg loss: 1.1849761283803284
2020-01-31 18:58:30,205 - MAIN.TRAIN - [DEBUG]  iteration: 442000 	 avg loss: 1.2314867052569571
2020-01-31 18:58:41,674 - MAIN.TRAIN - [DEBUG]  iteration: 443000 	 avg loss: 0.9614857014330646
2020-01-31 18:58:52,379 - MAIN.TRAIN - [DEBUG]  iteration: 444000 	 avg loss: 1.2249025566168492
2020-01-31 18:59:03,234 - MAIN.TRAIN - [DEBUG]  iteration: 445000 	 avg loss: 0.7929367806418145
2020-01-31 18:59:14,102 - MAIN.TRAIN - [DEBUG]  iteration: 446000 	 avg loss: 1.4322177207756406
2020-01-31 18:59:25,168 - MAIN.TRAIN - [DEBUG]  iteration: 447000 	 avg loss: 1.0878484813018412
2020-01-31 18:59:36,036 - MAIN.TRAIN - [DEBUG]  iteration: 448000 	 avg loss: 1.6377852590674424
2020-01-31 18:59:46,679 - MAIN.TRAIN - [DEBUG]  iteration: 449000 	 avg loss: 1.3298153109491542
2020-01-31 18:59:57,306 - MAIN.TRAIN - [DEBUG]  iteration: 450000 	 avg loss: 1.0638021843175811
2020-01-31 18:59:57,306 - MAIN.TRAIN - [DEBUG]  saving model at iteration 450000
2020-01-31 18:59:57,345 - MAIN.TRAIN - [DEBUG]  saved model 450000_of_500000_model_experiments_31_01_2020_173703.h5 to output/experiments/models/chkpts
2020-01-31 19:00:08,014 - MAIN.TRAIN - [DEBUG]  iteration: 451000 	 avg loss: 1.3255586598081608
2020-01-31 19:00:18,499 - MAIN.TRAIN - [DEBUG]  iteration: 452000 	 avg loss: 1.1945545915782205
2020-01-31 19:00:29,088 - MAIN.TRAIN - [DEBUG]  iteration: 453000 	 avg loss: 1.0894399140321738
2020-01-31 19:00:39,911 - MAIN.TRAIN - [DEBUG]  iteration: 454000 	 avg loss: 1.1189758428057657
2020-01-31 19:00:50,994 - MAIN.TRAIN - [DEBUG]  iteration: 455000 	 avg loss: 1.2882464117155166
2020-01-31 19:01:01,812 - MAIN.TRAIN - [DEBUG]  iteration: 456000 	 avg loss: 1.674046794728337
2020-01-31 19:01:12,474 - MAIN.TRAIN - [DEBUG]  iteration: 457000 	 avg loss: 1.7116788340586426
2020-01-31 19:01:23,319 - MAIN.TRAIN - [DEBUG]  iteration: 458000 	 avg loss: 1.0252752861408625
2020-01-31 19:01:34,329 - MAIN.TRAIN - [DEBUG]  iteration: 459000 	 avg loss: 1.1251875880852376
2020-01-31 19:01:45,219 - MAIN.TRAIN - [DEBUG]  iteration: 460000 	 avg loss: 1.2259225258125184
2020-01-31 19:01:45,220 - MAIN.TRAIN - [DEBUG]  saving model at iteration 460000
2020-01-31 19:01:45,259 - MAIN.TRAIN - [DEBUG]  saved model 460000_of_500000_model_experiments_31_01_2020_173703.h5 to output/experiments/models/chkpts
2020-01-31 19:01:56,119 - MAIN.TRAIN - [DEBUG]  iteration: 461000 	 avg loss: 1.2390640592948148
2020-01-31 19:02:07,254 - MAIN.TRAIN - [DEBUG]  iteration: 462000 	 avg loss: 1.344938464103719
2020-01-31 19:02:18,485 - MAIN.TRAIN - [DEBUG]  iteration: 463000 	 avg loss: 1.32470184752159
2020-01-31 19:02:29,544 - MAIN.TRAIN - [DEBUG]  iteration: 464000 	 avg loss: 1.0260149120688147
2020-01-31 19:02:40,250 - MAIN.TRAIN - [DEBUG]  iteration: 465000 	 avg loss: 0.9091110105064436
2020-01-31 19:02:51,277 - MAIN.TRAIN - [DEBUG]  iteration: 466000 	 avg loss: 1.2067680708275674
2020-01-31 19:03:02,252 - MAIN.TRAIN - [DEBUG]  iteration: 467000 	 avg loss: 1.0690349465702462
2020-01-31 19:03:13,478 - MAIN.TRAIN - [DEBUG]  iteration: 468000 	 avg loss: 1.6133877500842073
2020-01-31 19:03:24,699 - MAIN.TRAIN - [DEBUG]  iteration: 469000 	 avg loss: 1.1018373380161066
2020-01-31 19:03:35,848 - MAIN.TRAIN - [DEBUG]  iteration: 470000 	 avg loss: 0.8511862950544601
2020-01-31 19:03:35,849 - MAIN.TRAIN - [DEBUG]  saving model at iteration 470000
2020-01-31 19:03:35,889 - MAIN.TRAIN - [DEBUG]  saved model 470000_of_500000_model_experiments_31_01_2020_173703.h5 to output/experiments/models/chkpts
2020-01-31 19:03:47,256 - MAIN.TRAIN - [DEBUG]  iteration: 471000 	 avg loss: 1.0940902400856394
2020-01-31 19:03:58,660 - MAIN.TRAIN - [DEBUG]  iteration: 472000 	 avg loss: 1.1947620672630728
2020-01-31 19:04:09,258 - MAIN.TRAIN - [DEBUG]  iteration: 473000 	 avg loss: 0.942020581056669
2020-01-31 19:04:19,996 - MAIN.TRAIN - [DEBUG]  iteration: 474000 	 avg loss: 1.1630413014491783
2020-01-31 19:04:30,670 - MAIN.TRAIN - [DEBUG]  iteration: 475000 	 avg loss: 1.0874163839916655
2020-01-31 19:04:41,428 - MAIN.TRAIN - [DEBUG]  iteration: 476000 	 avg loss: 0.8597412983167887
2020-01-31 19:04:52,510 - MAIN.TRAIN - [DEBUG]  iteration: 477000 	 avg loss: 1.1437756926914595
2020-01-31 19:05:03,440 - MAIN.TRAIN - [DEBUG]  iteration: 478000 	 avg loss: 1.1069087010358636
2020-01-31 19:05:14,397 - MAIN.TRAIN - [DEBUG]  iteration: 479000 	 avg loss: 1.2189656045995945
2020-01-31 19:05:25,687 - MAIN.TRAIN - [DEBUG]  iteration: 480000 	 avg loss: 1.0253696511985655
2020-01-31 19:05:25,687 - MAIN.TRAIN - [DEBUG]  saving model at iteration 480000
2020-01-31 19:05:25,726 - MAIN.TRAIN - [DEBUG]  saved model 480000_of_500000_model_experiments_31_01_2020_173703.h5 to output/experiments/models/chkpts
2020-01-31 19:05:37,081 - MAIN.TRAIN - [DEBUG]  iteration: 481000 	 avg loss: 1.4916942038576588
2020-01-31 19:05:48,217 - MAIN.TRAIN - [DEBUG]  iteration: 482000 	 avg loss: 1.278222493797286
2020-01-31 19:05:59,338 - MAIN.TRAIN - [DEBUG]  iteration: 483000 	 avg loss: 1.1246531164277185
2020-01-31 19:06:10,093 - MAIN.TRAIN - [DEBUG]  iteration: 484000 	 avg loss: 0.9004871353173749
2020-01-31 19:06:20,765 - MAIN.TRAIN - [DEBUG]  iteration: 485000 	 avg loss: 1.694611055458392
2020-01-31 19:06:31,276 - MAIN.TRAIN - [DEBUG]  iteration: 486000 	 avg loss: 1.0896039790666359
2020-01-31 19:06:41,910 - MAIN.TRAIN - [DEBUG]  iteration: 487000 	 avg loss: 1.5763467326810374
2020-01-31 19:06:52,986 - MAIN.TRAIN - [DEBUG]  iteration: 488000 	 avg loss: 1.1188526190765187
2020-01-31 19:07:03,799 - MAIN.TRAIN - [DEBUG]  iteration: 489000 	 avg loss: 1.1205934600453957
2020-01-31 19:07:14,468 - MAIN.TRAIN - [DEBUG]  iteration: 490000 	 avg loss: 1.0825523564892918
2020-01-31 19:07:14,468 - MAIN.TRAIN - [DEBUG]  saving model at iteration 490000
2020-01-31 19:07:14,507 - MAIN.TRAIN - [DEBUG]  saved model 490000_of_500000_model_experiments_31_01_2020_173703.h5 to output/experiments/models/chkpts
2020-01-31 19:07:25,444 - MAIN.TRAIN - [DEBUG]  iteration: 491000 	 avg loss: 1.6013330582574474
2020-01-31 19:07:36,474 - MAIN.TRAIN - [DEBUG]  iteration: 492000 	 avg loss: 1.3506081458633625
2020-01-31 19:07:47,286 - MAIN.TRAIN - [DEBUG]  iteration: 493000 	 avg loss: 1.7758148797540532
2020-01-31 19:07:58,220 - MAIN.TRAIN - [DEBUG]  iteration: 494000 	 avg loss: 1.0848053213548527
2020-01-31 19:08:08,861 - MAIN.TRAIN - [DEBUG]  iteration: 495000 	 avg loss: 1.2953906786933
2020-01-31 19:08:19,707 - MAIN.TRAIN - [DEBUG]  iteration: 496000 	 avg loss: 1.2093377550482314
2020-01-31 19:08:30,339 - MAIN.TRAIN - [DEBUG]  iteration: 497000 	 avg loss: 1.2936914731408469
2020-01-31 19:08:41,154 - MAIN.TRAIN - [DEBUG]  iteration: 498000 	 avg loss: 1.2198417628728793
2020-01-31 19:08:51,747 - MAIN.TRAIN - [DEBUG]  iteration: 499000 	 avg loss: 0.9278946245799682
2020-01-31 19:09:03,227 - MAIN.TRAIN - [DEBUG]  finished training
2020-01-31 19:09:03,228 - MAIN - [DEBUG]  created final models directory output/experiments/models/final
2020-01-31 19:09:03,267 - MAIN - [DEBUG]  saved final model model_experiments_31_01_2020_173703.h5 to output/experiments/models/final
2020-01-31 19:09:03,267 - MAIN.TRAIN - [DEBUG]  plotting loss
2020-01-31 19:09:04,245 - MAIN.TRAIN - [DEBUG]  saved loss plot to output/experiments/logs/loss_31_01_2020_173703.png
