2020-02-03 14:43:49,928 - MAIN - [DEBUG]  starting program
2020-02-03 14:43:49,928 - MAIN.PREPR - [DEBUG]  loading texts
2020-02-03 14:43:49,938 - MAIN.PREPR - [DEBUG]  tokenizing texts
2020-02-03 14:43:57,406 - MAIN.PREPR - [DEBUG]  normalizing text
2020-02-03 14:44:03,339 - MAIN.PREPR - [DEBUG]  normalizing text done. returning 820571 words
2020-02-03 14:44:03,354 - MAIN.PREPR - [DEBUG]  building dataset
2020-02-03 14:44:03,637 - MAIN.PREPR - [DEBUG]  unique words: 12652
2020-02-03 14:44:03,637 - MAIN.PREPR - [DEBUG]  most common words: [['UNK', 2653], ('the', 65639), ('and', 52506), ('of', 35169), ('to', 14300), ('that', 13196), ('in', 13026), ('a', 12584), ('he', 10536), ('shall', 9861)]
2020-02-03 14:44:03,637 - MAIN.PREPR - [DEBUG]  building dataset done
2020-02-03 14:44:25,672 - MAIN.MODEL - [DEBUG]  created training model
2020-02-03 14:44:25,697 - MAIN.MODEL - [DEBUG]  compiled training model
2020-02-03 14:44:25,708 - MAIN.MODEL - [DEBUG]  created validation model
2020-02-03 14:44:25,708 - MAIN.TRAIN - [DEBUG]  starting training
2020-02-03 14:44:26,320 - MAIN.TRAIN - [DEBUG]  iteration: 0 	 avg loss: 0.6928662061691284
2020-02-03 14:44:26,320 - MAIN.TRAIN - [DEBUG]  saving model at iteration 0
2020-02-03 14:44:26,385 - MAIN.TRAIN - [DEBUG]  saved model 0_of_500000_model_window10_03_02_2020_144349.h5 to output/experiments/models/chkpts
2020-02-03 14:46:28,780 - MAIN.TRAIN - [DEBUG]  iteration: 1000 	 avg loss: 0.693360776245594
2020-02-03 14:46:39,960 - MAIN.TRAIN - [DEBUG]  iteration: 2000 	 avg loss: 0.6935705150961876
2020-02-03 14:46:50,894 - MAIN.TRAIN - [DEBUG]  iteration: 3000 	 avg loss: 0.6934331966042518
2020-02-03 14:47:02,356 - MAIN.TRAIN - [DEBUG]  iteration: 4000 	 avg loss: 0.6935200560092926
2020-02-03 14:47:13,485 - MAIN.TRAIN - [DEBUG]  iteration: 5000 	 avg loss: 0.6933342993855477
2020-02-03 14:47:24,096 - MAIN.TRAIN - [DEBUG]  iteration: 6000 	 avg loss: 0.6933609801530838
2020-02-03 14:47:34,936 - MAIN.TRAIN - [DEBUG]  iteration: 7000 	 avg loss: 0.6935552270412445
2020-02-03 14:47:46,094 - MAIN.TRAIN - [DEBUG]  iteration: 8000 	 avg loss: 0.6934873749017716
2020-02-03 14:47:56,897 - MAIN.TRAIN - [DEBUG]  iteration: 9000 	 avg loss: 0.6934319804906846
2020-02-03 14:48:07,490 - MAIN.TRAIN - [DEBUG]  iteration: 10000 	 avg loss: 0.6933221473693848
2020-02-03 14:48:07,490 - MAIN.TRAIN - [DEBUG]  saving model at iteration 10000
2020-02-03 14:48:07,546 - MAIN.TRAIN - [DEBUG]  saved model 10000_of_500000_model_window10_03_02_2020_144349.h5 to output/experiments/models/chkpts
2020-02-03 14:50:07,480 - MAIN.TRAIN - [DEBUG]  iteration: 11000 	 avg loss: 0.6934485915899277
2020-02-03 14:50:19,043 - MAIN.TRAIN - [DEBUG]  iteration: 12000 	 avg loss: 0.6932959847450256
2020-02-03 14:50:30,663 - MAIN.TRAIN - [DEBUG]  iteration: 13000 	 avg loss: 0.6933073768019676
2020-02-03 14:50:41,992 - MAIN.TRAIN - [DEBUG]  iteration: 14000 	 avg loss: 0.6932710599899292
2020-02-03 14:50:53,685 - MAIN.TRAIN - [DEBUG]  iteration: 15000 	 avg loss: 0.6932975268363952
2020-02-03 14:51:05,568 - MAIN.TRAIN - [DEBUG]  iteration: 16000 	 avg loss: 0.6934619299769401
2020-02-03 14:51:17,132 - MAIN.TRAIN - [DEBUG]  iteration: 17000 	 avg loss: 0.6928898386359215
2020-02-03 14:51:28,626 - MAIN.TRAIN - [DEBUG]  iteration: 18000 	 avg loss: 0.6934362987279892
2020-02-03 14:51:40,047 - MAIN.TRAIN - [DEBUG]  iteration: 19000 	 avg loss: 0.6929822275042534
2020-02-03 14:51:50,841 - MAIN.TRAIN - [DEBUG]  iteration: 20000 	 avg loss: 0.6932710268497467
2020-02-03 14:51:50,841 - MAIN.TRAIN - [DEBUG]  saving model at iteration 20000
2020-02-03 14:51:50,881 - MAIN.TRAIN - [DEBUG]  saved model 20000_of_500000_model_window10_03_02_2020_144349.h5 to output/experiments/models/chkpts
2020-02-03 14:53:56,424 - MAIN.TRAIN - [DEBUG]  iteration: 21000 	 avg loss: 0.6930105085968972
2020-02-03 14:54:09,150 - MAIN.TRAIN - [DEBUG]  iteration: 22000 	 avg loss: 0.6925180047154427
2020-02-03 14:54:21,807 - MAIN.TRAIN - [DEBUG]  iteration: 23000 	 avg loss: 0.6936481996774674
2020-02-03 14:54:34,246 - MAIN.TRAIN - [DEBUG]  iteration: 24000 	 avg loss: 0.6929421009421348
2020-02-03 14:54:46,716 - MAIN.TRAIN - [DEBUG]  iteration: 25000 	 avg loss: 0.6934603481888771
2020-02-03 14:55:00,408 - MAIN.TRAIN - [DEBUG]  iteration: 26000 	 avg loss: 0.6937614068984985
2020-02-03 14:55:14,400 - MAIN.TRAIN - [DEBUG]  iteration: 27000 	 avg loss: 0.69181508654356
2020-02-03 14:55:27,367 - MAIN.TRAIN - [DEBUG]  iteration: 28000 	 avg loss: 0.6940840947031974
2020-02-03 14:55:40,030 - MAIN.TRAIN - [DEBUG]  iteration: 29000 	 avg loss: 0.6950399776101113
2020-02-03 14:55:52,305 - MAIN.TRAIN - [DEBUG]  iteration: 30000 	 avg loss: 0.6916311438083649
2020-02-03 14:55:52,305 - MAIN.TRAIN - [DEBUG]  saving model at iteration 30000
2020-02-03 14:55:52,375 - MAIN.TRAIN - [DEBUG]  saved model 30000_of_500000_model_window10_03_02_2020_144349.h5 to output/experiments/models/chkpts
2020-02-03 14:57:58,389 - MAIN.TRAIN - [DEBUG]  iteration: 31000 	 avg loss: 0.692895410001278
2020-02-03 14:58:11,225 - MAIN.TRAIN - [DEBUG]  iteration: 32000 	 avg loss: 0.6978641729354859
2020-02-03 14:58:24,033 - MAIN.TRAIN - [DEBUG]  iteration: 33000 	 avg loss: 0.6911635120511055
2020-02-03 14:58:37,391 - MAIN.TRAIN - [DEBUG]  iteration: 34000 	 avg loss: 0.6965375284552574
2020-02-03 14:58:50,211 - MAIN.TRAIN - [DEBUG]  iteration: 35000 	 avg loss: 0.6938164984881878
2020-02-03 14:59:03,031 - MAIN.TRAIN - [DEBUG]  iteration: 36000 	 avg loss: 0.6970980670452118
2020-02-03 14:59:15,914 - MAIN.TRAIN - [DEBUG]  iteration: 37000 	 avg loss: 0.6921555455923081
2020-02-03 14:59:28,544 - MAIN.TRAIN - [DEBUG]  iteration: 38000 	 avg loss: 0.6953659687638283
2020-02-03 14:59:41,256 - MAIN.TRAIN - [DEBUG]  iteration: 39000 	 avg loss: 0.6918246251344681
2020-02-03 14:59:54,262 - MAIN.TRAIN - [DEBUG]  iteration: 40000 	 avg loss: 0.6898467603325844
2020-02-03 14:59:54,262 - MAIN.TRAIN - [DEBUG]  saving model at iteration 40000
2020-02-03 14:59:54,305 - MAIN.TRAIN - [DEBUG]  saved model 40000_of_500000_model_window10_03_02_2020_144349.h5 to output/experiments/models/chkpts
2020-02-03 15:02:04,462 - MAIN.TRAIN - [DEBUG]  iteration: 41000 	 avg loss: 0.6886394992172719
2020-02-03 15:02:17,671 - MAIN.TRAIN - [DEBUG]  iteration: 42000 	 avg loss: 0.6894004280269146
2020-02-03 15:02:31,234 - MAIN.TRAIN - [DEBUG]  iteration: 43000 	 avg loss: 0.6921579768955708
2020-02-03 15:02:44,255 - MAIN.TRAIN - [DEBUG]  iteration: 44000 	 avg loss: 0.6906812378317118
2020-02-03 15:02:57,349 - MAIN.TRAIN - [DEBUG]  iteration: 45000 	 avg loss: 0.6923192331492901
2020-02-03 15:03:09,980 - MAIN.TRAIN - [DEBUG]  iteration: 46000 	 avg loss: 0.6951000753939152
2020-02-03 15:03:22,695 - MAIN.TRAIN - [DEBUG]  iteration: 47000 	 avg loss: 0.690551045179367
2020-02-03 15:03:35,028 - MAIN.TRAIN - [DEBUG]  iteration: 48000 	 avg loss: 0.6963359940573574
2020-02-03 15:03:46,501 - MAIN.TRAIN - [DEBUG]  iteration: 49000 	 avg loss: 0.7008237166553736
2020-02-03 15:03:57,284 - MAIN.TRAIN - [DEBUG]  iteration: 50000 	 avg loss: 0.6998557140529156
2020-02-03 15:03:57,284 - MAIN.TRAIN - [DEBUG]  saving model at iteration 50000
2020-02-03 15:03:57,324 - MAIN.TRAIN - [DEBUG]  saved model 50000_of_500000_model_window10_03_02_2020_144349.h5 to output/experiments/models/chkpts
2020-02-03 15:06:00,712 - MAIN.TRAIN - [DEBUG]  iteration: 51000 	 avg loss: 0.717236905053258
2020-02-03 15:06:12,937 - MAIN.TRAIN - [DEBUG]  iteration: 52000 	 avg loss: 0.6933282988518477
2020-02-03 15:06:25,364 - MAIN.TRAIN - [DEBUG]  iteration: 53000 	 avg loss: 0.7084258861728012
2020-02-03 15:06:38,740 - MAIN.TRAIN - [DEBUG]  iteration: 54000 	 avg loss: 0.7173585733324289
2020-02-03 15:06:51,522 - MAIN.TRAIN - [DEBUG]  iteration: 55000 	 avg loss: 0.7249826774001121
2020-02-03 15:07:05,152 - MAIN.TRAIN - [DEBUG]  iteration: 56000 	 avg loss: 0.6897705480828882
2020-02-03 15:07:18,433 - MAIN.TRAIN - [DEBUG]  iteration: 57000 	 avg loss: 0.694367707207799
2020-02-03 15:07:30,885 - MAIN.TRAIN - [DEBUG]  iteration: 58000 	 avg loss: 0.6846815652176738
2020-02-03 15:07:42,321 - MAIN.TRAIN - [DEBUG]  iteration: 59000 	 avg loss: 0.706199005998671
2020-02-03 15:07:54,501 - MAIN.TRAIN - [DEBUG]  iteration: 60000 	 avg loss: 0.7030485532805324
2020-02-03 15:07:54,502 - MAIN.TRAIN - [DEBUG]  saving model at iteration 60000
2020-02-03 15:07:54,553 - MAIN.TRAIN - [DEBUG]  saved model 60000_of_500000_model_window10_03_02_2020_144349.h5 to output/experiments/models/chkpts
2020-02-03 15:10:00,736 - MAIN.TRAIN - [DEBUG]  iteration: 61000 	 avg loss: 0.6868612521225587
2020-02-03 15:10:14,013 - MAIN.TRAIN - [DEBUG]  iteration: 62000 	 avg loss: 0.6898309031372774
2020-02-03 15:10:27,556 - MAIN.TRAIN - [DEBUG]  iteration: 63000 	 avg loss: 0.7115408216863871
2020-02-03 15:10:40,789 - MAIN.TRAIN - [DEBUG]  iteration: 64000 	 avg loss: 0.6807952033849433
2020-02-03 15:10:53,551 - MAIN.TRAIN - [DEBUG]  iteration: 65000 	 avg loss: 0.7052794820349664
2020-02-03 15:11:06,047 - MAIN.TRAIN - [DEBUG]  iteration: 66000 	 avg loss: 0.6875565273910761
2020-02-03 15:11:18,579 - MAIN.TRAIN - [DEBUG]  iteration: 67000 	 avg loss: 0.6947168979430571
2020-02-03 15:11:31,029 - MAIN.TRAIN - [DEBUG]  iteration: 68000 	 avg loss: 0.7351273674634285
2020-02-03 15:11:42,774 - MAIN.TRAIN - [DEBUG]  iteration: 69000 	 avg loss: 0.6860544536537491
2020-02-03 15:11:56,271 - MAIN.TRAIN - [DEBUG]  iteration: 70000 	 avg loss: 0.6822690686583519
2020-02-03 15:11:56,271 - MAIN.TRAIN - [DEBUG]  saving model at iteration 70000
2020-02-03 15:11:56,313 - MAIN.TRAIN - [DEBUG]  saved model 70000_of_500000_model_window10_03_02_2020_144349.h5 to output/experiments/models/chkpts
2020-02-03 15:14:01,143 - MAIN.TRAIN - [DEBUG]  iteration: 71000 	 avg loss: 0.7949849024759605
2020-02-03 15:14:14,554 - MAIN.TRAIN - [DEBUG]  iteration: 72000 	 avg loss: 0.7370011891054746
2020-02-03 15:14:27,967 - MAIN.TRAIN - [DEBUG]  iteration: 73000 	 avg loss: 0.7323551296703518
2020-02-03 15:14:41,988 - MAIN.TRAIN - [DEBUG]  iteration: 74000 	 avg loss: 0.7730657481085509
2020-02-03 15:14:54,734 - MAIN.TRAIN - [DEBUG]  iteration: 75000 	 avg loss: 0.703191980527692
2020-02-03 15:15:07,755 - MAIN.TRAIN - [DEBUG]  iteration: 76000 	 avg loss: 0.7710591855476668
2020-02-03 15:15:20,521 - MAIN.TRAIN - [DEBUG]  iteration: 77000 	 avg loss: 0.6875913375411765
2020-02-03 15:15:32,028 - MAIN.TRAIN - [DEBUG]  iteration: 78000 	 avg loss: 0.6713035336509346
2020-02-03 15:15:43,297 - MAIN.TRAIN - [DEBUG]  iteration: 79000 	 avg loss: 0.7661381494882517
2020-02-03 15:15:54,917 - MAIN.TRAIN - [DEBUG]  iteration: 80000 	 avg loss: 0.7720553855019825
2020-02-03 15:15:54,917 - MAIN.TRAIN - [DEBUG]  saving model at iteration 80000
2020-02-03 15:15:54,958 - MAIN.TRAIN - [DEBUG]  saved model 80000_of_500000_model_window10_03_02_2020_144349.h5 to output/experiments/models/chkpts
2020-02-03 15:18:01,336 - MAIN.TRAIN - [DEBUG]  iteration: 81000 	 avg loss: 0.6802555846567265
2020-02-03 15:18:14,068 - MAIN.TRAIN - [DEBUG]  iteration: 82000 	 avg loss: 0.6980878347710241
2020-02-03 15:18:26,647 - MAIN.TRAIN - [DEBUG]  iteration: 83000 	 avg loss: 0.6825557901311841
2020-02-03 15:18:39,421 - MAIN.TRAIN - [DEBUG]  iteration: 84000 	 avg loss: 0.7305178454634939
2020-02-03 15:18:51,952 - MAIN.TRAIN - [DEBUG]  iteration: 85000 	 avg loss: 0.7265000295517384
2020-02-03 15:19:04,568 - MAIN.TRAIN - [DEBUG]  iteration: 86000 	 avg loss: 0.7749347821581396
2020-02-03 15:19:17,695 - MAIN.TRAIN - [DEBUG]  iteration: 87000 	 avg loss: 0.9525398855206754
2020-02-03 15:19:29,375 - MAIN.TRAIN - [DEBUG]  iteration: 88000 	 avg loss: 0.6907689461576519
2020-02-03 15:19:40,869 - MAIN.TRAIN - [DEBUG]  iteration: 89000 	 avg loss: 0.7249835655258484
2020-02-03 15:19:52,244 - MAIN.TRAIN - [DEBUG]  iteration: 90000 	 avg loss: 0.69816004061696
2020-02-03 15:19:52,244 - MAIN.TRAIN - [DEBUG]  saving model at iteration 90000
2020-02-03 15:19:52,285 - MAIN.TRAIN - [DEBUG]  saved model 90000_of_500000_model_window10_03_02_2020_144349.h5 to output/experiments/models/chkpts
2020-02-03 15:21:56,146 - MAIN.TRAIN - [DEBUG]  iteration: 91000 	 avg loss: 0.925260181191421
2020-02-03 15:22:09,233 - MAIN.TRAIN - [DEBUG]  iteration: 92000 	 avg loss: 0.8254359130139292
2020-02-03 15:22:22,267 - MAIN.TRAIN - [DEBUG]  iteration: 93000 	 avg loss: 0.7774828004194685
2020-02-03 15:22:35,364 - MAIN.TRAIN - [DEBUG]  iteration: 94000 	 avg loss: 0.818319727012545
2020-02-03 15:22:48,120 - MAIN.TRAIN - [DEBUG]  iteration: 95000 	 avg loss: 0.7522274623743773
2020-02-03 15:23:00,288 - MAIN.TRAIN - [DEBUG]  iteration: 96000 	 avg loss: 0.7167247457403755
2020-02-03 15:23:11,383 - MAIN.TRAIN - [DEBUG]  iteration: 97000 	 avg loss: 0.6515914053117497
2020-02-03 15:23:22,694 - MAIN.TRAIN - [DEBUG]  iteration: 98000 	 avg loss: 0.699028187988497
2020-02-03 15:23:34,319 - MAIN.TRAIN - [DEBUG]  iteration: 99000 	 avg loss: 0.9553355456052246
2020-02-03 15:23:45,357 - MAIN.TRAIN - [DEBUG]  iteration: 100000 	 avg loss: 0.7412634239072795
2020-02-03 15:23:45,357 - MAIN.TRAIN - [DEBUG]  saving model at iteration 100000
2020-02-03 15:23:45,402 - MAIN.TRAIN - [DEBUG]  saved model 100000_of_500000_model_window10_03_02_2020_144349.h5 to output/experiments/models/chkpts
2020-02-03 15:25:49,493 - MAIN.TRAIN - [DEBUG]  iteration: 101000 	 avg loss: 0.8649777229722001
2020-02-03 15:26:02,157 - MAIN.TRAIN - [DEBUG]  iteration: 102000 	 avg loss: 0.8909493283229276
2020-02-03 15:26:15,650 - MAIN.TRAIN - [DEBUG]  iteration: 103000 	 avg loss: 1.0643728777096848
2020-02-03 15:26:28,943 - MAIN.TRAIN - [DEBUG]  iteration: 104000 	 avg loss: 1.0005784370024555
2020-02-03 15:26:42,396 - MAIN.TRAIN - [DEBUG]  iteration: 105000 	 avg loss: 0.7447127307819246
2020-02-03 15:26:54,422 - MAIN.TRAIN - [DEBUG]  iteration: 106000 	 avg loss: 0.7153410695056476
2020-02-03 15:27:05,204 - MAIN.TRAIN - [DEBUG]  iteration: 107000 	 avg loss: 0.8981945427402467
2020-02-03 15:27:15,805 - MAIN.TRAIN - [DEBUG]  iteration: 108000 	 avg loss: 0.7028481646200344
2020-02-03 15:27:27,145 - MAIN.TRAIN - [DEBUG]  iteration: 109000 	 avg loss: 0.912112049610897
2020-02-03 15:27:38,061 - MAIN.TRAIN - [DEBUG]  iteration: 110000 	 avg loss: 1.0730463897818407
2020-02-03 15:27:38,061 - MAIN.TRAIN - [DEBUG]  saving model at iteration 110000
2020-02-03 15:27:38,102 - MAIN.TRAIN - [DEBUG]  saved model 110000_of_500000_model_window10_03_02_2020_144349.h5 to output/experiments/models/chkpts
2020-02-03 15:29:45,642 - MAIN.TRAIN - [DEBUG]  iteration: 111000 	 avg loss: 1.0013614631752452
2020-02-03 15:29:57,713 - MAIN.TRAIN - [DEBUG]  iteration: 112000 	 avg loss: 1.1017499223580696
2020-02-03 15:30:10,149 - MAIN.TRAIN - [DEBUG]  iteration: 113000 	 avg loss: 0.9559885009930942
2020-02-03 15:30:22,216 - MAIN.TRAIN - [DEBUG]  iteration: 114000 	 avg loss: 0.753423722590038
2020-02-03 15:30:34,401 - MAIN.TRAIN - [DEBUG]  iteration: 115000 	 avg loss: 0.7988705199006758
2020-02-03 15:30:45,661 - MAIN.TRAIN - [DEBUG]  iteration: 116000 	 avg loss: 0.7373198251068717
2020-02-03 15:30:56,877 - MAIN.TRAIN - [DEBUG]  iteration: 117000 	 avg loss: 0.8696998052450997
2020-02-03 15:31:08,664 - MAIN.TRAIN - [DEBUG]  iteration: 118000 	 avg loss: 0.7811462476101785
2020-02-03 15:31:20,050 - MAIN.TRAIN - [DEBUG]  iteration: 119000 	 avg loss: 0.7775907097755196
2020-02-03 15:31:30,613 - MAIN.TRAIN - [DEBUG]  iteration: 120000 	 avg loss: 0.9178548642988098
2020-02-03 15:31:30,613 - MAIN.TRAIN - [DEBUG]  saving model at iteration 120000
2020-02-03 15:31:30,650 - MAIN.TRAIN - [DEBUG]  saved model 120000_of_500000_model_window10_03_02_2020_144349.h5 to output/experiments/models/chkpts
2020-02-03 15:33:35,868 - MAIN.TRAIN - [DEBUG]  iteration: 121000 	 avg loss: 0.7384607023251315
2020-02-03 15:33:48,276 - MAIN.TRAIN - [DEBUG]  iteration: 122000 	 avg loss: 1.0154875779702555
2020-02-03 15:34:00,679 - MAIN.TRAIN - [DEBUG]  iteration: 123000 	 avg loss: 0.695138980926535
2020-02-03 15:34:13,240 - MAIN.TRAIN - [DEBUG]  iteration: 124000 	 avg loss: 0.8273216475242066
2020-02-03 15:34:25,912 - MAIN.TRAIN - [DEBUG]  iteration: 125000 	 avg loss: 1.007458508224276
2020-02-03 15:34:37,562 - MAIN.TRAIN - [DEBUG]  iteration: 126000 	 avg loss: 1.1068445998491483
2020-02-03 15:34:48,701 - MAIN.TRAIN - [DEBUG]  iteration: 127000 	 avg loss: 0.8457912654762831
2020-02-03 15:35:00,019 - MAIN.TRAIN - [DEBUG]  iteration: 128000 	 avg loss: 0.8732029508730754
2020-02-03 15:35:11,116 - MAIN.TRAIN - [DEBUG]  iteration: 129000 	 avg loss: 1.0715420367740989
2020-02-03 15:35:22,138 - MAIN.TRAIN - [DEBUG]  iteration: 130000 	 avg loss: 1.1840327953764114
2020-02-03 15:35:22,139 - MAIN.TRAIN - [DEBUG]  saving model at iteration 130000
2020-02-03 15:35:22,176 - MAIN.TRAIN - [DEBUG]  saved model 130000_of_500000_model_window10_03_02_2020_144349.h5 to output/experiments/models/chkpts
2020-02-03 15:37:31,111 - MAIN.TRAIN - [DEBUG]  iteration: 131000 	 avg loss: 0.9640837967827718
2020-02-03 15:37:44,085 - MAIN.TRAIN - [DEBUG]  iteration: 132000 	 avg loss: 0.8287437373888692
2020-02-03 15:37:57,294 - MAIN.TRAIN - [DEBUG]  iteration: 133000 	 avg loss: 0.9837221028478207
2020-02-03 15:38:11,065 - MAIN.TRAIN - [DEBUG]  iteration: 134000 	 avg loss: 0.8929587442761363
2020-02-03 15:38:23,377 - MAIN.TRAIN - [DEBUG]  iteration: 135000 	 avg loss: 0.8433467476340683
2020-02-03 15:38:34,622 - MAIN.TRAIN - [DEBUG]  iteration: 136000 	 avg loss: 0.6947055220202982
2020-02-03 15:38:45,903 - MAIN.TRAIN - [DEBUG]  iteration: 137000 	 avg loss: 0.9791529973187227
2020-02-03 15:38:56,846 - MAIN.TRAIN - [DEBUG]  iteration: 138000 	 avg loss: 1.2941538579222214
2020-02-03 15:39:07,803 - MAIN.TRAIN - [DEBUG]  iteration: 139000 	 avg loss: 0.8841168814406293
2020-02-03 15:39:18,753 - MAIN.TRAIN - [DEBUG]  iteration: 140000 	 avg loss: 0.8855544833729664
2020-02-03 15:39:18,754 - MAIN.TRAIN - [DEBUG]  saving model at iteration 140000
2020-02-03 15:39:18,794 - MAIN.TRAIN - [DEBUG]  saved model 140000_of_500000_model_window10_03_02_2020_144349.h5 to output/experiments/models/chkpts
2020-02-03 15:41:23,429 - MAIN.TRAIN - [DEBUG]  iteration: 141000 	 avg loss: 0.8575267715476379
2020-02-03 15:41:35,936 - MAIN.TRAIN - [DEBUG]  iteration: 142000 	 avg loss: 0.9306998882957643
2020-02-03 15:41:48,042 - MAIN.TRAIN - [DEBUG]  iteration: 143000 	 avg loss: 1.123481191001064
2020-02-03 15:42:00,694 - MAIN.TRAIN - [DEBUG]  iteration: 144000 	 avg loss: 1.0659622640596635
2020-02-03 15:42:11,706 - MAIN.TRAIN - [DEBUG]  iteration: 145000 	 avg loss: 0.9062362216745462
2020-02-03 15:42:22,799 - MAIN.TRAIN - [DEBUG]  iteration: 146000 	 avg loss: 1.1483329480583997
2020-02-03 15:42:33,953 - MAIN.TRAIN - [DEBUG]  iteration: 147000 	 avg loss: 0.7115100157416961
2020-02-03 15:42:45,173 - MAIN.TRAIN - [DEBUG]  iteration: 148000 	 avg loss: 0.9056448834480275
2020-02-03 15:42:57,064 - MAIN.TRAIN - [DEBUG]  iteration: 149000 	 avg loss: 0.7830538858786764
2020-02-03 15:43:09,550 - MAIN.TRAIN - [DEBUG]  iteration: 150000 	 avg loss: 1.0542420472004848
2020-02-03 15:43:09,551 - MAIN.TRAIN - [DEBUG]  saving model at iteration 150000
2020-02-03 15:43:09,589 - MAIN.TRAIN - [DEBUG]  saved model 150000_of_500000_model_window10_03_02_2020_144349.h5 to output/experiments/models/chkpts
2020-02-03 15:45:16,663 - MAIN.TRAIN - [DEBUG]  iteration: 151000 	 avg loss: 1.2586393677631602
2020-02-03 15:45:30,624 - MAIN.TRAIN - [DEBUG]  iteration: 152000 	 avg loss: 1.222022797180036
2020-02-03 15:45:43,612 - MAIN.TRAIN - [DEBUG]  iteration: 153000 	 avg loss: 0.9184275396633559
2020-02-03 15:45:56,392 - MAIN.TRAIN - [DEBUG]  iteration: 154000 	 avg loss: 1.1592058010608475
2020-02-03 15:46:08,105 - MAIN.TRAIN - [DEBUG]  iteration: 155000 	 avg loss: 0.8584512172325198
2020-02-03 15:46:19,336 - MAIN.TRAIN - [DEBUG]  iteration: 156000 	 avg loss: 0.7952299026557053
2020-02-03 15:46:30,690 - MAIN.TRAIN - [DEBUG]  iteration: 157000 	 avg loss: 1.0461474561468973
2020-02-03 15:46:42,256 - MAIN.TRAIN - [DEBUG]  iteration: 158000 	 avg loss: 1.3153051066048984
2020-02-03 15:46:53,362 - MAIN.TRAIN - [DEBUG]  iteration: 159000 	 avg loss: 0.9664856758248431
2020-02-03 15:47:04,824 - MAIN.TRAIN - [DEBUG]  iteration: 160000 	 avg loss: 1.0590907432422259
2020-02-03 15:47:04,824 - MAIN.TRAIN - [DEBUG]  saving model at iteration 160000
2020-02-03 15:47:04,864 - MAIN.TRAIN - [DEBUG]  saved model 160000_of_500000_model_window10_03_02_2020_144349.h5 to output/experiments/models/chkpts
2020-02-03 15:49:14,318 - MAIN.TRAIN - [DEBUG]  iteration: 161000 	 avg loss: 1.0551033160115677
2020-02-03 15:49:26,737 - MAIN.TRAIN - [DEBUG]  iteration: 162000 	 avg loss: 1.0368916723690578
2020-02-03 15:49:39,403 - MAIN.TRAIN - [DEBUG]  iteration: 163000 	 avg loss: 1.2125644219938934
2020-02-03 15:49:50,938 - MAIN.TRAIN - [DEBUG]  iteration: 164000 	 avg loss: 0.959098361709865
2020-02-03 15:50:02,928 - MAIN.TRAIN - [DEBUG]  iteration: 165000 	 avg loss: 1.0918065251809002
2020-02-03 15:50:14,680 - MAIN.TRAIN - [DEBUG]  iteration: 166000 	 avg loss: 0.96471211176516
2020-02-03 15:50:25,894 - MAIN.TRAIN - [DEBUG]  iteration: 167000 	 avg loss: 1.113636130321794
2020-02-03 15:50:37,639 - MAIN.TRAIN - [DEBUG]  iteration: 168000 	 avg loss: 1.1158764334830793
2020-02-03 15:50:49,138 - MAIN.TRAIN - [DEBUG]  iteration: 169000 	 avg loss: 0.9126915688924243
2020-02-03 15:51:00,379 - MAIN.TRAIN - [DEBUG]  iteration: 170000 	 avg loss: 1.1552698322167725
2020-02-03 15:51:00,379 - MAIN.TRAIN - [DEBUG]  saving model at iteration 170000
2020-02-03 15:51:00,419 - MAIN.TRAIN - [DEBUG]  saved model 170000_of_500000_model_window10_03_02_2020_144349.h5 to output/experiments/models/chkpts
2020-02-03 15:53:06,943 - MAIN.TRAIN - [DEBUG]  iteration: 171000 	 avg loss: 1.0830708218238665
2020-02-03 15:53:19,899 - MAIN.TRAIN - [DEBUG]  iteration: 172000 	 avg loss: 0.9635821744326304
2020-02-03 15:53:33,155 - MAIN.TRAIN - [DEBUG]  iteration: 173000 	 avg loss: 1.100995026029827
2020-02-03 15:53:44,556 - MAIN.TRAIN - [DEBUG]  iteration: 174000 	 avg loss: 1.0042712547654324
2020-02-03 15:53:56,116 - MAIN.TRAIN - [DEBUG]  iteration: 175000 	 avg loss: 1.075853030810365
2020-02-03 15:54:07,333 - MAIN.TRAIN - [DEBUG]  iteration: 176000 	 avg loss: 1.2801117846008
2020-02-03 15:54:18,844 - MAIN.TRAIN - [DEBUG]  iteration: 177000 	 avg loss: 1.4862578973162144
2020-02-03 15:54:30,572 - MAIN.TRAIN - [DEBUG]  iteration: 178000 	 avg loss: 1.0433270594868331
2020-02-03 15:54:43,329 - MAIN.TRAIN - [DEBUG]  iteration: 179000 	 avg loss: 0.9210886516919264
2020-02-03 15:54:55,532 - MAIN.TRAIN - [DEBUG]  iteration: 180000 	 avg loss: 0.8549159767964792
2020-02-03 15:54:55,532 - MAIN.TRAIN - [DEBUG]  saving model at iteration 180000
2020-02-03 15:54:55,573 - MAIN.TRAIN - [DEBUG]  saved model 180000_of_500000_model_window10_03_02_2020_144349.h5 to output/experiments/models/chkpts
2020-02-03 15:57:02,226 - MAIN.TRAIN - [DEBUG]  iteration: 181000 	 avg loss: 1.1718025916275707
2020-02-03 15:57:15,524 - MAIN.TRAIN - [DEBUG]  iteration: 182000 	 avg loss: 1.0423963643840197
2020-02-03 15:57:27,439 - MAIN.TRAIN - [DEBUG]  iteration: 183000 	 avg loss: 1.0255320419046525
2020-02-03 15:57:38,588 - MAIN.TRAIN - [DEBUG]  iteration: 184000 	 avg loss: 1.1336440963462975
2020-02-03 15:57:49,769 - MAIN.TRAIN - [DEBUG]  iteration: 185000 	 avg loss: 1.1703237127421393
2020-02-03 15:58:01,725 - MAIN.TRAIN - [DEBUG]  iteration: 186000 	 avg loss: 1.1694211047279621
2020-02-03 15:58:13,294 - MAIN.TRAIN - [DEBUG]  iteration: 187000 	 avg loss: 0.896423276524905
2020-02-03 15:58:24,958 - MAIN.TRAIN - [DEBUG]  iteration: 188000 	 avg loss: 1.0577295488107492
2020-02-03 15:58:37,061 - MAIN.TRAIN - [DEBUG]  iteration: 189000 	 avg loss: 1.2994862985535873
2020-02-03 15:58:48,539 - MAIN.TRAIN - [DEBUG]  iteration: 190000 	 avg loss: 0.9209661539507431
2020-02-03 15:58:48,539 - MAIN.TRAIN - [DEBUG]  saving model at iteration 190000
2020-02-03 15:58:48,578 - MAIN.TRAIN - [DEBUG]  saved model 190000_of_500000_model_window10_03_02_2020_144349.h5 to output/experiments/models/chkpts
2020-02-03 16:00:57,032 - MAIN.TRAIN - [DEBUG]  iteration: 191000 	 avg loss: 1.067394606030092
2020-02-03 16:01:09,807 - MAIN.TRAIN - [DEBUG]  iteration: 192000 	 avg loss: 0.8740729436143668
2020-02-03 16:01:21,141 - MAIN.TRAIN - [DEBUG]  iteration: 193000 	 avg loss: 1.1344786749585614
2020-02-03 16:01:33,477 - MAIN.TRAIN - [DEBUG]  iteration: 194000 	 avg loss: 1.2333828652558199
2020-02-03 16:01:44,569 - MAIN.TRAIN - [DEBUG]  iteration: 195000 	 avg loss: 1.0442778099841799
2020-02-03 16:01:56,655 - MAIN.TRAIN - [DEBUG]  iteration: 196000 	 avg loss: 0.9274261507890064
2020-02-03 16:02:08,210 - MAIN.TRAIN - [DEBUG]  iteration: 197000 	 avg loss: 1.1459751348573786
2020-02-03 16:02:19,195 - MAIN.TRAIN - [DEBUG]  iteration: 198000 	 avg loss: 1.2422699591539692
2020-02-03 16:02:30,438 - MAIN.TRAIN - [DEBUG]  iteration: 199000 	 avg loss: 1.3249047565893068
2020-02-03 16:02:41,821 - MAIN.TRAIN - [DEBUG]  iteration: 200000 	 avg loss: 1.0101532455908155
2020-02-03 16:02:41,821 - MAIN.TRAIN - [DEBUG]  saving model at iteration 200000
2020-02-03 16:02:41,861 - MAIN.TRAIN - [DEBUG]  saved model 200000_of_500000_model_window10_03_02_2020_144349.h5 to output/experiments/models/chkpts
2020-02-03 16:04:52,037 - MAIN.TRAIN - [DEBUG]  iteration: 201000 	 avg loss: 0.9447553970198717
2020-02-03 16:05:03,557 - MAIN.TRAIN - [DEBUG]  iteration: 202000 	 avg loss: 1.1554235418654852
2020-02-03 16:05:14,687 - MAIN.TRAIN - [DEBUG]  iteration: 203000 	 avg loss: 1.6612360422058878
2020-02-03 16:05:25,459 - MAIN.TRAIN - [DEBUG]  iteration: 204000 	 avg loss: 0.7441233844102999
2020-02-03 16:05:36,163 - MAIN.TRAIN - [DEBUG]  iteration: 205000 	 avg loss: 1.2969788490658143
2020-02-03 16:05:47,333 - MAIN.TRAIN - [DEBUG]  iteration: 206000 	 avg loss: 1.194482476956743
2020-02-03 16:05:58,474 - MAIN.TRAIN - [DEBUG]  iteration: 207000 	 avg loss: 1.0341505011276455
2020-02-03 16:06:09,805 - MAIN.TRAIN - [DEBUG]  iteration: 208000 	 avg loss: 1.0177920692931361
2020-02-03 16:06:20,862 - MAIN.TRAIN - [DEBUG]  iteration: 209000 	 avg loss: 1.1907216531433469
2020-02-03 16:06:32,789 - MAIN.TRAIN - [DEBUG]  iteration: 210000 	 avg loss: 1.0349047085863474
2020-02-03 16:06:32,789 - MAIN.TRAIN - [DEBUG]  saving model at iteration 210000
2020-02-03 16:06:32,830 - MAIN.TRAIN - [DEBUG]  saved model 210000_of_500000_model_window10_03_02_2020_144349.h5 to output/experiments/models/chkpts
2020-02-03 16:08:42,624 - MAIN.TRAIN - [DEBUG]  iteration: 211000 	 avg loss: 0.9270469243364107
2020-02-03 16:08:54,768 - MAIN.TRAIN - [DEBUG]  iteration: 212000 	 avg loss: 0.83839836275588
2020-02-03 16:09:07,214 - MAIN.TRAIN - [DEBUG]  iteration: 213000 	 avg loss: 1.227674326779517
2020-02-03 16:09:18,943 - MAIN.TRAIN - [DEBUG]  iteration: 214000 	 avg loss: 1.1179292759394177
2020-02-03 16:09:29,972 - MAIN.TRAIN - [DEBUG]  iteration: 215000 	 avg loss: 1.2722619674801903
2020-02-03 16:09:41,035 - MAIN.TRAIN - [DEBUG]  iteration: 216000 	 avg loss: 1.4182110664183882
2020-02-03 16:09:52,030 - MAIN.TRAIN - [DEBUG]  iteration: 217000 	 avg loss: 1.1911457175631395
2020-02-03 16:10:03,355 - MAIN.TRAIN - [DEBUG]  iteration: 218000 	 avg loss: 1.1390625386017623
2020-02-03 16:10:14,417 - MAIN.TRAIN - [DEBUG]  iteration: 219000 	 avg loss: 1.3060130732963704
2020-02-03 16:10:25,606 - MAIN.TRAIN - [DEBUG]  iteration: 220000 	 avg loss: 1.3571699993065731
2020-02-03 16:10:25,606 - MAIN.TRAIN - [DEBUG]  saving model at iteration 220000
2020-02-03 16:10:25,659 - MAIN.TRAIN - [DEBUG]  saved model 220000_of_500000_model_window10_03_02_2020_144349.h5 to output/experiments/models/chkpts
2020-02-03 16:12:33,923 - MAIN.TRAIN - [DEBUG]  iteration: 221000 	 avg loss: 1.1795536309924433
2020-02-03 16:12:44,384 - MAIN.TRAIN - [DEBUG]  iteration: 222000 	 avg loss: 1.2528946898563391
2020-02-03 16:12:55,216 - MAIN.TRAIN - [DEBUG]  iteration: 223000 	 avg loss: 1.2108814579574465
2020-02-03 16:13:06,212 - MAIN.TRAIN - [DEBUG]  iteration: 224000 	 avg loss: 1.1465444810213
2020-02-03 16:13:17,504 - MAIN.TRAIN - [DEBUG]  iteration: 225000 	 avg loss: 0.9072631671369153
2020-02-03 16:13:28,812 - MAIN.TRAIN - [DEBUG]  iteration: 226000 	 avg loss: 1.0938233104526698
2020-02-03 16:13:40,580 - MAIN.TRAIN - [DEBUG]  iteration: 227000 	 avg loss: 0.9020885884387246
2020-02-03 16:13:52,337 - MAIN.TRAIN - [DEBUG]  iteration: 228000 	 avg loss: 1.4672303138716911
2020-02-03 16:14:03,807 - MAIN.TRAIN - [DEBUG]  iteration: 229000 	 avg loss: 1.0315687609849025
2020-02-03 16:14:15,371 - MAIN.TRAIN - [DEBUG]  iteration: 230000 	 avg loss: 1.0158044700520883
2020-02-03 16:14:15,371 - MAIN.TRAIN - [DEBUG]  saving model at iteration 230000
2020-02-03 16:14:15,411 - MAIN.TRAIN - [DEBUG]  saved model 230000_of_500000_model_window10_03_02_2020_144349.h5 to output/experiments/models/chkpts
2020-02-03 16:16:23,018 - MAIN.TRAIN - [DEBUG]  iteration: 231000 	 avg loss: 1.2785283382421335
2020-02-03 16:16:34,212 - MAIN.TRAIN - [DEBUG]  iteration: 232000 	 avg loss: 1.2614547095748956
2020-02-03 16:16:45,288 - MAIN.TRAIN - [DEBUG]  iteration: 233000 	 avg loss: 0.8358100150999689
2020-02-03 16:16:56,477 - MAIN.TRAIN - [DEBUG]  iteration: 234000 	 avg loss: 1.2040199165811942
2020-02-03 16:17:07,824 - MAIN.TRAIN - [DEBUG]  iteration: 235000 	 avg loss: 1.0617693258262435
2020-02-03 16:17:18,505 - MAIN.TRAIN - [DEBUG]  iteration: 236000 	 avg loss: 0.9019138713549032
2020-02-03 16:17:29,382 - MAIN.TRAIN - [DEBUG]  iteration: 237000 	 avg loss: 0.9276097096881986
2020-02-03 16:17:40,544 - MAIN.TRAIN - [DEBUG]  iteration: 238000 	 avg loss: 1.338406874354092
2020-02-03 16:17:51,688 - MAIN.TRAIN - [DEBUG]  iteration: 239000 	 avg loss: 0.9616136354313983
2020-02-03 16:18:02,603 - MAIN.TRAIN - [DEBUG]  iteration: 240000 	 avg loss: 0.9610044196958324
2020-02-03 16:18:02,603 - MAIN.TRAIN - [DEBUG]  saving model at iteration 240000
2020-02-03 16:18:02,653 - MAIN.TRAIN - [DEBUG]  saved model 240000_of_500000_model_window10_03_02_2020_144349.h5 to output/experiments/models/chkpts
2020-02-03 16:20:12,027 - MAIN.TRAIN - [DEBUG]  iteration: 241000 	 avg loss: 1.2744641497461393
2020-02-03 16:20:23,506 - MAIN.TRAIN - [DEBUG]  iteration: 242000 	 avg loss: 0.9885023848163959
2020-02-03 16:20:34,791 - MAIN.TRAIN - [DEBUG]  iteration: 243000 	 avg loss: 1.0199924566352065
2020-02-03 16:20:46,517 - MAIN.TRAIN - [DEBUG]  iteration: 244000 	 avg loss: 0.9331174025395105
2020-02-03 16:20:58,793 - MAIN.TRAIN - [DEBUG]  iteration: 245000 	 avg loss: 0.9481658000296708
2020-02-03 16:21:10,588 - MAIN.TRAIN - [DEBUG]  iteration: 246000 	 avg loss: 0.8689400840123612
2020-02-03 16:21:21,246 - MAIN.TRAIN - [DEBUG]  iteration: 247000 	 avg loss: 1.300054039971555
2020-02-03 16:21:31,936 - MAIN.TRAIN - [DEBUG]  iteration: 248000 	 avg loss: 0.9898977121717046
2020-02-03 16:21:42,797 - MAIN.TRAIN - [DEBUG]  iteration: 249000 	 avg loss: 1.112852197614473
2020-02-03 16:21:54,332 - MAIN.TRAIN - [DEBUG]  iteration: 250000 	 avg loss: 0.9621423213906037
2020-02-03 16:21:54,332 - MAIN.TRAIN - [DEBUG]  saving model at iteration 250000
2020-02-03 16:21:54,376 - MAIN.TRAIN - [DEBUG]  saved model 250000_of_500000_model_window10_03_02_2020_144349.h5 to output/experiments/models/chkpts
2020-02-03 16:24:02,327 - MAIN.TRAIN - [DEBUG]  iteration: 251000 	 avg loss: 0.8842063284907494
2020-02-03 16:24:12,908 - MAIN.TRAIN - [DEBUG]  iteration: 252000 	 avg loss: 1.2636909744190548
2020-02-03 16:24:23,893 - MAIN.TRAIN - [DEBUG]  iteration: 253000 	 avg loss: 0.9178581863449417
2020-02-03 16:24:35,488 - MAIN.TRAIN - [DEBUG]  iteration: 254000 	 avg loss: 1.1375185690543368
2020-02-03 16:24:46,493 - MAIN.TRAIN - [DEBUG]  iteration: 255000 	 avg loss: 0.9245083590480139
2020-02-03 16:24:57,530 - MAIN.TRAIN - [DEBUG]  iteration: 256000 	 avg loss: 1.1095358269228515
2020-02-03 16:25:08,711 - MAIN.TRAIN - [DEBUG]  iteration: 257000 	 avg loss: 1.0108417903874232
2020-02-03 16:25:20,195 - MAIN.TRAIN - [DEBUG]  iteration: 258000 	 avg loss: 1.1545689802057801
2020-02-03 16:25:31,650 - MAIN.TRAIN - [DEBUG]  iteration: 259000 	 avg loss: 1.037005886222427
2020-02-03 16:25:44,022 - MAIN.TRAIN - [DEBUG]  iteration: 260000 	 avg loss: 0.885208127636761
2020-02-03 16:25:44,022 - MAIN.TRAIN - [DEBUG]  saving model at iteration 260000
2020-02-03 16:25:44,073 - MAIN.TRAIN - [DEBUG]  saved model 260000_of_500000_model_window10_03_02_2020_144349.h5 to output/experiments/models/chkpts
2020-02-03 16:27:51,437 - MAIN.TRAIN - [DEBUG]  iteration: 261000 	 avg loss: 1.0996784075336614
2020-02-03 16:28:03,461 - MAIN.TRAIN - [DEBUG]  iteration: 262000 	 avg loss: 1.3318288353320349
2020-02-03 16:28:15,181 - MAIN.TRAIN - [DEBUG]  iteration: 263000 	 avg loss: 1.0286900563945913
2020-02-03 16:28:26,236 - MAIN.TRAIN - [DEBUG]  iteration: 264000 	 avg loss: 1.0645389618857035
2020-02-03 16:28:37,016 - MAIN.TRAIN - [DEBUG]  iteration: 265000 	 avg loss: 1.002264578814624
2020-02-03 16:28:48,000 - MAIN.TRAIN - [DEBUG]  iteration: 266000 	 avg loss: 0.7903902925113645
2020-02-03 16:28:59,354 - MAIN.TRAIN - [DEBUG]  iteration: 267000 	 avg loss: 1.202341545404136
2020-02-03 16:29:10,441 - MAIN.TRAIN - [DEBUG]  iteration: 268000 	 avg loss: 1.0631955049028834
2020-02-03 16:29:21,292 - MAIN.TRAIN - [DEBUG]  iteration: 269000 	 avg loss: 1.0460601275867303
2020-02-03 16:29:33,602 - MAIN.TRAIN - [DEBUG]  iteration: 270000 	 avg loss: 1.2358909755872092
2020-02-03 16:29:33,602 - MAIN.TRAIN - [DEBUG]  saving model at iteration 270000
2020-02-03 16:29:33,647 - MAIN.TRAIN - [DEBUG]  saved model 270000_of_500000_model_window10_03_02_2020_144349.h5 to output/experiments/models/chkpts
2020-02-03 16:31:41,374 - MAIN.TRAIN - [DEBUG]  iteration: 271000 	 avg loss: 1.4708135247860983
2020-02-03 16:31:52,336 - MAIN.TRAIN - [DEBUG]  iteration: 272000 	 avg loss: 0.884708004663712
2020-02-03 16:32:03,215 - MAIN.TRAIN - [DEBUG]  iteration: 273000 	 avg loss: 1.3274954862784563
2020-02-03 16:32:14,281 - MAIN.TRAIN - [DEBUG]  iteration: 274000 	 avg loss: 0.7970032420866744
2020-02-03 16:32:25,672 - MAIN.TRAIN - [DEBUG]  iteration: 275000 	 avg loss: 1.124412613768197
2020-02-03 16:32:37,165 - MAIN.TRAIN - [DEBUG]  iteration: 276000 	 avg loss: 1.442401659267747
2020-02-03 16:32:49,170 - MAIN.TRAIN - [DEBUG]  iteration: 277000 	 avg loss: 0.9912877648824606
2020-02-03 16:33:01,034 - MAIN.TRAIN - [DEBUG]  iteration: 278000 	 avg loss: 1.072601687660901
2020-02-03 16:33:12,677 - MAIN.TRAIN - [DEBUG]  iteration: 279000 	 avg loss: 0.8743841669697262
2020-02-03 16:33:24,844 - MAIN.TRAIN - [DEBUG]  iteration: 280000 	 avg loss: 1.151091470711128
2020-02-03 16:33:24,844 - MAIN.TRAIN - [DEBUG]  saving model at iteration 280000
2020-02-03 16:33:24,887 - MAIN.TRAIN - [DEBUG]  saved model 280000_of_500000_model_window10_03_02_2020_144349.h5 to output/experiments/models/chkpts
2020-02-03 16:35:35,735 - MAIN.TRAIN - [DEBUG]  iteration: 281000 	 avg loss: 1.0640266795927065
2020-02-03 16:35:47,044 - MAIN.TRAIN - [DEBUG]  iteration: 282000 	 avg loss: 0.9124556919930026
2020-02-03 16:35:58,365 - MAIN.TRAIN - [DEBUG]  iteration: 283000 	 avg loss: 1.1088085705290145
2020-02-03 16:36:09,319 - MAIN.TRAIN - [DEBUG]  iteration: 284000 	 avg loss: 1.0638868353732978
2020-02-03 16:36:20,397 - MAIN.TRAIN - [DEBUG]  iteration: 285000 	 avg loss: 0.8399145775487603
2020-02-03 16:36:32,226 - MAIN.TRAIN - [DEBUG]  iteration: 286000 	 avg loss: 1.2136600825263753
2020-02-03 16:36:43,025 - MAIN.TRAIN - [DEBUG]  iteration: 287000 	 avg loss: 1.3634004073255341
2020-02-03 16:36:53,793 - MAIN.TRAIN - [DEBUG]  iteration: 288000 	 avg loss: 1.2029262417700692
2020-02-03 16:37:06,687 - MAIN.TRAIN - [DEBUG]  iteration: 289000 	 avg loss: 1.329383178555525
2020-02-03 16:37:20,170 - MAIN.TRAIN - [DEBUG]  iteration: 290000 	 avg loss: 1.2907119309364943
2020-02-03 16:37:20,170 - MAIN.TRAIN - [DEBUG]  saving model at iteration 290000
2020-02-03 16:37:20,216 - MAIN.TRAIN - [DEBUG]  saved model 290000_of_500000_model_window10_03_02_2020_144349.h5 to output/experiments/models/chkpts
2020-02-03 16:39:25,955 - MAIN.TRAIN - [DEBUG]  iteration: 291000 	 avg loss: 0.9441532982272239
2020-02-03 16:39:37,032 - MAIN.TRAIN - [DEBUG]  iteration: 292000 	 avg loss: 1.160300798007352
2020-02-03 16:39:48,601 - MAIN.TRAIN - [DEBUG]  iteration: 293000 	 avg loss: 1.1345044274848335
2020-02-03 16:40:00,716 - MAIN.TRAIN - [DEBUG]  iteration: 294000 	 avg loss: 1.2103889797559568
2020-02-03 16:40:13,411 - MAIN.TRAIN - [DEBUG]  iteration: 295000 	 avg loss: 1.4711297075584444
2020-02-03 16:40:24,578 - MAIN.TRAIN - [DEBUG]  iteration: 296000 	 avg loss: 0.8398374437144025
2020-02-03 16:40:35,393 - MAIN.TRAIN - [DEBUG]  iteration: 297000 	 avg loss: 0.9073649581369629
2020-02-03 16:40:47,725 - MAIN.TRAIN - [DEBUG]  iteration: 298000 	 avg loss: 1.0649187954452848
2020-02-03 16:41:00,534 - MAIN.TRAIN - [DEBUG]  iteration: 299000 	 avg loss: 0.9269224057260744
2020-02-03 16:41:13,209 - MAIN.TRAIN - [DEBUG]  iteration: 300000 	 avg loss: 0.9308927294526366
2020-02-03 16:41:13,210 - MAIN.TRAIN - [DEBUG]  saving model at iteration 300000
2020-02-03 16:41:13,256 - MAIN.TRAIN - [DEBUG]  saved model 300000_of_500000_model_window10_03_02_2020_144349.h5 to output/experiments/models/chkpts
2020-02-03 16:43:20,078 - MAIN.TRAIN - [DEBUG]  iteration: 301000 	 avg loss: 1.054895762571152
2020-02-03 16:43:31,317 - MAIN.TRAIN - [DEBUG]  iteration: 302000 	 avg loss: 1.1725774322794265
2020-02-03 16:43:42,501 - MAIN.TRAIN - [DEBUG]  iteration: 303000 	 avg loss: 0.9667244392393476
2020-02-03 16:43:53,855 - MAIN.TRAIN - [DEBUG]  iteration: 304000 	 avg loss: 1.0238003546315488
2020-02-03 16:44:05,618 - MAIN.TRAIN - [DEBUG]  iteration: 305000 	 avg loss: 1.1959553115588324
2020-02-03 16:44:16,931 - MAIN.TRAIN - [DEBUG]  iteration: 306000 	 avg loss: 0.9416816662158597
2020-02-03 16:44:29,015 - MAIN.TRAIN - [DEBUG]  iteration: 307000 	 avg loss: 1.3819593510007426
2020-02-03 16:44:43,126 - MAIN.TRAIN - [DEBUG]  iteration: 308000 	 avg loss: 1.1266828298768052
2020-02-03 16:44:56,973 - MAIN.TRAIN - [DEBUG]  iteration: 309000 	 avg loss: 1.1493192337007991
2020-02-03 16:45:09,824 - MAIN.TRAIN - [DEBUG]  iteration: 310000 	 avg loss: 1.2076726919067022
2020-02-03 16:45:09,824 - MAIN.TRAIN - [DEBUG]  saving model at iteration 310000
2020-02-03 16:45:09,867 - MAIN.TRAIN - [DEBUG]  saved model 310000_of_500000_model_window10_03_02_2020_144349.h5 to output/experiments/models/chkpts
2020-02-03 16:47:17,767 - MAIN.TRAIN - [DEBUG]  iteration: 311000 	 avg loss: 1.351859640108408
2020-02-03 16:47:29,636 - MAIN.TRAIN - [DEBUG]  iteration: 312000 	 avg loss: 1.0126348789358153
2020-02-03 16:47:40,817 - MAIN.TRAIN - [DEBUG]  iteration: 313000 	 avg loss: 1.0561530877821133
2020-02-03 16:47:51,944 - MAIN.TRAIN - [DEBUG]  iteration: 314000 	 avg loss: 0.8095131980817095
2020-02-03 16:48:03,495 - MAIN.TRAIN - [DEBUG]  iteration: 315000 	 avg loss: 1.099130280779842
2020-02-03 16:48:15,566 - MAIN.TRAIN - [DEBUG]  iteration: 316000 	 avg loss: 0.7495181985616127
2020-02-03 16:48:28,273 - MAIN.TRAIN - [DEBUG]  iteration: 317000 	 avg loss: 1.02691105913837
2020-02-03 16:48:41,166 - MAIN.TRAIN - [DEBUG]  iteration: 318000 	 avg loss: 1.0547568813190091
2020-02-03 16:48:54,212 - MAIN.TRAIN - [DEBUG]  iteration: 319000 	 avg loss: 1.6191303952378602
2020-02-03 16:49:06,295 - MAIN.TRAIN - [DEBUG]  iteration: 320000 	 avg loss: 0.9328388887602832
2020-02-03 16:49:06,295 - MAIN.TRAIN - [DEBUG]  saving model at iteration 320000
2020-02-03 16:49:06,340 - MAIN.TRAIN - [DEBUG]  saved model 320000_of_500000_model_window10_03_02_2020_144349.h5 to output/experiments/models/chkpts
2020-02-03 16:51:12,299 - MAIN.TRAIN - [DEBUG]  iteration: 321000 	 avg loss: 1.0978349851955864
2020-02-03 16:51:23,500 - MAIN.TRAIN - [DEBUG]  iteration: 322000 	 avg loss: 1.0227949956563802
2020-02-03 16:51:34,836 - MAIN.TRAIN - [DEBUG]  iteration: 323000 	 avg loss: 0.9606380833688536
2020-02-03 16:51:46,126 - MAIN.TRAIN - [DEBUG]  iteration: 324000 	 avg loss: 1.0047880212541005
2020-02-03 16:51:57,816 - MAIN.TRAIN - [DEBUG]  iteration: 325000 	 avg loss: 0.9084053209396847
2020-02-03 16:52:10,417 - MAIN.TRAIN - [DEBUG]  iteration: 326000 	 avg loss: 1.3851050794743607
2020-02-03 16:52:22,737 - MAIN.TRAIN - [DEBUG]  iteration: 327000 	 avg loss: 1.094889133618079
2020-02-03 16:52:35,580 - MAIN.TRAIN - [DEBUG]  iteration: 328000 	 avg loss: 1.0284565796669203
2020-02-03 16:52:48,020 - MAIN.TRAIN - [DEBUG]  iteration: 329000 	 avg loss: 0.9286473072557346
2020-02-03 16:53:00,943 - MAIN.TRAIN - [DEBUG]  iteration: 330000 	 avg loss: 0.7919527779774067
2020-02-03 16:53:00,944 - MAIN.TRAIN - [DEBUG]  saving model at iteration 330000
2020-02-03 16:53:00,987 - MAIN.TRAIN - [DEBUG]  saved model 330000_of_500000_model_window10_03_02_2020_144349.h5 to output/experiments/models/chkpts
2020-02-03 16:55:01,561 - MAIN.TRAIN - [DEBUG]  iteration: 331000 	 avg loss: 1.4353960987095815
2020-02-03 16:55:12,625 - MAIN.TRAIN - [DEBUG]  iteration: 332000 	 avg loss: 1.2058725578684748
2020-02-03 16:55:23,568 - MAIN.TRAIN - [DEBUG]  iteration: 333000 	 avg loss: 1.4674569620676121
2020-02-03 16:55:34,985 - MAIN.TRAIN - [DEBUG]  iteration: 334000 	 avg loss: 0.9427533533306205
2020-02-03 16:55:47,228 - MAIN.TRAIN - [DEBUG]  iteration: 335000 	 avg loss: 0.9244883421125507
2020-02-03 16:56:00,197 - MAIN.TRAIN - [DEBUG]  iteration: 336000 	 avg loss: 1.0810873168367148
2020-02-03 16:56:12,774 - MAIN.TRAIN - [DEBUG]  iteration: 337000 	 avg loss: 1.0111826876949437
2020-02-03 16:56:25,416 - MAIN.TRAIN - [DEBUG]  iteration: 338000 	 avg loss: 1.3673453607944097
2020-02-03 16:56:38,559 - MAIN.TRAIN - [DEBUG]  iteration: 339000 	 avg loss: 0.8210827167456846
2020-02-03 16:56:51,134 - MAIN.TRAIN - [DEBUG]  iteration: 340000 	 avg loss: 1.1089294658621058
2020-02-03 16:56:51,134 - MAIN.TRAIN - [DEBUG]  saving model at iteration 340000
2020-02-03 16:56:51,176 - MAIN.TRAIN - [DEBUG]  saved model 340000_of_500000_model_window10_03_02_2020_144349.h5 to output/experiments/models/chkpts
2020-02-03 16:58:49,733 - MAIN.TRAIN - [DEBUG]  iteration: 341000 	 avg loss: 1.2458213986094997
2020-02-03 16:59:00,031 - MAIN.TRAIN - [DEBUG]  iteration: 342000 	 avg loss: 0.9172923663317579
2020-02-03 16:59:10,663 - MAIN.TRAIN - [DEBUG]  iteration: 343000 	 avg loss: 1.1359079856572936
2020-02-03 16:59:21,403 - MAIN.TRAIN - [DEBUG]  iteration: 344000 	 avg loss: 1.083946405108556
2020-02-03 16:59:33,781 - MAIN.TRAIN - [DEBUG]  iteration: 345000 	 avg loss: 1.0805161180156333
2020-02-03 16:59:46,236 - MAIN.TRAIN - [DEBUG]  iteration: 346000 	 avg loss: 1.063187069875421
2020-02-03 16:59:58,633 - MAIN.TRAIN - [DEBUG]  iteration: 347000 	 avg loss: 1.308445712825378
2020-02-03 17:00:11,126 - MAIN.TRAIN - [DEBUG]  iteration: 348000 	 avg loss: 1.108196283022021
2020-02-03 17:00:23,611 - MAIN.TRAIN - [DEBUG]  iteration: 349000 	 avg loss: 0.7336884569341549
2020-02-03 17:00:36,359 - MAIN.TRAIN - [DEBUG]  iteration: 350000 	 avg loss: 0.9674349599424721
2020-02-03 17:00:36,359 - MAIN.TRAIN - [DEBUG]  saving model at iteration 350000
2020-02-03 17:00:36,402 - MAIN.TRAIN - [DEBUG]  saved model 350000_of_500000_model_window10_03_02_2020_144349.h5 to output/experiments/models/chkpts
2020-02-03 17:02:35,091 - MAIN.TRAIN - [DEBUG]  iteration: 351000 	 avg loss: 1.392875450124312
2020-02-03 17:02:46,300 - MAIN.TRAIN - [DEBUG]  iteration: 352000 	 avg loss: 1.0021650663571582
2020-02-03 17:02:57,302 - MAIN.TRAIN - [DEBUG]  iteration: 353000 	 avg loss: 0.9241398082109444
2020-02-03 17:03:09,083 - MAIN.TRAIN - [DEBUG]  iteration: 354000 	 avg loss: 1.2593568073792485
2020-02-03 17:03:21,667 - MAIN.TRAIN - [DEBUG]  iteration: 355000 	 avg loss: 1.371880776071599
2020-02-03 17:03:34,066 - MAIN.TRAIN - [DEBUG]  iteration: 356000 	 avg loss: 1.0935185538379084
2020-02-03 17:03:46,409 - MAIN.TRAIN - [DEBUG]  iteration: 357000 	 avg loss: 1.2379916649342986
2020-02-03 17:03:58,862 - MAIN.TRAIN - [DEBUG]  iteration: 358000 	 avg loss: 1.214787864018581
2020-02-03 17:04:11,835 - MAIN.TRAIN - [DEBUG]  iteration: 359000 	 avg loss: 1.2474914960631285
2020-02-03 17:04:24,459 - MAIN.TRAIN - [DEBUG]  iteration: 360000 	 avg loss: 0.9181011867361686
2020-02-03 17:04:24,459 - MAIN.TRAIN - [DEBUG]  saving model at iteration 360000
2020-02-03 17:04:24,501 - MAIN.TRAIN - [DEBUG]  saved model 360000_of_500000_model_window10_03_02_2020_144349.h5 to output/experiments/models/chkpts
2020-02-03 17:06:23,272 - MAIN.TRAIN - [DEBUG]  iteration: 361000 	 avg loss: 1.2998506853982434
2020-02-03 17:06:34,658 - MAIN.TRAIN - [DEBUG]  iteration: 362000 	 avg loss: 1.8043787129840274
2020-02-03 17:06:46,159 - MAIN.TRAIN - [DEBUG]  iteration: 363000 	 avg loss: 0.9372347761200653
2020-02-03 17:06:58,997 - MAIN.TRAIN - [DEBUG]  iteration: 364000 	 avg loss: 1.0333351139326115
2020-02-03 17:07:12,407 - MAIN.TRAIN - [DEBUG]  iteration: 365000 	 avg loss: 1.1514291296274022
2020-02-03 17:07:25,007 - MAIN.TRAIN - [DEBUG]  iteration: 366000 	 avg loss: 1.1799420470486874
2020-02-03 17:07:37,598 - MAIN.TRAIN - [DEBUG]  iteration: 367000 	 avg loss: 0.8791263036388145
2020-02-03 17:07:50,425 - MAIN.TRAIN - [DEBUG]  iteration: 368000 	 avg loss: 1.1609924172483697
2020-02-03 17:08:03,202 - MAIN.TRAIN - [DEBUG]  iteration: 369000 	 avg loss: 1.111193162372521
2020-02-03 17:08:16,512 - MAIN.TRAIN - [DEBUG]  iteration: 370000 	 avg loss: 1.3453678924542403
2020-02-03 17:08:16,513 - MAIN.TRAIN - [DEBUG]  saving model at iteration 370000
2020-02-03 17:08:16,553 - MAIN.TRAIN - [DEBUG]  saved model 370000_of_500000_model_window10_03_02_2020_144349.h5 to output/experiments/models/chkpts
2020-02-03 17:10:15,147 - MAIN.TRAIN - [DEBUG]  iteration: 371000 	 avg loss: 1.0182557275194994
2020-02-03 17:10:25,992 - MAIN.TRAIN - [DEBUG]  iteration: 372000 	 avg loss: 1.1030364646753006
2020-02-03 17:10:37,371 - MAIN.TRAIN - [DEBUG]  iteration: 373000 	 avg loss: 0.9341399975217383
2020-02-03 17:10:49,750 - MAIN.TRAIN - [DEBUG]  iteration: 374000 	 avg loss: 1.1598414794852543
2020-02-03 17:11:02,241 - MAIN.TRAIN - [DEBUG]  iteration: 375000 	 avg loss: 1.168690275987048
2020-02-03 17:11:15,382 - MAIN.TRAIN - [DEBUG]  iteration: 376000 	 avg loss: 1.024970046579434
2020-02-03 17:11:27,996 - MAIN.TRAIN - [DEBUG]  iteration: 377000 	 avg loss: 1.27713384536004
2020-02-03 17:11:40,667 - MAIN.TRAIN - [DEBUG]  iteration: 378000 	 avg loss: 0.9401249840174132
2020-02-03 17:11:53,025 - MAIN.TRAIN - [DEBUG]  iteration: 379000 	 avg loss: 1.0831912765621787
2020-02-03 17:12:05,987 - MAIN.TRAIN - [DEBUG]  iteration: 380000 	 avg loss: 0.9688387742358027
2020-02-03 17:12:05,987 - MAIN.TRAIN - [DEBUG]  saving model at iteration 380000
2020-02-03 17:12:06,029 - MAIN.TRAIN - [DEBUG]  saved model 380000_of_500000_model_window10_03_02_2020_144349.h5 to output/experiments/models/chkpts
2020-02-03 17:14:04,389 - MAIN.TRAIN - [DEBUG]  iteration: 381000 	 avg loss: 1.1252844417283958
2020-02-03 17:14:15,360 - MAIN.TRAIN - [DEBUG]  iteration: 382000 	 avg loss: 1.0597966934769645
2020-02-03 17:14:27,899 - MAIN.TRAIN - [DEBUG]  iteration: 383000 	 avg loss: 1.1055510040013354
2020-02-03 17:14:40,492 - MAIN.TRAIN - [DEBUG]  iteration: 384000 	 avg loss: 1.3874202921258665
2020-02-03 17:14:52,974 - MAIN.TRAIN - [DEBUG]  iteration: 385000 	 avg loss: 0.9519467727839074
2020-02-03 17:15:05,222 - MAIN.TRAIN - [DEBUG]  iteration: 386000 	 avg loss: 1.0842581815023786
2020-02-03 17:15:17,830 - MAIN.TRAIN - [DEBUG]  iteration: 387000 	 avg loss: 1.1233617462413406
2020-02-03 17:15:30,234 - MAIN.TRAIN - [DEBUG]  iteration: 388000 	 avg loss: 1.1331838818047035
2020-02-03 17:15:43,287 - MAIN.TRAIN - [DEBUG]  iteration: 389000 	 avg loss: 1.3830424294213408
2020-02-03 17:15:55,724 - MAIN.TRAIN - [DEBUG]  iteration: 390000 	 avg loss: 1.1375802069215133
2020-02-03 17:15:55,724 - MAIN.TRAIN - [DEBUG]  saving model at iteration 390000
2020-02-03 17:15:55,768 - MAIN.TRAIN - [DEBUG]  saved model 390000_of_500000_model_window10_03_02_2020_144349.h5 to output/experiments/models/chkpts
2020-02-03 17:17:54,304 - MAIN.TRAIN - [DEBUG]  iteration: 391000 	 avg loss: 0.8971455286210369
2020-02-03 17:18:06,313 - MAIN.TRAIN - [DEBUG]  iteration: 392000 	 avg loss: 1.1142892865378913
2020-02-03 17:18:18,821 - MAIN.TRAIN - [DEBUG]  iteration: 393000 	 avg loss: 1.2263712705374163
2020-02-03 17:18:31,347 - MAIN.TRAIN - [DEBUG]  iteration: 394000 	 avg loss: 1.3414692495309029
2020-02-03 17:18:44,195 - MAIN.TRAIN - [DEBUG]  iteration: 395000 	 avg loss: 0.9336663117434364
2020-02-03 17:18:57,031 - MAIN.TRAIN - [DEBUG]  iteration: 396000 	 avg loss: 1.0019314902825003
2020-02-03 17:19:10,039 - MAIN.TRAIN - [DEBUG]  iteration: 397000 	 avg loss: 1.1281221363589533
2020-02-03 17:19:23,069 - MAIN.TRAIN - [DEBUG]  iteration: 398000 	 avg loss: 1.0568403523065282
2020-02-03 17:19:35,067 - MAIN.TRAIN - [DEBUG]  iteration: 399000 	 avg loss: 1.0863229386943727
2020-02-03 17:19:47,483 - MAIN.TRAIN - [DEBUG]  iteration: 400000 	 avg loss: 1.4603095315228873
2020-02-03 17:19:47,484 - MAIN.TRAIN - [DEBUG]  saving model at iteration 400000
2020-02-03 17:19:47,530 - MAIN.TRAIN - [DEBUG]  saved model 400000_of_500000_model_window10_03_02_2020_144349.h5 to output/experiments/models/chkpts
2020-02-03 17:21:45,988 - MAIN.TRAIN - [DEBUG]  iteration: 401000 	 avg loss: 1.2513972415799253
2020-02-03 17:21:58,589 - MAIN.TRAIN - [DEBUG]  iteration: 402000 	 avg loss: 1.2641351786943174
2020-02-03 17:22:11,272 - MAIN.TRAIN - [DEBUG]  iteration: 403000 	 avg loss: 1.0541597761407744
2020-02-03 17:22:24,130 - MAIN.TRAIN - [DEBUG]  iteration: 404000 	 avg loss: 1.5225223308345213
2020-02-03 17:22:37,180 - MAIN.TRAIN - [DEBUG]  iteration: 405000 	 avg loss: 1.0011820610332507
2020-02-03 17:22:49,749 - MAIN.TRAIN - [DEBUG]  iteration: 406000 	 avg loss: 1.2634772658437432
2020-02-03 17:23:02,626 - MAIN.TRAIN - [DEBUG]  iteration: 407000 	 avg loss: 1.229583381866789
2020-02-03 17:23:15,327 - MAIN.TRAIN - [DEBUG]  iteration: 408000 	 avg loss: 1.0939681470768938
2020-02-03 17:23:27,498 - MAIN.TRAIN - [DEBUG]  iteration: 409000 	 avg loss: 1.188798438597933
2020-02-03 17:23:39,536 - MAIN.TRAIN - [DEBUG]  iteration: 410000 	 avg loss: 1.2437386846397311
2020-02-03 17:23:39,536 - MAIN.TRAIN - [DEBUG]  saving model at iteration 410000
2020-02-03 17:23:39,576 - MAIN.TRAIN - [DEBUG]  saved model 410000_of_500000_model_window10_03_02_2020_144349.h5 to output/experiments/models/chkpts
2020-02-03 17:25:39,580 - MAIN.TRAIN - [DEBUG]  iteration: 411000 	 avg loss: 1.2775326834880252
2020-02-03 17:25:52,513 - MAIN.TRAIN - [DEBUG]  iteration: 412000 	 avg loss: 1.07648354297267
2020-02-03 17:26:05,867 - MAIN.TRAIN - [DEBUG]  iteration: 413000 	 avg loss: 0.9409944930442725
2020-02-03 17:26:18,474 - MAIN.TRAIN - [DEBUG]  iteration: 414000 	 avg loss: 1.191339512859231
2020-02-03 17:26:31,453 - MAIN.TRAIN - [DEBUG]  iteration: 415000 	 avg loss: 0.8353516811858462
2020-02-03 17:26:44,562 - MAIN.TRAIN - [DEBUG]  iteration: 416000 	 avg loss: 1.2081816715972655
2020-02-03 17:26:58,680 - MAIN.TRAIN - [DEBUG]  iteration: 417000 	 avg loss: 1.118155016026987
2020-02-03 17:27:11,086 - MAIN.TRAIN - [DEBUG]  iteration: 418000 	 avg loss: 1.2723973074552286
2020-02-03 17:27:24,120 - MAIN.TRAIN - [DEBUG]  iteration: 419000 	 avg loss: 0.8822417493892717
2020-02-03 17:27:36,436 - MAIN.TRAIN - [DEBUG]  iteration: 420000 	 avg loss: 1.2780944173905555
2020-02-03 17:27:36,436 - MAIN.TRAIN - [DEBUG]  saving model at iteration 420000
2020-02-03 17:27:36,476 - MAIN.TRAIN - [DEBUG]  saved model 420000_of_500000_model_window10_03_02_2020_144349.h5 to output/experiments/models/chkpts
2020-02-03 17:29:34,629 - MAIN.TRAIN - [DEBUG]  iteration: 421000 	 avg loss: 1.085614649336435
2020-02-03 17:29:47,939 - MAIN.TRAIN - [DEBUG]  iteration: 422000 	 avg loss: 1.2525925807046947
2020-02-03 17:30:00,790 - MAIN.TRAIN - [DEBUG]  iteration: 423000 	 avg loss: 1.4633874186723714
2020-02-03 17:30:13,941 - MAIN.TRAIN - [DEBUG]  iteration: 424000 	 avg loss: 1.337370428695554
2020-02-03 17:30:26,371 - MAIN.TRAIN - [DEBUG]  iteration: 425000 	 avg loss: 1.2015588568723252
2020-02-03 17:30:39,332 - MAIN.TRAIN - [DEBUG]  iteration: 426000 	 avg loss: 1.1840244192553546
2020-02-03 17:30:52,296 - MAIN.TRAIN - [DEBUG]  iteration: 427000 	 avg loss: 1.2543304643306556
2020-02-03 17:31:05,387 - MAIN.TRAIN - [DEBUG]  iteration: 428000 	 avg loss: 1.193814199312411
2020-02-03 17:31:18,113 - MAIN.TRAIN - [DEBUG]  iteration: 429000 	 avg loss: 1.316708848604214
2020-02-03 17:31:29,322 - MAIN.TRAIN - [DEBUG]  iteration: 430000 	 avg loss: 0.9003490131362093
2020-02-03 17:31:29,322 - MAIN.TRAIN - [DEBUG]  saving model at iteration 430000
2020-02-03 17:31:29,363 - MAIN.TRAIN - [DEBUG]  saved model 430000_of_500000_model_window10_03_02_2020_144349.h5 to output/experiments/models/chkpts
2020-02-03 17:33:33,538 - MAIN.TRAIN - [DEBUG]  iteration: 431000 	 avg loss: 1.0772098966801165
2020-02-03 17:33:46,198 - MAIN.TRAIN - [DEBUG]  iteration: 432000 	 avg loss: 0.838846779339824
2020-02-03 17:33:59,214 - MAIN.TRAIN - [DEBUG]  iteration: 433000 	 avg loss: 1.2027450501996144
2020-02-03 17:34:12,189 - MAIN.TRAIN - [DEBUG]  iteration: 434000 	 avg loss: 1.312192381438973
2020-02-03 17:34:25,300 - MAIN.TRAIN - [DEBUG]  iteration: 435000 	 avg loss: 1.3379913115331614
2020-02-03 17:34:38,555 - MAIN.TRAIN - [DEBUG]  iteration: 436000 	 avg loss: 1.1834382212208154
2020-02-03 17:34:51,960 - MAIN.TRAIN - [DEBUG]  iteration: 437000 	 avg loss: 1.0513594840423055
2020-02-03 17:35:05,647 - MAIN.TRAIN - [DEBUG]  iteration: 438000 	 avg loss: 0.9054918273350799
2020-02-03 17:35:16,772 - MAIN.TRAIN - [DEBUG]  iteration: 439000 	 avg loss: 1.2490507131160558
2020-02-03 17:35:28,244 - MAIN.TRAIN - [DEBUG]  iteration: 440000 	 avg loss: 1.4537106925694712
2020-02-03 17:35:28,244 - MAIN.TRAIN - [DEBUG]  saving model at iteration 440000
2020-02-03 17:35:28,284 - MAIN.TRAIN - [DEBUG]  saved model 440000_of_500000_model_window10_03_02_2020_144349.h5 to output/experiments/models/chkpts
2020-02-03 17:37:29,648 - MAIN.TRAIN - [DEBUG]  iteration: 441000 	 avg loss: 1.1608074930588812
2020-02-03 17:37:42,406 - MAIN.TRAIN - [DEBUG]  iteration: 442000 	 avg loss: 1.3358011628719386
2020-02-03 17:37:55,378 - MAIN.TRAIN - [DEBUG]  iteration: 443000 	 avg loss: 1.2816188301865767
2020-02-03 17:38:08,336 - MAIN.TRAIN - [DEBUG]  iteration: 444000 	 avg loss: 1.1262825620302466
2020-02-03 17:38:20,612 - MAIN.TRAIN - [DEBUG]  iteration: 445000 	 avg loss: 1.3222584456106634
2020-02-03 17:38:34,039 - MAIN.TRAIN - [DEBUG]  iteration: 446000 	 avg loss: 1.1936110598262748
2020-02-03 17:38:46,861 - MAIN.TRAIN - [DEBUG]  iteration: 447000 	 avg loss: 1.1148415745244067
2020-02-03 17:38:59,783 - MAIN.TRAIN - [DEBUG]  iteration: 448000 	 avg loss: 1.6100543023539693
2020-02-03 17:39:11,226 - MAIN.TRAIN - [DEBUG]  iteration: 449000 	 avg loss: 1.3102401081825956
2020-02-03 17:39:22,156 - MAIN.TRAIN - [DEBUG]  iteration: 450000 	 avg loss: 0.9640911926155777
2020-02-03 17:39:22,157 - MAIN.TRAIN - [DEBUG]  saving model at iteration 450000
2020-02-03 17:39:22,195 - MAIN.TRAIN - [DEBUG]  saved model 450000_of_500000_model_window10_03_02_2020_144349.h5 to output/experiments/models/chkpts
2020-02-03 17:41:22,152 - MAIN.TRAIN - [DEBUG]  iteration: 451000 	 avg loss: 1.4985740221511619
2020-02-03 17:41:34,894 - MAIN.TRAIN - [DEBUG]  iteration: 452000 	 avg loss: 1.1920599312837667
2020-02-03 17:41:47,177 - MAIN.TRAIN - [DEBUG]  iteration: 453000 	 avg loss: 1.0583386432913602
2020-02-03 17:41:59,889 - MAIN.TRAIN - [DEBUG]  iteration: 454000 	 avg loss: 1.1002232257524225
2020-02-03 17:42:13,005 - MAIN.TRAIN - [DEBUG]  iteration: 455000 	 avg loss: 1.3773525943748393
2020-02-03 17:42:25,799 - MAIN.TRAIN - [DEBUG]  iteration: 456000 	 avg loss: 1.3587495912527625
2020-02-03 17:42:38,844 - MAIN.TRAIN - [DEBUG]  iteration: 457000 	 avg loss: 1.4230287321533197
2020-02-03 17:42:51,288 - MAIN.TRAIN - [DEBUG]  iteration: 458000 	 avg loss: 1.7572736388705716
2020-02-03 17:43:03,096 - MAIN.TRAIN - [DEBUG]  iteration: 459000 	 avg loss: 1.3963700227777627
2020-02-03 17:43:14,407 - MAIN.TRAIN - [DEBUG]  iteration: 460000 	 avg loss: 1.6456107682136272
2020-02-03 17:43:14,408 - MAIN.TRAIN - [DEBUG]  saving model at iteration 460000
2020-02-03 17:43:14,447 - MAIN.TRAIN - [DEBUG]  saved model 460000_of_500000_model_window10_03_02_2020_144349.h5 to output/experiments/models/chkpts
2020-02-03 17:45:18,646 - MAIN.TRAIN - [DEBUG]  iteration: 461000 	 avg loss: 1.1724639496461169
2020-02-03 17:45:31,414 - MAIN.TRAIN - [DEBUG]  iteration: 462000 	 avg loss: 1.226884606900756
2020-02-03 17:45:43,990 - MAIN.TRAIN - [DEBUG]  iteration: 463000 	 avg loss: 1.038454900545069
2020-02-03 17:45:56,228 - MAIN.TRAIN - [DEBUG]  iteration: 464000 	 avg loss: 1.4411356365800987
2020-02-03 17:46:09,209 - MAIN.TRAIN - [DEBUG]  iteration: 465000 	 avg loss: 1.0254655936932655
2020-02-03 17:46:21,459 - MAIN.TRAIN - [DEBUG]  iteration: 466000 	 avg loss: 1.376121805817471
2020-02-03 17:46:34,044 - MAIN.TRAIN - [DEBUG]  iteration: 467000 	 avg loss: 1.2448725097833084
2020-02-03 17:46:44,705 - MAIN.TRAIN - [DEBUG]  iteration: 468000 	 avg loss: 1.5230637740615875
2020-02-03 17:46:55,765 - MAIN.TRAIN - [DEBUG]  iteration: 469000 	 avg loss: 0.9898408801914192
2020-02-03 17:47:06,423 - MAIN.TRAIN - [DEBUG]  iteration: 470000 	 avg loss: 1.249450757583385
2020-02-03 17:47:06,423 - MAIN.TRAIN - [DEBUG]  saving model at iteration 470000
2020-02-03 17:47:06,464 - MAIN.TRAIN - [DEBUG]  saved model 470000_of_500000_model_window10_03_02_2020_144349.h5 to output/experiments/models/chkpts
2020-02-03 17:49:07,748 - MAIN.TRAIN - [DEBUG]  iteration: 471000 	 avg loss: 1.183180677115859
2020-02-03 17:49:20,643 - MAIN.TRAIN - [DEBUG]  iteration: 472000 	 avg loss: 1.1026171833353728
2020-02-03 17:49:33,407 - MAIN.TRAIN - [DEBUG]  iteration: 473000 	 avg loss: 1.4289553754084436
2020-02-03 17:49:45,879 - MAIN.TRAIN - [DEBUG]  iteration: 474000 	 avg loss: 1.394943939021643
2020-02-03 17:49:58,991 - MAIN.TRAIN - [DEBUG]  iteration: 475000 	 avg loss: 1.1103597071159166
2020-02-03 17:50:11,998 - MAIN.TRAIN - [DEBUG]  iteration: 476000 	 avg loss: 1.013230745150744
2020-02-03 17:50:24,011 - MAIN.TRAIN - [DEBUG]  iteration: 477000 	 avg loss: 1.3588747301484514
2020-02-03 17:50:35,645 - MAIN.TRAIN - [DEBUG]  iteration: 478000 	 avg loss: 1.056902536261303
2020-02-03 17:50:46,530 - MAIN.TRAIN - [DEBUG]  iteration: 479000 	 avg loss: 1.0947736306120297
2020-02-03 17:50:57,758 - MAIN.TRAIN - [DEBUG]  iteration: 480000 	 avg loss: 1.5241596817219143
2020-02-03 17:50:57,758 - MAIN.TRAIN - [DEBUG]  saving model at iteration 480000
2020-02-03 17:50:57,797 - MAIN.TRAIN - [DEBUG]  saved model 480000_of_500000_model_window10_03_02_2020_144349.h5 to output/experiments/models/chkpts
2020-02-03 17:53:06,641 - MAIN.TRAIN - [DEBUG]  iteration: 481000 	 avg loss: 0.9756494919722525
2020-02-03 17:53:19,452 - MAIN.TRAIN - [DEBUG]  iteration: 482000 	 avg loss: 1.424748851178073
2020-02-03 17:53:32,285 - MAIN.TRAIN - [DEBUG]  iteration: 483000 	 avg loss: 1.2066117446835127
2020-02-03 17:53:45,672 - MAIN.TRAIN - [DEBUG]  iteration: 484000 	 avg loss: 1.2134891928117613
2020-02-03 17:53:58,533 - MAIN.TRAIN - [DEBUG]  iteration: 485000 	 avg loss: 1.5410764093951985
2020-02-03 17:54:10,845 - MAIN.TRAIN - [DEBUG]  iteration: 486000 	 avg loss: 1.1538908272215884
2020-02-03 17:54:22,633 - MAIN.TRAIN - [DEBUG]  iteration: 487000 	 avg loss: 1.292000973447477
2020-02-03 17:54:33,195 - MAIN.TRAIN - [DEBUG]  iteration: 488000 	 avg loss: 1.415675020597957
2020-02-03 17:54:44,766 - MAIN.TRAIN - [DEBUG]  iteration: 489000 	 avg loss: 1.334721563419553
2020-02-03 17:54:56,166 - MAIN.TRAIN - [DEBUG]  iteration: 490000 	 avg loss: 1.0827123823575748
2020-02-03 17:54:56,167 - MAIN.TRAIN - [DEBUG]  saving model at iteration 490000
2020-02-03 17:54:56,207 - MAIN.TRAIN - [DEBUG]  saved model 490000_of_500000_model_window10_03_02_2020_144349.h5 to output/experiments/models/chkpts
2020-02-03 17:57:00,206 - MAIN.TRAIN - [DEBUG]  iteration: 491000 	 avg loss: 1.210607691969999
2020-02-03 17:57:13,267 - MAIN.TRAIN - [DEBUG]  iteration: 492000 	 avg loss: 1.2286089644008316
2020-02-03 17:57:26,412 - MAIN.TRAIN - [DEBUG]  iteration: 493000 	 avg loss: 0.868338699321917
2020-02-03 17:57:38,494 - MAIN.TRAIN - [DEBUG]  iteration: 494000 	 avg loss: 1.0684728045346938
2020-02-03 17:57:51,474 - MAIN.TRAIN - [DEBUG]  iteration: 495000 	 avg loss: 1.205011149768526
2020-02-03 17:58:03,556 - MAIN.TRAIN - [DEBUG]  iteration: 496000 	 avg loss: 1.2502638993890014
2020-02-03 17:58:15,298 - MAIN.TRAIN - [DEBUG]  iteration: 497000 	 avg loss: 1.2702782891550597
2020-02-03 17:58:26,340 - MAIN.TRAIN - [DEBUG]  iteration: 498000 	 avg loss: 1.1927015633678615
2020-02-03 17:58:37,957 - MAIN.TRAIN - [DEBUG]  iteration: 499000 	 avg loss: 1.0448721930307512
2020-02-03 17:58:49,703 - MAIN.TRAIN - [DEBUG]  finished training
2020-02-03 17:58:49,741 - MAIN - [DEBUG]  saved final model model_window10_03_02_2020_144349.h5 to output/experiments/models/final
2020-02-03 17:58:49,741 - MAIN.TRAIN - [DEBUG]  plotting loss
2020-02-03 17:58:50,634 - MAIN.TRAIN - [DEBUG]  saved loss plot to output/experiments/logs/loss_03_02_2020_144349.png
