2020-02-03 14:49:54,858 - MAIN - [DEBUG]  starting program
2020-02-03 14:49:54,858 - MAIN.PREPR - [DEBUG]  loading texts
2020-02-03 14:49:54,870 - MAIN.PREPR - [DEBUG]  tokenizing texts
2020-02-03 14:50:02,757 - MAIN.PREPR - [DEBUG]  normalizing text
2020-02-03 14:50:09,191 - MAIN.PREPR - [DEBUG]  normalizing text done. returning 820571 words
2020-02-03 14:50:09,207 - MAIN.PREPR - [DEBUG]  building dataset
2020-02-03 14:50:09,490 - MAIN.PREPR - [DEBUG]  unique words: 12652
2020-02-03 14:50:09,491 - MAIN.PREPR - [DEBUG]  most common words: [['UNK', 2653], ('the', 65639), ('and', 52506), ('of', 35169), ('to', 14300), ('that', 13196), ('in', 13026), ('a', 12584), ('he', 10536), ('shall', 9861)]
2020-02-03 14:50:09,491 - MAIN.PREPR - [DEBUG]  building dataset done
2020-02-03 14:50:33,648 - MAIN.MODEL - [DEBUG]  created training model
2020-02-03 14:50:33,673 - MAIN.MODEL - [DEBUG]  compiled training model
2020-02-03 14:50:33,684 - MAIN.MODEL - [DEBUG]  created validation model
2020-02-03 14:50:33,685 - MAIN.TRAIN - [DEBUG]  starting training
2020-02-03 14:50:34,299 - MAIN.TRAIN - [DEBUG]  iteration: 0 	 avg loss: 0.6887808442115784
2020-02-03 14:50:34,300 - MAIN.TRAIN - [DEBUG]  saving model at iteration 0
2020-02-03 14:50:34,318 - MAIN.TRAIN - [DEBUG]  saved model 0_of_500000_model_window10_dim50_03_02_2020_144954.h5 to output/experiments/models/chkpts
2020-02-03 14:52:31,909 - MAIN.TRAIN - [DEBUG]  iteration: 1000 	 avg loss: 0.6933579291105271
2020-02-03 14:52:34,772 - MAIN.TRAIN - [DEBUG]  iteration: 2000 	 avg loss: 0.6933250390291213
2020-02-03 14:52:37,465 - MAIN.TRAIN - [DEBUG]  iteration: 3000 	 avg loss: 0.6927778057456017
2020-02-03 14:52:39,933 - MAIN.TRAIN - [DEBUG]  iteration: 4000 	 avg loss: 0.6939581540226937
2020-02-03 14:52:42,355 - MAIN.TRAIN - [DEBUG]  iteration: 5000 	 avg loss: 0.6934136539101601
2020-02-03 14:52:44,842 - MAIN.TRAIN - [DEBUG]  iteration: 6000 	 avg loss: 0.6934727821946144
2020-02-03 14:52:47,404 - MAIN.TRAIN - [DEBUG]  iteration: 7000 	 avg loss: 0.6934935929179191
2020-02-03 14:52:50,123 - MAIN.TRAIN - [DEBUG]  iteration: 8000 	 avg loss: 0.693448429107666
2020-02-03 14:52:52,841 - MAIN.TRAIN - [DEBUG]  iteration: 9000 	 avg loss: 0.6937379232645035
2020-02-03 14:52:55,435 - MAIN.TRAIN - [DEBUG]  iteration: 10000 	 avg loss: 0.693348415672779
2020-02-03 14:52:55,435 - MAIN.TRAIN - [DEBUG]  saving model at iteration 10000
2020-02-03 14:52:55,452 - MAIN.TRAIN - [DEBUG]  saved model 10000_of_500000_model_window10_dim50_03_02_2020_144954.h5 to output/experiments/models/chkpts
2020-02-03 14:54:54,341 - MAIN.TRAIN - [DEBUG]  iteration: 11000 	 avg loss: 0.692089768409729
2020-02-03 14:54:58,203 - MAIN.TRAIN - [DEBUG]  iteration: 12000 	 avg loss: 0.69281924700737
2020-02-03 14:55:01,728 - MAIN.TRAIN - [DEBUG]  iteration: 13000 	 avg loss: 0.6944154167175293
2020-02-03 14:55:04,939 - MAIN.TRAIN - [DEBUG]  iteration: 14000 	 avg loss: 0.6932492135763169
2020-02-03 14:55:08,106 - MAIN.TRAIN - [DEBUG]  iteration: 15000 	 avg loss: 0.6928935161828995
2020-02-03 14:55:11,375 - MAIN.TRAIN - [DEBUG]  iteration: 16000 	 avg loss: 0.6932485664486885
2020-02-03 14:55:14,783 - MAIN.TRAIN - [DEBUG]  iteration: 17000 	 avg loss: 0.6940859732031822
2020-02-03 14:55:17,935 - MAIN.TRAIN - [DEBUG]  iteration: 18000 	 avg loss: 0.6931640101075173
2020-02-03 14:55:20,907 - MAIN.TRAIN - [DEBUG]  iteration: 19000 	 avg loss: 0.6934269075393676
2020-02-03 14:55:23,842 - MAIN.TRAIN - [DEBUG]  iteration: 20000 	 avg loss: 0.693417742550373
2020-02-03 14:55:23,843 - MAIN.TRAIN - [DEBUG]  saving model at iteration 20000
2020-02-03 14:55:23,858 - MAIN.TRAIN - [DEBUG]  saved model 20000_of_500000_model_window10_dim50_03_02_2020_144954.h5 to output/experiments/models/chkpts
2020-02-03 14:57:18,739 - MAIN.TRAIN - [DEBUG]  iteration: 21000 	 avg loss: 0.6936973211765289
2020-02-03 14:57:21,279 - MAIN.TRAIN - [DEBUG]  iteration: 22000 	 avg loss: 0.6932028435468673
2020-02-03 14:57:23,745 - MAIN.TRAIN - [DEBUG]  iteration: 23000 	 avg loss: 0.6933159682154656
2020-02-03 14:57:26,430 - MAIN.TRAIN - [DEBUG]  iteration: 24000 	 avg loss: 0.6932636402249336
2020-02-03 14:57:29,124 - MAIN.TRAIN - [DEBUG]  iteration: 25000 	 avg loss: 0.6932939767241478
2020-02-03 14:57:31,793 - MAIN.TRAIN - [DEBUG]  iteration: 26000 	 avg loss: 0.6926961563825608
2020-02-03 14:57:34,540 - MAIN.TRAIN - [DEBUG]  iteration: 27000 	 avg loss: 0.6928282409310341
2020-02-03 14:57:37,034 - MAIN.TRAIN - [DEBUG]  iteration: 28000 	 avg loss: 0.694042741894722
2020-02-03 14:57:39,451 - MAIN.TRAIN - [DEBUG]  iteration: 29000 	 avg loss: 0.6937049348950386
2020-02-03 14:57:42,118 - MAIN.TRAIN - [DEBUG]  iteration: 30000 	 avg loss: 0.6920216271281242
2020-02-03 14:57:42,118 - MAIN.TRAIN - [DEBUG]  saving model at iteration 30000
2020-02-03 14:57:42,136 - MAIN.TRAIN - [DEBUG]  saved model 30000_of_500000_model_window10_dim50_03_02_2020_144954.h5 to output/experiments/models/chkpts
2020-02-03 14:59:47,207 - MAIN.TRAIN - [DEBUG]  iteration: 31000 	 avg loss: 0.6932533887028695
2020-02-03 14:59:50,055 - MAIN.TRAIN - [DEBUG]  iteration: 32000 	 avg loss: 0.6915996393561363
2020-02-03 14:59:52,983 - MAIN.TRAIN - [DEBUG]  iteration: 33000 	 avg loss: 0.6944534087181091
2020-02-03 14:59:55,692 - MAIN.TRAIN - [DEBUG]  iteration: 34000 	 avg loss: 0.6913670509457588
2020-02-03 14:59:58,241 - MAIN.TRAIN - [DEBUG]  iteration: 35000 	 avg loss: 0.6948296247720719
2020-02-03 15:00:00,761 - MAIN.TRAIN - [DEBUG]  iteration: 36000 	 avg loss: 0.6937121905684471
2020-02-03 15:00:03,775 - MAIN.TRAIN - [DEBUG]  iteration: 37000 	 avg loss: 0.693196458697319
2020-02-03 15:00:06,702 - MAIN.TRAIN - [DEBUG]  iteration: 38000 	 avg loss: 0.692867313861847
2020-02-03 15:00:09,316 - MAIN.TRAIN - [DEBUG]  iteration: 39000 	 avg loss: 0.6939736947417259
2020-02-03 15:00:11,849 - MAIN.TRAIN - [DEBUG]  iteration: 40000 	 avg loss: 0.6933709845542908
2020-02-03 15:00:11,849 - MAIN.TRAIN - [DEBUG]  saving model at iteration 40000
2020-02-03 15:00:11,863 - MAIN.TRAIN - [DEBUG]  saved model 40000_of_500000_model_window10_dim50_03_02_2020_144954.h5 to output/experiments/models/chkpts
2020-02-03 15:02:04,860 - MAIN.TRAIN - [DEBUG]  iteration: 41000 	 avg loss: 0.6916182529330254
2020-02-03 15:02:07,948 - MAIN.TRAIN - [DEBUG]  iteration: 42000 	 avg loss: 0.6963294719457627
2020-02-03 15:02:10,983 - MAIN.TRAIN - [DEBUG]  iteration: 43000 	 avg loss: 0.6918755369782448
2020-02-03 15:02:13,925 - MAIN.TRAIN - [DEBUG]  iteration: 44000 	 avg loss: 0.6933196642994881
2020-02-03 15:02:17,174 - MAIN.TRAIN - [DEBUG]  iteration: 45000 	 avg loss: 0.6952579649090767
2020-02-03 15:02:20,392 - MAIN.TRAIN - [DEBUG]  iteration: 46000 	 avg loss: 0.6928596556782722
2020-02-03 15:02:23,730 - MAIN.TRAIN - [DEBUG]  iteration: 47000 	 avg loss: 0.6931657815575599
2020-02-03 15:02:27,086 - MAIN.TRAIN - [DEBUG]  iteration: 48000 	 avg loss: 0.6938480686247349
2020-02-03 15:02:30,267 - MAIN.TRAIN - [DEBUG]  iteration: 49000 	 avg loss: 0.6920008819699287
2020-02-03 15:02:33,464 - MAIN.TRAIN - [DEBUG]  iteration: 50000 	 avg loss: 0.6912563235759736
2020-02-03 15:02:33,465 - MAIN.TRAIN - [DEBUG]  saving model at iteration 50000
2020-02-03 15:02:33,489 - MAIN.TRAIN - [DEBUG]  saved model 50000_of_500000_model_window10_dim50_03_02_2020_144954.h5 to output/experiments/models/chkpts
2020-02-03 15:04:30,683 - MAIN.TRAIN - [DEBUG]  iteration: 51000 	 avg loss: 0.6938045619130134
2020-02-03 15:04:33,265 - MAIN.TRAIN - [DEBUG]  iteration: 52000 	 avg loss: 0.6911696938872337
2020-02-03 15:04:35,699 - MAIN.TRAIN - [DEBUG]  iteration: 53000 	 avg loss: 0.6928252424001694
2020-02-03 15:04:38,219 - MAIN.TRAIN - [DEBUG]  iteration: 54000 	 avg loss: 0.6901173146367073
2020-02-03 15:04:40,778 - MAIN.TRAIN - [DEBUG]  iteration: 55000 	 avg loss: 0.6954709392189979
2020-02-03 15:04:43,306 - MAIN.TRAIN - [DEBUG]  iteration: 56000 	 avg loss: 0.6899225025177002
2020-02-03 15:04:45,881 - MAIN.TRAIN - [DEBUG]  iteration: 57000 	 avg loss: 0.6902877264022828
2020-02-03 15:04:48,374 - MAIN.TRAIN - [DEBUG]  iteration: 58000 	 avg loss: 0.6997197213172912
2020-02-03 15:04:50,834 - MAIN.TRAIN - [DEBUG]  iteration: 59000 	 avg loss: 0.6929245449304581
2020-02-03 15:04:53,423 - MAIN.TRAIN - [DEBUG]  iteration: 60000 	 avg loss: 0.6900971645712852
2020-02-03 15:04:53,423 - MAIN.TRAIN - [DEBUG]  saving model at iteration 60000
2020-02-03 15:04:53,438 - MAIN.TRAIN - [DEBUG]  saved model 60000_of_500000_model_window10_dim50_03_02_2020_144954.h5 to output/experiments/models/chkpts
2020-02-03 15:06:52,327 - MAIN.TRAIN - [DEBUG]  iteration: 61000 	 avg loss: 0.6911475877463817
2020-02-03 15:06:55,638 - MAIN.TRAIN - [DEBUG]  iteration: 62000 	 avg loss: 0.6956068131625652
2020-02-03 15:06:58,645 - MAIN.TRAIN - [DEBUG]  iteration: 63000 	 avg loss: 0.6926881205737591
2020-02-03 15:07:01,581 - MAIN.TRAIN - [DEBUG]  iteration: 64000 	 avg loss: 0.6893080162405968
2020-02-03 15:07:04,900 - MAIN.TRAIN - [DEBUG]  iteration: 65000 	 avg loss: 0.6914679182767868
2020-02-03 15:07:08,166 - MAIN.TRAIN - [DEBUG]  iteration: 66000 	 avg loss: 0.6882122085988521
2020-02-03 15:07:11,458 - MAIN.TRAIN - [DEBUG]  iteration: 67000 	 avg loss: 0.6928845060169697
2020-02-03 15:07:14,518 - MAIN.TRAIN - [DEBUG]  iteration: 68000 	 avg loss: 0.7007490748167038
2020-02-03 15:07:17,548 - MAIN.TRAIN - [DEBUG]  iteration: 69000 	 avg loss: 0.6922605814933777
2020-02-03 15:07:20,999 - MAIN.TRAIN - [DEBUG]  iteration: 70000 	 avg loss: 0.7017279134988785
2020-02-03 15:07:20,999 - MAIN.TRAIN - [DEBUG]  saving model at iteration 70000
2020-02-03 15:07:21,016 - MAIN.TRAIN - [DEBUG]  saved model 70000_of_500000_model_window10_dim50_03_02_2020_144954.h5 to output/experiments/models/chkpts
2020-02-03 15:09:13,564 - MAIN.TRAIN - [DEBUG]  iteration: 71000 	 avg loss: 0.6917585438191891
2020-02-03 15:09:16,110 - MAIN.TRAIN - [DEBUG]  iteration: 72000 	 avg loss: 0.7015282760560513
2020-02-03 15:09:18,747 - MAIN.TRAIN - [DEBUG]  iteration: 73000 	 avg loss: 0.7127094821184874
2020-02-03 15:09:21,315 - MAIN.TRAIN - [DEBUG]  iteration: 74000 	 avg loss: 0.702121495693922
2020-02-03 15:09:24,071 - MAIN.TRAIN - [DEBUG]  iteration: 75000 	 avg loss: 0.6926292691826821
2020-02-03 15:09:26,808 - MAIN.TRAIN - [DEBUG]  iteration: 76000 	 avg loss: 0.6915535107403994
2020-02-03 15:09:29,579 - MAIN.TRAIN - [DEBUG]  iteration: 77000 	 avg loss: 0.6989308495819568
2020-02-03 15:09:32,636 - MAIN.TRAIN - [DEBUG]  iteration: 78000 	 avg loss: 0.6877090154886246
2020-02-03 15:09:35,804 - MAIN.TRAIN - [DEBUG]  iteration: 79000 	 avg loss: 0.6944151886850596
2020-02-03 15:09:38,828 - MAIN.TRAIN - [DEBUG]  iteration: 80000 	 avg loss: 0.6945221629738808
2020-02-03 15:09:38,828 - MAIN.TRAIN - [DEBUG]  saving model at iteration 80000
2020-02-03 15:09:38,844 - MAIN.TRAIN - [DEBUG]  saved model 80000_of_500000_model_window10_dim50_03_02_2020_144954.h5 to output/experiments/models/chkpts
2020-02-03 15:11:43,545 - MAIN.TRAIN - [DEBUG]  iteration: 81000 	 avg loss: 0.695347048535943
2020-02-03 15:11:46,946 - MAIN.TRAIN - [DEBUG]  iteration: 82000 	 avg loss: 0.6839618920683861
2020-02-03 15:11:51,022 - MAIN.TRAIN - [DEBUG]  iteration: 83000 	 avg loss: 0.6835845054388047
2020-02-03 15:11:54,706 - MAIN.TRAIN - [DEBUG]  iteration: 84000 	 avg loss: 0.6858493195772171
2020-02-03 15:11:57,486 - MAIN.TRAIN - [DEBUG]  iteration: 85000 	 avg loss: 0.6905745507702231
2020-02-03 15:11:59,923 - MAIN.TRAIN - [DEBUG]  iteration: 86000 	 avg loss: 0.6885757886320353
2020-02-03 15:12:02,620 - MAIN.TRAIN - [DEBUG]  iteration: 87000 	 avg loss: 0.6894961145073175
2020-02-03 15:12:05,356 - MAIN.TRAIN - [DEBUG]  iteration: 88000 	 avg loss: 0.6933703968077898
2020-02-03 15:12:08,014 - MAIN.TRAIN - [DEBUG]  iteration: 89000 	 avg loss: 0.6895275280326605
2020-02-03 15:12:10,608 - MAIN.TRAIN - [DEBUG]  iteration: 90000 	 avg loss: 0.6849544008225202
2020-02-03 15:12:10,608 - MAIN.TRAIN - [DEBUG]  saving model at iteration 90000
2020-02-03 15:12:10,624 - MAIN.TRAIN - [DEBUG]  saved model 90000_of_500000_model_window10_dim50_03_02_2020_144954.h5 to output/experiments/models/chkpts
2020-02-03 15:14:07,169 - MAIN.TRAIN - [DEBUG]  iteration: 91000 	 avg loss: 0.6893012940734625
2020-02-03 15:14:10,178 - MAIN.TRAIN - [DEBUG]  iteration: 92000 	 avg loss: 0.7460977100245655
2020-02-03 15:14:13,402 - MAIN.TRAIN - [DEBUG]  iteration: 93000 	 avg loss: 0.7105188468061387
2020-02-03 15:14:16,380 - MAIN.TRAIN - [DEBUG]  iteration: 94000 	 avg loss: 0.7151004438847304
2020-02-03 15:14:19,737 - MAIN.TRAIN - [DEBUG]  iteration: 95000 	 avg loss: 0.7265099962949753
2020-02-03 15:14:22,856 - MAIN.TRAIN - [DEBUG]  iteration: 96000 	 avg loss: 0.7213049904303626
2020-02-03 15:14:25,832 - MAIN.TRAIN - [DEBUG]  iteration: 97000 	 avg loss: 0.7454296967014671
2020-02-03 15:14:29,578 - MAIN.TRAIN - [DEBUG]  iteration: 98000 	 avg loss: 0.7370190936028957
2020-02-03 15:14:33,468 - MAIN.TRAIN - [DEBUG]  iteration: 99000 	 avg loss: 0.7835404646005482
2020-02-03 15:14:36,872 - MAIN.TRAIN - [DEBUG]  iteration: 100000 	 avg loss: 0.68555579431355
2020-02-03 15:14:36,872 - MAIN.TRAIN - [DEBUG]  saving model at iteration 100000
2020-02-03 15:14:36,889 - MAIN.TRAIN - [DEBUG]  saved model 100000_of_500000_model_window10_dim50_03_02_2020_144954.h5 to output/experiments/models/chkpts
2020-02-03 15:16:36,291 - MAIN.TRAIN - [DEBUG]  iteration: 101000 	 avg loss: 0.7683203766085207
2020-02-03 15:16:38,938 - MAIN.TRAIN - [DEBUG]  iteration: 102000 	 avg loss: 0.7461055766995996
2020-02-03 15:16:41,531 - MAIN.TRAIN - [DEBUG]  iteration: 103000 	 avg loss: 0.7650984274605289
2020-02-03 15:16:44,030 - MAIN.TRAIN - [DEBUG]  iteration: 104000 	 avg loss: 0.8288432716289535
2020-02-03 15:16:46,462 - MAIN.TRAIN - [DEBUG]  iteration: 105000 	 avg loss: 0.7450965056996792
2020-02-03 15:16:48,912 - MAIN.TRAIN - [DEBUG]  iteration: 106000 	 avg loss: 0.7163439822681248
2020-02-03 15:16:51,489 - MAIN.TRAIN - [DEBUG]  iteration: 107000 	 avg loss: 0.7250367895429954
2020-02-03 15:16:54,210 - MAIN.TRAIN - [DEBUG]  iteration: 108000 	 avg loss: 0.719305733293295
2020-02-03 15:16:57,242 - MAIN.TRAIN - [DEBUG]  iteration: 109000 	 avg loss: 0.676508407138288
2020-02-03 15:17:00,300 - MAIN.TRAIN - [DEBUG]  iteration: 110000 	 avg loss: 0.7307990076467394
2020-02-03 15:17:00,300 - MAIN.TRAIN - [DEBUG]  saving model at iteration 110000
2020-02-03 15:17:00,324 - MAIN.TRAIN - [DEBUG]  saved model 110000_of_500000_model_window10_dim50_03_02_2020_144954.h5 to output/experiments/models/chkpts
2020-02-03 15:19:01,179 - MAIN.TRAIN - [DEBUG]  iteration: 111000 	 avg loss: 0.71583604051359
2020-02-03 15:19:04,155 - MAIN.TRAIN - [DEBUG]  iteration: 112000 	 avg loss: 0.7229060091786087
2020-02-03 15:19:07,383 - MAIN.TRAIN - [DEBUG]  iteration: 113000 	 avg loss: 0.7389489292278886
2020-02-03 15:19:10,644 - MAIN.TRAIN - [DEBUG]  iteration: 114000 	 avg loss: 0.6779083135994152
2020-02-03 15:19:13,634 - MAIN.TRAIN - [DEBUG]  iteration: 115000 	 avg loss: 0.6818502109264954
2020-02-03 15:19:16,281 - MAIN.TRAIN - [DEBUG]  iteration: 116000 	 avg loss: 0.7757920918082818
2020-02-03 15:19:19,009 - MAIN.TRAIN - [DEBUG]  iteration: 117000 	 avg loss: 0.6779476047239732
2020-02-03 15:19:21,801 - MAIN.TRAIN - [DEBUG]  iteration: 118000 	 avg loss: 0.7892458713576198
2020-02-03 15:19:24,624 - MAIN.TRAIN - [DEBUG]  iteration: 119000 	 avg loss: 0.8026485648602538
2020-02-03 15:19:27,437 - MAIN.TRAIN - [DEBUG]  iteration: 120000 	 avg loss: 0.7188034860246698
2020-02-03 15:19:27,437 - MAIN.TRAIN - [DEBUG]  saving model at iteration 120000
2020-02-03 15:19:27,452 - MAIN.TRAIN - [DEBUG]  saved model 120000_of_500000_model_window10_dim50_03_02_2020_144954.h5 to output/experiments/models/chkpts
2020-02-03 15:21:19,296 - MAIN.TRAIN - [DEBUG]  iteration: 121000 	 avg loss: 0.7346904256398556
2020-02-03 15:21:22,009 - MAIN.TRAIN - [DEBUG]  iteration: 122000 	 avg loss: 0.7023574261856266
2020-02-03 15:21:24,629 - MAIN.TRAIN - [DEBUG]  iteration: 123000 	 avg loss: 0.6898996939235367
2020-02-03 15:21:27,466 - MAIN.TRAIN - [DEBUG]  iteration: 124000 	 avg loss: 0.7600853952849284
2020-02-03 15:21:30,423 - MAIN.TRAIN - [DEBUG]  iteration: 125000 	 avg loss: 0.7109579775698803
2020-02-03 15:21:33,333 - MAIN.TRAIN - [DEBUG]  iteration: 126000 	 avg loss: 0.7729791976917768
2020-02-03 15:21:36,265 - MAIN.TRAIN - [DEBUG]  iteration: 127000 	 avg loss: 0.7585232798467041
2020-02-03 15:21:38,934 - MAIN.TRAIN - [DEBUG]  iteration: 128000 	 avg loss: 0.8105763378593838
2020-02-03 15:21:41,653 - MAIN.TRAIN - [DEBUG]  iteration: 129000 	 avg loss: 0.8635362300286579
2020-02-03 15:21:44,539 - MAIN.TRAIN - [DEBUG]  iteration: 130000 	 avg loss: 0.7930472818209455
2020-02-03 15:21:44,539 - MAIN.TRAIN - [DEBUG]  saving model at iteration 130000
2020-02-03 15:21:44,558 - MAIN.TRAIN - [DEBUG]  saved model 130000_of_500000_model_window10_dim50_03_02_2020_144954.h5 to output/experiments/models/chkpts
2020-02-03 15:23:47,199 - MAIN.TRAIN - [DEBUG]  iteration: 131000 	 avg loss: 0.71230987698026
2020-02-03 15:23:49,750 - MAIN.TRAIN - [DEBUG]  iteration: 132000 	 avg loss: 0.8825643989072414
2020-02-03 15:23:52,400 - MAIN.TRAIN - [DEBUG]  iteration: 133000 	 avg loss: 0.687909397844669
2020-02-03 15:23:55,254 - MAIN.TRAIN - [DEBUG]  iteration: 134000 	 avg loss: 0.7115936791829844
2020-02-03 15:23:57,902 - MAIN.TRAIN - [DEBUG]  iteration: 135000 	 avg loss: 0.7327221492057706
2020-02-03 15:24:00,454 - MAIN.TRAIN - [DEBUG]  iteration: 136000 	 avg loss: 0.8874035682892499
2020-02-03 15:24:03,032 - MAIN.TRAIN - [DEBUG]  iteration: 137000 	 avg loss: 0.9152862836417626
2020-02-03 15:24:05,489 - MAIN.TRAIN - [DEBUG]  iteration: 138000 	 avg loss: 0.7125449708466258
2020-02-03 15:24:07,965 - MAIN.TRAIN - [DEBUG]  iteration: 139000 	 avg loss: 0.676754937853053
2020-02-03 15:24:10,486 - MAIN.TRAIN - [DEBUG]  iteration: 140000 	 avg loss: 0.9137047865267305
2020-02-03 15:24:10,487 - MAIN.TRAIN - [DEBUG]  saving model at iteration 140000
2020-02-03 15:24:10,507 - MAIN.TRAIN - [DEBUG]  saved model 140000_of_500000_model_window10_dim50_03_02_2020_144954.h5 to output/experiments/models/chkpts
2020-02-03 15:26:05,353 - MAIN.TRAIN - [DEBUG]  iteration: 141000 	 avg loss: 0.7126384371792955
2020-02-03 15:26:08,555 - MAIN.TRAIN - [DEBUG]  iteration: 142000 	 avg loss: 0.693939924287879
2020-02-03 15:26:11,811 - MAIN.TRAIN - [DEBUG]  iteration: 143000 	 avg loss: 1.0145952166552692
2020-02-03 15:26:14,806 - MAIN.TRAIN - [DEBUG]  iteration: 144000 	 avg loss: 0.7887342196130241
2020-02-03 15:26:17,746 - MAIN.TRAIN - [DEBUG]  iteration: 145000 	 avg loss: 0.7826922737117565
2020-02-03 15:26:20,852 - MAIN.TRAIN - [DEBUG]  iteration: 146000 	 avg loss: 0.8151913856689407
2020-02-03 15:26:24,123 - MAIN.TRAIN - [DEBUG]  iteration: 147000 	 avg loss: 0.8640339789001155
2020-02-03 15:26:27,312 - MAIN.TRAIN - [DEBUG]  iteration: 148000 	 avg loss: 1.0094040119672127
2020-02-03 15:26:30,334 - MAIN.TRAIN - [DEBUG]  iteration: 149000 	 avg loss: 0.8109731572281599
2020-02-03 15:26:33,668 - MAIN.TRAIN - [DEBUG]  iteration: 150000 	 avg loss: 0.9734322133077657
2020-02-03 15:26:33,668 - MAIN.TRAIN - [DEBUG]  saving model at iteration 150000
2020-02-03 15:26:33,687 - MAIN.TRAIN - [DEBUG]  saved model 150000_of_500000_model_window10_dim50_03_02_2020_144954.h5 to output/experiments/models/chkpts
2020-02-03 15:28:29,689 - MAIN.TRAIN - [DEBUG]  iteration: 151000 	 avg loss: 0.9160274111310428
2020-02-03 15:28:32,273 - MAIN.TRAIN - [DEBUG]  iteration: 152000 	 avg loss: 0.8038904505676796
2020-02-03 15:28:34,875 - MAIN.TRAIN - [DEBUG]  iteration: 153000 	 avg loss: 1.1369673373432252
2020-02-03 15:28:37,374 - MAIN.TRAIN - [DEBUG]  iteration: 154000 	 avg loss: 1.1178799991315391
2020-02-03 15:28:39,771 - MAIN.TRAIN - [DEBUG]  iteration: 155000 	 avg loss: 0.8626683971179887
2020-02-03 15:28:42,277 - MAIN.TRAIN - [DEBUG]  iteration: 156000 	 avg loss: 0.9587028769109334
2020-02-03 15:28:44,780 - MAIN.TRAIN - [DEBUG]  iteration: 157000 	 avg loss: 0.967222073516312
2020-02-03 15:28:47,559 - MAIN.TRAIN - [DEBUG]  iteration: 158000 	 avg loss: 0.7667175671874902
2020-02-03 15:28:50,409 - MAIN.TRAIN - [DEBUG]  iteration: 159000 	 avg loss: 0.8762778601973207
2020-02-03 15:28:53,140 - MAIN.TRAIN - [DEBUG]  iteration: 160000 	 avg loss: 0.8159897315169146
2020-02-03 15:28:53,141 - MAIN.TRAIN - [DEBUG]  saving model at iteration 160000
2020-02-03 15:28:53,157 - MAIN.TRAIN - [DEBUG]  saved model 160000_of_500000_model_window10_dim50_03_02_2020_144954.h5 to output/experiments/models/chkpts
2020-02-03 15:30:53,688 - MAIN.TRAIN - [DEBUG]  iteration: 161000 	 avg loss: 0.6746418321292644
2020-02-03 15:30:56,564 - MAIN.TRAIN - [DEBUG]  iteration: 162000 	 avg loss: 0.8220420825929791
2020-02-03 15:30:59,379 - MAIN.TRAIN - [DEBUG]  iteration: 163000 	 avg loss: 0.9450523038946348
2020-02-03 15:31:02,250 - MAIN.TRAIN - [DEBUG]  iteration: 164000 	 avg loss: 0.8801487064895069
2020-02-03 15:31:05,046 - MAIN.TRAIN - [DEBUG]  iteration: 165000 	 avg loss: 0.9583667628295287
2020-02-03 15:31:07,953 - MAIN.TRAIN - [DEBUG]  iteration: 166000 	 avg loss: 0.7330058539425045
2020-02-03 15:31:10,802 - MAIN.TRAIN - [DEBUG]  iteration: 167000 	 avg loss: 0.7744190715401549
2020-02-03 15:31:13,617 - MAIN.TRAIN - [DEBUG]  iteration: 168000 	 avg loss: 0.8114805862896624
2020-02-03 15:31:16,374 - MAIN.TRAIN - [DEBUG]  iteration: 169000 	 avg loss: 0.7980797883310834
2020-02-03 15:31:18,978 - MAIN.TRAIN - [DEBUG]  iteration: 170000 	 avg loss: 0.826983559893451
2020-02-03 15:31:18,978 - MAIN.TRAIN - [DEBUG]  saving model at iteration 170000
2020-02-03 15:31:18,992 - MAIN.TRAIN - [DEBUG]  saved model 170000_of_500000_model_window10_dim50_03_02_2020_144954.h5 to output/experiments/models/chkpts
2020-02-03 15:33:12,221 - MAIN.TRAIN - [DEBUG]  iteration: 171000 	 avg loss: 0.6796645762463803
2020-02-03 15:33:14,846 - MAIN.TRAIN - [DEBUG]  iteration: 172000 	 avg loss: 0.8081388114325142
2020-02-03 15:33:17,579 - MAIN.TRAIN - [DEBUG]  iteration: 173000 	 avg loss: 0.7850199320419456
2020-02-03 15:33:20,455 - MAIN.TRAIN - [DEBUG]  iteration: 174000 	 avg loss: 0.8003894847376759
2020-02-03 15:33:23,402 - MAIN.TRAIN - [DEBUG]  iteration: 175000 	 avg loss: 1.2015998245414738
2020-02-03 15:33:26,588 - MAIN.TRAIN - [DEBUG]  iteration: 176000 	 avg loss: 0.7366714621041128
2020-02-03 15:33:29,606 - MAIN.TRAIN - [DEBUG]  iteration: 177000 	 avg loss: 1.0137397958367838
2020-02-03 15:33:32,671 - MAIN.TRAIN - [DEBUG]  iteration: 178000 	 avg loss: 0.8340842418092723
2020-02-03 15:33:35,918 - MAIN.TRAIN - [DEBUG]  iteration: 179000 	 avg loss: 0.8991445207138151
2020-02-03 15:33:39,223 - MAIN.TRAIN - [DEBUG]  iteration: 180000 	 avg loss: 0.7738487673856732
2020-02-03 15:33:39,223 - MAIN.TRAIN - [DEBUG]  saving model at iteration 180000
2020-02-03 15:33:39,242 - MAIN.TRAIN - [DEBUG]  saved model 180000_of_500000_model_window10_dim50_03_02_2020_144954.h5 to output/experiments/models/chkpts
2020-02-03 15:35:37,802 - MAIN.TRAIN - [DEBUG]  iteration: 181000 	 avg loss: 0.9547164021866247
2020-02-03 15:35:40,321 - MAIN.TRAIN - [DEBUG]  iteration: 182000 	 avg loss: 0.9722219661176771
2020-02-03 15:35:42,822 - MAIN.TRAIN - [DEBUG]  iteration: 183000 	 avg loss: 1.120714027112752
2020-02-03 15:35:45,247 - MAIN.TRAIN - [DEBUG]  iteration: 184000 	 avg loss: 0.8774576153736258
2020-02-03 15:35:47,803 - MAIN.TRAIN - [DEBUG]  iteration: 185000 	 avg loss: 0.8106805682882868
2020-02-03 15:35:50,617 - MAIN.TRAIN - [DEBUG]  iteration: 186000 	 avg loss: 0.7521720128349942
2020-02-03 15:35:53,568 - MAIN.TRAIN - [DEBUG]  iteration: 187000 	 avg loss: 0.8242876118462721
2020-02-03 15:35:56,386 - MAIN.TRAIN - [DEBUG]  iteration: 188000 	 avg loss: 1.0325100533968607
2020-02-03 15:35:59,026 - MAIN.TRAIN - [DEBUG]  iteration: 189000 	 avg loss: 1.0199603818214
2020-02-03 15:36:01,772 - MAIN.TRAIN - [DEBUG]  iteration: 190000 	 avg loss: 1.0700290167374682
2020-02-03 15:36:01,772 - MAIN.TRAIN - [DEBUG]  saving model at iteration 190000
2020-02-03 15:36:01,787 - MAIN.TRAIN - [DEBUG]  saved model 190000_of_500000_model_window10_dim50_03_02_2020_144954.h5 to output/experiments/models/chkpts
2020-02-03 15:37:59,086 - MAIN.TRAIN - [DEBUG]  iteration: 191000 	 avg loss: 0.9302738379695316
2020-02-03 15:38:02,285 - MAIN.TRAIN - [DEBUG]  iteration: 192000 	 avg loss: 0.7528826964180058
2020-02-03 15:38:05,598 - MAIN.TRAIN - [DEBUG]  iteration: 193000 	 avg loss: 1.0536223935890607
2020-02-03 15:38:08,887 - MAIN.TRAIN - [DEBUG]  iteration: 194000 	 avg loss: 0.931378581997705
2020-02-03 15:38:11,988 - MAIN.TRAIN - [DEBUG]  iteration: 195000 	 avg loss: 1.4311640636727667
2020-02-03 15:38:14,925 - MAIN.TRAIN - [DEBUG]  iteration: 196000 	 avg loss: 1.2151061539735888
2020-02-03 15:38:17,975 - MAIN.TRAIN - [DEBUG]  iteration: 197000 	 avg loss: 0.9513011811163785
2020-02-03 15:38:20,801 - MAIN.TRAIN - [DEBUG]  iteration: 198000 	 avg loss: 1.230031237596073
2020-02-03 15:38:23,581 - MAIN.TRAIN - [DEBUG]  iteration: 199000 	 avg loss: 1.1947939919760768
2020-02-03 15:38:26,345 - MAIN.TRAIN - [DEBUG]  iteration: 200000 	 avg loss: 1.5574533547714382
2020-02-03 15:38:26,345 - MAIN.TRAIN - [DEBUG]  saving model at iteration 200000
2020-02-03 15:38:26,362 - MAIN.TRAIN - [DEBUG]  saved model 200000_of_500000_model_window10_dim50_03_02_2020_144954.h5 to output/experiments/models/chkpts
2020-02-03 15:40:17,196 - MAIN.TRAIN - [DEBUG]  iteration: 201000 	 avg loss: 1.1717219016771891
2020-02-03 15:40:20,112 - MAIN.TRAIN - [DEBUG]  iteration: 202000 	 avg loss: 0.8046445282113709
2020-02-03 15:40:23,000 - MAIN.TRAIN - [DEBUG]  iteration: 203000 	 avg loss: 0.8392169314803768
2020-02-03 15:40:25,696 - MAIN.TRAIN - [DEBUG]  iteration: 204000 	 avg loss: 0.9738702346118663
2020-02-03 15:40:28,393 - MAIN.TRAIN - [DEBUG]  iteration: 205000 	 avg loss: 1.0931988291074928
2020-02-03 15:40:31,318 - MAIN.TRAIN - [DEBUG]  iteration: 206000 	 avg loss: 0.9535518673128255
2020-02-03 15:40:34,277 - MAIN.TRAIN - [DEBUG]  iteration: 207000 	 avg loss: 1.4609784632510507
2020-02-03 15:40:37,233 - MAIN.TRAIN - [DEBUG]  iteration: 208000 	 avg loss: 1.042884846508629
2020-02-03 15:40:39,890 - MAIN.TRAIN - [DEBUG]  iteration: 209000 	 avg loss: 0.7857782641769414
2020-02-03 15:40:42,553 - MAIN.TRAIN - [DEBUG]  iteration: 210000 	 avg loss: 0.9126602507208684
2020-02-03 15:40:42,554 - MAIN.TRAIN - [DEBUG]  saving model at iteration 210000
2020-02-03 15:40:42,571 - MAIN.TRAIN - [DEBUG]  saved model 210000_of_500000_model_window10_dim50_03_02_2020_144954.h5 to output/experiments/models/chkpts
2020-02-03 15:42:41,795 - MAIN.TRAIN - [DEBUG]  iteration: 211000 	 avg loss: 0.8988648965902479
2020-02-03 15:42:44,626 - MAIN.TRAIN - [DEBUG]  iteration: 212000 	 avg loss: 1.2384043754016945
2020-02-03 15:42:47,436 - MAIN.TRAIN - [DEBUG]  iteration: 213000 	 avg loss: 1.1450076631505053
2020-02-03 15:42:50,336 - MAIN.TRAIN - [DEBUG]  iteration: 214000 	 avg loss: 1.0666537582939093
2020-02-03 15:42:53,172 - MAIN.TRAIN - [DEBUG]  iteration: 215000 	 avg loss: 0.8634980400942873
2020-02-03 15:42:56,171 - MAIN.TRAIN - [DEBUG]  iteration: 216000 	 avg loss: 0.9550109476052537
2020-02-03 15:42:59,234 - MAIN.TRAIN - [DEBUG]  iteration: 217000 	 avg loss: 1.2790900635997138
2020-02-03 15:43:02,647 - MAIN.TRAIN - [DEBUG]  iteration: 218000 	 avg loss: 1.0930536445952117
2020-02-03 15:43:05,535 - MAIN.TRAIN - [DEBUG]  iteration: 219000 	 avg loss: 1.318941561435692
2020-02-03 15:43:08,457 - MAIN.TRAIN - [DEBUG]  iteration: 220000 	 avg loss: 0.9607534771369258
2020-02-03 15:43:08,457 - MAIN.TRAIN - [DEBUG]  saving model at iteration 220000
2020-02-03 15:43:08,473 - MAIN.TRAIN - [DEBUG]  saved model 220000_of_500000_model_window10_dim50_03_02_2020_144954.h5 to output/experiments/models/chkpts
2020-02-03 15:44:58,884 - MAIN.TRAIN - [DEBUG]  iteration: 221000 	 avg loss: 1.7539009081673158
2020-02-03 15:45:01,811 - MAIN.TRAIN - [DEBUG]  iteration: 222000 	 avg loss: 0.9767054009027334
2020-02-03 15:45:05,210 - MAIN.TRAIN - [DEBUG]  iteration: 223000 	 avg loss: 1.126681423356005
2020-02-03 15:45:08,727 - MAIN.TRAIN - [DEBUG]  iteration: 224000 	 avg loss: 0.8169726696603242
2020-02-03 15:45:11,920 - MAIN.TRAIN - [DEBUG]  iteration: 225000 	 avg loss: 1.683228696159666
2020-02-03 15:45:14,859 - MAIN.TRAIN - [DEBUG]  iteration: 226000 	 avg loss: 1.544049286421994
2020-02-03 15:45:18,133 - MAIN.TRAIN - [DEBUG]  iteration: 227000 	 avg loss: 1.0701709914485111
2020-02-03 15:45:21,832 - MAIN.TRAIN - [DEBUG]  iteration: 228000 	 avg loss: 1.9001813630398257
2020-02-03 15:45:25,294 - MAIN.TRAIN - [DEBUG]  iteration: 229000 	 avg loss: 1.2589222997622027
2020-02-03 15:45:28,850 - MAIN.TRAIN - [DEBUG]  iteration: 230000 	 avg loss: 1.7374962980617101
2020-02-03 15:45:28,850 - MAIN.TRAIN - [DEBUG]  saving model at iteration 230000
2020-02-03 15:45:28,867 - MAIN.TRAIN - [DEBUG]  saved model 230000_of_500000_model_window10_dim50_03_02_2020_144954.h5 to output/experiments/models/chkpts
2020-02-03 15:47:25,987 - MAIN.TRAIN - [DEBUG]  iteration: 231000 	 avg loss: 0.9405710976568625
2020-02-03 15:47:28,570 - MAIN.TRAIN - [DEBUG]  iteration: 232000 	 avg loss: 1.5144258605653338
2020-02-03 15:47:31,146 - MAIN.TRAIN - [DEBUG]  iteration: 233000 	 avg loss: 1.6326638355854068
2020-02-03 15:47:33,796 - MAIN.TRAIN - [DEBUG]  iteration: 234000 	 avg loss: 1.6426428917234046
2020-02-03 15:47:36,461 - MAIN.TRAIN - [DEBUG]  iteration: 235000 	 avg loss: 1.2915259494769666
2020-02-03 15:47:38,936 - MAIN.TRAIN - [DEBUG]  iteration: 236000 	 avg loss: 1.0846984289737513
2020-02-03 15:47:41,348 - MAIN.TRAIN - [DEBUG]  iteration: 237000 	 avg loss: 0.8555118672431226
2020-02-03 15:47:43,870 - MAIN.TRAIN - [DEBUG]  iteration: 238000 	 avg loss: 1.4727105033785206
2020-02-03 15:47:46,368 - MAIN.TRAIN - [DEBUG]  iteration: 239000 	 avg loss: 1.158372808799505
2020-02-03 15:47:48,926 - MAIN.TRAIN - [DEBUG]  iteration: 240000 	 avg loss: 1.5822071220839093
2020-02-03 15:47:48,926 - MAIN.TRAIN - [DEBUG]  saving model at iteration 240000
2020-02-03 15:47:48,941 - MAIN.TRAIN - [DEBUG]  saved model 240000_of_500000_model_window10_dim50_03_02_2020_144954.h5 to output/experiments/models/chkpts
2020-02-03 15:49:48,628 - MAIN.TRAIN - [DEBUG]  iteration: 241000 	 avg loss: 1.1933925001017682
2020-02-03 15:49:51,503 - MAIN.TRAIN - [DEBUG]  iteration: 242000 	 avg loss: 1.1488997873571447
2020-02-03 15:49:54,471 - MAIN.TRAIN - [DEBUG]  iteration: 243000 	 avg loss: 1.8733061669318587
2020-02-03 15:49:57,097 - MAIN.TRAIN - [DEBUG]  iteration: 244000 	 avg loss: 0.9285830058686323
2020-02-03 15:49:59,732 - MAIN.TRAIN - [DEBUG]  iteration: 245000 	 avg loss: 1.1087793686348366
2020-02-03 15:50:02,569 - MAIN.TRAIN - [DEBUG]  iteration: 246000 	 avg loss: 1.3698678269361841
2020-02-03 15:50:05,407 - MAIN.TRAIN - [DEBUG]  iteration: 247000 	 avg loss: 1.117358710188133
2020-02-03 15:50:08,225 - MAIN.TRAIN - [DEBUG]  iteration: 248000 	 avg loss: 1.5514827363715784
2020-02-03 15:50:10,978 - MAIN.TRAIN - [DEBUG]  iteration: 249000 	 avg loss: 1.2702558573837128
2020-02-03 15:50:13,596 - MAIN.TRAIN - [DEBUG]  iteration: 250000 	 avg loss: 1.8367914701331942
2020-02-03 15:50:13,597 - MAIN.TRAIN - [DEBUG]  saving model at iteration 250000
2020-02-03 15:50:13,611 - MAIN.TRAIN - [DEBUG]  saved model 250000_of_500000_model_window10_dim50_03_02_2020_144954.h5 to output/experiments/models/chkpts
2020-02-03 15:52:06,893 - MAIN.TRAIN - [DEBUG]  iteration: 251000 	 avg loss: 1.1107329121276874
2020-02-03 15:52:09,552 - MAIN.TRAIN - [DEBUG]  iteration: 252000 	 avg loss: 1.3160958013394985
2020-02-03 15:52:12,269 - MAIN.TRAIN - [DEBUG]  iteration: 253000 	 avg loss: 1.2732586268745416
2020-02-03 15:52:15,077 - MAIN.TRAIN - [DEBUG]  iteration: 254000 	 avg loss: 1.5499390531675121
2020-02-03 15:52:17,982 - MAIN.TRAIN - [DEBUG]  iteration: 255000 	 avg loss: 1.1508055560067956
2020-02-03 15:52:20,637 - MAIN.TRAIN - [DEBUG]  iteration: 256000 	 avg loss: 1.1503444328410648
2020-02-03 15:52:23,356 - MAIN.TRAIN - [DEBUG]  iteration: 257000 	 avg loss: 0.8524867318888463
2020-02-03 15:52:26,146 - MAIN.TRAIN - [DEBUG]  iteration: 258000 	 avg loss: 1.8999204763678035
2020-02-03 15:52:29,077 - MAIN.TRAIN - [DEBUG]  iteration: 259000 	 avg loss: 1.0580322022602495
2020-02-03 15:52:32,047 - MAIN.TRAIN - [DEBUG]  iteration: 260000 	 avg loss: 0.8809652513485411
2020-02-03 15:52:32,048 - MAIN.TRAIN - [DEBUG]  saving model at iteration 260000
2020-02-03 15:52:32,065 - MAIN.TRAIN - [DEBUG]  saved model 260000_of_500000_model_window10_dim50_03_02_2020_144954.h5 to output/experiments/models/chkpts
2020-02-03 15:54:32,074 - MAIN.TRAIN - [DEBUG]  iteration: 261000 	 avg loss: 1.4671709176163308
2020-02-03 15:54:34,762 - MAIN.TRAIN - [DEBUG]  iteration: 262000 	 avg loss: 1.3955192472408102
2020-02-03 15:54:37,606 - MAIN.TRAIN - [DEBUG]  iteration: 263000 	 avg loss: 1.0389329903484443
2020-02-03 15:54:40,512 - MAIN.TRAIN - [DEBUG]  iteration: 264000 	 avg loss: 1.396359233555836
2020-02-03 15:54:43,650 - MAIN.TRAIN - [DEBUG]  iteration: 265000 	 avg loss: 1.3629346505173405
2020-02-03 15:54:46,638 - MAIN.TRAIN - [DEBUG]  iteration: 266000 	 avg loss: 1.1426831486688191
2020-02-03 15:54:49,267 - MAIN.TRAIN - [DEBUG]  iteration: 267000 	 avg loss: 1.0354820219975145
2020-02-03 15:54:52,129 - MAIN.TRAIN - [DEBUG]  iteration: 268000 	 avg loss: 1.9871196977627903
2020-02-03 15:54:55,006 - MAIN.TRAIN - [DEBUG]  iteration: 269000 	 avg loss: 1.4075897931832309
2020-02-03 15:54:57,619 - MAIN.TRAIN - [DEBUG]  iteration: 270000 	 avg loss: 1.4653644795147411
2020-02-03 15:54:57,619 - MAIN.TRAIN - [DEBUG]  saving model at iteration 270000
2020-02-03 15:54:57,633 - MAIN.TRAIN - [DEBUG]  saved model 270000_of_500000_model_window10_dim50_03_02_2020_144954.h5 to output/experiments/models/chkpts
2020-02-03 15:56:53,342 - MAIN.TRAIN - [DEBUG]  iteration: 271000 	 avg loss: 1.0648933341315214
2020-02-03 15:56:56,696 - MAIN.TRAIN - [DEBUG]  iteration: 272000 	 avg loss: 1.299095988869652
2020-02-03 15:56:59,789 - MAIN.TRAIN - [DEBUG]  iteration: 273000 	 avg loss: 0.9696561092951513
2020-02-03 15:57:02,860 - MAIN.TRAIN - [DEBUG]  iteration: 274000 	 avg loss: 1.4469188205024122
2020-02-03 15:57:06,109 - MAIN.TRAIN - [DEBUG]  iteration: 275000 	 avg loss: 1.2134364700113178
2020-02-03 15:57:09,249 - MAIN.TRAIN - [DEBUG]  iteration: 276000 	 avg loss: 1.9793512745442663
2020-02-03 15:57:12,371 - MAIN.TRAIN - [DEBUG]  iteration: 277000 	 avg loss: 0.9996255200406771
2020-02-03 15:57:15,316 - MAIN.TRAIN - [DEBUG]  iteration: 278000 	 avg loss: 1.7968839207458553
2020-02-03 15:57:18,541 - MAIN.TRAIN - [DEBUG]  iteration: 279000 	 avg loss: 1.2149446091980474
2020-02-03 15:57:21,417 - MAIN.TRAIN - [DEBUG]  iteration: 280000 	 avg loss: 1.8326399790575632
2020-02-03 15:57:21,417 - MAIN.TRAIN - [DEBUG]  saving model at iteration 280000
2020-02-03 15:57:21,432 - MAIN.TRAIN - [DEBUG]  saved model 280000_of_500000_model_window10_dim50_03_02_2020_144954.h5 to output/experiments/models/chkpts
2020-02-03 15:59:17,668 - MAIN.TRAIN - [DEBUG]  iteration: 281000 	 avg loss: 1.0499237535908263
2020-02-03 15:59:20,445 - MAIN.TRAIN - [DEBUG]  iteration: 282000 	 avg loss: 1.3619081926210626
2020-02-03 15:59:23,333 - MAIN.TRAIN - [DEBUG]  iteration: 283000 	 avg loss: 1.336355033642799
2020-02-03 15:59:26,042 - MAIN.TRAIN - [DEBUG]  iteration: 284000 	 avg loss: 1.6385574762508268
2020-02-03 15:59:28,805 - MAIN.TRAIN - [DEBUG]  iteration: 285000 	 avg loss: 1.9027356579915093
2020-02-03 15:59:31,806 - MAIN.TRAIN - [DEBUG]  iteration: 286000 	 avg loss: 1.5847719754975989
2020-02-03 15:59:34,859 - MAIN.TRAIN - [DEBUG]  iteration: 287000 	 avg loss: 1.3139985967385377
2020-02-03 15:59:37,795 - MAIN.TRAIN - [DEBUG]  iteration: 288000 	 avg loss: 1.8017638689728814
2020-02-03 15:59:40,542 - MAIN.TRAIN - [DEBUG]  iteration: 289000 	 avg loss: 1.8283456002370648
2020-02-03 15:59:43,274 - MAIN.TRAIN - [DEBUG]  iteration: 290000 	 avg loss: 1.1546349907219746
2020-02-03 15:59:43,274 - MAIN.TRAIN - [DEBUG]  saving model at iteration 290000
2020-02-03 15:59:43,290 - MAIN.TRAIN - [DEBUG]  saved model 290000_of_500000_model_window10_dim50_03_02_2020_144954.h5 to output/experiments/models/chkpts
2020-02-03 16:01:43,010 - MAIN.TRAIN - [DEBUG]  iteration: 291000 	 avg loss: 1.3484474231345471
2020-02-03 16:01:45,847 - MAIN.TRAIN - [DEBUG]  iteration: 292000 	 avg loss: 1.3384100985292968
2020-02-03 16:01:48,716 - MAIN.TRAIN - [DEBUG]  iteration: 293000 	 avg loss: 1.6388839785476075
2020-02-03 16:01:51,592 - MAIN.TRAIN - [DEBUG]  iteration: 294000 	 avg loss: 1.5272950189264076
2020-02-03 16:01:54,248 - MAIN.TRAIN - [DEBUG]  iteration: 295000 	 avg loss: 1.3616900877022722
2020-02-03 16:01:56,910 - MAIN.TRAIN - [DEBUG]  iteration: 296000 	 avg loss: 1.2867313287263666
2020-02-03 16:01:59,759 - MAIN.TRAIN - [DEBUG]  iteration: 297000 	 avg loss: 1.082883505010994
2020-02-03 16:02:02,631 - MAIN.TRAIN - [DEBUG]  iteration: 298000 	 avg loss: 1.5892289597349214
2020-02-03 16:02:05,548 - MAIN.TRAIN - [DEBUG]  iteration: 299000 	 avg loss: 1.3270781365021138
2020-02-03 16:02:08,321 - MAIN.TRAIN - [DEBUG]  iteration: 300000 	 avg loss: 1.2118356661004541
2020-02-03 16:02:08,321 - MAIN.TRAIN - [DEBUG]  saving model at iteration 300000
2020-02-03 16:02:08,337 - MAIN.TRAIN - [DEBUG]  saved model 300000_of_500000_model_window10_dim50_03_02_2020_144954.h5 to output/experiments/models/chkpts
2020-02-03 16:04:04,674 - MAIN.TRAIN - [DEBUG]  iteration: 301000 	 avg loss: 1.614778115579602
2020-02-03 16:04:07,406 - MAIN.TRAIN - [DEBUG]  iteration: 302000 	 avg loss: 1.0857214081739697
2020-02-03 16:04:10,222 - MAIN.TRAIN - [DEBUG]  iteration: 303000 	 avg loss: 1.2287565879381905
2020-02-03 16:04:13,061 - MAIN.TRAIN - [DEBUG]  iteration: 304000 	 avg loss: 1.0599659148628462
2020-02-03 16:04:15,879 - MAIN.TRAIN - [DEBUG]  iteration: 305000 	 avg loss: 1.2550596238073948
2020-02-03 16:04:18,641 - MAIN.TRAIN - [DEBUG]  iteration: 306000 	 avg loss: 1.1515077993597171
2020-02-03 16:04:21,294 - MAIN.TRAIN - [DEBUG]  iteration: 307000 	 avg loss: 1.1290413780603534
2020-02-03 16:04:24,161 - MAIN.TRAIN - [DEBUG]  iteration: 308000 	 avg loss: 2.065111934768319
2020-02-03 16:04:27,073 - MAIN.TRAIN - [DEBUG]  iteration: 309000 	 avg loss: 1.2897897652458155
2020-02-03 16:04:29,956 - MAIN.TRAIN - [DEBUG]  iteration: 310000 	 avg loss: 1.0941959998059614
2020-02-03 16:04:29,956 - MAIN.TRAIN - [DEBUG]  saving model at iteration 310000
2020-02-03 16:04:29,971 - MAIN.TRAIN - [DEBUG]  saved model 310000_of_500000_model_window10_dim50_03_02_2020_144954.h5 to output/experiments/models/chkpts
2020-02-03 16:06:28,880 - MAIN.TRAIN - [DEBUG]  iteration: 311000 	 avg loss: 1.0970861979663873
2020-02-03 16:06:31,823 - MAIN.TRAIN - [DEBUG]  iteration: 312000 	 avg loss: 2.003775025496453
2020-02-03 16:06:34,410 - MAIN.TRAIN - [DEBUG]  iteration: 313000 	 avg loss: 1.6174526327715553
2020-02-03 16:06:37,012 - MAIN.TRAIN - [DEBUG]  iteration: 314000 	 avg loss: 1.3690686929743618
2020-02-03 16:06:39,597 - MAIN.TRAIN - [DEBUG]  iteration: 315000 	 avg loss: 1.8567258687114048
2020-02-03 16:06:42,182 - MAIN.TRAIN - [DEBUG]  iteration: 316000 	 avg loss: 1.0612136801400018
2020-02-03 16:06:44,674 - MAIN.TRAIN - [DEBUG]  iteration: 317000 	 avg loss: 1.776026958061549
2020-02-03 16:06:47,092 - MAIN.TRAIN - [DEBUG]  iteration: 318000 	 avg loss: 1.297786879925916
2020-02-03 16:06:49,520 - MAIN.TRAIN - [DEBUG]  iteration: 319000 	 avg loss: 1.2157575107762215
2020-02-03 16:06:52,091 - MAIN.TRAIN - [DEBUG]  iteration: 320000 	 avg loss: 1.7769102182806116
2020-02-03 16:06:52,091 - MAIN.TRAIN - [DEBUG]  saving model at iteration 320000
2020-02-03 16:06:52,105 - MAIN.TRAIN - [DEBUG]  saved model 320000_of_500000_model_window10_dim50_03_02_2020_144954.h5 to output/experiments/models/chkpts
2020-02-03 16:08:48,975 - MAIN.TRAIN - [DEBUG]  iteration: 321000 	 avg loss: 1.3002301144345034
2020-02-03 16:08:51,825 - MAIN.TRAIN - [DEBUG]  iteration: 322000 	 avg loss: 0.8171528281890751
2020-02-03 16:08:54,863 - MAIN.TRAIN - [DEBUG]  iteration: 323000 	 avg loss: 1.8065591017016076
2020-02-03 16:08:58,045 - MAIN.TRAIN - [DEBUG]  iteration: 324000 	 avg loss: 1.0176016678688413
2020-02-03 16:09:01,275 - MAIN.TRAIN - [DEBUG]  iteration: 325000 	 avg loss: 1.0811538800505318
2020-02-03 16:09:04,154 - MAIN.TRAIN - [DEBUG]  iteration: 326000 	 avg loss: 1.2780891294061314
2020-02-03 16:09:06,937 - MAIN.TRAIN - [DEBUG]  iteration: 327000 	 avg loss: 1.2240980364504015
2020-02-03 16:09:09,647 - MAIN.TRAIN - [DEBUG]  iteration: 328000 	 avg loss: 1.2428030648192552
2020-02-03 16:09:12,497 - MAIN.TRAIN - [DEBUG]  iteration: 329000 	 avg loss: 1.270614698168666
2020-02-03 16:09:15,186 - MAIN.TRAIN - [DEBUG]  iteration: 330000 	 avg loss: 0.9325392616934126
2020-02-03 16:09:15,186 - MAIN.TRAIN - [DEBUG]  saving model at iteration 330000
2020-02-03 16:09:15,202 - MAIN.TRAIN - [DEBUG]  saved model 330000_of_500000_model_window10_dim50_03_02_2020_144954.h5 to output/experiments/models/chkpts
2020-02-03 16:11:10,773 - MAIN.TRAIN - [DEBUG]  iteration: 331000 	 avg loss: 1.4339834984293416
2020-02-03 16:11:13,746 - MAIN.TRAIN - [DEBUG]  iteration: 332000 	 avg loss: 1.1975866793775602
2020-02-03 16:11:16,750 - MAIN.TRAIN - [DEBUG]  iteration: 333000 	 avg loss: 1.5056956253521703
2020-02-03 16:11:19,624 - MAIN.TRAIN - [DEBUG]  iteration: 334000 	 avg loss: 1.3484802260982869
2020-02-03 16:11:22,265 - MAIN.TRAIN - [DEBUG]  iteration: 335000 	 avg loss: 1.141481634694323
2020-02-03 16:11:24,888 - MAIN.TRAIN - [DEBUG]  iteration: 336000 	 avg loss: 1.5304431344943439
2020-02-03 16:11:27,816 - MAIN.TRAIN - [DEBUG]  iteration: 337000 	 avg loss: 1.014446433629793
2020-02-03 16:11:30,791 - MAIN.TRAIN - [DEBUG]  iteration: 338000 	 avg loss: 1.8929740012791518
2020-02-03 16:11:33,762 - MAIN.TRAIN - [DEBUG]  iteration: 339000 	 avg loss: 1.4095762300209915
2020-02-03 16:11:36,881 - MAIN.TRAIN - [DEBUG]  iteration: 340000 	 avg loss: 1.3117682960229615
2020-02-03 16:11:36,882 - MAIN.TRAIN - [DEBUG]  saving model at iteration 340000
2020-02-03 16:11:36,898 - MAIN.TRAIN - [DEBUG]  saved model 340000_of_500000_model_window10_dim50_03_02_2020_144954.h5 to output/experiments/models/chkpts
2020-02-03 16:13:35,118 - MAIN.TRAIN - [DEBUG]  iteration: 341000 	 avg loss: 1.4104741512587984
2020-02-03 16:13:37,974 - MAIN.TRAIN - [DEBUG]  iteration: 342000 	 avg loss: 1.2441160064264758
2020-02-03 16:13:40,763 - MAIN.TRAIN - [DEBUG]  iteration: 343000 	 avg loss: 1.148850097491009
2020-02-03 16:13:43,514 - MAIN.TRAIN - [DEBUG]  iteration: 344000 	 avg loss: 1.111199357267668
2020-02-03 16:13:46,172 - MAIN.TRAIN - [DEBUG]  iteration: 345000 	 avg loss: 1.2707769189299438
2020-02-03 16:13:48,811 - MAIN.TRAIN - [DEBUG]  iteration: 346000 	 avg loss: 2.197177333753421
2020-02-03 16:13:51,648 - MAIN.TRAIN - [DEBUG]  iteration: 347000 	 avg loss: 1.3619076944319164
2020-02-03 16:13:54,558 - MAIN.TRAIN - [DEBUG]  iteration: 348000 	 avg loss: 1.3861589668010308
2020-02-03 16:13:57,420 - MAIN.TRAIN - [DEBUG]  iteration: 349000 	 avg loss: 1.4379201988482009
2020-02-03 16:14:00,198 - MAIN.TRAIN - [DEBUG]  iteration: 350000 	 avg loss: 1.061733978523617
2020-02-03 16:14:00,198 - MAIN.TRAIN - [DEBUG]  saving model at iteration 350000
2020-02-03 16:14:00,218 - MAIN.TRAIN - [DEBUG]  saved model 350000_of_500000_model_window10_dim50_03_02_2020_144954.h5 to output/experiments/models/chkpts
2020-02-03 16:15:56,060 - MAIN.TRAIN - [DEBUG]  iteration: 351000 	 avg loss: 1.7042087508750803
2020-02-03 16:15:58,711 - MAIN.TRAIN - [DEBUG]  iteration: 352000 	 avg loss: 1.5332579346599204
2020-02-03 16:16:01,508 - MAIN.TRAIN - [DEBUG]  iteration: 353000 	 avg loss: 1.4357063564319774
2020-02-03 16:16:04,217 - MAIN.TRAIN - [DEBUG]  iteration: 354000 	 avg loss: 1.026262212317643
2020-02-03 16:16:06,972 - MAIN.TRAIN - [DEBUG]  iteration: 355000 	 avg loss: 1.3094284287751967
2020-02-03 16:16:09,842 - MAIN.TRAIN - [DEBUG]  iteration: 356000 	 avg loss: 1.1304605124764358
2020-02-03 16:16:12,595 - MAIN.TRAIN - [DEBUG]  iteration: 357000 	 avg loss: 1.317195846938183
2020-02-03 16:16:15,300 - MAIN.TRAIN - [DEBUG]  iteration: 358000 	 avg loss: 0.8559950120558064
2020-02-03 16:16:18,031 - MAIN.TRAIN - [DEBUG]  iteration: 359000 	 avg loss: 1.3745720696728498
2020-02-03 16:16:20,883 - MAIN.TRAIN - [DEBUG]  iteration: 360000 	 avg loss: 1.2508193310048723
2020-02-03 16:16:20,884 - MAIN.TRAIN - [DEBUG]  saving model at iteration 360000
2020-02-03 16:16:20,899 - MAIN.TRAIN - [DEBUG]  saved model 360000_of_500000_model_window10_dim50_03_02_2020_144954.h5 to output/experiments/models/chkpts
2020-02-03 16:18:18,868 - MAIN.TRAIN - [DEBUG]  iteration: 361000 	 avg loss: 0.9702671390147561
2020-02-03 16:18:21,688 - MAIN.TRAIN - [DEBUG]  iteration: 362000 	 avg loss: 1.4719641311532314
2020-02-03 16:18:24,428 - MAIN.TRAIN - [DEBUG]  iteration: 363000 	 avg loss: 1.3567364991553093
2020-02-03 16:18:27,167 - MAIN.TRAIN - [DEBUG]  iteration: 364000 	 avg loss: 1.5834040917242664
2020-02-03 16:18:29,986 - MAIN.TRAIN - [DEBUG]  iteration: 365000 	 avg loss: 1.3835022514344009
2020-02-03 16:18:32,948 - MAIN.TRAIN - [DEBUG]  iteration: 366000 	 avg loss: 1.5982564351718813
2020-02-03 16:18:35,871 - MAIN.TRAIN - [DEBUG]  iteration: 367000 	 avg loss: 1.0918645447359359
2020-02-03 16:18:38,785 - MAIN.TRAIN - [DEBUG]  iteration: 368000 	 avg loss: 0.9329338873323668
2020-02-03 16:18:41,438 - MAIN.TRAIN - [DEBUG]  iteration: 369000 	 avg loss: 1.3023392267124891
2020-02-03 16:18:44,174 - MAIN.TRAIN - [DEBUG]  iteration: 370000 	 avg loss: 1.6541287976745236
2020-02-03 16:18:44,175 - MAIN.TRAIN - [DEBUG]  saving model at iteration 370000
2020-02-03 16:18:44,192 - MAIN.TRAIN - [DEBUG]  saved model 370000_of_500000_model_window10_dim50_03_02_2020_144954.h5 to output/experiments/models/chkpts
2020-02-03 16:20:42,737 - MAIN.TRAIN - [DEBUG]  iteration: 371000 	 avg loss: 1.797563184615609
2020-02-03 16:20:45,551 - MAIN.TRAIN - [DEBUG]  iteration: 372000 	 avg loss: 1.2880273655256984
2020-02-03 16:20:48,436 - MAIN.TRAIN - [DEBUG]  iteration: 373000 	 avg loss: 1.5098407758151804
2020-02-03 16:20:51,394 - MAIN.TRAIN - [DEBUG]  iteration: 374000 	 avg loss: 1.2691220093378461
2020-02-03 16:20:54,309 - MAIN.TRAIN - [DEBUG]  iteration: 375000 	 avg loss: 1.021269534832478
2020-02-03 16:20:56,948 - MAIN.TRAIN - [DEBUG]  iteration: 376000 	 avg loss: 1.1692431543026838
2020-02-03 16:20:59,718 - MAIN.TRAIN - [DEBUG]  iteration: 377000 	 avg loss: 0.7743933295169534
2020-02-03 16:21:02,696 - MAIN.TRAIN - [DEBUG]  iteration: 378000 	 avg loss: 1.490978102694231
2020-02-03 16:21:05,610 - MAIN.TRAIN - [DEBUG]  iteration: 379000 	 avg loss: 1.69749698861843
2020-02-03 16:21:08,530 - MAIN.TRAIN - [DEBUG]  iteration: 380000 	 avg loss: 1.0379437503786684
2020-02-03 16:21:08,530 - MAIN.TRAIN - [DEBUG]  saving model at iteration 380000
2020-02-03 16:21:08,546 - MAIN.TRAIN - [DEBUG]  saved model 380000_of_500000_model_window10_dim50_03_02_2020_144954.h5 to output/experiments/models/chkpts
2020-02-03 16:23:05,843 - MAIN.TRAIN - [DEBUG]  iteration: 381000 	 avg loss: 1.2300074114148245
2020-02-03 16:23:08,490 - MAIN.TRAIN - [DEBUG]  iteration: 382000 	 avg loss: 1.5947780325484577
2020-02-03 16:23:11,114 - MAIN.TRAIN - [DEBUG]  iteration: 383000 	 avg loss: 1.1287398037537295
2020-02-03 16:23:13,761 - MAIN.TRAIN - [DEBUG]  iteration: 384000 	 avg loss: 1.0236215658485182
2020-02-03 16:23:16,607 - MAIN.TRAIN - [DEBUG]  iteration: 385000 	 avg loss: 0.9114670332708001
2020-02-03 16:23:19,471 - MAIN.TRAIN - [DEBUG]  iteration: 386000 	 avg loss: 1.6302832751787373
2020-02-03 16:23:22,301 - MAIN.TRAIN - [DEBUG]  iteration: 387000 	 avg loss: 1.4654672958531327
2020-02-03 16:23:24,989 - MAIN.TRAIN - [DEBUG]  iteration: 388000 	 avg loss: 1.1598457414083951
2020-02-03 16:23:27,667 - MAIN.TRAIN - [DEBUG]  iteration: 389000 	 avg loss: 1.2702478818865583
2020-02-03 16:23:30,568 - MAIN.TRAIN - [DEBUG]  iteration: 390000 	 avg loss: 1.377891870787702
2020-02-03 16:23:30,569 - MAIN.TRAIN - [DEBUG]  saving model at iteration 390000
2020-02-03 16:23:30,585 - MAIN.TRAIN - [DEBUG]  saved model 390000_of_500000_model_window10_dim50_03_02_2020_144954.h5 to output/experiments/models/chkpts
2020-02-03 16:25:28,395 - MAIN.TRAIN - [DEBUG]  iteration: 391000 	 avg loss: 1.1114516166133963
2020-02-03 16:25:31,311 - MAIN.TRAIN - [DEBUG]  iteration: 392000 	 avg loss: 1.3823973996705494
2020-02-03 16:25:34,290 - MAIN.TRAIN - [DEBUG]  iteration: 393000 	 avg loss: 1.2195116608504992
2020-02-03 16:25:37,054 - MAIN.TRAIN - [DEBUG]  iteration: 394000 	 avg loss: 1.198707037295898
2020-02-03 16:25:39,839 - MAIN.TRAIN - [DEBUG]  iteration: 395000 	 avg loss: 1.480125339731031
2020-02-03 16:25:42,620 - MAIN.TRAIN - [DEBUG]  iteration: 396000 	 avg loss: 1.4291067327536644
2020-02-03 16:25:45,468 - MAIN.TRAIN - [DEBUG]  iteration: 397000 	 avg loss: 1.6550228806504859
2020-02-03 16:25:48,271 - MAIN.TRAIN - [DEBUG]  iteration: 398000 	 avg loss: 1.46644638825417
2020-02-03 16:25:51,014 - MAIN.TRAIN - [DEBUG]  iteration: 399000 	 avg loss: 1.1209362650647132
2020-02-03 16:25:53,814 - MAIN.TRAIN - [DEBUG]  iteration: 400000 	 avg loss: 0.9686545952067964
2020-02-03 16:25:53,815 - MAIN.TRAIN - [DEBUG]  saving model at iteration 400000
2020-02-03 16:25:53,833 - MAIN.TRAIN - [DEBUG]  saved model 400000_of_500000_model_window10_dim50_03_02_2020_144954.h5 to output/experiments/models/chkpts
2020-02-03 16:27:50,479 - MAIN.TRAIN - [DEBUG]  iteration: 401000 	 avg loss: 1.4025887520391989
2020-02-03 16:27:53,412 - MAIN.TRAIN - [DEBUG]  iteration: 402000 	 avg loss: 1.0221609849791744
2020-02-03 16:27:56,204 - MAIN.TRAIN - [DEBUG]  iteration: 403000 	 avg loss: 1.1666365749603282
2020-02-03 16:27:58,980 - MAIN.TRAIN - [DEBUG]  iteration: 404000 	 avg loss: 1.4966721396975826
2020-02-03 16:28:01,670 - MAIN.TRAIN - [DEBUG]  iteration: 405000 	 avg loss: 1.6099747230158292
2020-02-03 16:28:04,404 - MAIN.TRAIN - [DEBUG]  iteration: 406000 	 avg loss: 1.077112695183346
2020-02-03 16:28:07,035 - MAIN.TRAIN - [DEBUG]  iteration: 407000 	 avg loss: 1.1246537027591728
2020-02-03 16:28:09,895 - MAIN.TRAIN - [DEBUG]  iteration: 408000 	 avg loss: 1.016540856005221
2020-02-03 16:28:12,730 - MAIN.TRAIN - [DEBUG]  iteration: 409000 	 avg loss: 1.3684214027318886
2020-02-03 16:28:15,431 - MAIN.TRAIN - [DEBUG]  iteration: 410000 	 avg loss: 1.341222994944617
2020-02-03 16:28:15,431 - MAIN.TRAIN - [DEBUG]  saving model at iteration 410000
2020-02-03 16:28:15,447 - MAIN.TRAIN - [DEBUG]  saved model 410000_of_500000_model_window10_dim50_03_02_2020_144954.h5 to output/experiments/models/chkpts
2020-02-03 16:30:13,860 - MAIN.TRAIN - [DEBUG]  iteration: 411000 	 avg loss: 1.3443646418204258
2020-02-03 16:30:16,435 - MAIN.TRAIN - [DEBUG]  iteration: 412000 	 avg loss: 1.2145018507678313
2020-02-03 16:30:19,162 - MAIN.TRAIN - [DEBUG]  iteration: 413000 	 avg loss: 1.2675981457634453
2020-02-03 16:30:21,890 - MAIN.TRAIN - [DEBUG]  iteration: 414000 	 avg loss: 1.0385268825815097
2020-02-03 16:30:24,634 - MAIN.TRAIN - [DEBUG]  iteration: 415000 	 avg loss: 1.5939744764425428
2020-02-03 16:30:27,342 - MAIN.TRAIN - [DEBUG]  iteration: 416000 	 avg loss: 1.0154939791811095
2020-02-03 16:30:29,941 - MAIN.TRAIN - [DEBUG]  iteration: 417000 	 avg loss: 1.416541624593146
2020-02-03 16:30:32,647 - MAIN.TRAIN - [DEBUG]  iteration: 418000 	 avg loss: 1.5013754080525268
2020-02-03 16:30:35,536 - MAIN.TRAIN - [DEBUG]  iteration: 419000 	 avg loss: 1.3283305777641035
2020-02-03 16:30:38,466 - MAIN.TRAIN - [DEBUG]  iteration: 420000 	 avg loss: 1.2478752834510916
2020-02-03 16:30:38,466 - MAIN.TRAIN - [DEBUG]  saving model at iteration 420000
2020-02-03 16:30:38,485 - MAIN.TRAIN - [DEBUG]  saved model 420000_of_500000_model_window10_dim50_03_02_2020_144954.h5 to output/experiments/models/chkpts
2020-02-03 16:32:33,910 - MAIN.TRAIN - [DEBUG]  iteration: 421000 	 avg loss: 1.0121312280497896
2020-02-03 16:32:36,850 - MAIN.TRAIN - [DEBUG]  iteration: 422000 	 avg loss: 1.399267857086392
2020-02-03 16:32:39,677 - MAIN.TRAIN - [DEBUG]  iteration: 423000 	 avg loss: 0.8540512988813834
2020-02-03 16:32:42,329 - MAIN.TRAIN - [DEBUG]  iteration: 424000 	 avg loss: 1.311152345917284
2020-02-03 16:32:44,962 - MAIN.TRAIN - [DEBUG]  iteration: 425000 	 avg loss: 1.3073023403196857
2020-02-03 16:32:47,788 - MAIN.TRAIN - [DEBUG]  iteration: 426000 	 avg loss: 1.4732346630160391
2020-02-03 16:32:50,696 - MAIN.TRAIN - [DEBUG]  iteration: 427000 	 avg loss: 1.2220203248797188
2020-02-03 16:32:53,662 - MAIN.TRAIN - [DEBUG]  iteration: 428000 	 avg loss: 1.0626793827070478
2020-02-03 16:32:56,392 - MAIN.TRAIN - [DEBUG]  iteration: 429000 	 avg loss: 1.0203811409165424
2020-02-03 16:32:59,073 - MAIN.TRAIN - [DEBUG]  iteration: 430000 	 avg loss: 1.1781154517892856
2020-02-03 16:32:59,073 - MAIN.TRAIN - [DEBUG]  saving model at iteration 430000
2020-02-03 16:32:59,096 - MAIN.TRAIN - [DEBUG]  saved model 430000_of_500000_model_window10_dim50_03_02_2020_144954.h5 to output/experiments/models/chkpts
2020-02-03 16:34:58,591 - MAIN.TRAIN - [DEBUG]  iteration: 431000 	 avg loss: 1.3170179881945783
2020-02-03 16:35:01,243 - MAIN.TRAIN - [DEBUG]  iteration: 432000 	 avg loss: 1.196268634579902
2020-02-03 16:35:03,831 - MAIN.TRAIN - [DEBUG]  iteration: 433000 	 avg loss: 1.1715706689069902
2020-02-03 16:35:06,403 - MAIN.TRAIN - [DEBUG]  iteration: 434000 	 avg loss: 1.1696879833655711
2020-02-03 16:35:08,880 - MAIN.TRAIN - [DEBUG]  iteration: 435000 	 avg loss: 1.0951814954398074
2020-02-03 16:35:11,298 - MAIN.TRAIN - [DEBUG]  iteration: 436000 	 avg loss: 1.268857735811147
2020-02-03 16:35:13,786 - MAIN.TRAIN - [DEBUG]  iteration: 437000 	 avg loss: 1.1594017581598928
2020-02-03 16:35:16,403 - MAIN.TRAIN - [DEBUG]  iteration: 438000 	 avg loss: 0.90383511321892
2020-02-03 16:35:19,040 - MAIN.TRAIN - [DEBUG]  iteration: 439000 	 avg loss: 1.3732980892348006
2020-02-03 16:35:21,617 - MAIN.TRAIN - [DEBUG]  iteration: 440000 	 avg loss: 1.3140703958344366
2020-02-03 16:35:21,617 - MAIN.TRAIN - [DEBUG]  saving model at iteration 440000
2020-02-03 16:35:21,632 - MAIN.TRAIN - [DEBUG]  saved model 440000_of_500000_model_window10_dim50_03_02_2020_144954.h5 to output/experiments/models/chkpts
2020-02-03 16:37:20,651 - MAIN.TRAIN - [DEBUG]  iteration: 441000 	 avg loss: 1.3916428389002722
2020-02-03 16:37:23,402 - MAIN.TRAIN - [DEBUG]  iteration: 442000 	 avg loss: 1.0883008065110515
2020-02-03 16:37:26,406 - MAIN.TRAIN - [DEBUG]  iteration: 443000 	 avg loss: 1.295010585539112
2020-02-03 16:37:29,523 - MAIN.TRAIN - [DEBUG]  iteration: 444000 	 avg loss: 1.3258410507290428
2020-02-03 16:37:32,531 - MAIN.TRAIN - [DEBUG]  iteration: 445000 	 avg loss: 1.430380715185078
2020-02-03 16:37:35,268 - MAIN.TRAIN - [DEBUG]  iteration: 446000 	 avg loss: 1.451555910768198
2020-02-03 16:37:38,268 - MAIN.TRAIN - [DEBUG]  iteration: 447000 	 avg loss: 1.300523952828852
2020-02-03 16:37:41,151 - MAIN.TRAIN - [DEBUG]  iteration: 448000 	 avg loss: 1.271601138253669
2020-02-03 16:37:43,997 - MAIN.TRAIN - [DEBUG]  iteration: 449000 	 avg loss: 1.0960902991029016
2020-02-03 16:37:46,967 - MAIN.TRAIN - [DEBUG]  iteration: 450000 	 avg loss: 1.3052284422212925
2020-02-03 16:37:46,967 - MAIN.TRAIN - [DEBUG]  saving model at iteration 450000
2020-02-03 16:37:46,982 - MAIN.TRAIN - [DEBUG]  saved model 450000_of_500000_model_window10_dim50_03_02_2020_144954.h5 to output/experiments/models/chkpts
2020-02-03 16:39:43,547 - MAIN.TRAIN - [DEBUG]  iteration: 451000 	 avg loss: 1.9579589928139407
2020-02-03 16:39:46,470 - MAIN.TRAIN - [DEBUG]  iteration: 452000 	 avg loss: 1.2247820532929836
2020-02-03 16:39:49,416 - MAIN.TRAIN - [DEBUG]  iteration: 453000 	 avg loss: 1.2311363186620947
2020-02-03 16:39:52,373 - MAIN.TRAIN - [DEBUG]  iteration: 454000 	 avg loss: 1.382769184553519
2020-02-03 16:39:55,136 - MAIN.TRAIN - [DEBUG]  iteration: 455000 	 avg loss: 1.2804021363935536
2020-02-03 16:39:57,805 - MAIN.TRAIN - [DEBUG]  iteration: 456000 	 avg loss: 1.230740253048818
2020-02-03 16:40:00,923 - MAIN.TRAIN - [DEBUG]  iteration: 457000 	 avg loss: 1.3963205254456479
2020-02-03 16:40:04,364 - MAIN.TRAIN - [DEBUG]  iteration: 458000 	 avg loss: 1.6236691594657773
2020-02-03 16:40:07,953 - MAIN.TRAIN - [DEBUG]  iteration: 459000 	 avg loss: 1.107381355423553
2020-02-03 16:40:10,923 - MAIN.TRAIN - [DEBUG]  iteration: 460000 	 avg loss: 1.1135240807500377
2020-02-03 16:40:10,923 - MAIN.TRAIN - [DEBUG]  saving model at iteration 460000
2020-02-03 16:40:10,941 - MAIN.TRAIN - [DEBUG]  saved model 460000_of_500000_model_window10_dim50_03_02_2020_144954.h5 to output/experiments/models/chkpts
2020-02-03 16:42:09,542 - MAIN.TRAIN - [DEBUG]  iteration: 461000 	 avg loss: 1.1791669522794672
2020-02-03 16:42:12,726 - MAIN.TRAIN - [DEBUG]  iteration: 462000 	 avg loss: 1.044119986898222
2020-02-03 16:42:16,086 - MAIN.TRAIN - [DEBUG]  iteration: 463000 	 avg loss: 1.0330405146526456
2020-02-03 16:42:19,113 - MAIN.TRAIN - [DEBUG]  iteration: 464000 	 avg loss: 1.3805553392078613
2020-02-03 16:42:21,922 - MAIN.TRAIN - [DEBUG]  iteration: 465000 	 avg loss: 1.2445590877453543
2020-02-03 16:42:24,601 - MAIN.TRAIN - [DEBUG]  iteration: 466000 	 avg loss: 0.9005623181193223
2020-02-03 16:42:27,573 - MAIN.TRAIN - [DEBUG]  iteration: 467000 	 avg loss: 1.2280052677582551
2020-02-03 16:42:30,427 - MAIN.TRAIN - [DEBUG]  iteration: 468000 	 avg loss: 0.9184852784224968
2020-02-03 16:42:33,046 - MAIN.TRAIN - [DEBUG]  iteration: 469000 	 avg loss: 1.0305716719786577
2020-02-03 16:42:35,623 - MAIN.TRAIN - [DEBUG]  iteration: 470000 	 avg loss: 1.1169589866018133
2020-02-03 16:42:35,623 - MAIN.TRAIN - [DEBUG]  saving model at iteration 470000
2020-02-03 16:42:35,637 - MAIN.TRAIN - [DEBUG]  saved model 470000_of_500000_model_window10_dim50_03_02_2020_144954.h5 to output/experiments/models/chkpts
2020-02-03 16:44:31,453 - MAIN.TRAIN - [DEBUG]  iteration: 471000 	 avg loss: 1.3500065300740705
2020-02-03 16:44:34,848 - MAIN.TRAIN - [DEBUG]  iteration: 472000 	 avg loss: 1.3185809013559775
2020-02-03 16:44:37,832 - MAIN.TRAIN - [DEBUG]  iteration: 473000 	 avg loss: 1.038878407318039
2020-02-03 16:44:40,840 - MAIN.TRAIN - [DEBUG]  iteration: 474000 	 avg loss: 1.087849148892823
2020-02-03 16:44:44,108 - MAIN.TRAIN - [DEBUG]  iteration: 475000 	 avg loss: 1.1883621292342852
2020-02-03 16:44:47,394 - MAIN.TRAIN - [DEBUG]  iteration: 476000 	 avg loss: 1.1059252383881757
2020-02-03 16:44:50,644 - MAIN.TRAIN - [DEBUG]  iteration: 477000 	 avg loss: 1.5183873168745776
2020-02-03 16:44:53,677 - MAIN.TRAIN - [DEBUG]  iteration: 478000 	 avg loss: 1.1156963727815163
2020-02-03 16:44:57,050 - MAIN.TRAIN - [DEBUG]  iteration: 479000 	 avg loss: 0.9967899596696952
2020-02-03 16:45:00,445 - MAIN.TRAIN - [DEBUG]  iteration: 480000 	 avg loss: 1.3621455307685246
2020-02-03 16:45:00,445 - MAIN.TRAIN - [DEBUG]  saving model at iteration 480000
2020-02-03 16:45:00,463 - MAIN.TRAIN - [DEBUG]  saved model 480000_of_500000_model_window10_dim50_03_02_2020_144954.h5 to output/experiments/models/chkpts
2020-02-03 16:46:55,199 - MAIN.TRAIN - [DEBUG]  iteration: 481000 	 avg loss: 1.1001541597461155
2020-02-03 16:46:57,836 - MAIN.TRAIN - [DEBUG]  iteration: 482000 	 avg loss: 1.149396714616807
2020-02-03 16:47:00,339 - MAIN.TRAIN - [DEBUG]  iteration: 483000 	 avg loss: 1.4785713359952017
2020-02-03 16:47:02,770 - MAIN.TRAIN - [DEBUG]  iteration: 484000 	 avg loss: 1.2695537906087784
2020-02-03 16:47:05,305 - MAIN.TRAIN - [DEBUG]  iteration: 485000 	 avg loss: 1.1300562556791047
2020-02-03 16:47:08,159 - MAIN.TRAIN - [DEBUG]  iteration: 486000 	 avg loss: 1.1699460109633129
2020-02-03 16:47:10,888 - MAIN.TRAIN - [DEBUG]  iteration: 487000 	 avg loss: 1.0220697750299659
2020-02-03 16:47:13,732 - MAIN.TRAIN - [DEBUG]  iteration: 488000 	 avg loss: 1.1835052176650387
2020-02-03 16:47:16,419 - MAIN.TRAIN - [DEBUG]  iteration: 489000 	 avg loss: 1.3938039742359725
2020-02-03 16:47:19,350 - MAIN.TRAIN - [DEBUG]  iteration: 490000 	 avg loss: 1.3928368992977485
2020-02-03 16:47:19,350 - MAIN.TRAIN - [DEBUG]  saving model at iteration 490000
2020-02-03 16:47:19,368 - MAIN.TRAIN - [DEBUG]  saved model 490000_of_500000_model_window10_dim50_03_02_2020_144954.h5 to output/experiments/models/chkpts
2020-02-03 16:49:19,316 - MAIN.TRAIN - [DEBUG]  iteration: 491000 	 avg loss: 0.8185442481539007
2020-02-03 16:49:22,237 - MAIN.TRAIN - [DEBUG]  iteration: 492000 	 avg loss: 1.0886114595429062
2020-02-03 16:49:25,166 - MAIN.TRAIN - [DEBUG]  iteration: 493000 	 avg loss: 1.4856962524643713
2020-02-03 16:49:28,199 - MAIN.TRAIN - [DEBUG]  iteration: 494000 	 avg loss: 1.1677756495627236
2020-02-03 16:49:31,179 - MAIN.TRAIN - [DEBUG]  iteration: 495000 	 avg loss: 1.1626534323705273
2020-02-03 16:49:34,066 - MAIN.TRAIN - [DEBUG]  iteration: 496000 	 avg loss: 1.5737494629290774
2020-02-03 16:49:37,092 - MAIN.TRAIN - [DEBUG]  iteration: 497000 	 avg loss: 1.1686040483238103
2020-02-03 16:49:40,075 - MAIN.TRAIN - [DEBUG]  iteration: 498000 	 avg loss: 1.0384630813456532
2020-02-03 16:49:43,335 - MAIN.TRAIN - [DEBUG]  iteration: 499000 	 avg loss: 1.3331496961663216
2020-02-03 16:49:46,231 - MAIN.TRAIN - [DEBUG]  finished training
2020-02-03 16:49:46,247 - MAIN - [DEBUG]  saved final model model_window10_dim50_03_02_2020_144954.h5 to output/experiments/models/final
2020-02-03 16:49:46,247 - MAIN.TRAIN - [DEBUG]  plotting loss
2020-02-03 16:49:47,384 - MAIN.TRAIN - [DEBUG]  saved loss plot to output/experiments/logs/loss_03_02_2020_144954.png
