2020-02-03 14:50:48,758 - MAIN - [DEBUG]  starting program
2020-02-03 14:50:48,758 - MAIN.PREPR - [DEBUG]  loading texts
2020-02-03 14:50:48,767 - MAIN.PREPR - [DEBUG]  tokenizing texts
2020-02-03 14:50:56,879 - MAIN.PREPR - [DEBUG]  normalizing text
2020-02-03 14:51:03,301 - MAIN.PREPR - [DEBUG]  normalizing text done. returning 820571 words
2020-02-03 14:51:03,319 - MAIN.PREPR - [DEBUG]  building dataset
2020-02-03 14:51:03,623 - MAIN.PREPR - [DEBUG]  unique words: 12652
2020-02-03 14:51:03,624 - MAIN.PREPR - [DEBUG]  most common words: [['UNK', 2653], ('the', 65639), ('and', 52506), ('of', 35169), ('to', 14300), ('that', 13196), ('in', 13026), ('a', 12584), ('he', 10536), ('shall', 9861)]
2020-02-03 14:51:03,624 - MAIN.PREPR - [DEBUG]  building dataset done
2020-02-03 14:51:38,868 - MAIN.MODEL - [DEBUG]  created training model
2020-02-03 14:51:38,892 - MAIN.MODEL - [DEBUG]  compiled training model
2020-02-03 14:51:38,903 - MAIN.MODEL - [DEBUG]  created validation model
2020-02-03 14:51:38,904 - MAIN.TRAIN - [DEBUG]  starting training
2020-02-03 14:51:39,534 - MAIN.TRAIN - [DEBUG]  iteration: 0 	 avg loss: 0.693361759185791
2020-02-03 14:51:39,534 - MAIN.TRAIN - [DEBUG]  saving model at iteration 0
2020-02-03 14:51:39,588 - MAIN.TRAIN - [DEBUG]  saved model 0_of_500000_model_window15_03_02_2020_145048.h5 to output/experiments/models/chkpts
2020-02-03 14:53:51,659 - MAIN.TRAIN - [DEBUG]  iteration: 1000 	 avg loss: 0.6930851064324379
2020-02-03 14:54:04,217 - MAIN.TRAIN - [DEBUG]  iteration: 2000 	 avg loss: 0.6936032565832138
2020-02-03 14:54:16,709 - MAIN.TRAIN - [DEBUG]  iteration: 3000 	 avg loss: 0.693202692270279
2020-02-03 14:54:29,596 - MAIN.TRAIN - [DEBUG]  iteration: 4000 	 avg loss: 0.6929640728831291
2020-02-03 14:54:41,942 - MAIN.TRAIN - [DEBUG]  iteration: 5000 	 avg loss: 0.6923724911212921
2020-02-03 14:54:54,631 - MAIN.TRAIN - [DEBUG]  iteration: 6000 	 avg loss: 0.693956295132637
2020-02-03 14:55:08,628 - MAIN.TRAIN - [DEBUG]  iteration: 7000 	 avg loss: 0.6936263130903244
2020-02-03 14:55:21,732 - MAIN.TRAIN - [DEBUG]  iteration: 8000 	 avg loss: 0.6933844155073166
2020-02-03 14:55:34,643 - MAIN.TRAIN - [DEBUG]  iteration: 9000 	 avg loss: 0.6912224699854851
2020-02-03 14:55:47,338 - MAIN.TRAIN - [DEBUG]  iteration: 10000 	 avg loss: 0.6946177569627762
2020-02-03 14:55:47,338 - MAIN.TRAIN - [DEBUG]  saving model at iteration 10000
2020-02-03 14:55:47,392 - MAIN.TRAIN - [DEBUG]  saved model 10000_of_500000_model_window15_03_02_2020_145048.h5 to output/experiments/models/chkpts
2020-02-03 14:57:54,920 - MAIN.TRAIN - [DEBUG]  iteration: 11000 	 avg loss: 0.6930348239541054
2020-02-03 14:58:07,608 - MAIN.TRAIN - [DEBUG]  iteration: 12000 	 avg loss: 0.6903933854699135
2020-02-03 14:58:19,857 - MAIN.TRAIN - [DEBUG]  iteration: 13000 	 avg loss: 0.6952860769629479
2020-02-03 14:58:32,500 - MAIN.TRAIN - [DEBUG]  iteration: 14000 	 avg loss: 0.6926469661593437
2020-02-03 14:58:44,806 - MAIN.TRAIN - [DEBUG]  iteration: 15000 	 avg loss: 0.69276407122612
2020-02-03 14:58:57,111 - MAIN.TRAIN - [DEBUG]  iteration: 16000 	 avg loss: 0.6913253224492073
2020-02-03 14:59:09,365 - MAIN.TRAIN - [DEBUG]  iteration: 17000 	 avg loss: 0.6917129307389259
2020-02-03 14:59:21,260 - MAIN.TRAIN - [DEBUG]  iteration: 18000 	 avg loss: 0.6905299714207649
2020-02-03 14:59:33,381 - MAIN.TRAIN - [DEBUG]  iteration: 19000 	 avg loss: 0.6906609749495983
2020-02-03 14:59:45,888 - MAIN.TRAIN - [DEBUG]  iteration: 20000 	 avg loss: 0.6882029176652431
2020-02-03 14:59:45,888 - MAIN.TRAIN - [DEBUG]  saving model at iteration 20000
2020-02-03 14:59:45,931 - MAIN.TRAIN - [DEBUG]  saved model 20000_of_500000_model_window15_03_02_2020_145048.h5 to output/experiments/models/chkpts
2020-02-03 15:01:47,569 - MAIN.TRAIN - [DEBUG]  iteration: 21000 	 avg loss: 0.6877561196684837
2020-02-03 15:01:58,962 - MAIN.TRAIN - [DEBUG]  iteration: 22000 	 avg loss: 0.6863718406707049
2020-02-03 15:02:11,231 - MAIN.TRAIN - [DEBUG]  iteration: 23000 	 avg loss: 0.6809311611950397
2020-02-03 15:02:24,142 - MAIN.TRAIN - [DEBUG]  iteration: 24000 	 avg loss: 0.6806276282221079
2020-02-03 15:02:36,512 - MAIN.TRAIN - [DEBUG]  iteration: 25000 	 avg loss: 0.6775045153945685
2020-02-03 15:02:48,505 - MAIN.TRAIN - [DEBUG]  iteration: 26000 	 avg loss: 0.6718564407330496
2020-02-03 15:03:00,652 - MAIN.TRAIN - [DEBUG]  iteration: 27000 	 avg loss: 0.6678065852649597
2020-02-03 15:03:12,720 - MAIN.TRAIN - [DEBUG]  iteration: 28000 	 avg loss: 0.6646652684697437
2020-02-03 15:03:24,781 - MAIN.TRAIN - [DEBUG]  iteration: 29000 	 avg loss: 0.6577131415978074
2020-02-03 15:03:37,100 - MAIN.TRAIN - [DEBUG]  iteration: 30000 	 avg loss: 0.6531588640409547
2020-02-03 15:03:37,100 - MAIN.TRAIN - [DEBUG]  saving model at iteration 30000
2020-02-03 15:03:37,140 - MAIN.TRAIN - [DEBUG]  saved model 30000_of_500000_model_window15_03_02_2020_145048.h5 to output/experiments/models/chkpts
2020-02-03 15:05:40,330 - MAIN.TRAIN - [DEBUG]  iteration: 31000 	 avg loss: 0.6462770030452297
2020-02-03 15:05:50,897 - MAIN.TRAIN - [DEBUG]  iteration: 32000 	 avg loss: 0.6389567118260477
2020-02-03 15:06:02,685 - MAIN.TRAIN - [DEBUG]  iteration: 33000 	 avg loss: 0.6369982286104862
2020-02-03 15:06:14,501 - MAIN.TRAIN - [DEBUG]  iteration: 34000 	 avg loss: 0.6304552269390642
2020-02-03 15:06:26,398 - MAIN.TRAIN - [DEBUG]  iteration: 35000 	 avg loss: 0.6286197595213712
2020-02-03 15:06:39,128 - MAIN.TRAIN - [DEBUG]  iteration: 36000 	 avg loss: 0.6032986643510333
2020-02-03 15:06:51,236 - MAIN.TRAIN - [DEBUG]  iteration: 37000 	 avg loss: 0.6280632419304379
2020-02-03 15:07:03,886 - MAIN.TRAIN - [DEBUG]  iteration: 38000 	 avg loss: 0.6037709812215994
2020-02-03 15:07:16,548 - MAIN.TRAIN - [DEBUG]  iteration: 39000 	 avg loss: 0.587765651843399
2020-02-03 15:07:29,115 - MAIN.TRAIN - [DEBUG]  iteration: 40000 	 avg loss: 0.6067016767771971
2020-02-03 15:07:29,115 - MAIN.TRAIN - [DEBUG]  saving model at iteration 40000
2020-02-03 15:07:29,156 - MAIN.TRAIN - [DEBUG]  saved model 40000_of_500000_model_window15_03_02_2020_145048.h5 to output/experiments/models/chkpts
2020-02-03 15:09:35,038 - MAIN.TRAIN - [DEBUG]  iteration: 41000 	 avg loss: 0.5816953586007055
2020-02-03 15:09:46,337 - MAIN.TRAIN - [DEBUG]  iteration: 42000 	 avg loss: 0.6045253953559168
2020-02-03 15:09:58,773 - MAIN.TRAIN - [DEBUG]  iteration: 43000 	 avg loss: 0.5751842496444132
2020-02-03 15:10:11,690 - MAIN.TRAIN - [DEBUG]  iteration: 44000 	 avg loss: 0.5926781421950233
2020-02-03 15:10:24,895 - MAIN.TRAIN - [DEBUG]  iteration: 45000 	 avg loss: 0.6001071332100636
2020-02-03 15:10:37,527 - MAIN.TRAIN - [DEBUG]  iteration: 46000 	 avg loss: 0.559330700401918
2020-02-03 15:10:49,809 - MAIN.TRAIN - [DEBUG]  iteration: 47000 	 avg loss: 0.5649786469259509
2020-02-03 15:11:01,731 - MAIN.TRAIN - [DEBUG]  iteration: 48000 	 avg loss: 0.5603047767286201
2020-02-03 15:11:13,752 - MAIN.TRAIN - [DEBUG]  iteration: 49000 	 avg loss: 0.5381993721755134
2020-02-03 15:11:25,632 - MAIN.TRAIN - [DEBUG]  iteration: 50000 	 avg loss: 0.5380986156622979
2020-02-03 15:11:25,632 - MAIN.TRAIN - [DEBUG]  saving model at iteration 50000
2020-02-03 15:11:25,673 - MAIN.TRAIN - [DEBUG]  saved model 50000_of_500000_model_window15_03_02_2020_145048.h5 to output/experiments/models/chkpts
2020-02-03 15:13:31,577 - MAIN.TRAIN - [DEBUG]  iteration: 51000 	 avg loss: 0.5640814152039229
2020-02-03 15:13:42,181 - MAIN.TRAIN - [DEBUG]  iteration: 52000 	 avg loss: 0.5390486266756513
2020-02-03 15:13:53,325 - MAIN.TRAIN - [DEBUG]  iteration: 53000 	 avg loss: 0.5399071428058806
2020-02-03 15:14:05,469 - MAIN.TRAIN - [DEBUG]  iteration: 54000 	 avg loss: 0.5831354740854073
2020-02-03 15:14:17,754 - MAIN.TRAIN - [DEBUG]  iteration: 55000 	 avg loss: 0.5766545250873976
2020-02-03 15:14:30,732 - MAIN.TRAIN - [DEBUG]  iteration: 56000 	 avg loss: 0.6025953050605705
2020-02-03 15:14:43,318 - MAIN.TRAIN - [DEBUG]  iteration: 57000 	 avg loss: 0.5477412591867017
2020-02-03 15:14:55,229 - MAIN.TRAIN - [DEBUG]  iteration: 58000 	 avg loss: 0.5481554631179274
2020-02-03 15:15:07,174 - MAIN.TRAIN - [DEBUG]  iteration: 59000 	 avg loss: 0.5894411183914431
2020-02-03 15:15:19,086 - MAIN.TRAIN - [DEBUG]  iteration: 60000 	 avg loss: 0.5599193950663232
2020-02-03 15:15:19,086 - MAIN.TRAIN - [DEBUG]  saving model at iteration 60000
2020-02-03 15:15:19,127 - MAIN.TRAIN - [DEBUG]  saved model 60000_of_500000_model_window15_03_02_2020_145048.h5 to output/experiments/models/chkpts
2020-02-03 15:17:28,293 - MAIN.TRAIN - [DEBUG]  iteration: 61000 	 avg loss: 0.5510992332990294
2020-02-03 15:17:38,711 - MAIN.TRAIN - [DEBUG]  iteration: 62000 	 avg loss: 0.5285477752266913
2020-02-03 15:17:48,779 - MAIN.TRAIN - [DEBUG]  iteration: 63000 	 avg loss: 0.5641473736547261
2020-02-03 15:18:00,549 - MAIN.TRAIN - [DEBUG]  iteration: 64000 	 avg loss: 0.5549124445971738
2020-02-03 15:18:12,390 - MAIN.TRAIN - [DEBUG]  iteration: 65000 	 avg loss: 0.5553893988826369
2020-02-03 15:18:23,822 - MAIN.TRAIN - [DEBUG]  iteration: 66000 	 avg loss: 0.5487766766472878
2020-02-03 15:18:36,022 - MAIN.TRAIN - [DEBUG]  iteration: 67000 	 avg loss: 0.6008555222572204
2020-02-03 15:18:47,641 - MAIN.TRAIN - [DEBUG]  iteration: 68000 	 avg loss: 0.5899175885131839
2020-02-03 15:18:59,644 - MAIN.TRAIN - [DEBUG]  iteration: 69000 	 avg loss: 0.5294233503229047
2020-02-03 15:19:12,230 - MAIN.TRAIN - [DEBUG]  iteration: 70000 	 avg loss: 0.5438744403777224
2020-02-03 15:19:12,230 - MAIN.TRAIN - [DEBUG]  saving model at iteration 70000
2020-02-03 15:19:12,275 - MAIN.TRAIN - [DEBUG]  saved model 70000_of_500000_model_window15_03_02_2020_145048.h5 to output/experiments/models/chkpts
2020-02-03 15:21:15,468 - MAIN.TRAIN - [DEBUG]  iteration: 71000 	 avg loss: 0.62739086959655
2020-02-03 15:21:26,676 - MAIN.TRAIN - [DEBUG]  iteration: 72000 	 avg loss: 0.5497061655220425
2020-02-03 15:21:38,582 - MAIN.TRAIN - [DEBUG]  iteration: 73000 	 avg loss: 0.5320576228356736
2020-02-03 15:21:50,328 - MAIN.TRAIN - [DEBUG]  iteration: 74000 	 avg loss: 0.6113140692147695
2020-02-03 15:22:02,000 - MAIN.TRAIN - [DEBUG]  iteration: 75000 	 avg loss: 0.5398528353428459
2020-02-03 15:22:13,922 - MAIN.TRAIN - [DEBUG]  iteration: 76000 	 avg loss: 0.5651528292909214
2020-02-03 15:22:25,642 - MAIN.TRAIN - [DEBUG]  iteration: 77000 	 avg loss: 0.6196444271542381
2020-02-03 15:22:38,121 - MAIN.TRAIN - [DEBUG]  iteration: 78000 	 avg loss: 0.6104210108327895
2020-02-03 15:22:50,037 - MAIN.TRAIN - [DEBUG]  iteration: 79000 	 avg loss: 0.5490440144873644
2020-02-03 15:23:01,504 - MAIN.TRAIN - [DEBUG]  iteration: 80000 	 avg loss: 0.6420976265213311
2020-02-03 15:23:01,504 - MAIN.TRAIN - [DEBUG]  saving model at iteration 80000
2020-02-03 15:23:01,547 - MAIN.TRAIN - [DEBUG]  saved model 80000_of_500000_model_window15_03_02_2020_145048.h5 to output/experiments/models/chkpts
2020-02-03 15:25:07,822 - MAIN.TRAIN - [DEBUG]  iteration: 81000 	 avg loss: 0.5828055073687881
2020-02-03 15:25:18,344 - MAIN.TRAIN - [DEBUG]  iteration: 82000 	 avg loss: 0.5932183399488183
2020-02-03 15:25:28,647 - MAIN.TRAIN - [DEBUG]  iteration: 83000 	 avg loss: 0.5856469602905586
2020-02-03 15:25:39,209 - MAIN.TRAIN - [DEBUG]  iteration: 84000 	 avg loss: 0.5754353361723327
2020-02-03 15:25:51,053 - MAIN.TRAIN - [DEBUG]  iteration: 85000 	 avg loss: 0.5370375671512949
2020-02-03 15:26:02,808 - MAIN.TRAIN - [DEBUG]  iteration: 86000 	 avg loss: 0.5420160580532454
2020-02-03 15:26:15,690 - MAIN.TRAIN - [DEBUG]  iteration: 87000 	 avg loss: 0.5863046681907742
2020-02-03 15:26:28,301 - MAIN.TRAIN - [DEBUG]  iteration: 88000 	 avg loss: 0.6659677265675975
2020-02-03 15:26:40,782 - MAIN.TRAIN - [DEBUG]  iteration: 89000 	 avg loss: 0.5809944712384058
2020-02-03 15:26:52,427 - MAIN.TRAIN - [DEBUG]  iteration: 90000 	 avg loss: 0.5453299364599572
2020-02-03 15:26:52,428 - MAIN.TRAIN - [DEBUG]  saving model at iteration 90000
2020-02-03 15:26:52,470 - MAIN.TRAIN - [DEBUG]  saved model 90000_of_500000_model_window15_03_02_2020_145048.h5 to output/experiments/models/chkpts
2020-02-03 15:28:56,123 - MAIN.TRAIN - [DEBUG]  iteration: 91000 	 avg loss: 0.6122943239947575
2020-02-03 15:29:06,890 - MAIN.TRAIN - [DEBUG]  iteration: 92000 	 avg loss: 0.6143208824528249
2020-02-03 15:29:17,088 - MAIN.TRAIN - [DEBUG]  iteration: 93000 	 avg loss: 0.6534596253733285
2020-02-03 15:29:27,436 - MAIN.TRAIN - [DEBUG]  iteration: 94000 	 avg loss: 0.6610550205764432
2020-02-03 15:29:38,558 - MAIN.TRAIN - [DEBUG]  iteration: 95000 	 avg loss: 0.5649423785444185
2020-02-03 15:29:50,333 - MAIN.TRAIN - [DEBUG]  iteration: 96000 	 avg loss: 0.5668538914050772
2020-02-03 15:30:02,022 - MAIN.TRAIN - [DEBUG]  iteration: 97000 	 avg loss: 0.6088931081909275
2020-02-03 15:30:13,693 - MAIN.TRAIN - [DEBUG]  iteration: 98000 	 avg loss: 0.7021298733818627
2020-02-03 15:30:25,138 - MAIN.TRAIN - [DEBUG]  iteration: 99000 	 avg loss: 0.6793958406634005
2020-02-03 15:30:37,375 - MAIN.TRAIN - [DEBUG]  iteration: 100000 	 avg loss: 0.5144118606291763
2020-02-03 15:30:37,375 - MAIN.TRAIN - [DEBUG]  saving model at iteration 100000
2020-02-03 15:30:37,416 - MAIN.TRAIN - [DEBUG]  saved model 100000_of_500000_model_window15_03_02_2020_145048.h5 to output/experiments/models/chkpts
2020-02-03 15:32:43,838 - MAIN.TRAIN - [DEBUG]  iteration: 101000 	 avg loss: 0.6065521271597673
2020-02-03 15:32:54,607 - MAIN.TRAIN - [DEBUG]  iteration: 102000 	 avg loss: 0.6745487589118884
2020-02-03 15:33:05,039 - MAIN.TRAIN - [DEBUG]  iteration: 103000 	 avg loss: 0.649555736601022
2020-02-03 15:33:16,098 - MAIN.TRAIN - [DEBUG]  iteration: 104000 	 avg loss: 0.6478034220205245
2020-02-03 15:33:27,853 - MAIN.TRAIN - [DEBUG]  iteration: 105000 	 avg loss: 0.6070614733155151
2020-02-03 15:33:40,735 - MAIN.TRAIN - [DEBUG]  iteration: 106000 	 avg loss: 0.6433293152897477
2020-02-03 15:33:52,375 - MAIN.TRAIN - [DEBUG]  iteration: 107000 	 avg loss: 0.6395124072005515
2020-02-03 15:34:04,206 - MAIN.TRAIN - [DEBUG]  iteration: 108000 	 avg loss: 0.7816006979484315
2020-02-03 15:34:16,216 - MAIN.TRAIN - [DEBUG]  iteration: 109000 	 avg loss: 0.7357109138198419
2020-02-03 15:34:27,855 - MAIN.TRAIN - [DEBUG]  iteration: 110000 	 avg loss: 0.6474648430547875
2020-02-03 15:34:27,855 - MAIN.TRAIN - [DEBUG]  saving model at iteration 110000
2020-02-03 15:34:27,896 - MAIN.TRAIN - [DEBUG]  saved model 110000_of_500000_model_window15_03_02_2020_145048.h5 to output/experiments/models/chkpts
2020-02-03 15:36:33,613 - MAIN.TRAIN - [DEBUG]  iteration: 111000 	 avg loss: 0.720588521816902
2020-02-03 15:36:44,019 - MAIN.TRAIN - [DEBUG]  iteration: 112000 	 avg loss: 0.5625902608870831
2020-02-03 15:36:54,598 - MAIN.TRAIN - [DEBUG]  iteration: 113000 	 avg loss: 0.5844719547968743
2020-02-03 15:37:04,924 - MAIN.TRAIN - [DEBUG]  iteration: 114000 	 avg loss: 0.6468896015630491
2020-02-03 15:37:15,315 - MAIN.TRAIN - [DEBUG]  iteration: 115000 	 avg loss: 0.67884695367519
2020-02-03 15:37:26,744 - MAIN.TRAIN - [DEBUG]  iteration: 116000 	 avg loss: 0.5905117285848701
2020-02-03 15:37:38,892 - MAIN.TRAIN - [DEBUG]  iteration: 117000 	 avg loss: 0.6793330900797583
2020-02-03 15:37:51,270 - MAIN.TRAIN - [DEBUG]  iteration: 118000 	 avg loss: 0.7521883151051237
2020-02-03 15:38:03,704 - MAIN.TRAIN - [DEBUG]  iteration: 119000 	 avg loss: 0.5406556922036585
2020-02-03 15:38:16,326 - MAIN.TRAIN - [DEBUG]  iteration: 120000 	 avg loss: 0.5672073166153743
2020-02-03 15:38:16,326 - MAIN.TRAIN - [DEBUG]  saving model at iteration 120000
2020-02-03 15:38:16,377 - MAIN.TRAIN - [DEBUG]  saved model 120000_of_500000_model_window15_03_02_2020_145048.h5 to output/experiments/models/chkpts
2020-02-03 15:40:21,911 - MAIN.TRAIN - [DEBUG]  iteration: 121000 	 avg loss: 0.6058696091707048
2020-02-03 15:40:33,302 - MAIN.TRAIN - [DEBUG]  iteration: 122000 	 avg loss: 0.5441325457803139
2020-02-03 15:40:44,550 - MAIN.TRAIN - [DEBUG]  iteration: 123000 	 avg loss: 0.654875284290189
2020-02-03 15:40:54,691 - MAIN.TRAIN - [DEBUG]  iteration: 124000 	 avg loss: 0.6825006574969424
2020-02-03 15:41:04,959 - MAIN.TRAIN - [DEBUG]  iteration: 125000 	 avg loss: 1.0122305236299272
2020-02-03 15:41:15,280 - MAIN.TRAIN - [DEBUG]  iteration: 126000 	 avg loss: 0.5560107184068452
2020-02-03 15:41:27,005 - MAIN.TRAIN - [DEBUG]  iteration: 127000 	 avg loss: 0.6493710462518433
2020-02-03 15:41:38,741 - MAIN.TRAIN - [DEBUG]  iteration: 128000 	 avg loss: 0.7656252157864619
2020-02-03 15:41:50,267 - MAIN.TRAIN - [DEBUG]  iteration: 129000 	 avg loss: 0.6128290018934318
2020-02-03 15:42:02,135 - MAIN.TRAIN - [DEBUG]  iteration: 130000 	 avg loss: 0.6672821631050047
2020-02-03 15:42:02,135 - MAIN.TRAIN - [DEBUG]  saving model at iteration 130000
2020-02-03 15:42:02,179 - MAIN.TRAIN - [DEBUG]  saved model 130000_of_500000_model_window15_03_02_2020_145048.h5 to output/experiments/models/chkpts
2020-02-03 15:44:08,996 - MAIN.TRAIN - [DEBUG]  iteration: 131000 	 avg loss: 0.6736505927999961
2020-02-03 15:44:19,119 - MAIN.TRAIN - [DEBUG]  iteration: 132000 	 avg loss: 0.7740367852426572
2020-02-03 15:44:29,616 - MAIN.TRAIN - [DEBUG]  iteration: 133000 	 avg loss: 0.6511282634674017
2020-02-03 15:44:40,486 - MAIN.TRAIN - [DEBUG]  iteration: 134000 	 avg loss: 0.7584434401117777
2020-02-03 15:44:50,949 - MAIN.TRAIN - [DEBUG]  iteration: 135000 	 avg loss: 0.6714361905469415
2020-02-03 15:45:01,888 - MAIN.TRAIN - [DEBUG]  iteration: 136000 	 avg loss: 0.6140116622664219
2020-02-03 15:45:14,616 - MAIN.TRAIN - [DEBUG]  iteration: 137000 	 avg loss: 0.5913414861172819
2020-02-03 15:45:28,043 - MAIN.TRAIN - [DEBUG]  iteration: 138000 	 avg loss: 0.6134756988339609
2020-02-03 15:45:40,475 - MAIN.TRAIN - [DEBUG]  iteration: 139000 	 avg loss: 0.6029313653726494
2020-02-03 15:45:52,263 - MAIN.TRAIN - [DEBUG]  iteration: 140000 	 avg loss: 0.5701649598601667
2020-02-03 15:45:52,264 - MAIN.TRAIN - [DEBUG]  saving model at iteration 140000
2020-02-03 15:45:52,308 - MAIN.TRAIN - [DEBUG]  saved model 140000_of_500000_model_window15_03_02_2020_145048.h5 to output/experiments/models/chkpts
2020-02-03 15:48:00,006 - MAIN.TRAIN - [DEBUG]  iteration: 141000 	 avg loss: 0.707545600486289
2020-02-03 15:48:11,296 - MAIN.TRAIN - [DEBUG]  iteration: 142000 	 avg loss: 0.6450346355727491
2020-02-03 15:48:22,308 - MAIN.TRAIN - [DEBUG]  iteration: 143000 	 avg loss: 0.7152204491511773
2020-02-03 15:48:32,614 - MAIN.TRAIN - [DEBUG]  iteration: 144000 	 avg loss: 0.6578506754103157
2020-02-03 15:48:43,265 - MAIN.TRAIN - [DEBUG]  iteration: 145000 	 avg loss: 0.6979067654720549
2020-02-03 15:48:53,813 - MAIN.TRAIN - [DEBUG]  iteration: 146000 	 avg loss: 0.686216418869176
2020-02-03 15:49:04,366 - MAIN.TRAIN - [DEBUG]  iteration: 147000 	 avg loss: 0.6222384816688676
2020-02-03 15:49:15,931 - MAIN.TRAIN - [DEBUG]  iteration: 148000 	 avg loss: 0.5863401658009885
2020-02-03 15:49:28,324 - MAIN.TRAIN - [DEBUG]  iteration: 149000 	 avg loss: 0.49896023012069957
2020-02-03 15:49:40,503 - MAIN.TRAIN - [DEBUG]  iteration: 150000 	 avg loss: 0.7565548600836904
2020-02-03 15:49:40,503 - MAIN.TRAIN - [DEBUG]  saving model at iteration 150000
2020-02-03 15:49:40,548 - MAIN.TRAIN - [DEBUG]  saved model 150000_of_500000_model_window15_03_02_2020_145048.h5 to output/experiments/models/chkpts
2020-02-03 15:51:48,630 - MAIN.TRAIN - [DEBUG]  iteration: 151000 	 avg loss: 0.669102528204467
2020-02-03 15:51:59,358 - MAIN.TRAIN - [DEBUG]  iteration: 152000 	 avg loss: 0.5634236132337633
2020-02-03 15:52:10,691 - MAIN.TRAIN - [DEBUG]  iteration: 153000 	 avg loss: 0.5969496945331799
2020-02-03 15:52:22,343 - MAIN.TRAIN - [DEBUG]  iteration: 154000 	 avg loss: 0.6207519627508178
2020-02-03 15:52:33,965 - MAIN.TRAIN - [DEBUG]  iteration: 155000 	 avg loss: 0.6162765156685599
2020-02-03 15:52:44,514 - MAIN.TRAIN - [DEBUG]  iteration: 156000 	 avg loss: 0.6362115729987333
2020-02-03 15:52:55,404 - MAIN.TRAIN - [DEBUG]  iteration: 157000 	 avg loss: 0.5602185311619321
2020-02-03 15:53:07,137 - MAIN.TRAIN - [DEBUG]  iteration: 158000 	 avg loss: 0.6068281194804218
2020-02-03 15:53:19,711 - MAIN.TRAIN - [DEBUG]  iteration: 159000 	 avg loss: 0.7371942073634605
2020-02-03 15:53:32,523 - MAIN.TRAIN - [DEBUG]  iteration: 160000 	 avg loss: 0.582620215428594
2020-02-03 15:53:32,524 - MAIN.TRAIN - [DEBUG]  saving model at iteration 160000
2020-02-03 15:53:32,566 - MAIN.TRAIN - [DEBUG]  saved model 160000_of_500000_model_window15_03_02_2020_145048.h5 to output/experiments/models/chkpts
2020-02-03 15:55:39,952 - MAIN.TRAIN - [DEBUG]  iteration: 161000 	 avg loss: 0.5577843951577149
2020-02-03 15:55:50,116 - MAIN.TRAIN - [DEBUG]  iteration: 162000 	 avg loss: 0.5778834369939013
2020-02-03 15:56:00,959 - MAIN.TRAIN - [DEBUG]  iteration: 163000 	 avg loss: 0.6762977009698892
2020-02-03 15:56:11,343 - MAIN.TRAIN - [DEBUG]  iteration: 164000 	 avg loss: 0.6386995906968082
2020-02-03 15:56:21,954 - MAIN.TRAIN - [DEBUG]  iteration: 165000 	 avg loss: 0.6485287536156451
2020-02-03 15:56:32,780 - MAIN.TRAIN - [DEBUG]  iteration: 166000 	 avg loss: 0.6505132657493771
2020-02-03 15:56:43,494 - MAIN.TRAIN - [DEBUG]  iteration: 167000 	 avg loss: 0.5935832267778561
2020-02-03 15:56:55,094 - MAIN.TRAIN - [DEBUG]  iteration: 168000 	 avg loss: 0.5568321551064281
2020-02-03 15:57:08,011 - MAIN.TRAIN - [DEBUG]  iteration: 169000 	 avg loss: 0.584727374399894
2020-02-03 15:57:20,402 - MAIN.TRAIN - [DEBUG]  iteration: 170000 	 avg loss: 0.6099337737237006
2020-02-03 15:57:20,403 - MAIN.TRAIN - [DEBUG]  saving model at iteration 170000
2020-02-03 15:57:20,440 - MAIN.TRAIN - [DEBUG]  saved model 170000_of_500000_model_window15_03_02_2020_145048.h5 to output/experiments/models/chkpts
2020-02-03 15:59:29,798 - MAIN.TRAIN - [DEBUG]  iteration: 171000 	 avg loss: 0.6490165817212902
2020-02-03 15:59:41,503 - MAIN.TRAIN - [DEBUG]  iteration: 172000 	 avg loss: 0.6430682785008711
2020-02-03 15:59:52,254 - MAIN.TRAIN - [DEBUG]  iteration: 173000 	 avg loss: 0.5753032855839985
2020-02-03 16:00:02,955 - MAIN.TRAIN - [DEBUG]  iteration: 174000 	 avg loss: 0.5914109282324335
2020-02-03 16:00:13,579 - MAIN.TRAIN - [DEBUG]  iteration: 175000 	 avg loss: 0.598507997984561
2020-02-03 16:00:24,238 - MAIN.TRAIN - [DEBUG]  iteration: 176000 	 avg loss: 0.5919468367241248
2020-02-03 16:00:34,951 - MAIN.TRAIN - [DEBUG]  iteration: 177000 	 avg loss: 0.5848058692067367
2020-02-03 16:00:45,213 - MAIN.TRAIN - [DEBUG]  iteration: 178000 	 avg loss: 0.6679491854781258
2020-02-03 16:00:57,349 - MAIN.TRAIN - [DEBUG]  iteration: 179000 	 avg loss: 0.6638673199260416
2020-02-03 16:01:09,975 - MAIN.TRAIN - [DEBUG]  iteration: 180000 	 avg loss: 0.5579932807671596
2020-02-03 16:01:09,975 - MAIN.TRAIN - [DEBUG]  saving model at iteration 180000
2020-02-03 16:01:10,013 - MAIN.TRAIN - [DEBUG]  saved model 180000_of_500000_model_window15_03_02_2020_145048.h5 to output/experiments/models/chkpts
2020-02-03 16:03:18,795 - MAIN.TRAIN - [DEBUG]  iteration: 181000 	 avg loss: 0.557757350019265
2020-02-03 16:03:29,049 - MAIN.TRAIN - [DEBUG]  iteration: 182000 	 avg loss: 0.5559258730524593
2020-02-03 16:03:39,728 - MAIN.TRAIN - [DEBUG]  iteration: 183000 	 avg loss: 0.6203753739948265
2020-02-03 16:03:50,918 - MAIN.TRAIN - [DEBUG]  iteration: 184000 	 avg loss: 0.5864990722647743
2020-02-03 16:04:01,564 - MAIN.TRAIN - [DEBUG]  iteration: 185000 	 avg loss: 0.6421779939167822
2020-02-03 16:04:12,770 - MAIN.TRAIN - [DEBUG]  iteration: 186000 	 avg loss: 0.5923577759295375
2020-02-03 16:04:23,785 - MAIN.TRAIN - [DEBUG]  iteration: 187000 	 avg loss: 0.5948369683867427
2020-02-03 16:04:34,924 - MAIN.TRAIN - [DEBUG]  iteration: 188000 	 avg loss: 0.6041266146936047
2020-02-03 16:04:46,030 - MAIN.TRAIN - [DEBUG]  iteration: 189000 	 avg loss: 0.6258285667560061
2020-02-03 16:04:57,561 - MAIN.TRAIN - [DEBUG]  iteration: 190000 	 avg loss: 0.5136930776242665
2020-02-03 16:04:57,561 - MAIN.TRAIN - [DEBUG]  saving model at iteration 190000
2020-02-03 16:04:57,603 - MAIN.TRAIN - [DEBUG]  saved model 190000_of_500000_model_window15_03_02_2020_145048.h5 to output/experiments/models/chkpts
2020-02-03 16:07:07,000 - MAIN.TRAIN - [DEBUG]  iteration: 191000 	 avg loss: 0.5718014005534352
2020-02-03 16:07:17,549 - MAIN.TRAIN - [DEBUG]  iteration: 192000 	 avg loss: 0.6294035255793079
2020-02-03 16:07:27,626 - MAIN.TRAIN - [DEBUG]  iteration: 193000 	 avg loss: 0.5912200012505004
2020-02-03 16:07:38,035 - MAIN.TRAIN - [DEBUG]  iteration: 194000 	 avg loss: 0.6807683923563774
2020-02-03 16:07:48,590 - MAIN.TRAIN - [DEBUG]  iteration: 195000 	 avg loss: 0.5214349688227992
2020-02-03 16:07:59,208 - MAIN.TRAIN - [DEBUG]  iteration: 196000 	 avg loss: 0.5696483476258798
2020-02-03 16:08:09,694 - MAIN.TRAIN - [DEBUG]  iteration: 197000 	 avg loss: 0.6069784278829773
2020-02-03 16:08:20,310 - MAIN.TRAIN - [DEBUG]  iteration: 198000 	 avg loss: 0.6153634780614609
2020-02-03 16:08:31,001 - MAIN.TRAIN - [DEBUG]  iteration: 199000 	 avg loss: 0.5810237371892106
2020-02-03 16:08:42,934 - MAIN.TRAIN - [DEBUG]  iteration: 200000 	 avg loss: 0.6158860969407145
2020-02-03 16:08:42,934 - MAIN.TRAIN - [DEBUG]  saving model at iteration 200000
2020-02-03 16:08:42,975 - MAIN.TRAIN - [DEBUG]  saved model 200000_of_500000_model_window15_03_02_2020_145048.h5 to output/experiments/models/chkpts
2020-02-03 16:10:53,051 - MAIN.TRAIN - [DEBUG]  iteration: 201000 	 avg loss: 0.5954503178595073
2020-02-03 16:11:03,137 - MAIN.TRAIN - [DEBUG]  iteration: 202000 	 avg loss: 0.5457408868284906
2020-02-03 16:11:13,504 - MAIN.TRAIN - [DEBUG]  iteration: 203000 	 avg loss: 0.6332311501424607
2020-02-03 16:11:24,473 - MAIN.TRAIN - [DEBUG]  iteration: 204000 	 avg loss: 0.5813718156535642
2020-02-03 16:11:36,002 - MAIN.TRAIN - [DEBUG]  iteration: 205000 	 avg loss: 0.5305113318934892
2020-02-03 16:11:46,397 - MAIN.TRAIN - [DEBUG]  iteration: 206000 	 avg loss: 0.5886152306252969
2020-02-03 16:11:56,640 - MAIN.TRAIN - [DEBUG]  iteration: 207000 	 avg loss: 0.5163184326821154
2020-02-03 16:12:06,990 - MAIN.TRAIN - [DEBUG]  iteration: 208000 	 avg loss: 0.5070675559356783
2020-02-03 16:12:17,657 - MAIN.TRAIN - [DEBUG]  iteration: 209000 	 avg loss: 0.6406295576248705
2020-02-03 16:12:28,682 - MAIN.TRAIN - [DEBUG]  iteration: 210000 	 avg loss: 0.5356086395962572
2020-02-03 16:12:28,682 - MAIN.TRAIN - [DEBUG]  saving model at iteration 210000
2020-02-03 16:12:28,724 - MAIN.TRAIN - [DEBUG]  saved model 210000_of_500000_model_window15_03_02_2020_145048.h5 to output/experiments/models/chkpts
2020-02-03 16:14:39,807 - MAIN.TRAIN - [DEBUG]  iteration: 211000 	 avg loss: 0.5838828871086242
2020-02-03 16:14:49,882 - MAIN.TRAIN - [DEBUG]  iteration: 212000 	 avg loss: 0.5924485573681325
2020-02-03 16:15:00,556 - MAIN.TRAIN - [DEBUG]  iteration: 213000 	 avg loss: 0.5393024325383738
2020-02-03 16:15:11,393 - MAIN.TRAIN - [DEBUG]  iteration: 214000 	 avg loss: 0.5526418764037455
2020-02-03 16:15:21,458 - MAIN.TRAIN - [DEBUG]  iteration: 215000 	 avg loss: 0.5439061729620464
2020-02-03 16:15:31,570 - MAIN.TRAIN - [DEBUG]  iteration: 216000 	 avg loss: 0.627656471148547
2020-02-03 16:15:41,897 - MAIN.TRAIN - [DEBUG]  iteration: 217000 	 avg loss: 0.5532579491631678
2020-02-03 16:15:51,930 - MAIN.TRAIN - [DEBUG]  iteration: 218000 	 avg loss: 0.5313543793738635
2020-02-03 16:16:02,610 - MAIN.TRAIN - [DEBUG]  iteration: 219000 	 avg loss: 0.5646130890978509
2020-02-03 16:16:13,457 - MAIN.TRAIN - [DEBUG]  iteration: 220000 	 avg loss: 0.660413365343436
2020-02-03 16:16:13,457 - MAIN.TRAIN - [DEBUG]  saving model at iteration 220000
2020-02-03 16:16:13,499 - MAIN.TRAIN - [DEBUG]  saved model 220000_of_500000_model_window15_03_02_2020_145048.h5 to output/experiments/models/chkpts
2020-02-03 16:18:23,546 - MAIN.TRAIN - [DEBUG]  iteration: 221000 	 avg loss: 0.5891823886328119
2020-02-03 16:18:34,761 - MAIN.TRAIN - [DEBUG]  iteration: 222000 	 avg loss: 0.6368741098965869
2020-02-03 16:18:45,784 - MAIN.TRAIN - [DEBUG]  iteration: 223000 	 avg loss: 0.5677291934208812
2020-02-03 16:18:56,381 - MAIN.TRAIN - [DEBUG]  iteration: 224000 	 avg loss: 0.5285469397865106
2020-02-03 16:19:07,096 - MAIN.TRAIN - [DEBUG]  iteration: 225000 	 avg loss: 0.582873692323304
2020-02-03 16:19:17,575 - MAIN.TRAIN - [DEBUG]  iteration: 226000 	 avg loss: 0.5134366469000152
2020-02-03 16:19:28,644 - MAIN.TRAIN - [DEBUG]  iteration: 227000 	 avg loss: 0.6241071736393367
2020-02-03 16:19:38,839 - MAIN.TRAIN - [DEBUG]  iteration: 228000 	 avg loss: 0.6748698895971537
2020-02-03 16:19:48,917 - MAIN.TRAIN - [DEBUG]  iteration: 229000 	 avg loss: 0.5896940460197994
2020-02-03 16:19:59,191 - MAIN.TRAIN - [DEBUG]  iteration: 230000 	 avg loss: 0.5443068341160114
2020-02-03 16:19:59,192 - MAIN.TRAIN - [DEBUG]  saving model at iteration 230000
2020-02-03 16:19:59,230 - MAIN.TRAIN - [DEBUG]  saved model 230000_of_500000_model_window15_03_02_2020_145048.h5 to output/experiments/models/chkpts
2020-02-03 16:22:09,347 - MAIN.TRAIN - [DEBUG]  iteration: 231000 	 avg loss: 0.5008468330405687
2020-02-03 16:22:19,563 - MAIN.TRAIN - [DEBUG]  iteration: 232000 	 avg loss: 0.5826863784275929
2020-02-03 16:22:29,867 - MAIN.TRAIN - [DEBUG]  iteration: 233000 	 avg loss: 0.6488618010790982
2020-02-03 16:22:40,299 - MAIN.TRAIN - [DEBUG]  iteration: 234000 	 avg loss: 0.5943918616718538
2020-02-03 16:22:50,816 - MAIN.TRAIN - [DEBUG]  iteration: 235000 	 avg loss: 0.6158057115149471
2020-02-03 16:23:00,885 - MAIN.TRAIN - [DEBUG]  iteration: 236000 	 avg loss: 0.642044312269067
2020-02-03 16:23:11,671 - MAIN.TRAIN - [DEBUG]  iteration: 237000 	 avg loss: 0.5429225159769863
2020-02-03 16:23:23,024 - MAIN.TRAIN - [DEBUG]  iteration: 238000 	 avg loss: 0.48923196367838
2020-02-03 16:23:33,798 - MAIN.TRAIN - [DEBUG]  iteration: 239000 	 avg loss: 0.6103779985504096
2020-02-03 16:23:43,929 - MAIN.TRAIN - [DEBUG]  iteration: 240000 	 avg loss: 0.5082906697344164
2020-02-03 16:23:43,930 - MAIN.TRAIN - [DEBUG]  saving model at iteration 240000
2020-02-03 16:23:43,966 - MAIN.TRAIN - [DEBUG]  saved model 240000_of_500000_model_window15_03_02_2020_145048.h5 to output/experiments/models/chkpts
2020-02-03 16:25:54,288 - MAIN.TRAIN - [DEBUG]  iteration: 241000 	 avg loss: 0.5912785519377979
2020-02-03 16:26:04,628 - MAIN.TRAIN - [DEBUG]  iteration: 242000 	 avg loss: 0.6151744523724625
2020-02-03 16:26:14,948 - MAIN.TRAIN - [DEBUG]  iteration: 243000 	 avg loss: 0.5789448658129445
2020-02-03 16:26:24,774 - MAIN.TRAIN - [DEBUG]  iteration: 244000 	 avg loss: 0.5540982266050624
2020-02-03 16:26:35,063 - MAIN.TRAIN - [DEBUG]  iteration: 245000 	 avg loss: 0.6926403370948533
2020-02-03 16:26:45,268 - MAIN.TRAIN - [DEBUG]  iteration: 246000 	 avg loss: 0.527448895980407
2020-02-03 16:26:55,923 - MAIN.TRAIN - [DEBUG]  iteration: 247000 	 avg loss: 0.5979289337294098
2020-02-03 16:27:06,137 - MAIN.TRAIN - [DEBUG]  iteration: 248000 	 avg loss: 0.5221166984066014
2020-02-03 16:27:16,495 - MAIN.TRAIN - [DEBUG]  iteration: 249000 	 avg loss: 0.5376985889853542
2020-02-03 16:27:26,348 - MAIN.TRAIN - [DEBUG]  iteration: 250000 	 avg loss: 0.5352339832545835
2020-02-03 16:27:26,348 - MAIN.TRAIN - [DEBUG]  saving model at iteration 250000
2020-02-03 16:27:26,388 - MAIN.TRAIN - [DEBUG]  saved model 250000_of_500000_model_window15_03_02_2020_145048.h5 to output/experiments/models/chkpts
2020-02-03 16:29:35,440 - MAIN.TRAIN - [DEBUG]  iteration: 251000 	 avg loss: 0.6438122567885077
2020-02-03 16:29:46,264 - MAIN.TRAIN - [DEBUG]  iteration: 252000 	 avg loss: 0.5319098208124803
2020-02-03 16:29:56,260 - MAIN.TRAIN - [DEBUG]  iteration: 253000 	 avg loss: 0.568024513097544
2020-02-03 16:30:06,221 - MAIN.TRAIN - [DEBUG]  iteration: 254000 	 avg loss: 0.568049603559313
2020-02-03 16:30:16,307 - MAIN.TRAIN - [DEBUG]  iteration: 255000 	 avg loss: 0.5596283556846382
2020-02-03 16:30:26,874 - MAIN.TRAIN - [DEBUG]  iteration: 256000 	 avg loss: 0.6141505280119904
2020-02-03 16:30:37,752 - MAIN.TRAIN - [DEBUG]  iteration: 257000 	 avg loss: 0.5357290633401606
2020-02-03 16:30:48,030 - MAIN.TRAIN - [DEBUG]  iteration: 258000 	 avg loss: 0.5491154271756361
2020-02-03 16:30:58,447 - MAIN.TRAIN - [DEBUG]  iteration: 259000 	 avg loss: 0.5325638001359784
2020-02-03 16:31:08,931 - MAIN.TRAIN - [DEBUG]  iteration: 260000 	 avg loss: 0.5639344326241514
2020-02-03 16:31:08,931 - MAIN.TRAIN - [DEBUG]  saving model at iteration 260000
2020-02-03 16:31:08,971 - MAIN.TRAIN - [DEBUG]  saved model 260000_of_500000_model_window15_03_02_2020_145048.h5 to output/experiments/models/chkpts
2020-02-03 16:33:17,853 - MAIN.TRAIN - [DEBUG]  iteration: 261000 	 avg loss: 0.593675379038041
2020-02-03 16:33:29,221 - MAIN.TRAIN - [DEBUG]  iteration: 262000 	 avg loss: 0.5776330036777427
2020-02-03 16:33:40,425 - MAIN.TRAIN - [DEBUG]  iteration: 263000 	 avg loss: 0.6085640703770622
2020-02-03 16:33:50,829 - MAIN.TRAIN - [DEBUG]  iteration: 264000 	 avg loss: 0.5434359414353618
2020-02-03 16:34:01,077 - MAIN.TRAIN - [DEBUG]  iteration: 265000 	 avg loss: 0.5260979844769818
2020-02-03 16:34:11,321 - MAIN.TRAIN - [DEBUG]  iteration: 266000 	 avg loss: 0.6716573219615951
2020-02-03 16:34:21,756 - MAIN.TRAIN - [DEBUG]  iteration: 267000 	 avg loss: 0.5930485378964592
2020-02-03 16:34:32,137 - MAIN.TRAIN - [DEBUG]  iteration: 268000 	 avg loss: 0.5772036572228025
2020-02-03 16:34:42,248 - MAIN.TRAIN - [DEBUG]  iteration: 269000 	 avg loss: 0.5116306622469485
2020-02-03 16:34:53,363 - MAIN.TRAIN - [DEBUG]  iteration: 270000 	 avg loss: 0.5899521732470857
2020-02-03 16:34:53,363 - MAIN.TRAIN - [DEBUG]  saving model at iteration 270000
2020-02-03 16:34:53,407 - MAIN.TRAIN - [DEBUG]  saved model 270000_of_500000_model_window15_03_02_2020_145048.h5 to output/experiments/models/chkpts
2020-02-03 16:37:05,250 - MAIN.TRAIN - [DEBUG]  iteration: 271000 	 avg loss: 0.5594936590794615
2020-02-03 16:37:17,340 - MAIN.TRAIN - [DEBUG]  iteration: 272000 	 avg loss: 0.4999716296732962
2020-02-03 16:37:28,685 - MAIN.TRAIN - [DEBUG]  iteration: 273000 	 avg loss: 0.5409708338898636
2020-02-03 16:37:39,656 - MAIN.TRAIN - [DEBUG]  iteration: 274000 	 avg loss: 0.5960974931507691
2020-02-03 16:37:50,575 - MAIN.TRAIN - [DEBUG]  iteration: 275000 	 avg loss: 0.6385087343626639
2020-02-03 16:38:00,920 - MAIN.TRAIN - [DEBUG]  iteration: 276000 	 avg loss: 0.5473970739008412
2020-02-03 16:38:11,532 - MAIN.TRAIN - [DEBUG]  iteration: 277000 	 avg loss: 0.540742629716554
2020-02-03 16:38:21,930 - MAIN.TRAIN - [DEBUG]  iteration: 278000 	 avg loss: 0.5700140495875781
2020-02-03 16:38:31,936 - MAIN.TRAIN - [DEBUG]  iteration: 279000 	 avg loss: 0.5609256878194582
2020-02-03 16:38:42,335 - MAIN.TRAIN - [DEBUG]  iteration: 280000 	 avg loss: 0.59964942252103
2020-02-03 16:38:42,336 - MAIN.TRAIN - [DEBUG]  saving model at iteration 280000
2020-02-03 16:38:42,374 - MAIN.TRAIN - [DEBUG]  saved model 280000_of_500000_model_window15_03_02_2020_145048.h5 to output/experiments/models/chkpts
2020-02-03 16:40:50,912 - MAIN.TRAIN - [DEBUG]  iteration: 281000 	 avg loss: 0.5090790769956278
2020-02-03 16:41:02,675 - MAIN.TRAIN - [DEBUG]  iteration: 282000 	 avg loss: 0.5567221051025834
2020-02-03 16:41:14,348 - MAIN.TRAIN - [DEBUG]  iteration: 283000 	 avg loss: 0.5880238939039819
2020-02-03 16:41:24,774 - MAIN.TRAIN - [DEBUG]  iteration: 284000 	 avg loss: 0.5409602993544255
2020-02-03 16:41:35,401 - MAIN.TRAIN - [DEBUG]  iteration: 285000 	 avg loss: 0.5774596233179994
2020-02-03 16:41:45,783 - MAIN.TRAIN - [DEBUG]  iteration: 286000 	 avg loss: 0.5426666164555516
2020-02-03 16:41:55,819 - MAIN.TRAIN - [DEBUG]  iteration: 287000 	 avg loss: 0.6206203670037826
2020-02-03 16:42:06,467 - MAIN.TRAIN - [DEBUG]  iteration: 288000 	 avg loss: 0.5648068898619819
2020-02-03 16:42:17,942 - MAIN.TRAIN - [DEBUG]  iteration: 289000 	 avg loss: 0.5320142072991916
2020-02-03 16:42:29,117 - MAIN.TRAIN - [DEBUG]  iteration: 290000 	 avg loss: 0.582378975536212
2020-02-03 16:42:29,117 - MAIN.TRAIN - [DEBUG]  saving model at iteration 290000
2020-02-03 16:42:29,160 - MAIN.TRAIN - [DEBUG]  saved model 290000_of_500000_model_window15_03_02_2020_145048.h5 to output/experiments/models/chkpts
2020-02-03 16:44:35,964 - MAIN.TRAIN - [DEBUG]  iteration: 291000 	 avg loss: 0.5386925044225186
2020-02-03 16:44:48,757 - MAIN.TRAIN - [DEBUG]  iteration: 292000 	 avg loss: 0.515069490245365
2020-02-03 16:45:01,584 - MAIN.TRAIN - [DEBUG]  iteration: 293000 	 avg loss: 0.5769804487864746
2020-02-03 16:45:13,005 - MAIN.TRAIN - [DEBUG]  iteration: 294000 	 avg loss: 0.5505593568226227
2020-02-03 16:45:24,190 - MAIN.TRAIN - [DEBUG]  iteration: 295000 	 avg loss: 0.49659829549666684
2020-02-03 16:45:34,392 - MAIN.TRAIN - [DEBUG]  iteration: 296000 	 avg loss: 0.5020954900439013
2020-02-03 16:45:44,660 - MAIN.TRAIN - [DEBUG]  iteration: 297000 	 avg loss: 0.5905195795571091
2020-02-03 16:45:54,903 - MAIN.TRAIN - [DEBUG]  iteration: 298000 	 avg loss: 0.5294606829409326
2020-02-03 16:46:05,305 - MAIN.TRAIN - [DEBUG]  iteration: 299000 	 avg loss: 0.6877737884545363
2020-02-03 16:46:15,681 - MAIN.TRAIN - [DEBUG]  iteration: 300000 	 avg loss: 0.5225147370831233
2020-02-03 16:46:15,681 - MAIN.TRAIN - [DEBUG]  saving model at iteration 300000
2020-02-03 16:46:15,719 - MAIN.TRAIN - [DEBUG]  saved model 300000_of_500000_model_window15_03_02_2020_145048.h5 to output/experiments/models/chkpts
2020-02-03 16:48:23,497 - MAIN.TRAIN - [DEBUG]  iteration: 301000 	 avg loss: 0.5661072740053307
2020-02-03 16:48:35,431 - MAIN.TRAIN - [DEBUG]  iteration: 302000 	 avg loss: 0.5026275646894584
2020-02-03 16:48:47,485 - MAIN.TRAIN - [DEBUG]  iteration: 303000 	 avg loss: 0.5623542235067406
2020-02-03 16:48:59,152 - MAIN.TRAIN - [DEBUG]  iteration: 304000 	 avg loss: 0.5178120095644461
2020-02-03 16:49:10,331 - MAIN.TRAIN - [DEBUG]  iteration: 305000 	 avg loss: 0.5558225960271027
2020-02-03 16:49:20,692 - MAIN.TRAIN - [DEBUG]  iteration: 306000 	 avg loss: 0.47476430675256226
2020-02-03 16:49:32,117 - MAIN.TRAIN - [DEBUG]  iteration: 307000 	 avg loss: 0.6052516176744211
2020-02-03 16:49:43,676 - MAIN.TRAIN - [DEBUG]  iteration: 308000 	 avg loss: 0.6425894947242792
2020-02-03 16:49:54,488 - MAIN.TRAIN - [DEBUG]  iteration: 309000 	 avg loss: 0.5918683796234099
2020-02-03 16:50:04,983 - MAIN.TRAIN - [DEBUG]  iteration: 310000 	 avg loss: 0.6052211861851667
2020-02-03 16:50:04,983 - MAIN.TRAIN - [DEBUG]  saving model at iteration 310000
2020-02-03 16:50:05,022 - MAIN.TRAIN - [DEBUG]  saved model 310000_of_500000_model_window15_03_02_2020_145048.h5 to output/experiments/models/chkpts
2020-02-03 16:52:07,697 - MAIN.TRAIN - [DEBUG]  iteration: 311000 	 avg loss: 0.5464216258603305
2020-02-03 16:52:19,485 - MAIN.TRAIN - [DEBUG]  iteration: 312000 	 avg loss: 0.5659874510759597
2020-02-03 16:52:31,507 - MAIN.TRAIN - [DEBUG]  iteration: 313000 	 avg loss: 0.5109286862033156
2020-02-03 16:52:43,531 - MAIN.TRAIN - [DEBUG]  iteration: 314000 	 avg loss: 0.5448863589034956
2020-02-03 16:52:55,419 - MAIN.TRAIN - [DEBUG]  iteration: 315000 	 avg loss: 0.6083022934882205
2020-02-03 16:53:06,481 - MAIN.TRAIN - [DEBUG]  iteration: 316000 	 avg loss: 0.57808152336684
2020-02-03 16:53:16,995 - MAIN.TRAIN - [DEBUG]  iteration: 317000 	 avg loss: 0.6310176098588572
2020-02-03 16:53:27,549 - MAIN.TRAIN - [DEBUG]  iteration: 318000 	 avg loss: 0.5167782610249767
2020-02-03 16:53:37,833 - MAIN.TRAIN - [DEBUG]  iteration: 319000 	 avg loss: 0.5390982794939702
2020-02-03 16:53:48,348 - MAIN.TRAIN - [DEBUG]  iteration: 320000 	 avg loss: 0.7062143456385743
2020-02-03 16:53:48,349 - MAIN.TRAIN - [DEBUG]  saving model at iteration 320000
2020-02-03 16:53:48,388 - MAIN.TRAIN - [DEBUG]  saved model 320000_of_500000_model_window15_03_02_2020_145048.h5 to output/experiments/models/chkpts
2020-02-03 16:55:53,328 - MAIN.TRAIN - [DEBUG]  iteration: 321000 	 avg loss: 0.5820960987016288
2020-02-03 16:56:05,240 - MAIN.TRAIN - [DEBUG]  iteration: 322000 	 avg loss: 0.5697848872988022
2020-02-03 16:56:16,720 - MAIN.TRAIN - [DEBUG]  iteration: 323000 	 avg loss: 0.6393813896787879
2020-02-03 16:56:28,453 - MAIN.TRAIN - [DEBUG]  iteration: 324000 	 avg loss: 0.552787925580352
2020-02-03 16:56:40,326 - MAIN.TRAIN - [DEBUG]  iteration: 325000 	 avg loss: 0.6055532079519239
2020-02-03 16:56:51,904 - MAIN.TRAIN - [DEBUG]  iteration: 326000 	 avg loss: 0.6209123578162471
2020-02-03 16:57:02,213 - MAIN.TRAIN - [DEBUG]  iteration: 327000 	 avg loss: 0.5063406140991054
2020-02-03 16:57:12,556 - MAIN.TRAIN - [DEBUG]  iteration: 328000 	 avg loss: 0.56975244459357
2020-02-03 16:57:22,568 - MAIN.TRAIN - [DEBUG]  iteration: 329000 	 avg loss: 0.5638458624166699
2020-02-03 16:57:33,188 - MAIN.TRAIN - [DEBUG]  iteration: 330000 	 avg loss: 0.5635843578152137
2020-02-03 16:57:33,188 - MAIN.TRAIN - [DEBUG]  saving model at iteration 330000
2020-02-03 16:57:33,226 - MAIN.TRAIN - [DEBUG]  saved model 330000_of_500000_model_window15_03_02_2020_145048.h5 to output/experiments/models/chkpts
2020-02-03 16:59:31,059 - MAIN.TRAIN - [DEBUG]  iteration: 331000 	 avg loss: 0.5403185642640503
2020-02-03 16:59:42,841 - MAIN.TRAIN - [DEBUG]  iteration: 332000 	 avg loss: 0.5429163697403585
2020-02-03 16:59:54,353 - MAIN.TRAIN - [DEBUG]  iteration: 333000 	 avg loss: 0.49956480726204355
2020-02-03 17:00:05,778 - MAIN.TRAIN - [DEBUG]  iteration: 334000 	 avg loss: 0.6326895743308671
2020-02-03 17:00:17,574 - MAIN.TRAIN - [DEBUG]  iteration: 335000 	 avg loss: 0.5458645165745521
2020-02-03 17:00:29,639 - MAIN.TRAIN - [DEBUG]  iteration: 336000 	 avg loss: 0.6499473495895335
2020-02-03 17:00:40,848 - MAIN.TRAIN - [DEBUG]  iteration: 337000 	 avg loss: 0.6029174722558629
2020-02-03 17:00:51,472 - MAIN.TRAIN - [DEBUG]  iteration: 338000 	 avg loss: 0.6676944834610246
2020-02-03 17:01:02,056 - MAIN.TRAIN - [DEBUG]  iteration: 339000 	 avg loss: 0.5377760269294852
2020-02-03 17:01:12,046 - MAIN.TRAIN - [DEBUG]  iteration: 340000 	 avg loss: 0.5434071345331538
2020-02-03 17:01:12,046 - MAIN.TRAIN - [DEBUG]  saving model at iteration 340000
2020-02-03 17:01:12,082 - MAIN.TRAIN - [DEBUG]  saved model 340000_of_500000_model_window15_03_02_2020_145048.h5 to output/experiments/models/chkpts
2020-02-03 17:03:13,922 - MAIN.TRAIN - [DEBUG]  iteration: 341000 	 avg loss: 0.5236206320909411
2020-02-03 17:03:25,694 - MAIN.TRAIN - [DEBUG]  iteration: 342000 	 avg loss: 0.6533274393799303
2020-02-03 17:03:37,346 - MAIN.TRAIN - [DEBUG]  iteration: 343000 	 avg loss: 0.5166929833066423
2020-02-03 17:03:48,865 - MAIN.TRAIN - [DEBUG]  iteration: 344000 	 avg loss: 0.5617913494220579
2020-02-03 17:04:00,571 - MAIN.TRAIN - [DEBUG]  iteration: 345000 	 avg loss: 0.6377034129982517
2020-02-03 17:04:12,359 - MAIN.TRAIN - [DEBUG]  iteration: 346000 	 avg loss: 0.6201036380346063
2020-02-03 17:04:24,371 - MAIN.TRAIN - [DEBUG]  iteration: 347000 	 avg loss: 0.5546567754862963
2020-02-03 17:04:35,214 - MAIN.TRAIN - [DEBUG]  iteration: 348000 	 avg loss: 0.5390928193394782
2020-02-03 17:04:45,648 - MAIN.TRAIN - [DEBUG]  iteration: 349000 	 avg loss: 0.503883279374585
2020-02-03 17:04:56,102 - MAIN.TRAIN - [DEBUG]  iteration: 350000 	 avg loss: 0.5815818752294133
2020-02-03 17:04:56,102 - MAIN.TRAIN - [DEBUG]  saving model at iteration 350000
2020-02-03 17:04:56,140 - MAIN.TRAIN - [DEBUG]  saved model 350000_of_500000_model_window15_03_02_2020_145048.h5 to output/experiments/models/chkpts
2020-02-03 17:06:56,344 - MAIN.TRAIN - [DEBUG]  iteration: 351000 	 avg loss: 0.5899081022025294
2020-02-03 17:07:08,531 - MAIN.TRAIN - [DEBUG]  iteration: 352000 	 avg loss: 0.5243013999810765
2020-02-03 17:07:20,776 - MAIN.TRAIN - [DEBUG]  iteration: 353000 	 avg loss: 0.5791253312226095
2020-02-03 17:07:33,099 - MAIN.TRAIN - [DEBUG]  iteration: 354000 	 avg loss: 0.8388946625652096
2020-02-03 17:07:45,099 - MAIN.TRAIN - [DEBUG]  iteration: 355000 	 avg loss: 0.5776316420196504
2020-02-03 17:07:57,318 - MAIN.TRAIN - [DEBUG]  iteration: 356000 	 avg loss: 0.5529492916047674
2020-02-03 17:08:09,122 - MAIN.TRAIN - [DEBUG]  iteration: 357000 	 avg loss: 0.5433461726598995
2020-02-03 17:08:20,346 - MAIN.TRAIN - [DEBUG]  iteration: 358000 	 avg loss: 0.5252832567580783
2020-02-03 17:08:31,371 - MAIN.TRAIN - [DEBUG]  iteration: 359000 	 avg loss: 0.6307486791288235
2020-02-03 17:08:42,307 - MAIN.TRAIN - [DEBUG]  iteration: 360000 	 avg loss: 0.5626881836022891
2020-02-03 17:08:42,308 - MAIN.TRAIN - [DEBUG]  saving model at iteration 360000
2020-02-03 17:08:42,345 - MAIN.TRAIN - [DEBUG]  saved model 360000_of_500000_model_window15_03_02_2020_145048.h5 to output/experiments/models/chkpts
2020-02-03 17:10:45,052 - MAIN.TRAIN - [DEBUG]  iteration: 361000 	 avg loss: 0.5710083075945294
2020-02-03 17:10:57,037 - MAIN.TRAIN - [DEBUG]  iteration: 362000 	 avg loss: 0.537716476573854
2020-02-03 17:11:08,850 - MAIN.TRAIN - [DEBUG]  iteration: 363000 	 avg loss: 0.558717445682282
2020-02-03 17:11:21,591 - MAIN.TRAIN - [DEBUG]  iteration: 364000 	 avg loss: 0.5727796214956823
2020-02-03 17:11:33,214 - MAIN.TRAIN - [DEBUG]  iteration: 365000 	 avg loss: 0.563189604684023
2020-02-03 17:11:45,068 - MAIN.TRAIN - [DEBUG]  iteration: 366000 	 avg loss: 0.5369598930412548
2020-02-03 17:11:56,684 - MAIN.TRAIN - [DEBUG]  iteration: 367000 	 avg loss: 0.5724883826332537
2020-02-03 17:12:08,584 - MAIN.TRAIN - [DEBUG]  iteration: 368000 	 avg loss: 0.5424059374695116
2020-02-03 17:12:18,916 - MAIN.TRAIN - [DEBUG]  iteration: 369000 	 avg loss: 0.5626061233032618
2020-02-03 17:12:28,972 - MAIN.TRAIN - [DEBUG]  iteration: 370000 	 avg loss: 0.5254047427080789
2020-02-03 17:12:28,972 - MAIN.TRAIN - [DEBUG]  saving model at iteration 370000
2020-02-03 17:12:29,012 - MAIN.TRAIN - [DEBUG]  saved model 370000_of_500000_model_window15_03_02_2020_145048.h5 to output/experiments/models/chkpts
2020-02-03 17:14:27,700 - MAIN.TRAIN - [DEBUG]  iteration: 371000 	 avg loss: 0.589568293067753
2020-02-03 17:14:39,353 - MAIN.TRAIN - [DEBUG]  iteration: 372000 	 avg loss: 0.5232229198512667
2020-02-03 17:14:51,094 - MAIN.TRAIN - [DEBUG]  iteration: 373000 	 avg loss: 0.5317575589030834
2020-02-03 17:15:02,814 - MAIN.TRAIN - [DEBUG]  iteration: 374000 	 avg loss: 0.6042424630837823
2020-02-03 17:15:14,340 - MAIN.TRAIN - [DEBUG]  iteration: 375000 	 avg loss: 0.5851374629423589
2020-02-03 17:15:25,937 - MAIN.TRAIN - [DEBUG]  iteration: 376000 	 avg loss: 0.579648025456302
2020-02-03 17:15:37,608 - MAIN.TRAIN - [DEBUG]  iteration: 377000 	 avg loss: 0.5938135228875446
2020-02-03 17:15:49,473 - MAIN.TRAIN - [DEBUG]  iteration: 378000 	 avg loss: 0.5479108639162668
2020-02-03 17:16:00,390 - MAIN.TRAIN - [DEBUG]  iteration: 379000 	 avg loss: 0.5753125857149881
2020-02-03 17:16:10,351 - MAIN.TRAIN - [DEBUG]  iteration: 380000 	 avg loss: 0.5250875094058303
2020-02-03 17:16:10,352 - MAIN.TRAIN - [DEBUG]  saving model at iteration 380000
2020-02-03 17:16:10,405 - MAIN.TRAIN - [DEBUG]  saved model 380000_of_500000_model_window15_03_02_2020_145048.h5 to output/experiments/models/chkpts
2020-02-03 17:18:09,393 - MAIN.TRAIN - [DEBUG]  iteration: 381000 	 avg loss: 0.5801642782843245
2020-02-03 17:18:21,403 - MAIN.TRAIN - [DEBUG]  iteration: 382000 	 avg loss: 0.5145969108043232
2020-02-03 17:18:32,838 - MAIN.TRAIN - [DEBUG]  iteration: 383000 	 avg loss: 0.6147533538148084
2020-02-03 17:18:44,733 - MAIN.TRAIN - [DEBUG]  iteration: 384000 	 avg loss: 0.5746485062119396
2020-02-03 17:18:56,927 - MAIN.TRAIN - [DEBUG]  iteration: 385000 	 avg loss: 0.5529714811445954
2020-02-03 17:19:09,176 - MAIN.TRAIN - [DEBUG]  iteration: 386000 	 avg loss: 0.6237718581307832
2020-02-03 17:19:21,403 - MAIN.TRAIN - [DEBUG]  iteration: 387000 	 avg loss: 0.5909316445673579
2020-02-03 17:19:33,148 - MAIN.TRAIN - [DEBUG]  iteration: 388000 	 avg loss: 0.6188881207292574
2020-02-03 17:19:45,037 - MAIN.TRAIN - [DEBUG]  iteration: 389000 	 avg loss: 0.5575034582398678
2020-02-03 17:19:55,899 - MAIN.TRAIN - [DEBUG]  iteration: 390000 	 avg loss: 0.5843480175197234
2020-02-03 17:19:55,899 - MAIN.TRAIN - [DEBUG]  saving model at iteration 390000
2020-02-03 17:19:55,936 - MAIN.TRAIN - [DEBUG]  saved model 390000_of_500000_model_window15_03_02_2020_145048.h5 to output/experiments/models/chkpts
2020-02-03 17:21:57,133 - MAIN.TRAIN - [DEBUG]  iteration: 391000 	 avg loss: 0.5564299535602896
2020-02-03 17:22:09,135 - MAIN.TRAIN - [DEBUG]  iteration: 392000 	 avg loss: 0.571762524376183
2020-02-03 17:22:21,165 - MAIN.TRAIN - [DEBUG]  iteration: 393000 	 avg loss: 0.6170651253240876
2020-02-03 17:22:33,484 - MAIN.TRAIN - [DEBUG]  iteration: 394000 	 avg loss: 0.5652628982905644
2020-02-03 17:22:45,533 - MAIN.TRAIN - [DEBUG]  iteration: 395000 	 avg loss: 0.5368469810224483
2020-02-03 17:22:56,841 - MAIN.TRAIN - [DEBUG]  iteration: 396000 	 avg loss: 0.5251900932986622
2020-02-03 17:23:08,582 - MAIN.TRAIN - [DEBUG]  iteration: 397000 	 avg loss: 0.5823512533639118
2020-02-03 17:23:20,469 - MAIN.TRAIN - [DEBUG]  iteration: 398000 	 avg loss: 0.5469860550135592
2020-02-03 17:23:31,825 - MAIN.TRAIN - [DEBUG]  iteration: 399000 	 avg loss: 0.5749259737720781
2020-02-03 17:23:42,506 - MAIN.TRAIN - [DEBUG]  iteration: 400000 	 avg loss: 0.6222063485401315
2020-02-03 17:23:42,507 - MAIN.TRAIN - [DEBUG]  saving model at iteration 400000
2020-02-03 17:23:42,543 - MAIN.TRAIN - [DEBUG]  saved model 400000_of_500000_model_window15_03_02_2020_145048.h5 to output/experiments/models/chkpts
2020-02-03 17:25:39,259 - MAIN.TRAIN - [DEBUG]  iteration: 401000 	 avg loss: 0.537784754736923
2020-02-03 17:25:51,533 - MAIN.TRAIN - [DEBUG]  iteration: 402000 	 avg loss: 0.640078508318007
2020-02-03 17:26:04,267 - MAIN.TRAIN - [DEBUG]  iteration: 403000 	 avg loss: 0.5360513268956031
2020-02-03 17:26:16,246 - MAIN.TRAIN - [DEBUG]  iteration: 404000 	 avg loss: 0.6169336757187598
2020-02-03 17:26:28,102 - MAIN.TRAIN - [DEBUG]  iteration: 405000 	 avg loss: 0.5946367512483663
2020-02-03 17:26:40,533 - MAIN.TRAIN - [DEBUG]  iteration: 406000 	 avg loss: 0.5480801111939431
2020-02-03 17:26:53,573 - MAIN.TRAIN - [DEBUG]  iteration: 407000 	 avg loss: 0.6298259204482992
2020-02-03 17:27:05,847 - MAIN.TRAIN - [DEBUG]  iteration: 408000 	 avg loss: 0.6187237638537314
2020-02-03 17:27:17,697 - MAIN.TRAIN - [DEBUG]  iteration: 409000 	 avg loss: 0.5266943239886914
2020-02-03 17:27:29,939 - MAIN.TRAIN - [DEBUG]  iteration: 410000 	 avg loss: 0.6170393203963456
2020-02-03 17:27:29,939 - MAIN.TRAIN - [DEBUG]  saving model at iteration 410000
2020-02-03 17:27:29,982 - MAIN.TRAIN - [DEBUG]  saved model 410000_of_500000_model_window15_03_02_2020_145048.h5 to output/experiments/models/chkpts
2020-02-03 17:29:26,300 - MAIN.TRAIN - [DEBUG]  iteration: 411000 	 avg loss: 0.5963883518209486
2020-02-03 17:29:38,550 - MAIN.TRAIN - [DEBUG]  iteration: 412000 	 avg loss: 0.5743322671082335
2020-02-03 17:29:50,480 - MAIN.TRAIN - [DEBUG]  iteration: 413000 	 avg loss: 0.5821411583270704
2020-02-03 17:30:03,043 - MAIN.TRAIN - [DEBUG]  iteration: 414000 	 avg loss: 0.5728293180293045
2020-02-03 17:30:15,631 - MAIN.TRAIN - [DEBUG]  iteration: 415000 	 avg loss: 0.5767054221687579
2020-02-03 17:30:27,576 - MAIN.TRAIN - [DEBUG]  iteration: 416000 	 avg loss: 0.7035126014841323
2020-02-03 17:30:39,259 - MAIN.TRAIN - [DEBUG]  iteration: 417000 	 avg loss: 0.6538039150545285
2020-02-03 17:30:51,479 - MAIN.TRAIN - [DEBUG]  iteration: 418000 	 avg loss: 0.60040787618346
2020-02-03 17:31:03,461 - MAIN.TRAIN - [DEBUG]  iteration: 419000 	 avg loss: 0.5916093819940209
2020-02-03 17:31:15,571 - MAIN.TRAIN - [DEBUG]  iteration: 420000 	 avg loss: 0.5155473844606706
2020-02-03 17:31:15,571 - MAIN.TRAIN - [DEBUG]  saving model at iteration 420000
2020-02-03 17:31:15,615 - MAIN.TRAIN - [DEBUG]  saved model 420000_of_500000_model_window15_03_02_2020_145048.h5 to output/experiments/models/chkpts
2020-02-03 17:33:15,291 - MAIN.TRAIN - [DEBUG]  iteration: 421000 	 avg loss: 0.5389860635010247
2020-02-03 17:33:27,264 - MAIN.TRAIN - [DEBUG]  iteration: 422000 	 avg loss: 0.5350661151143887
2020-02-03 17:33:39,658 - MAIN.TRAIN - [DEBUG]  iteration: 423000 	 avg loss: 0.502663591876281
2020-02-03 17:33:52,245 - MAIN.TRAIN - [DEBUG]  iteration: 424000 	 avg loss: 0.5791266283723372
2020-02-03 17:34:05,042 - MAIN.TRAIN - [DEBUG]  iteration: 425000 	 avg loss: 0.6213039308257637
2020-02-03 17:34:16,479 - MAIN.TRAIN - [DEBUG]  iteration: 426000 	 avg loss: 0.5320250216940391
2020-02-03 17:34:28,850 - MAIN.TRAIN - [DEBUG]  iteration: 427000 	 avg loss: 0.5783784419662843
2020-02-03 17:34:41,696 - MAIN.TRAIN - [DEBUG]  iteration: 428000 	 avg loss: 0.5411938184101465
2020-02-03 17:34:54,445 - MAIN.TRAIN - [DEBUG]  iteration: 429000 	 avg loss: 0.583081602998533
2020-02-03 17:35:06,838 - MAIN.TRAIN - [DEBUG]  iteration: 430000 	 avg loss: 0.5996136900210914
2020-02-03 17:35:06,838 - MAIN.TRAIN - [DEBUG]  saving model at iteration 430000
2020-02-03 17:35:06,881 - MAIN.TRAIN - [DEBUG]  saved model 430000_of_500000_model_window15_03_02_2020_145048.h5 to output/experiments/models/chkpts
2020-02-03 17:37:12,797 - MAIN.TRAIN - [DEBUG]  iteration: 431000 	 avg loss: 0.6465253879396706
2020-02-03 17:37:24,596 - MAIN.TRAIN - [DEBUG]  iteration: 432000 	 avg loss: 0.5676948532210689
2020-02-03 17:37:36,352 - MAIN.TRAIN - [DEBUG]  iteration: 433000 	 avg loss: 0.6050697586612703
2020-02-03 17:37:48,483 - MAIN.TRAIN - [DEBUG]  iteration: 434000 	 avg loss: 0.5996735747611088
2020-02-03 17:38:00,764 - MAIN.TRAIN - [DEBUG]  iteration: 435000 	 avg loss: 0.5640946602777362
2020-02-03 17:38:12,911 - MAIN.TRAIN - [DEBUG]  iteration: 436000 	 avg loss: 0.5691099699095947
2020-02-03 17:38:25,159 - MAIN.TRAIN - [DEBUG]  iteration: 437000 	 avg loss: 0.5364835858041206
2020-02-03 17:38:37,493 - MAIN.TRAIN - [DEBUG]  iteration: 438000 	 avg loss: 0.6403621167777424
2020-02-03 17:38:49,388 - MAIN.TRAIN - [DEBUG]  iteration: 439000 	 avg loss: 0.5885521993295229
2020-02-03 17:39:01,457 - MAIN.TRAIN - [DEBUG]  iteration: 440000 	 avg loss: 0.5380887457688102
2020-02-03 17:39:01,457 - MAIN.TRAIN - [DEBUG]  saving model at iteration 440000
2020-02-03 17:39:01,499 - MAIN.TRAIN - [DEBUG]  saved model 440000_of_500000_model_window15_03_02_2020_145048.h5 to output/experiments/models/chkpts
2020-02-03 17:41:00,827 - MAIN.TRAIN - [DEBUG]  iteration: 441000 	 avg loss: 0.547203659844192
2020-02-03 17:41:11,326 - MAIN.TRAIN - [DEBUG]  iteration: 442000 	 avg loss: 0.5661954325968327
2020-02-03 17:41:23,959 - MAIN.TRAIN - [DEBUG]  iteration: 443000 	 avg loss: 0.675821730297965
2020-02-03 17:41:35,879 - MAIN.TRAIN - [DEBUG]  iteration: 444000 	 avg loss: 0.5354575387026438
2020-02-03 17:41:47,812 - MAIN.TRAIN - [DEBUG]  iteration: 445000 	 avg loss: 0.6810596030122696
2020-02-03 17:41:59,889 - MAIN.TRAIN - [DEBUG]  iteration: 446000 	 avg loss: 0.5328298698189499
2020-02-03 17:42:12,329 - MAIN.TRAIN - [DEBUG]  iteration: 447000 	 avg loss: 0.5269534560900104
2020-02-03 17:42:24,788 - MAIN.TRAIN - [DEBUG]  iteration: 448000 	 avg loss: 0.5936262508818541
2020-02-03 17:42:37,507 - MAIN.TRAIN - [DEBUG]  iteration: 449000 	 avg loss: 0.5342819361096873
2020-02-03 17:42:49,147 - MAIN.TRAIN - [DEBUG]  iteration: 450000 	 avg loss: 0.55930859239449
2020-02-03 17:42:49,147 - MAIN.TRAIN - [DEBUG]  saving model at iteration 450000
2020-02-03 17:42:49,190 - MAIN.TRAIN - [DEBUG]  saved model 450000_of_500000_model_window15_03_02_2020_145048.h5 to output/experiments/models/chkpts
2020-02-03 17:44:49,343 - MAIN.TRAIN - [DEBUG]  iteration: 451000 	 avg loss: 0.6126541800767095
2020-02-03 17:44:59,781 - MAIN.TRAIN - [DEBUG]  iteration: 452000 	 avg loss: 0.6368099688542567
2020-02-03 17:45:11,003 - MAIN.TRAIN - [DEBUG]  iteration: 453000 	 avg loss: 0.6104111843709847
2020-02-03 17:45:22,680 - MAIN.TRAIN - [DEBUG]  iteration: 454000 	 avg loss: 0.5644302683215241
2020-02-03 17:45:34,687 - MAIN.TRAIN - [DEBUG]  iteration: 455000 	 avg loss: 0.5960607807478133
2020-02-03 17:45:46,561 - MAIN.TRAIN - [DEBUG]  iteration: 456000 	 avg loss: 0.612829220303931
2020-02-03 17:45:58,282 - MAIN.TRAIN - [DEBUG]  iteration: 457000 	 avg loss: 0.5932315907734
2020-02-03 17:46:10,227 - MAIN.TRAIN - [DEBUG]  iteration: 458000 	 avg loss: 0.5238648154127643
2020-02-03 17:46:21,999 - MAIN.TRAIN - [DEBUG]  iteration: 459000 	 avg loss: 0.5643150760373637
2020-02-03 17:46:33,727 - MAIN.TRAIN - [DEBUG]  iteration: 460000 	 avg loss: 0.5278765127008647
2020-02-03 17:46:33,727 - MAIN.TRAIN - [DEBUG]  saving model at iteration 460000
2020-02-03 17:46:33,767 - MAIN.TRAIN - [DEBUG]  saved model 460000_of_500000_model_window15_03_02_2020_145048.h5 to output/experiments/models/chkpts
2020-02-03 17:48:32,668 - MAIN.TRAIN - [DEBUG]  iteration: 461000 	 avg loss: 0.587568468146083
2020-02-03 17:48:43,778 - MAIN.TRAIN - [DEBUG]  iteration: 462000 	 avg loss: 0.5375700014057312
2020-02-03 17:48:54,029 - MAIN.TRAIN - [DEBUG]  iteration: 463000 	 avg loss: 0.5618235185007828
2020-02-03 17:49:05,599 - MAIN.TRAIN - [DEBUG]  iteration: 464000 	 avg loss: 0.5511963918028867
2020-02-03 17:49:17,321 - MAIN.TRAIN - [DEBUG]  iteration: 465000 	 avg loss: 0.61631092302796
2020-02-03 17:49:29,163 - MAIN.TRAIN - [DEBUG]  iteration: 466000 	 avg loss: 0.5969553819772848
2020-02-03 17:49:41,209 - MAIN.TRAIN - [DEBUG]  iteration: 467000 	 avg loss: 0.5785024826079069
2020-02-03 17:49:53,021 - MAIN.TRAIN - [DEBUG]  iteration: 468000 	 avg loss: 0.5806227392075197
2020-02-03 17:50:05,116 - MAIN.TRAIN - [DEBUG]  iteration: 469000 	 avg loss: 0.5022449255317167
2020-02-03 17:50:17,076 - MAIN.TRAIN - [DEBUG]  iteration: 470000 	 avg loss: 0.557979845577704
2020-02-03 17:50:17,077 - MAIN.TRAIN - [DEBUG]  saving model at iteration 470000
2020-02-03 17:50:17,119 - MAIN.TRAIN - [DEBUG]  saved model 470000_of_500000_model_window15_03_02_2020_145048.h5 to output/experiments/models/chkpts
2020-02-03 17:52:18,759 - MAIN.TRAIN - [DEBUG]  iteration: 471000 	 avg loss: 0.5360813909038736
2020-02-03 17:52:29,241 - MAIN.TRAIN - [DEBUG]  iteration: 472000 	 avg loss: 0.6078954142963782
2020-02-03 17:52:39,905 - MAIN.TRAIN - [DEBUG]  iteration: 473000 	 avg loss: 0.5863428952975637
2020-02-03 17:52:51,780 - MAIN.TRAIN - [DEBUG]  iteration: 474000 	 avg loss: 0.5795533327969631
2020-02-03 17:53:03,823 - MAIN.TRAIN - [DEBUG]  iteration: 475000 	 avg loss: 0.5979586592009024
2020-02-03 17:53:15,156 - MAIN.TRAIN - [DEBUG]  iteration: 476000 	 avg loss: 0.5502980938432361
2020-02-03 17:53:26,770 - MAIN.TRAIN - [DEBUG]  iteration: 477000 	 avg loss: 0.5917440667852699
2020-02-03 17:53:39,431 - MAIN.TRAIN - [DEBUG]  iteration: 478000 	 avg loss: 0.5345673270762445
2020-02-03 17:53:52,332 - MAIN.TRAIN - [DEBUG]  iteration: 479000 	 avg loss: 0.5510169666650812
2020-02-03 17:54:04,854 - MAIN.TRAIN - [DEBUG]  iteration: 480000 	 avg loss: 0.5733481557130569
2020-02-03 17:54:04,855 - MAIN.TRAIN - [DEBUG]  saving model at iteration 480000
2020-02-03 17:54:04,896 - MAIN.TRAIN - [DEBUG]  saved model 480000_of_500000_model_window15_03_02_2020_145048.h5 to output/experiments/models/chkpts
2020-02-03 17:56:08,902 - MAIN.TRAIN - [DEBUG]  iteration: 481000 	 avg loss: 0.5541591494768395
2020-02-03 17:56:19,268 - MAIN.TRAIN - [DEBUG]  iteration: 482000 	 avg loss: 0.5329453714835432
2020-02-03 17:56:29,983 - MAIN.TRAIN - [DEBUG]  iteration: 483000 	 avg loss: 0.5143951405365255
2020-02-03 17:56:40,141 - MAIN.TRAIN - [DEBUG]  iteration: 484000 	 avg loss: 0.559890854470853
2020-02-03 17:56:51,031 - MAIN.TRAIN - [DEBUG]  iteration: 485000 	 avg loss: 0.5499403980741516
2020-02-03 17:57:03,185 - MAIN.TRAIN - [DEBUG]  iteration: 486000 	 avg loss: 0.6124861961832436
2020-02-03 17:57:15,261 - MAIN.TRAIN - [DEBUG]  iteration: 487000 	 avg loss: 0.5465719417266021
2020-02-03 17:57:27,356 - MAIN.TRAIN - [DEBUG]  iteration: 488000 	 avg loss: 0.5653960430255169
2020-02-03 17:57:39,320 - MAIN.TRAIN - [DEBUG]  iteration: 489000 	 avg loss: 0.5463465825938938
2020-02-03 17:57:51,270 - MAIN.TRAIN - [DEBUG]  iteration: 490000 	 avg loss: 0.5289208427826598
2020-02-03 17:57:51,270 - MAIN.TRAIN - [DEBUG]  saving model at iteration 490000
2020-02-03 17:57:51,319 - MAIN.TRAIN - [DEBUG]  saved model 490000_of_500000_model_window15_03_02_2020_145048.h5 to output/experiments/models/chkpts
2020-02-03 17:59:54,250 - MAIN.TRAIN - [DEBUG]  iteration: 491000 	 avg loss: 0.5665610110239725
2020-02-03 18:00:04,270 - MAIN.TRAIN - [DEBUG]  iteration: 492000 	 avg loss: 0.584960701531255
2020-02-03 18:00:14,021 - MAIN.TRAIN - [DEBUG]  iteration: 493000 	 avg loss: 0.5585679921488748
2020-02-03 18:00:24,357 - MAIN.TRAIN - [DEBUG]  iteration: 494000 	 avg loss: 0.5669974381245213
2020-02-03 18:00:35,091 - MAIN.TRAIN - [DEBUG]  iteration: 495000 	 avg loss: 0.5099926434519038
2020-02-03 18:00:45,930 - MAIN.TRAIN - [DEBUG]  iteration: 496000 	 avg loss: 0.55745142854081
2020-02-03 18:00:56,588 - MAIN.TRAIN - [DEBUG]  iteration: 497000 	 avg loss: 0.5189714798258854
2020-02-03 18:01:06,735 - MAIN.TRAIN - [DEBUG]  iteration: 498000 	 avg loss: 0.5813706198635755
2020-02-03 18:01:17,180 - MAIN.TRAIN - [DEBUG]  iteration: 499000 	 avg loss: 0.6147850491802201
2020-02-03 18:01:27,744 - MAIN.TRAIN - [DEBUG]  finished training
2020-02-03 18:01:27,784 - MAIN - [DEBUG]  saved final model model_window15_03_02_2020_145048.h5 to output/experiments/models/final
2020-02-03 18:01:27,785 - MAIN.TRAIN - [DEBUG]  plotting loss
2020-02-03 18:01:28,644 - MAIN.TRAIN - [DEBUG]  saved loss plot to output/experiments/logs/loss_03_02_2020_145048.png
